0	-832
1000	472
2000	1110
3000	1848
4000	3756
5000	3388
6000	4724
7000	3646
8000	3538
9000	4302
10000	3214
11000	1236
12000	1900
13000	484
14000	92
15000	-2188
16000	-1692
17000	-1498
18000	-290
19000	-318
20000	-1822
21000	-3072
22000	-2310
23000	-2488
24000	-2960
25000	-1892
26000	-1812
27000	-1888
28000	-1172
29000	-1448
30000	-1416
31000	-1296
32000	-80
33000	50
34000	1116
35000	1668
36000	2816
37000	1998
38000	2042
39000	614
40000	-296
41000	-296
42000	1152
43000	574
44000	-934
45000	52
46000	386
47000	548
48000	-124
49000	-74
50000	102
51000	998
52000	1966
53000	3330
54000	2486
55000	1296
56000	1376
57000	2514
58000	1518
59000	1770
60000	3010
61000	2812
62000	3170
63000	4076
64000	4584
65000	5526
66000	5464
67000	5426
68000	4898
69000	3574
70000	3366
71000	3210
72000	2842
73000	1424
74000	856
75000	914
76000	904
77000	-250
78000	-1796
79000	-1260
80000	-1202
81000	-1510
82000	-420
83000	-736
84000	1772
85000	1618
86000	2458
87000	2732
88000	3068
89000	3066
90000	4102
91000	4122
92000	4686
93000	4920
94000	4706
95000	4618
96000	5434
97000	5968
98000	3998
99000	4094
100000	3494
101000	2740
102000	2750
103000	3730
104000	3934
105000	3294
106000	3206
107000	3482
108000	3110
109000	3046
110000	2832
111000	1538
112000	1232
113000	1062
114000	1624
115000	2076
116000	2188
117000	3328
118000	1936
119000	2520
120000	2940
121000	3056
122000	1518
123000	1808
124000	1040
125000	-192
126000	-1660
127000	-1914
128000	-1134
129000	-2046
130000	-1606
131000	-868
132000	-1012
133000	-1422
134000	-1676
135000	-1730
136000	-998
137000	-132
138000	-120
139000	-324
140000	326
141000	-270
142000	10
143000	1242
144000	592
145000	1480
146000	88
147000	-592
148000	408
149000	-624
150000	-880
151000	-944
152000	-744
153000	-1810
154000	-2128
155000	-2196
156000	-3452
157000	-3388
158000	-3016
159000	-3590
160000	-3778
161000	-3712
162000	-4454
163000	-4008
164000	-3038
165000	-3106
166000	-2690
167000	-3902
168000	-2690
169000	-2198
170000	-806
171000	-420
172000	-938
173000	-974
174000	-1198
175000	-1168
176000	-1548
177000	-1486
178000	-366
179000	372
180000	194
181000	1508
182000	1222
183000	1218
184000	2290
185000	2514
186000	1344
187000	774
188000	1090
189000	-134
190000	460
191000	84
192000	940
193000	722
194000	380
195000	752
196000	1216
197000	1258
198000	1418
199000	1484
200000	2606
201000	3340
202000	3690
203000	4088
204000	4150
205000	3080
206000	3276
207000	2480
208000	3106
209000	2688
210000	2650
211000	2172
212000	3816
213000	4162
214000	4252
215000	4930
216000	5254
217000	5694
218000	4548
219000	5038
220000	5080
221000	4448
222000	4624
223000	4740
224000	5042
225000	5168
226000	5020
227000	4330
228000	3132
229000	1216
230000	1748
231000	1166
232000	1774
233000	1880
234000	1730
235000	2098
236000	2420
237000	2746
238000	3904
239000	3196
240000	3718
241000	2188
242000	2900
243000	2996
244000	3310
245000	4214
246000	3044
247000	3566
248000	2960
249000	3854
250000	2834
251000	2800
252000	4138
253000	4120
254000	3932
255000	3946
256000	4716
257000	4114
258000	4460
259000	3564
260000	3856
261000	3622
262000	2820
263000	2350
264000	2798
265000	2996
266000	3234
267000	3314
268000	4050
269000	3502
270000	3670
271000	3988
272000	3248
273000	2894
274000	2412
275000	1948
276000	3414
277000	3460
278000	3086
279000	3810
280000	4164
281000	4838
282000	4344
283000	4794
284000	4344
285000	5240
286000	4914
287000	4664
288000	5648
289000	4890
290000	3266
291000	3094
292000	3140
293000	3104
294000	3176
295000	2420
296000	1966
297000	1394
298000	2656
299000	2228
300000	2018
301000	1670
302000	2028
303000	1132
304000	-404
305000	-208
306000	146
307000	-826
308000	-1004
309000	-1258
310000	-1296
311000	-860
312000	-790
313000	528
314000	-540
315000	-1060
316000	-1044
317000	-1156
318000	-910
319000	-1350
320000	-296
321000	-658
322000	-682
323000	-184
324000	-298
325000	678
326000	604
327000	-450
328000	-158
329000	-10
330000	-72
331000	1126
332000	1964
333000	2488
334000	3066
335000	4320
336000	4930
337000	5834
338000	5230
339000	4476
340000	3074
341000	3306
342000	4272
343000	4366
344000	4110
345000	4332
346000	3902
347000	4190
348000	3876
349000	5090
350000	4944
351000	4832
352000	4902
353000	4914
354000	4138
355000	3770
356000	3710
357000	2646
358000	3106
359000	3440
360000	2922
361000	3360
362000	2464
363000	1512
364000	2520
365000	2420
366000	3246
367000	3680
368000	3584
369000	3820
370000	2798
371000	2264
372000	1924
373000	1908
374000	2272
375000	1834
376000	1544
377000	604
378000	86
379000	1322
380000	2948
381000	1928
382000	2980
383000	2360
384000	1902
385000	1170
386000	1576
387000	1600
388000	1444
389000	1732
390000	2000
391000	946
392000	278
393000	768
394000	732
395000	1126
396000	1600
397000	1128
398000	292
399000	-276
400000	108
401000	1086
402000	1178
403000	1848
404000	1942
405000	2394
406000	2182
407000	2474
408000	2254
409000	1946
410000	2116
411000	2744
412000	2862
413000	2608
414000	2536
415000	1672
416000	1976
417000	1198
418000	632
419000	1388
420000	2176
421000	1836
422000	1246
423000	434
424000	-566
425000	-816
426000	-270
427000	-788
428000	-1636
429000	-986
430000	-1308
431000	-1696
432000	-1274
433000	-1718
434000	-1306
435000	-1152
436000	-1218
437000	-758
438000	272
439000	-732
440000	-1290
441000	-2320
442000	-2532
443000	-1502
444000	-1670
445000	-1010
446000	-638
447000	-450
448000	-1132
449000	-1682
450000	-694
451000	-1070
452000	40
453000	54
454000	-120
455000	-300
456000	480
457000	722
458000	764
459000	720
460000	258
461000	-84
462000	-228
463000	340
464000	460
465000	-506
466000	-396
467000	-18
468000	454
469000	-300
470000	562
471000	-10
472000	-254
473000	54
474000	42
475000	784
476000	90
477000	-1712
478000	-1792
479000	-2722
480000	-2904
481000	-2666
482000	-3568
483000	-3274
484000	-2984
485000	-3144
486000	-3476
487000	-3264
488000	-3248
489000	-2702
490000	-2992
491000	-3584
492000	-3636
493000	-4342
494000	-4460
495000	-4464
496000	-5492
497000	-5306
498000	-5168
499000	-4912
500000	-4582
501000	-4608
502000	-4198
503000	-3692
504000	-3824
505000	-4270
506000	-4224
507000	-4474
508000	-3940
509000	-4982
510000	-3688
511000	-3856
512000	-4212
513000	-4170
514000	-4768
515000	-5392
516000	-5858
517000	-6094
518000	-7118
519000	-6476
520000	-6878
521000	-7468
522000	-7540
523000	-6820
524000	-7000
525000	-6750
526000	-7124
527000	-5624
528000	-7392
529000	-7306
530000	-8624
531000	-8314
532000	-8914
533000	-9150
534000	-9690
535000	-9954
536000	-10316
537000	-10750
538000	-10178
539000	-11906
540000	-12724
541000	-12832
542000	-11944
543000	-11586
544000	-12128
545000	-10646
546000	-9702
547000	-10138
548000	-9066
549000	-8642
550000	-9296
551000	-9326
552000	-9706
553000	-9510
554000	-9204
555000	-8694
556000	-8118
557000	-8924
558000	-9718
559000	-9964
560000	-9492
561000	-9802
562000	-9154
563000	-8920
564000	-9040
565000	-8442
566000	-9982
567000	-10100
568000	-9454
569000	-9334
570000	-9446
571000	-9812
572000	-9280
573000	-10222
574000	-8470
575000	-9194
576000	-9956
577000	-10458
578000	-9350
579000	-10338
580000	-8560
581000	-7470
582000	-7534
583000	-9534
584000	-9874
585000	-8410
586000	-9172
587000	-8972
588000	-7986
589000	-8484
590000	-8096
591000	-8686
592000	-8782
593000	-8952
594000	-9896
595000	-9906
596000	-10510
597000	-10128
598000	-9446
599000	-8728
600000	-8328
601000	-8382
602000	-9094
603000	-9018
604000	-9048
605000	-8974
606000	-8942
607000	-9410
608000	-10370
609000	-11942
610000	-10602
611000	-11820
612000	-11646
613000	-11130
614000	-9770
615000	-10744
616000	-10350
617000	-10104
618000	-11242
619000	-10594
620000	-10640
621000	-9954
622000	-9458
623000	-9382
624000	-8986
625000	-9836
626000	-9938
627000	-9492
628000	-9574
629000	-8908
630000	-8164
631000	-8646
632000	-7644
633000	-7672
634000	-7308
635000	-7534
636000	-7340
637000	-7294
638000	-7722
639000	-7566
640000	-6780
641000	-7040
642000	-7308
643000	-7126
644000	-7902
645000	-7112
646000	-7334
647000	-6710
648000	-6974
649000	-6252
650000	-5876
651000	-5500
652000	-4572
653000	-4222
654000	-3604
655000	-3826
656000	-5148
657000	-4604
658000	-5302
659000	-5256
660000	-5146
661000	-4706
662000	-4250
663000	-4238
664000	-5136
665000	-4100
666000	-2820
667000	-3544
668000	-3864
669000	-4136
670000	-4622
671000	-4118
672000	-5418
673000	-5110
674000	-4696
675000	-5370
676000	-4762
677000	-3968
678000	-4582
679000	-4476
680000	-4898
681000	-4970
682000	-6348
683000	-6056
684000	-6024
685000	-5866
686000	-5826
687000	-5806
688000	-5598
689000	-5466
690000	-6498
691000	-5482
692000	-5348
693000	-6026
694000	-6282
695000	-5360
696000	-6476
697000	-7352
698000	-7022
699000	-7386
700000	-6878
701000	-7576
702000	-8000
703000	-8168
704000	-7184
705000	-6550
706000	-6822
707000	-7450
708000	-6662
709000	-6210
710000	-6036
711000	-5640
712000	-4962
713000	-4624
714000	-4494
715000	-5218
716000	-6084
717000	-5352
718000	-4778
719000	-3844
720000	-3132
721000	-3846
722000	-4098
723000	-4340
724000	-5574
725000	-5940
726000	-5286
727000	-5212
728000	-4910
729000	-5498
730000	-5300
731000	-5054
732000	-4830
733000	-5196
734000	-5386
735000	-4648
736000	-4214
737000	-5096
738000	-4482
739000	-4468
740000	-4492
741000	-4466
742000	-3526
743000	-3334
744000	-3382
745000	-2958
746000	-3528
747000	-2332
748000	-1652
749000	-1216
750000	-924
751000	-1478
752000	-1426
753000	-1484
754000	-1356
755000	-1792
756000	-1244
757000	-1468
758000	-2236
759000	-2014
760000	-1028
761000	-956
762000	-1050
763000	-854
764000	-1346
765000	50
766000	-1434
767000	-1412
768000	-834
769000	-720
770000	134
771000	682
772000	1530
773000	732
774000	-332
775000	-306
776000	284
777000	-722
778000	-66
779000	1276
780000	1724
781000	1976
782000	2048
783000	1768
784000	1280
785000	1386
786000	964
787000	1794
788000	1672
789000	662
790000	444
791000	1028
792000	952
793000	838
794000	858
795000	2010
796000	2302
797000	2830
798000	2160
799000	2188
800000	2820
801000	2340
802000	2842
803000	2230
804000	2634
805000	2652
806000	2704
807000	3014
808000	3454
809000	2396
810000	2092
811000	2042
812000	2116
813000	1960
814000	2608
815000	2474
816000	2758
817000	2816
818000	2928
819000	2500
820000	2280
821000	1508
822000	1154
823000	1562
824000	1648
825000	1268
826000	266
827000	-832
828000	414
829000	726
830000	1120
831000	1030
832000	2660
833000	2088
834000	2196
835000	2252
836000	2570
837000	3002
838000	2042
839000	898
840000	1390
841000	2294
842000	1668
843000	1544
844000	2656
845000	3676
846000	3312
847000	3038
848000	2788
849000	2280
850000	2410
851000	2822
852000	3074
853000	1774
854000	2010
855000	3460
856000	2836
857000	2640
858000	1492
859000	1748
860000	1350
861000	1022
862000	580
863000	1114
864000	150
865000	874
866000	1888
867000	1834
868000	2228
869000	1642
870000	1744
871000	1208
872000	962
873000	814
874000	1230
875000	1418
876000	232
877000	24
878000	-104
879000	-1288
880000	-2710
881000	-1862
882000	-852
883000	-636
884000	-498
885000	-340
886000	258
887000	-440
888000	434
889000	-1898
890000	-1664
891000	-982
892000	-1780
893000	-944
894000	-1306
895000	-366
896000	-106
897000	-894
898000	38
899000	-774
900000	360
901000	444
902000	540
903000	406
904000	98
905000	-544
906000	-1076
907000	-912
908000	-1066
909000	-1022
910000	-1274
911000	-962
912000	-768
913000	438
914000	1086
915000	1454
916000	2176
917000	1030
918000	688
919000	770
920000	188
921000	176
922000	-60
923000	142
924000	180
925000	224
926000	1310
927000	1512
928000	1440
929000	1716
930000	2322
931000	2786
932000	1878
933000	2596
934000	2648
935000	2820
936000	2116
937000	2018
938000	1902
939000	2524
940000	1288
941000	2404
942000	2800
943000	3326
944000	2736
945000	1614
946000	808
947000	890
948000	-64
949000	238
950000	6
951000	-1036
952000	-562
953000	730
954000	154
955000	690
956000	-910
957000	-166
958000	-842
959000	-802
960000	-196
961000	-420
962000	-212
963000	658
964000	-292
965000	1724
966000	1286
967000	1336
968000	1892
969000	1904
970000	1568
971000	2818
972000	908
973000	862
974000	990
975000	970
976000	1574
977000	526
978000	1032
979000	1114
980000	1554
981000	372
982000	838
983000	678
984000	330
985000	254
986000	-598
987000	124
988000	734
989000	1218
990000	2924
991000	3216
992000	3838
993000	4304
994000	3444
995000	3242
996000	3218
997000	3004
998000	2698
999000	2872
