0	2072
1000	2156
2000	1306
3000	410
4000	-694
5000	-1118
6000	-200
7000	1238
8000	860
9000	-208
10000	-1270
11000	-688
12000	-290
13000	1206
14000	1460
15000	-792
16000	242
17000	-714
18000	722
19000	1454
20000	346
21000	230
22000	986
23000	1698
24000	926
25000	2162
26000	-818
27000	-2056
28000	-3208
29000	-5056
30000	-1712
31000	-2068
32000	-1424
33000	-1128
34000	1460
35000	-1256
36000	-346
37000	1266
38000	2090
39000	2290
40000	962
41000	1764
42000	1184
43000	-628
44000	424
45000	358
46000	-852
47000	-1596
48000	-384
49000	-216
50000	-502
51000	528
52000	580
53000	-2366
54000	-784
55000	30
56000	-720
57000	-790
58000	708
59000	1486
60000	678
61000	-630
62000	-1064
63000	-1952
64000	136
65000	418
66000	-698
67000	-2716
68000	-1622
69000	-2362
70000	-1300
71000	-1172
72000	-2216
73000	-44
74000	568
75000	-1344
76000	-412
77000	1030
78000	2920
79000	1348
80000	3050
81000	876
82000	310
83000	3476
84000	4022
85000	4286
86000	1890
87000	1144
88000	1572
89000	-234
90000	-50
91000	654
92000	718
93000	-36
94000	1310
95000	-98
96000	1990
97000	2140
98000	1340
99000	2868
100000	2088
101000	284
102000	-206
103000	448
104000	-1600
105000	-2444
106000	-2244
107000	-1838
108000	-1016
109000	-1092
110000	-226
111000	-62
112000	1980
113000	1382
114000	-114
115000	-1566
116000	-3076
117000	154
118000	964
119000	1104
120000	100
121000	-352
122000	1372
123000	-142
124000	366
125000	-1360
126000	-1042
127000	-970
128000	-292
129000	-216
130000	2080
131000	-200
132000	-2212
133000	-1906
134000	-3524
135000	-4004
136000	-5548
137000	-2622
138000	-2988
139000	-4772
140000	-5004
141000	-4096
142000	-3344
143000	-4552
144000	-3784
145000	-2656
146000	-564
147000	958
148000	2978
149000	5314
150000	5720
151000	5354
152000	5674
153000	5944
154000	3670
155000	4264
156000	1768
157000	-354
158000	954
159000	-622
160000	-1682
161000	-1022
162000	-1538
163000	-4006
164000	-5928
165000	-5488
166000	-6416
167000	-7420
168000	-5888
169000	-5728
170000	-6480
171000	-6848
172000	-5162
173000	-5192
174000	-5060
175000	-5864
176000	-3046
177000	-2794
178000	-3922
179000	-5488
180000	-5062
181000	-4602
182000	-2220
183000	-1066
184000	1228
185000	-222
186000	16
187000	1220
188000	1132
189000	2170
190000	2066
191000	1214
192000	736
193000	772
194000	-100
195000	688
196000	2290
197000	1634
198000	1000
199000	1400
200000	1646
201000	1888
202000	1780
203000	-342
204000	832
205000	2218
206000	2662
207000	854
208000	178
209000	1614
210000	-150
211000	792
212000	1202
213000	-1682
214000	-1528
215000	-1552
216000	-526
217000	2288
218000	2250
219000	2258
220000	3898
221000	1216
222000	382
223000	86
224000	-1064
225000	-1916
226000	-1264
227000	-848
228000	-1900
229000	-926
230000	-2894
231000	-3712
232000	-4214
233000	-5052
234000	-2800
235000	-1800
236000	-814
237000	-1964
238000	-2586
239000	-2812
240000	-4166
241000	-3612
242000	-2786
243000	-3580
244000	-1298
245000	270
246000	158
247000	1770
248000	3582
249000	2982
250000	450
251000	454
252000	-2358
253000	-2380
254000	-1232
255000	-342
256000	360
257000	-942
258000	-1966
259000	-3422
260000	-3086
261000	-4664
262000	-2978
263000	-2662
264000	-1682
265000	-2852
266000	-2464
267000	-148
268000	-1296
269000	-924
270000	-1056
271000	1636
272000	604
273000	1686
274000	2094
275000	2174
276000	856
277000	110
278000	-890
279000	-474
280000	-378
281000	-206
282000	-1794
283000	-1678
284000	-2014
285000	-1372
286000	-1138
287000	-1550
288000	-102
289000	-30
290000	-292
291000	3162
292000	1554
293000	994
294000	-296
295000	-908
296000	-2470
297000	-592
298000	-1894
299000	-3990
300000	-3086
301000	-2530
302000	-620
303000	940
304000	392
305000	1306
306000	1046
307000	2038
308000	2364
309000	3516
310000	1992
311000	3640
312000	2578
313000	2180
314000	2236
315000	602
316000	1752
317000	-1112
318000	-668
319000	-1386
320000	-238
321000	-624
322000	-202
323000	1554
324000	-1112
325000	-2772
326000	-2264
327000	-6394
328000	-5168
329000	-4060
330000	-3188
331000	-2664
332000	-984
333000	-296
334000	1730
335000	3010
336000	4596
337000	3770
338000	4376
339000	6040
340000	6658
341000	7636
342000	5490
343000	4452
344000	3298
345000	3080
346000	2866
347000	4896
348000	4756
349000	4966
350000	6908
351000	6864
352000	6212
353000	6700
354000	5498
355000	6790
356000	5710
357000	5160
358000	6916
359000	7116
360000	7764
361000	5206
362000	6066
363000	5428
364000	4112
365000	2060
366000	1458
367000	314
368000	2530
369000	1696
370000	760
371000	-1212
372000	-922
373000	194
374000	2422
375000	2746
376000	3212
377000	1606
378000	1042
379000	3528
380000	4190
381000	3920
382000	2530
383000	956
384000	-1902
385000	-2558
386000	-4496
387000	-2932
388000	-4706
389000	-3058
390000	-2602
391000	-1630
392000	-2442
393000	-1840
394000	-3238
395000	-2114
396000	-3018
397000	-3204
398000	-4194
399000	-4058
400000	-3072
401000	-3700
402000	-2828
403000	-3680
404000	-1600
405000	-1532
406000	-762
407000	-302
408000	1146
409000	1990
410000	948
411000	-354
412000	-2074
413000	-2900
414000	-4068
415000	-2978
416000	-656
417000	1364
418000	302
419000	1168
420000	478
421000	618
422000	2156
423000	3532
424000	3308
425000	3454
426000	2494
427000	3978
428000	2430
429000	1204
430000	4700
431000	4038
432000	3016
433000	3120
434000	2852
435000	3898
436000	1420
437000	896
438000	1162
439000	630
440000	360
441000	-316
442000	-798
443000	-1500
444000	-268
445000	-1088
446000	312
447000	2988
448000	2248
449000	3244
450000	1662
451000	3430
452000	1924
453000	1046
454000	740
455000	1394
456000	564
457000	-1664
458000	-4146
459000	-4584
460000	-4108
461000	-4988
462000	-6688
463000	-7322
464000	-7024
465000	-6972
466000	-7318
467000	-6412
468000	-5110
469000	-4338
470000	-5542
471000	-5658
472000	-5124
473000	-5260
474000	-3840
475000	-2762
476000	-1248
477000	-1398
478000	-992
479000	-916
480000	-900
481000	-360
482000	-458
483000	208
484000	-472
485000	582
486000	-344
487000	2134
488000	2276
489000	3510
490000	2614
491000	3852
492000	4086
493000	3302
494000	2846
495000	2458
496000	-244
497000	-176
498000	-694
499000	8
500000	-56
501000	3458
502000	3574
503000	2040
504000	1990
505000	1472
506000	1974
507000	3832
508000	4544
509000	3046
510000	3388
511000	3670
512000	4406
513000	4384
514000	3194
515000	2016
516000	3616
517000	2408
518000	1726
519000	3862
520000	3420
521000	3506
522000	3624
523000	4222
524000	3078
525000	-860
526000	-788
527000	-1334
528000	-2264
529000	-2780
530000	-942
531000	-2426
532000	-4590
533000	-4244
534000	-3582
535000	-3628
536000	-3062
537000	-2686
538000	-4114
539000	-3224
540000	-6564
541000	-5766
542000	-8406
543000	-6006
544000	-4898
545000	-5520
546000	-6136
547000	-4894
548000	-3698
549000	-3864
550000	-1242
551000	-430
552000	-572
553000	-1782
554000	-1072
555000	-3086
556000	-5478
557000	-4430
558000	-4624
559000	-2242
560000	-2296
561000	-2202
562000	-3446
563000	-3542
564000	-5126
565000	-5040
566000	-8532
567000	-8206
568000	-7160
569000	-8026
570000	-7160
571000	-5696
572000	-5772
573000	-7016
574000	-6582
575000	-4970
576000	-2614
577000	-2498
578000	-1614
579000	-1030
580000	634
581000	-532
582000	-68
583000	-82
584000	1050
585000	-1466
586000	-864
587000	-4560
588000	-5622
589000	-5018
590000	-4804
591000	-5676
592000	-3540
593000	-490
594000	310
595000	1504
596000	1764
597000	2178
598000	3424
599000	3568
600000	3430
601000	958
602000	-612
603000	-2382
604000	-4078
605000	-3412
606000	-4442
607000	-2488
608000	-3290
609000	-3444
610000	-3554
611000	-4478
612000	-5590
613000	-5528
614000	-5772
615000	-6068
616000	-4448
617000	-5740
618000	-6364
619000	-6574
620000	-7626
621000	-8320
622000	-10696
623000	-7030
624000	-5540
625000	-3084
626000	-3848
627000	-5840
628000	-6444
629000	-5490
630000	-6986
631000	-7782
632000	-6756
633000	-5124
634000	-3522
635000	-4132
636000	-2122
637000	-1388
638000	-2108
639000	-3076
640000	-1392
641000	166
642000	502
643000	-1438
644000	-16
645000	-1316
646000	-226
647000	462
648000	428
649000	-246
650000	1564
651000	2272
652000	-564
653000	984
654000	2552
655000	2638
656000	1404
657000	-1248
658000	-4714
659000	-1454
660000	-936
661000	-3622
662000	-4770
663000	-6172
664000	-6686
665000	-4104
666000	-1118
667000	-1700
668000	1632
669000	2222
670000	2658
671000	1034
672000	456
673000	1110
674000	1014
675000	-1636
676000	-1908
677000	-3330
678000	-2954
679000	-656
680000	-2560
681000	-4724
682000	-5910
683000	-6004
684000	-5184
685000	-4192
686000	-2294
687000	-2892
688000	-3706
689000	-3460
690000	-2572
691000	-3638
692000	-3948
693000	-2826
694000	48
695000	2376
696000	2752
697000	2468
698000	2114
699000	3738
700000	3370
701000	1882
702000	396
703000	1310
704000	4392
705000	3726
706000	4004
707000	4836
708000	5334
709000	7102
710000	7760
711000	6056
712000	4668
713000	5622
714000	5494
715000	6006
716000	4384
717000	2740
718000	1132
719000	436
720000	886
721000	468
722000	1632
723000	1474
724000	3334
725000	2762
726000	2568
727000	2174
728000	3084
729000	2018
730000	2394
731000	1104
732000	1424
733000	1422
734000	2126
735000	2030
736000	2238
737000	2064
738000	4530
739000	5332
740000	6910
741000	7394
742000	7328
743000	5596
744000	3650
745000	3628
746000	3144
747000	5236
748000	4050
749000	5742
750000	6054
751000	6748
752000	7362
753000	6104
754000	7106
755000	7502
756000	8682
757000	6926
758000	6772
759000	6602
760000	6562
761000	7768
762000	8662
763000	6852
764000	8202
765000	6304
766000	4948
767000	5632
768000	5092
769000	4684
770000	3928
771000	3550
772000	1830
773000	-664
774000	-3142
775000	-1038
776000	-1352
777000	-4418
778000	-5872
779000	-6888
780000	-8252
781000	-8886
782000	-9912
783000	-8908
784000	-6440
785000	-6414
786000	-7706
787000	-7358
788000	-7388
789000	-7448
790000	-5500
791000	-4254
792000	-3700
793000	-962
794000	-1476
795000	-1332
796000	236
797000	1834
798000	2408
799000	2120
800000	3856
801000	2974
802000	3962
803000	4418
804000	4944
805000	4874
806000	4928
807000	4204
808000	4764
809000	4332
810000	5432
811000	3542
812000	2330
813000	2872
814000	2664
815000	1482
816000	342
817000	2528
818000	278
819000	-638
820000	-3758
821000	-1620
822000	-2244
823000	-1594
824000	-2568
825000	-1130
826000	-252
827000	-1114
828000	-402
829000	-578
830000	588
831000	-276
832000	-1286
833000	-2434
834000	-4818
835000	-5902
836000	-4808
837000	-4900
838000	-3768
839000	-4394
840000	-4078
841000	-3104
842000	-1748
843000	-1778
844000	-2848
845000	-622
846000	-2344
847000	-4310
848000	-2984
849000	-1980
850000	-3504
851000	-272
852000	-2502
853000	-980
854000	-648
855000	-494
856000	-214
857000	1394
858000	1226
859000	2746
860000	2350
861000	2608
862000	2534
863000	1846
864000	-202
865000	560
866000	1114
867000	418
868000	-244
869000	-340
870000	-928
871000	-330
872000	-372
873000	220
874000	490
875000	456
876000	-2878
877000	-1118
878000	332
879000	2024
880000	-308
881000	140
882000	-1450
883000	-2482
884000	-2164
885000	-1382
886000	-344
887000	-40
888000	-354
889000	-1158
890000	-2068
891000	-1678
892000	-3708
893000	-3464
894000	-2490
895000	-2340
896000	206
897000	-1482
898000	-1710
899000	-2548
900000	-3696
901000	-3766
902000	-2262
903000	-2230
904000	274
905000	1458
906000	668
907000	244
908000	764
909000	982
910000	1278
911000	1704
912000	-638
913000	-128
914000	1676
915000	2214
916000	822
917000	2976
918000	2446
919000	556
920000	-1350
921000	-700
922000	-1818
923000	-3590
924000	-1620
925000	-222
926000	-824
927000	-384
928000	446
929000	1276
930000	1676
931000	1352
932000	2120
933000	1922
934000	1966
935000	1206
936000	1768
937000	1730
938000	2216
939000	3016
940000	776
941000	2710
942000	2056
943000	1476
944000	3458
945000	4032
946000	4144
947000	2998
948000	2924
949000	1528
950000	676
951000	1250
952000	-880
953000	1250
954000	3130
955000	3868
956000	2872
957000	3196
958000	2854
959000	1244
960000	830
961000	1206
962000	606
963000	-572
964000	-444
965000	-170
966000	904
967000	-1002
968000	-1862
969000	46
970000	-1346
971000	-1522
972000	-1426
973000	-1906
974000	-3878
975000	-6212
976000	-5370
977000	-5506
978000	-6560
979000	-6740
980000	-5618
981000	-7912
982000	-8518
983000	-7606
984000	-6090
985000	-3106
986000	-2764
987000	-962
988000	-1408
989000	-764
990000	-1422
991000	-2760
992000	-2908
993000	-3634
994000	-3354
995000	-2344
996000	-1804
997000	-2250
998000	-1458
999000	-1280
