0	96
1000	1704
2000	1510
3000	2104
4000	3252
5000	2774
6000	2176
7000	2486
8000	2624
9000	2772
10000	3002
11000	4840
12000	5976
13000	6768
14000	6212
15000	6486
16000	6474
17000	7688
18000	8622
19000	9234
20000	10020
21000	12204
22000	12018
23000	12524
24000	13216
25000	13794
26000	15074
27000	15458
28000	15588
29000	15502
30000	15438
31000	15844
32000	17094
33000	16750
34000	16718
35000	16294
36000	16090
37000	16566
38000	17210
39000	16986
40000	16376
41000	15766
42000	15572
43000	15626
44000	15112
45000	15698
46000	15306
47000	15156
48000	14730
49000	13594
50000	14616
51000	15750
52000	15908
53000	15556
54000	15034
55000	15038
56000	15950
57000	15858
58000	16164
59000	14896
60000	14630
61000	15326
62000	14988
63000	15878
64000	16334
65000	16530
66000	16648
67000	16018
68000	16490
69000	16478
70000	15946
71000	15502
72000	16362
73000	16390
74000	15628
75000	14544
76000	14794
77000	14996
78000	14662
79000	14944
80000	15050
81000	14892
82000	15386
83000	15740
84000	15468
85000	15162
86000	15380
87000	15510
88000	15322
89000	15408
90000	14600
91000	15788
92000	15810
93000	16222
94000	15426
95000	14616
96000	15446
97000	15742
98000	15630
99000	15412
100000	16170
101000	16226
102000	16328
103000	17288
104000	17700
105000	17894
106000	17844
107000	17178
108000	17456
109000	17832
110000	16618
111000	16674
112000	16822
113000	16408
114000	16630
115000	16480
116000	17526
117000	17248
118000	16890
119000	17064
120000	17652
121000	17936
122000	17310
123000	16672
124000	17632
125000	17294
126000	17378
127000	17210
128000	17002
129000	17202
130000	16672
131000	16952
132000	16996
133000	17062
134000	16614
135000	17038
136000	16858
137000	17198
138000	17986
139000	17370
140000	17554
141000	17224
142000	16936
143000	17050
144000	16934
145000	16394
146000	16194
147000	15996
148000	16330
149000	16754
150000	16216
151000	15730
152000	15556
153000	14974
154000	14904
155000	15176
156000	14506
157000	13760
158000	14044
159000	14874
160000	15682
161000	15630
162000	15722
163000	15498
164000	14928
165000	15038
166000	14764
167000	14812
168000	15176
169000	15950
170000	16478
171000	16450
172000	16170
173000	16488
174000	17004
175000	17482
176000	17956
177000	17566
178000	17946
179000	17340
180000	16822
181000	16270
182000	16114
183000	16102
184000	15434
185000	15618
186000	15352
187000	15228
188000	14938
189000	14956
190000	15618
191000	15564
192000	15908
193000	15760
194000	15432
195000	15204
196000	15816
197000	15124
198000	15414
199000	15670
200000	15316
201000	15354
202000	15550
203000	15194
204000	15570
205000	14942
206000	14476
207000	13962
208000	13944
209000	14348
210000	15306
211000	15632
212000	15126
213000	14650
214000	14648
215000	14556
216000	14606
217000	15162
218000	16000
219000	16030
220000	15750
221000	15398
222000	15496
223000	16594
224000	16700
225000	16910
226000	18178
227000	18034
228000	17238
229000	17294
230000	16992
231000	17092
232000	16474
233000	16258
234000	16640
235000	16868
236000	17004
237000	16772
238000	17230
239000	17326
240000	17660
241000	18290
242000	18374
243000	17968
244000	18760
245000	19006
246000	19146
247000	19364
248000	19022
249000	18800
250000	18622
251000	19840
252000	20398
253000	19908
254000	20484
255000	20590
256000	21090
257000	20684
258000	20720
259000	20950
260000	21100
261000	21166
262000	21738
263000	21490
264000	21866
265000	21306
266000	21234
267000	20262
268000	20024
269000	19932
270000	19554
271000	19276
272000	19714
273000	20148
274000	20438
275000	20154
276000	20268
277000	20214
278000	20384
279000	20428
280000	20620
281000	21220
282000	21892
283000	21572
284000	22448
285000	21920
286000	21644
287000	21404
288000	21492
289000	21168
290000	21180
291000	21912
292000	22408
293000	22146
294000	22860
295000	23352
296000	23652
297000	24204
298000	23960
299000	23680
300000	23782
301000	23306
302000	23200
303000	22870
304000	22784
305000	23750
306000	22850
307000	23508
308000	23510
309000	24158
310000	24224
311000	23772
312000	23846
313000	24492
314000	23902
315000	23202
316000	23256
317000	24012
318000	24442
319000	24542
320000	25100
321000	25128
322000	25186
323000	26116
324000	26186
325000	26116
326000	26358
327000	25488
328000	26498
329000	25810
330000	25924
331000	26062
332000	25628
333000	25718
334000	25984
335000	26220
336000	26748
337000	26744
338000	27528
339000	27492
340000	28220
341000	28158
342000	28252
343000	28082
344000	28498
345000	27866
346000	27596
347000	27934
348000	28194
349000	28076
350000	28050
351000	28058
352000	28188
353000	27770
354000	28182
355000	28928
356000	28936
357000	29034
358000	29332
359000	29906
360000	30286
361000	29958
362000	29242
363000	29500
364000	29734
365000	29588
366000	30100
367000	30812
368000	30934
369000	31254
370000	31566
371000	31348
372000	30846
373000	30540
374000	30422
375000	29822
376000	29666
377000	30110
378000	30128
379000	31062
380000	30312
381000	30950
382000	30482
383000	31558
384000	31660
385000	31606
386000	31202
387000	32216
388000	31696
389000	32734
390000	32416
391000	32798
392000	32760
393000	32448
394000	32646
395000	32520
396000	32718
397000	32680
398000	33262
399000	33624
400000	34376
401000	34826
402000	34590
403000	35224
404000	34842
405000	34652
406000	34148
407000	34014
408000	34546
409000	34000
410000	34052
411000	33788
412000	34050
413000	33890
414000	33860
415000	33874
416000	33958
417000	33066
418000	33586
419000	34310
420000	33750
421000	34058
422000	34530
423000	34054
424000	34232
425000	34492
426000	34222
427000	34738
428000	34382
429000	35172
430000	35432
431000	35558
432000	35844
433000	36052
434000	35688
435000	35840
436000	36354
437000	36368
438000	36304
439000	36394
440000	36550
441000	36558
442000	36572
443000	36412
444000	36308
445000	36976
446000	36668
447000	36154
448000	36330
449000	36582
450000	37422
451000	37238
452000	37480
453000	37658
454000	37482
455000	37018
456000	37280
457000	36750
458000	36458
459000	37034
460000	37290
461000	37662
462000	37654
463000	37794
464000	38074
465000	38090
466000	38100
467000	37632
468000	37528
469000	37816
470000	37890
471000	37822
472000	38122
473000	38348
474000	38274
475000	38704
476000	38870
477000	38760
478000	38360
479000	38270
480000	38196
481000	38782
482000	38566
483000	38638
484000	38722
485000	38720
486000	38800
487000	38584
488000	38342
489000	38770
490000	38650
491000	38550
492000	37928
493000	37732
494000	37132
495000	37382
496000	37022
497000	36188
498000	36226
499000	36512
500000	36994
501000	36992
502000	37018
503000	37312
504000	37038
505000	36762
506000	36970
507000	36846
508000	36378
509000	36974
510000	36562
511000	37056
512000	37006
513000	36632
514000	36326
515000	35826
516000	36590
517000	36722
518000	36614
519000	36344
520000	36448
521000	36806
522000	36486
523000	36760
524000	36584
525000	36946
526000	36896
527000	37472
528000	37802
529000	38368
530000	38574
531000	39134
532000	39842
533000	39582
534000	39490
535000	39124
536000	39442
537000	39438
538000	39854
539000	40332
540000	40584
541000	40864
542000	40874
543000	41746
544000	41630
545000	41458
546000	41246
547000	40558
548000	40188
549000	40228
550000	40248
551000	40218
552000	39718
553000	39758
554000	39934
555000	40526
556000	40440
557000	41382
558000	41328
559000	40982
560000	41020
561000	40964
562000	41494
563000	41228
564000	40762
565000	41206
566000	41072
567000	40562
568000	40696
569000	40334
570000	40802
571000	40668
572000	40984
573000	40350
574000	40456
575000	40536
576000	40592
577000	40532
578000	40040
579000	40394
580000	40860
581000	40416
582000	41052
583000	40736
584000	39984
585000	40550
586000	41058
587000	40230
588000	40350
589000	40570
590000	40834
591000	40940
592000	40760
593000	41282
594000	40974
595000	41178
596000	41042
597000	41032
598000	40204
599000	40252
600000	41050
601000	41432
602000	41714
603000	41362
604000	42270
605000	41734
606000	41362
607000	41562
608000	41610
609000	42102
610000	42464
611000	42896
612000	43426
613000	43356
614000	43096
615000	43584
616000	43590
617000	43210
618000	43330
619000	43518
620000	43148
621000	43638
622000	43524
623000	43446
624000	43316
625000	43896
626000	43738
627000	43494
628000	43270
629000	43736
630000	42946
631000	43494
632000	43218
633000	43376
634000	43286
635000	43438
636000	43424
637000	43684
638000	43252
639000	42610
640000	42992
641000	42988
642000	43046
643000	43506
644000	43592
645000	44094
646000	44124
647000	44082
648000	44632
649000	44170
650000	44204
651000	44098
652000	43676
653000	43634
654000	43376
655000	43158
656000	43222
657000	42160
658000	42596
659000	42930
660000	42622
661000	42292
662000	42122
663000	42264
664000	42322
665000	42518
666000	42578
667000	42600
668000	42058
669000	42492
670000	42718
671000	43342
672000	43170
673000	42800
674000	43118
675000	42816
676000	42292
677000	41938
678000	41788
679000	42478
680000	42844
681000	42450
682000	42730
683000	42640
684000	42812
685000	42884
686000	42788
687000	43510
688000	43634
689000	43594
690000	43378
691000	43636
692000	43444
693000	43348
694000	43720
695000	43350
696000	43592
697000	43814
698000	44170
699000	44360
700000	44558
701000	44662
702000	44526
703000	44380
704000	44636
705000	44632
706000	44764
707000	44986
708000	45570
709000	46146
710000	46004
711000	45352
712000	45402
713000	45194
714000	45076
715000	45026
716000	45016
717000	45664
718000	45260
719000	45638
720000	45238
721000	45804
722000	45906
723000	46290
724000	46170
725000	46976
726000	47522
727000	47114
728000	47184
729000	46638
730000	46994
731000	47142
732000	47414
733000	46596
734000	46622
735000	46656
736000	47082
737000	46626
738000	46604
739000	46992
740000	46380
741000	46314
742000	46636
743000	46568
744000	46728
745000	46402
746000	46398
747000	46444
748000	47090
749000	47134
750000	47610
751000	46552
752000	45982
753000	46210
754000	46368
755000	46336
756000	46530
757000	46604
758000	46768
759000	46946
760000	46594
761000	46428
762000	45874
763000	46366
764000	46964
765000	46974
766000	46598
767000	46986
768000	46596
769000	46940
770000	46530
771000	46388
772000	46348
773000	46630
774000	45688
775000	45996
776000	46552
777000	46420
778000	46150
779000	46462
780000	46424
781000	46022
782000	45908
783000	46122
784000	46154
785000	46740
786000	46578
787000	46172
788000	45510
789000	45860
790000	45846
791000	46122
792000	46212
793000	45628
794000	45248
795000	44542
796000	45012
797000	45256
798000	45600
799000	45102
800000	44622
801000	45190
802000	44818
803000	44974
804000	44990
805000	45518
806000	45970
807000	45852
808000	46470
809000	46566
810000	46614
811000	47060
812000	47500
813000	47636
814000	47250
815000	47390
816000	47354
817000	47196
818000	47026
819000	46982
820000	47060
821000	47628
822000	47940
823000	48140
824000	48328
825000	48360
826000	49214
827000	48396
828000	48208
829000	48732
830000	49132
831000	48672
832000	49136
833000	48974
834000	49546
835000	49072
836000	49282
837000	49144
838000	49064
839000	48664
840000	48532
841000	48246
842000	48382
843000	47912
844000	47952
845000	48036
846000	47914
847000	47422
848000	47578
849000	47778
850000	48190
851000	48394
852000	47820
853000	48074
854000	47838
855000	47792
856000	47362
857000	47438
858000	47930
859000	47658
860000	47226
861000	47678
862000	47600
863000	47332
864000	47128
865000	46608
866000	47012
867000	46928
868000	46440
869000	46316
870000	46876
871000	47128
872000	46978
873000	47132
874000	47336
875000	46948
876000	46362
877000	46890
878000	46422
879000	46624
880000	46792
881000	46758
882000	46546
883000	46664
884000	46990
885000	47116
886000	47394
887000	47504
888000	47518
889000	47790
890000	47904
891000	48334
892000	47922
893000	48304
894000	48470
895000	48030
896000	47968
897000	48054
898000	48426
899000	48872
900000	48896
901000	48118
902000	48388
903000	48528
904000	48254
905000	48704
906000	49050
907000	48872
908000	48868
909000	48574
910000	48762
911000	48592
912000	49120
913000	49664
914000	49270
915000	48924
916000	49924
917000	49722
918000	49664
919000	49108
920000	49592
921000	50262
922000	50514
923000	50450
924000	50368
925000	50268
926000	50932
927000	51184
928000	50836
929000	50716
930000	51144
931000	50386
932000	50326
933000	50792
934000	50574
935000	50800
936000	51190
937000	51306
938000	50930
939000	50626
940000	50210
941000	49822
942000	50062
943000	50364
944000	50756
945000	51480
946000	51208
947000	51062
948000	50804
949000	50966
950000	50634
951000	50680
952000	50600
953000	50650
954000	51012
955000	50880
956000	51338
957000	51014
958000	50804
959000	51060
960000	51094
961000	51048
962000	50688
963000	51234
964000	50908
965000	50232
966000	50778
967000	50830
968000	50438
969000	49916
970000	49888
971000	49962
972000	50202
973000	50050
974000	49916
975000	50060
976000	50338
977000	49466
978000	49932
979000	49774
980000	50120
981000	49760
982000	49240
983000	48842
984000	48878
985000	48644
986000	48202
987000	48278
988000	48822
989000	49720
990000	48780
991000	48784
992000	48562
993000	49144
994000	49008
995000	49608
996000	49426
997000	49406
998000	49206
999000	49366
