0	-512
1000	1170
2000	-942
3000	-2484
4000	-2120
5000	-1930
6000	-1214
7000	-2096
8000	-2488
9000	-3574
10000	-1490
11000	-3016
12000	-2378
13000	-2030
14000	-2984
15000	-5944
16000	-5678
17000	-5102
18000	-4786
19000	-4572
20000	-3966
21000	-3902
22000	-3338
23000	-4256
24000	-4106
25000	-4584
26000	-4168
27000	-5680
28000	-6836
29000	-6478
30000	-7908
31000	-8414
32000	-7950
33000	-8068
34000	-8388
35000	-9140
36000	-9636
37000	-10054
38000	-10074
39000	-7994
40000	-7388
41000	-7082
42000	-6740
43000	-9024
44000	-8714
45000	-7624
46000	-6936
47000	-5866
48000	-6420
49000	-6538
50000	-5830
51000	-4390
52000	-4244
53000	-8298
54000	-7648
55000	-8346
56000	-8676
57000	-8934
58000	-8870
59000	-7292
60000	-6640
61000	-7916
62000	-10848
63000	-10026
64000	-9384
65000	-7300
66000	-7560
67000	-8768
68000	-7912
69000	-8382
70000	-6562
71000	-7538
72000	-6898
73000	-6920
74000	-8252
75000	-5934
76000	-5362
77000	-4348
78000	-3716
79000	-3556
80000	-2758
81000	-1518
82000	-948
83000	72
84000	-2
85000	282
86000	572
87000	1108
88000	1140
89000	2432
90000	2924
91000	2484
92000	2468
93000	1350
94000	166
95000	-1104
96000	-1564
97000	-1518
98000	-1082
99000	-120
100000	-674
101000	68
102000	-516
103000	-322
104000	1700
105000	3086
106000	2238
107000	1246
108000	632
109000	678
110000	1010
111000	-162
112000	768
113000	-354
114000	538
115000	498
116000	810
117000	1526
118000	1592
119000	1116
120000	790
121000	1580
122000	958
123000	654
124000	204
125000	-324
126000	452
127000	-2272
128000	-1772
129000	-1598
130000	-1400
131000	-1220
132000	-2222
133000	-2370
134000	-3222
135000	-4516
136000	-1900
137000	-2240
138000	-2202
139000	-2622
140000	-2846
141000	-3004
142000	-4714
143000	-4562
144000	-3594
145000	-4056
146000	-5342
147000	-5052
148000	-4858
149000	-5248
150000	-6228
151000	-4144
152000	-4486
153000	-3088
154000	-1646
155000	-588
156000	2198
157000	1614
158000	-182
159000	-1692
160000	-3780
161000	-3558
162000	-4496
163000	-4534
164000	-6576
165000	-5750
166000	-4286
167000	-3770
168000	-3664
169000	-5944
170000	-4958
171000	-6254
172000	-5864
173000	-6462
174000	-7262
175000	-7860
176000	-8276
177000	-8592
178000	-10444
179000	-10528
180000	-9884
181000	-9386
182000	-10792
183000	-10898
184000	-10816
185000	-13226
186000	-13304
187000	-12442
188000	-12792
189000	-11888
190000	-13696
191000	-13836
192000	-14530
193000	-14278
194000	-13474
195000	-15338
196000	-15110
197000	-14472
198000	-13560
199000	-14186
200000	-15730
201000	-15952
202000	-17458
203000	-17486
204000	-15798
205000	-16774
206000	-16678
207000	-20530
208000	-20502
209000	-19194
210000	-21942
211000	-21182
212000	-20530
213000	-21120
214000	-21712
215000	-22394
216000	-22032
217000	-21822
218000	-23012
219000	-22286
220000	-21390
221000	-21466
222000	-20210
223000	-18654
224000	-18612
225000	-17828
226000	-18118
227000	-17768
228000	-18168
229000	-18624
230000	-19946
231000	-18674
232000	-18992
233000	-20158
234000	-21278
235000	-19682
236000	-19176
237000	-17648
238000	-18060
239000	-18018
240000	-17098
241000	-18226
242000	-18462
243000	-16390
244000	-16138
245000	-14774
246000	-16490
247000	-15532
248000	-13860
249000	-10936
250000	-10334
251000	-10494
252000	-10018
253000	-7372
254000	-7694
255000	-5992
256000	-4732
257000	-4996
258000	-5586
259000	-6612
260000	-6304
261000	-6584
262000	-5806
263000	-7110
264000	-6572
265000	-6342
266000	-6634
267000	-6234
268000	-4990
269000	-4478
270000	-4820
271000	-6810
272000	-8846
273000	-9808
274000	-9078
275000	-11176
276000	-12724
277000	-12144
278000	-12584
279000	-12672
280000	-12754
281000	-11206
282000	-10580
283000	-9374
284000	-9808
285000	-9894
286000	-8532
287000	-8866
288000	-8684
289000	-10748
290000	-10438
291000	-9618
292000	-11408
293000	-12088
294000	-12752
295000	-9858
296000	-11262
297000	-12996
298000	-12912
299000	-9320
300000	-8812
301000	-8516
302000	-7134
303000	-6346
304000	-5270
305000	-7042
306000	-6476
307000	-7760
308000	-9310
309000	-9078
310000	-7968
311000	-6674
312000	-5176
313000	-5470
314000	-7222
315000	-8270
316000	-7426
317000	-7854
318000	-6960
319000	-5726
320000	-4792
321000	-3012
322000	-2188
323000	-1734
324000	-2962
325000	-4090
326000	-2890
327000	-3074
328000	-2862
329000	-4484
330000	-5498
331000	-5308
332000	-5094
333000	-6360
334000	-6640
335000	-7804
336000	-11058
337000	-9808
338000	-9816
339000	-9920
340000	-8432
341000	-7950
342000	-9644
343000	-11810
344000	-13238
345000	-13586
346000	-13322
347000	-10904
348000	-11128
349000	-11096
350000	-11886
351000	-11716
352000	-11398
353000	-10444
354000	-10810
355000	-12098
356000	-12486
357000	-12570
358000	-12346
359000	-10568
360000	-10884
361000	-10112
362000	-8938
363000	-7580
364000	-7802
365000	-9530
366000	-9492
367000	-9672
368000	-10422
369000	-10600
370000	-8910
371000	-9564
372000	-8558
373000	-10888
374000	-10418
375000	-9554
376000	-7478
377000	-6832
378000	-6770
379000	-5374
380000	-6288
381000	-4858
382000	-5704
383000	-3116
384000	-3274
385000	-2580
386000	-44
387000	338
388000	-1336
389000	404
390000	1242
391000	-1602
392000	52
393000	-756
394000	-786
395000	526
396000	1054
397000	1246
398000	198
399000	1478
400000	994
401000	782
402000	1522
403000	1568
404000	1606
405000	1508
406000	4184
407000	2530
408000	3358
409000	3666
410000	5112
411000	4418
412000	4196
413000	3628
414000	4582
415000	3798
416000	4152
417000	2614
418000	2912
419000	2122
420000	1398
421000	3272
422000	1816
423000	2312
424000	1696
425000	876
426000	852
427000	-514
428000	-592
429000	-724
430000	-114
431000	1832
432000	276
433000	32
434000	-340
435000	-1022
436000	-1666
437000	-1688
438000	-1230
439000	340
440000	-554
441000	1730
442000	2366
443000	1318
444000	576
445000	1300
446000	598
447000	1342
448000	1720
449000	1472
450000	2278
451000	3424
452000	4942
453000	4714
454000	5284
455000	5628
456000	7646
457000	6518
458000	7430
459000	6904
460000	6498
461000	7176
462000	6834
463000	6308
464000	6326
465000	6018
466000	5980
467000	3912
468000	3714
469000	2386
470000	2194
471000	2608
472000	2324
473000	2242
474000	1816
475000	1492
476000	-336
477000	-1282
478000	-440
479000	898
480000	374
481000	1034
482000	-296
483000	1404
484000	1384
485000	2472
486000	1954
487000	1540
488000	3182
489000	520
490000	428
491000	2668
492000	4004
493000	3632
494000	5244
495000	5070
496000	6294
497000	5800
498000	5482
499000	6074
500000	4554
501000	4732
502000	2682
503000	1402
504000	772
505000	-140
506000	-1418
507000	-1358
508000	-2060
509000	-3982
510000	-4696
511000	-5118
512000	-3630
513000	-2870
514000	-3726
515000	-4136
516000	-3492
517000	-5082
518000	-7350
519000	-8544
520000	-9972
521000	-10084
522000	-9040
523000	-10476
524000	-11946
525000	-12292
526000	-12666
527000	-10544
528000	-12508
529000	-12856
530000	-10940
531000	-12382
532000	-15256
533000	-16710
534000	-17908
535000	-19124
536000	-21466
537000	-22298
538000	-23940
539000	-25620
540000	-23150
541000	-24188
542000	-23164
543000	-22250
544000	-21922
545000	-22522
546000	-21964
547000	-23136
548000	-23002
549000	-21812
550000	-22436
551000	-23638
552000	-22202
553000	-21894
554000	-24800
555000	-22942
556000	-22524
557000	-22516
558000	-21776
559000	-21618
560000	-23016
561000	-22888
562000	-24180
563000	-25436
564000	-24852
565000	-25606
566000	-26592
567000	-25280
568000	-24068
569000	-24404
570000	-23066
571000	-24592
572000	-26262
573000	-25082
574000	-25452
575000	-24886
576000	-25044
577000	-24106
578000	-24802
579000	-25862
580000	-26206
581000	-26814
582000	-28540
583000	-28846
584000	-26676
585000	-25238
586000	-24920
587000	-24890
588000	-24580
589000	-25336
590000	-24396
591000	-26092
592000	-25410
593000	-25806
594000	-25738
595000	-26494
596000	-26314
597000	-26418
598000	-27608
599000	-27506
600000	-29434
601000	-29386
602000	-29848
603000	-28988
604000	-29088
605000	-28360
606000	-28018
607000	-26850
608000	-25522
609000	-23222
610000	-23858
611000	-24212
612000	-22952
613000	-22058
614000	-22326
615000	-22372
616000	-23376
617000	-23690
618000	-23434
619000	-25408
620000	-26062
621000	-26374
622000	-26944
623000	-25586
624000	-25892
625000	-26784
626000	-24552
627000	-23276
628000	-22718
629000	-21106
630000	-21672
631000	-20560
632000	-21002
633000	-20472
634000	-19198
635000	-18610
636000	-17300
637000	-17714
638000	-18164
639000	-18650
640000	-18794
641000	-17594
642000	-19520
643000	-19676
644000	-19460
645000	-20590
646000	-21180
647000	-20794
648000	-21748
649000	-22414
650000	-22432
651000	-21760
652000	-20828
653000	-20912
654000	-20750
655000	-20906
656000	-21902
657000	-21368
658000	-20052
659000	-19628
660000	-20956
661000	-23050
662000	-23424
663000	-22732
664000	-23974
665000	-24580
666000	-24562
667000	-22224
668000	-22500
669000	-21652
670000	-22310
671000	-22320
672000	-22594
673000	-25820
674000	-26352
675000	-27352
676000	-27850
677000	-29476
678000	-28104
679000	-27818
680000	-27326
681000	-27686
682000	-27856
683000	-26560
684000	-28002
685000	-29156
686000	-29462
687000	-29112
688000	-26712
689000	-26406
690000	-27406
691000	-28102
692000	-27354
693000	-26382
694000	-26446
695000	-25898
696000	-26642
697000	-28116
698000	-28894
699000	-27960
700000	-27158
701000	-28096
702000	-27784
703000	-27500
704000	-26702
705000	-26450
706000	-26020
707000	-26828
708000	-25862
709000	-25068
710000	-22290
711000	-22664
712000	-22834
713000	-20526
714000	-19968
715000	-19404
716000	-16874
717000	-16602
718000	-16954
719000	-18662
720000	-19262
721000	-19108
722000	-18128
723000	-19360
724000	-18190
725000	-17368
726000	-17442
727000	-16764
728000	-18592
729000	-20446
730000	-18994
731000	-19584
732000	-19552
733000	-18966
734000	-16842
735000	-16886
736000	-16186
737000	-15654
738000	-14568
739000	-15330
740000	-14200
741000	-14546
742000	-12242
743000	-11574
744000	-11004
745000	-10312
746000	-9844
747000	-8720
748000	-8268
749000	-10186
750000	-9330
751000	-10160
752000	-11068
753000	-10340
754000	-10596
755000	-9868
756000	-10138
757000	-9348
758000	-10058
759000	-10490
760000	-9280
761000	-7534
762000	-8616
763000	-7432
764000	-9004
765000	-9504
766000	-10124
767000	-10316
768000	-9536
769000	-10474
770000	-9850
771000	-11054
772000	-13056
773000	-11630
774000	-12122
775000	-10126
776000	-7624
777000	-8252
778000	-8778
779000	-9010
780000	-8916
781000	-8648
782000	-8416
783000	-9210
784000	-8996
785000	-10544
786000	-9896
787000	-9866
788000	-9410
789000	-10364
790000	-9924
791000	-10232
792000	-9240
793000	-8082
794000	-8816
795000	-9644
796000	-11214
797000	-10136
798000	-11706
799000	-11100
800000	-11774
801000	-12158
802000	-11352
803000	-11756
804000	-11826
805000	-12210
806000	-13074
807000	-12112
808000	-11946
809000	-12886
810000	-12558
811000	-13350
812000	-14158
813000	-13882
814000	-15564
815000	-13506
816000	-14462
817000	-13446
818000	-13674
819000	-13426
820000	-13794
821000	-14252
822000	-13784
823000	-13950
824000	-13976
825000	-13060
826000	-13154
827000	-13162
828000	-14802
829000	-13842
830000	-15194
831000	-14328
832000	-12812
833000	-13878
834000	-14320
835000	-15814
836000	-16270
837000	-17298
838000	-15520
839000	-16132
840000	-14976
841000	-15702
842000	-16308
843000	-16430
844000	-17594
845000	-18058
846000	-17880
847000	-17580
848000	-17806
849000	-15774
850000	-16878
851000	-15906
852000	-15134
853000	-16212
854000	-15320
855000	-15066
856000	-13792
857000	-13452
858000	-11920
859000	-11720
860000	-10912
861000	-10986
862000	-10646
863000	-11620
864000	-10440
865000	-9922
866000	-8910
867000	-8842
868000	-9574
869000	-11058
870000	-11060
871000	-11540
872000	-11966
873000	-11538
874000	-11160
875000	-9998
876000	-11340
877000	-12200
878000	-12656
879000	-14096
880000	-10812
881000	-11268
882000	-9836
883000	-10626
884000	-10500
885000	-9652
886000	-8642
887000	-8564
888000	-8668
889000	-9296
890000	-9482
891000	-9934
892000	-9528
893000	-9488
894000	-8628
895000	-7434
896000	-7462
897000	-8274
898000	-5340
899000	-5152
900000	-4870
901000	-6458
902000	-7696
903000	-7950
904000	-6528
905000	-6268
906000	-5612
907000	-3948
908000	-4324
909000	-4992
910000	-5142
911000	-6168
912000	-5332
913000	-4414
914000	-5058
915000	-3884
916000	-2024
917000	-4666
918000	-3706
919000	-3818
920000	-4398
921000	-5792
922000	-6072
923000	-4358
924000	-3990
925000	-4630
926000	-6354
927000	-4804
928000	-5294
929000	-4942
930000	-5848
931000	-4990
932000	-4502
933000	-4176
934000	-5356
935000	-4006
936000	-4334
937000	-5044
938000	-3702
939000	-1006
940000	334
941000	-242
942000	1666
943000	1950
944000	1348
945000	490
946000	1038
947000	1114
948000	78
949000	1412
950000	-586
951000	336
952000	-424
953000	318
954000	486
955000	-190
956000	962
957000	2490
958000	2682
959000	4
960000	-552
961000	-1324
962000	-1552
963000	-2624
964000	-4524
965000	-5440
966000	-4256
967000	-3386
968000	-3694
969000	-1866
970000	-3018
971000	-3174
972000	-4544
973000	-5868
974000	-6940
975000	-7070
976000	-7552
977000	-5990
978000	-5278
979000	-5232
980000	-6324
981000	-7426
982000	-8706
983000	-8880
984000	-9660
985000	-8914
986000	-7356
987000	-6418
988000	-7084
989000	-6618
990000	-6188
991000	-8082
992000	-9122
993000	-9378
994000	-8550
995000	-6510
996000	-5056
997000	-6564
998000	-6894
999000	-6932
