0	24
1000	722
2000	976
3000	-480
4000	-1170
5000	-1698
6000	-1348
7000	-2390
8000	-1938
9000	-5040
10000	-5330
11000	-4240
12000	-5386
13000	-5854
14000	-5248
15000	-6474
16000	-5702
17000	-6940
18000	-7466
19000	-9040
20000	-9230
21000	-10216
22000	-10216
23000	-9626
24000	-9952
25000	-9378
26000	-9122
27000	-9072
28000	-7570
29000	-7478
30000	-6588
31000	-8178
32000	-8722
33000	-8474
34000	-10132
35000	-8986
36000	-9162
37000	-8306
38000	-8642
39000	-7016
40000	-8462
41000	-8832
42000	-8400
43000	-8588
44000	-10338
45000	-9710
46000	-8868
47000	-9536
48000	-9600
49000	-9534
50000	-9294
51000	-8332
52000	-9376
53000	-9676
54000	-9940
55000	-9028
56000	-8508
57000	-7684
58000	-7930
59000	-8556
60000	-8254
61000	-8808
62000	-9056
63000	-9380
64000	-9204
65000	-9518
66000	-9694
67000	-9236
68000	-10956
69000	-12064
70000	-11490
71000	-10588
72000	-10196
73000	-10608
74000	-9936
75000	-9992
76000	-11236
77000	-11254
78000	-11716
79000	-10882
80000	-10988
81000	-10320
82000	-11192
83000	-10890
84000	-10992
85000	-11526
86000	-11500
87000	-11408
88000	-13112
89000	-12590
90000	-12114
91000	-12706
92000	-12536
93000	-12774
94000	-13574
95000	-13494
96000	-13458
97000	-13994
98000	-15420
99000	-16042
100000	-16102
101000	-17152
102000	-17078
103000	-16552
104000	-17160
105000	-17950
106000	-19210
107000	-18820
108000	-19078
109000	-19206
110000	-19526
111000	-20610
112000	-21322
113000	-21632
114000	-22068
115000	-20934
116000	-21176
117000	-20138
118000	-20502
119000	-20938
120000	-21876
121000	-21260
122000	-21108
123000	-21446
124000	-20874
125000	-22180
126000	-21944
127000	-20878
128000	-21098
129000	-21890
130000	-21656
131000	-21858
132000	-21710
133000	-21654
134000	-22158
135000	-23552
136000	-24206
137000	-24012
138000	-23504
139000	-23224
140000	-22680
141000	-23930
142000	-24180
143000	-24074
144000	-22888
145000	-23106
146000	-23736
147000	-24544
148000	-25322
149000	-26370
150000	-26180
151000	-26324
152000	-26964
153000	-27200
154000	-27370
155000	-26082
156000	-25946
157000	-27018
158000	-26746
159000	-27126
160000	-27436
161000	-27300
162000	-27092
163000	-27348
164000	-27640
165000	-27962
166000	-26696
167000	-26042
168000	-27018
169000	-27152
170000	-27332
171000	-27478
172000	-27640
173000	-27452
174000	-26500
175000	-26940
176000	-26260
177000	-27014
178000	-27780
179000	-27794
180000	-28352
181000	-29358
182000	-30432
183000	-31522
184000	-31446
185000	-31540
186000	-30672
187000	-30544
188000	-31110
189000	-31596
190000	-31396
191000	-31896
192000	-31842
193000	-31118
194000	-31970
195000	-31962
196000	-30830
197000	-30738
198000	-30600
199000	-31386
200000	-31656
201000	-32354
202000	-32978
203000	-33954
204000	-34054
205000	-34110
206000	-34414
207000	-35070
208000	-35742
209000	-35010
210000	-35216
211000	-35466
212000	-37228
213000	-36562
214000	-37028
215000	-37878
216000	-38324
217000	-39130
218000	-38500
219000	-39764
220000	-40168
221000	-40724
222000	-40578
223000	-40664
224000	-40526
225000	-41394
226000	-40708
227000	-40924
228000	-41148
229000	-41388
230000	-41798
231000	-41230
232000	-41400
233000	-41714
234000	-41208
235000	-41354
236000	-41870
237000	-42526
238000	-43574
239000	-43532
240000	-44210
241000	-44376
242000	-44762
243000	-45712
244000	-45136
245000	-44054
246000	-44562
247000	-44674
248000	-45136
249000	-45292
250000	-44498
251000	-44636
252000	-45272
253000	-46320
254000	-46352
255000	-45780
256000	-46612
257000	-47450
258000	-47114
259000	-47504
260000	-47966
261000	-48078
262000	-48022
263000	-47556
264000	-47250
265000	-47020
266000	-47450
267000	-47800
268000	-48042
269000	-48192
270000	-48698
271000	-48170
272000	-48178
273000	-47388
274000	-47874
275000	-48706
276000	-48826
277000	-48384
278000	-48506
279000	-49688
280000	-49008
281000	-49954
282000	-51002
283000	-50844
284000	-51776
285000	-51854
286000	-51444
287000	-52228
288000	-50880
289000	-52032
290000	-52246
291000	-51336
292000	-52134
293000	-51210
294000	-51726
295000	-52118
296000	-52204
297000	-51538
298000	-51666
299000	-51390
300000	-52006
301000	-52434
302000	-52880
303000	-53560
304000	-54306
305000	-54384
306000	-54554
307000	-53606
308000	-55000
309000	-54730
310000	-56172
311000	-56296
312000	-56016
313000	-56136
314000	-55884
315000	-56380
316000	-56682
317000	-57418
318000	-58862
319000	-59580
320000	-58670
321000	-59454
322000	-59364
323000	-59210
324000	-59880
325000	-60462
326000	-60412
327000	-60086
328000	-59418
329000	-59438
330000	-59508
331000	-59462
332000	-59648
333000	-59896
334000	-60406
335000	-60672
336000	-60848
337000	-60936
338000	-60716
339000	-61718
340000	-62138
341000	-62486
342000	-63174
343000	-62212
344000	-62060
345000	-61854
346000	-62766
347000	-62942
348000	-61942
349000	-61596
350000	-61268
351000	-61000
352000	-60824
353000	-60792
354000	-60834
355000	-60490
356000	-59780
357000	-59812
358000	-60582
359000	-61118
360000	-61812
361000	-60890
362000	-60680
363000	-61012
364000	-60850
365000	-60162
366000	-60050
367000	-59990
368000	-59932
369000	-60976
370000	-61466
371000	-62026
372000	-62026
373000	-62014
374000	-62872
375000	-63936
376000	-63750
377000	-63094
378000	-62804
379000	-62478
380000	-62774
381000	-64120
382000	-64196
383000	-64348
384000	-65532
385000	-66508
386000	-67032
387000	-66874
388000	-67334
389000	-67492
390000	-67316
391000	-67458
392000	-68362
393000	-68708
394000	-68346
395000	-69198
396000	-69064
397000	-68764
398000	-68142
399000	-69358
400000	-69406
401000	-70166
402000	-69948
403000	-69616
404000	-69456
405000	-69354
406000	-69562
407000	-69550
408000	-69680
409000	-69594
410000	-70112
411000	-69126
412000	-69036
413000	-69004
414000	-69600
415000	-69824
416000	-69788
417000	-70030
418000	-69640
419000	-70854
420000	-70722
421000	-70968
422000	-70692
423000	-71916
424000	-71216
425000	-72512
426000	-73016
427000	-72754
428000	-72920
429000	-73122
430000	-73756
431000	-73134
432000	-72822
433000	-72642
434000	-72366
435000	-72044
436000	-73012
437000	-73630
438000	-73338
439000	-73436
440000	-74382
441000	-74386
442000	-74512
443000	-74550
444000	-73734
445000	-73320
446000	-72376
447000	-73168
448000	-72530
449000	-72680
450000	-71898
451000	-72706
452000	-72994
453000	-73026
454000	-73546
455000	-73108
456000	-74214
457000	-74448
458000	-74756
459000	-74948
460000	-75148
461000	-75516
462000	-75270
463000	-76070
464000	-75614
465000	-75360
466000	-76228
467000	-76272
468000	-75992
469000	-76208
470000	-76260
471000	-77068
472000	-77150
473000	-77114
474000	-77776
475000	-78142
476000	-78586
477000	-78330
478000	-78290
479000	-77636
480000	-78308
481000	-77894
482000	-77590
483000	-78528
484000	-79174
485000	-78804
486000	-79310
487000	-79880
488000	-80996
489000	-81402
490000	-81774
491000	-81378
492000	-80600
493000	-81304
494000	-81592
495000	-81434
496000	-81470
497000	-81054
498000	-81620
499000	-82026
500000	-82640
501000	-82654
502000	-82822
503000	-82590
504000	-82608
505000	-82932
506000	-81756
507000	-81616
508000	-82546
509000	-82922
510000	-82324
511000	-83172
512000	-84094
513000	-83764
514000	-83298
515000	-82418
516000	-82536
517000	-83194
518000	-83288
519000	-83190
520000	-83254
521000	-84388
522000	-84482
523000	-84012
524000	-83664
525000	-82490
526000	-82704
527000	-82582
528000	-82200
529000	-82760
530000	-83046
531000	-83356
532000	-83698
533000	-84106
534000	-84264
535000	-84120
536000	-83746
537000	-84516
538000	-84066
539000	-84870
540000	-85176
541000	-85424
542000	-86414
543000	-86092
544000	-85866
545000	-85066
546000	-86090
547000	-86662
548000	-86068
549000	-86190
550000	-85500
551000	-84484
552000	-83900
553000	-83780
554000	-83460
555000	-83710
556000	-83486
557000	-83974
558000	-83528
559000	-82746
560000	-82460
561000	-82298
562000	-82474
563000	-81620
564000	-81326
565000	-82538
566000	-82664
567000	-82746
568000	-83080
569000	-82904
570000	-82522
571000	-83662
572000	-83900
573000	-83432
574000	-83398
575000	-84082
576000	-83822
577000	-83716
578000	-83726
579000	-83998
580000	-84010
581000	-84510
582000	-85240
583000	-84518
584000	-84312
585000	-85504
586000	-85524
587000	-85568
588000	-85320
589000	-85374
590000	-85860
591000	-85234
592000	-85410
593000	-85694
594000	-85664
595000	-85912
596000	-86302
597000	-85776
598000	-86130
599000	-86378
600000	-86524
601000	-87738
602000	-87036
603000	-87710
604000	-87700
605000	-87762
606000	-86674
607000	-85960
608000	-86162
609000	-87346
610000	-87220
611000	-87236
612000	-87626
613000	-87624
614000	-88644
615000	-87514
616000	-87120
617000	-87836
618000	-87582
619000	-87568
620000	-87652
621000	-88612
622000	-88942
623000	-88864
624000	-88750
625000	-88280
626000	-88550
627000	-88850
628000	-88872
629000	-88932
630000	-87914
631000	-87196
632000	-87334
633000	-87924
634000	-89062
635000	-88576
636000	-88792
637000	-89986
638000	-89880
639000	-89912
640000	-91190
641000	-89844
642000	-90246
643000	-90398
644000	-91240
645000	-91558
646000	-91478
647000	-91484
648000	-91926
649000	-92628
650000	-92858
651000	-93228
652000	-93020
653000	-92750
654000	-91916
655000	-92502
656000	-91828
657000	-92196
658000	-91956
659000	-91834
660000	-92086
661000	-92576
662000	-93434
663000	-93498
664000	-93084
665000	-93592
666000	-93820
667000	-92152
668000	-92416
669000	-92236
670000	-92824
671000	-91952
672000	-92406
673000	-93312
674000	-93660
675000	-93784
676000	-94042
677000	-93752
678000	-93054
679000	-93098
680000	-92964
681000	-93098
682000	-93070
683000	-92800
684000	-93522
685000	-93382
686000	-93276
687000	-93392
688000	-94168
689000	-93912
690000	-94106
691000	-93734
692000	-94556
693000	-94374
694000	-94662
695000	-94700
696000	-94526
697000	-94686
698000	-94760
699000	-93998
700000	-93642
701000	-94054
702000	-93428
703000	-93732
704000	-94006
705000	-94596
706000	-94790
707000	-94846
708000	-94372
709000	-94344
710000	-94252
711000	-94508
712000	-94184
713000	-94666
714000	-95682
715000	-95764
716000	-95208
717000	-94860
718000	-94756
719000	-94734
720000	-94830
721000	-95366
722000	-94152
723000	-94610
724000	-94854
725000	-95266
726000	-94730
727000	-94550
728000	-94366
729000	-94440
730000	-94326
731000	-94958
732000	-94918
733000	-95278
734000	-94466
735000	-93594
736000	-94244
737000	-94532
738000	-94596
739000	-93804
740000	-92966
741000	-93092
742000	-93224
743000	-91936
744000	-92506
745000	-92740
746000	-93762
747000	-93374
748000	-92786
749000	-93436
750000	-93698
751000	-93480
752000	-93626
753000	-93506
754000	-93310
755000	-92964
756000	-93302
757000	-93670
758000	-93580
759000	-93338
760000	-93400
761000	-93158
762000	-93778
763000	-93836
764000	-94370
765000	-93438
766000	-93876
767000	-94052
768000	-93650
769000	-93526
770000	-93018
771000	-93468
772000	-93216
773000	-93858
774000	-94610
775000	-94902
776000	-94902
777000	-94292
778000	-94764
779000	-93818
780000	-93162
781000	-92858
782000	-93106
783000	-93780
784000	-93636
785000	-93890
786000	-94068
787000	-93908
788000	-93540
789000	-94006
790000	-93366
791000	-93112
792000	-93668
793000	-93330
794000	-93444
795000	-93676
796000	-94502
797000	-95124
798000	-95618
799000	-95514
800000	-96254
801000	-96348
802000	-96410
803000	-96738
804000	-97668
805000	-97118
806000	-97024
807000	-97356
808000	-96604
809000	-96604
810000	-97318
811000	-97276
812000	-96974
813000	-96646
814000	-97456
815000	-97148
816000	-97270
817000	-98046
818000	-97590
819000	-97244
820000	-96774
821000	-96370
822000	-96382
823000	-96088
824000	-96026
825000	-96246
826000	-96896
827000	-97492
828000	-97018
829000	-97500
830000	-97052
831000	-96130
832000	-96242
833000	-96744
834000	-96996
835000	-96792
836000	-96162
837000	-96602
838000	-96380
839000	-96374
840000	-95670
841000	-95622
842000	-96124
843000	-96078
844000	-96144
845000	-96346
846000	-97094
847000	-96336
848000	-96278
849000	-96614
850000	-95730
851000	-96380
852000	-95908
853000	-95652
854000	-95630
855000	-95264
856000	-96134
857000	-96078
858000	-95388
859000	-96056
860000	-96028
861000	-96498
862000	-97106
863000	-96532
864000	-96806
865000	-96350
866000	-96722
867000	-97052
868000	-97626
869000	-97302
870000	-97602
871000	-97272
872000	-97306
873000	-96694
874000	-96908
875000	-95750
876000	-96168
877000	-96064
878000	-95518
879000	-96020
880000	-95786
881000	-95914
882000	-96062
883000	-96550
884000	-97486
885000	-97532
886000	-97662
887000	-98220
888000	-97858
889000	-97328
890000	-97228
891000	-97244
892000	-97056
893000	-97896
894000	-97974
895000	-98646
896000	-98132
897000	-98788
898000	-98132
899000	-98608
900000	-98514
901000	-97964
902000	-97702
903000	-97340
904000	-97658
905000	-98208
906000	-98630
907000	-98672
908000	-99332
909000	-99186
910000	-98886
911000	-98738
912000	-98792
913000	-98856
914000	-98966
915000	-98800
916000	-98768
917000	-98586
918000	-98366
919000	-98306
920000	-97898
921000	-97852
922000	-97116
923000	-97998
924000	-97494
925000	-97244
926000	-97504
927000	-98318
928000	-98012
929000	-97404
930000	-97118
931000	-97536
932000	-97798
933000	-97930
934000	-98414
935000	-97662
936000	-97584
937000	-98480
938000	-99258
939000	-99192
940000	-99248
941000	-98264
942000	-98430
943000	-98404
944000	-97712
945000	-96352
946000	-96320
947000	-96408
948000	-96302
949000	-96938
950000	-96348
951000	-97420
952000	-98116
953000	-98576
954000	-99502
955000	-99378
956000	-98578
957000	-98244
958000	-97752
959000	-98360
960000	-97722
961000	-97890
962000	-97706
963000	-98280
964000	-98514
965000	-98580
966000	-98374
967000	-98000
968000	-97756
969000	-98506
970000	-97590
971000	-97498
972000	-97940
973000	-97936
974000	-98446
975000	-98562
976000	-98238
977000	-98258
978000	-97024
979000	-96890
980000	-96610
981000	-97232
982000	-97316
983000	-96738
984000	-96514
985000	-96812
986000	-95876
987000	-96556
988000	-96674
989000	-96266
990000	-95720
991000	-95378
992000	-95472
993000	-96140
994000	-96608
995000	-96644
996000	-96714
997000	-96676
998000	-96666
999000	-96822
