0	1064
1000	4190
2000	4348
3000	4824
4000	4670
5000	3678
6000	372
7000	1898
8000	3178
9000	2630
10000	4588
11000	3768
12000	3454
13000	3732
14000	4312
15000	2630
16000	1398
17000	2784
18000	2456
19000	3318
20000	4038
21000	4300
22000	4566
23000	6368
24000	7324
25000	8450
26000	8582
27000	8082
28000	8180
29000	8932
30000	8888
31000	8518
32000	8510
33000	9378
34000	10960
35000	10108
36000	10052
37000	9110
38000	9292
39000	9666
40000	9422
41000	10998
42000	10116
43000	7218
44000	6156
45000	4466
46000	3552
47000	4822
48000	4460
49000	2444
50000	2588
51000	3304
52000	2594
53000	1318
54000	534
55000	1818
56000	380
57000	1392
58000	1478
59000	-262
60000	-208
61000	-126
62000	-848
63000	-1590
64000	198
65000	574
66000	1664
67000	1786
68000	1322
69000	1008
70000	1158
71000	-378
72000	466
73000	644
74000	1554
75000	1236
76000	-716
77000	-1814
78000	-2688
79000	716
80000	2356
81000	1738
82000	2090
83000	488
84000	-1678
85000	-2100
86000	-2242
87000	-816
88000	404
89000	1192
90000	1046
91000	1476
92000	812
93000	3092
94000	3618
95000	2188
96000	2600
97000	2566
98000	2914
99000	2216
100000	2134
101000	2396
102000	4082
103000	3362
104000	3540
105000	3576
106000	3356
107000	2126
108000	1146
109000	142
110000	-260
111000	-1434
112000	60
113000	-1412
114000	-1544
115000	-2092
116000	-1344
117000	-2332
118000	-620
119000	8
120000	832
121000	-1096
122000	-1460
123000	-812
124000	-1060
125000	-1808
126000	-4118
127000	-2608
128000	-3662
129000	-3316
130000	-3904
131000	-3194
132000	-4706
133000	-3176
134000	-2284
135000	-3252
136000	-3430
137000	-5300
138000	-5456
139000	-8878
140000	-6486
141000	-6588
142000	-6878
143000	-6658
144000	-8470
145000	-8776
146000	-8740
147000	-10106
148000	-9676
149000	-11078
150000	-11272
151000	-11828
152000	-11328
153000	-9154
154000	-8790
155000	-9666
156000	-8302
157000	-8144
158000	-7342
159000	-8984
160000	-6734
161000	-6636
162000	-6650
163000	-5016
164000	-5366
165000	-6128
166000	-6092
167000	-5156
168000	-5236
169000	-4100
170000	-4052
171000	-4980
172000	-3246
173000	-3830
174000	-2536
175000	-3346
176000	-1498
177000	-2066
178000	-572
179000	-1320
180000	-1434
181000	-1972
182000	-244
183000	-1098
184000	-1902
185000	-612
186000	-1930
187000	-1374
188000	-1150
189000	-1972
190000	-1674
191000	1126
192000	-884
193000	-1416
194000	-3914
195000	-3532
196000	-3354
197000	-3118
198000	-2412
199000	-4816
200000	-3956
201000	-2956
202000	-3318
203000	-1740
204000	-2412
205000	-1966
206000	-4588
207000	-2542
208000	-1528
209000	-1840
210000	-1326
211000	-1688
212000	-1478
213000	-2196
214000	-3032
215000	-2236
216000	-2190
217000	-1938
218000	-758
219000	-2422
220000	-2952
221000	-1776
222000	-360
223000	-2586
224000	-3746
225000	-4630
226000	-5456
227000	-6800
228000	-8008
229000	-8710
230000	-6644
231000	-6204
232000	-5962
233000	-7032
234000	-5870
235000	-5734
236000	-7836
237000	-7500
238000	-7262
239000	-7292
240000	-4842
241000	-5826
242000	-4244
243000	-5888
244000	-7106
245000	-7892
246000	-6438
247000	-6482
248000	-8048
249000	-7942
250000	-7720
251000	-7526
252000	-5886
253000	-6904
254000	-8286
255000	-8012
256000	-9890
257000	-9158
258000	-8888
259000	-7950
260000	-6562
261000	-6844
262000	-5074
263000	-3766
264000	-2348
265000	-3612
266000	-5140
267000	-6492
268000	-7174
269000	-8802
270000	-9770
271000	-10622
272000	-10838
273000	-10708
274000	-10098
275000	-7766
276000	-7678
277000	-7516
278000	-8910
279000	-9314
280000	-8840
281000	-7434
282000	-5624
283000	-4692
284000	-4120
285000	-3848
286000	-2406
287000	-2464
288000	-3870
289000	-4650
290000	-2154
291000	-2262
292000	-1262
293000	-3292
294000	-2700
295000	-4312
296000	-3818
297000	-1854
298000	-2758
299000	-2276
300000	-1904
301000	-2304
302000	-2816
303000	-2322
304000	-2648
305000	-4196
306000	-4782
307000	-5514
308000	-3608
309000	-3732
310000	-2604
311000	-1390
312000	-612
313000	320
314000	-926
315000	-1450
316000	-2150
317000	-2760
318000	-2014
319000	-1916
320000	-1868
321000	-1800
322000	-1130
323000	-1192
324000	2002
325000	496
326000	-300
327000	1036
328000	1608
329000	2606
330000	720
331000	1164
332000	-1098
333000	-1770
334000	-1410
335000	-2378
336000	-3446
337000	-4214
338000	-3746
339000	-5568
340000	-5778
341000	-6050
342000	-5546
343000	-6188
344000	-4972
345000	-4996
346000	-4482
347000	-3506
348000	-2800
349000	-3902
350000	-1954
351000	-1858
352000	-3188
353000	-3694
354000	-4464
355000	-1802
356000	-3340
357000	-4316
358000	-3950
359000	-3274
360000	-2946
361000	-4710
362000	-6618
363000	-9320
364000	-11416
365000	-11286
366000	-10634
367000	-9288
368000	-9010
369000	-9124
370000	-9702
371000	-9026
372000	-7832
373000	-5856
374000	-3514
375000	-2772
376000	-4642
377000	-3672
378000	-3492
379000	-3596
380000	-2470
381000	-3702
382000	-1696
383000	-1884
384000	-888
385000	-1118
386000	-2856
387000	-680
388000	-1502
389000	-58
390000	1232
391000	122
392000	-1018
393000	214
394000	710
395000	-898
396000	928
397000	1102
398000	-418
399000	-320
400000	-1168
401000	-1390
402000	-1754
403000	-2680
404000	-5194
405000	-4344
406000	-2374
407000	-1060
408000	-2300
409000	-2898
410000	-2828
411000	-1780
412000	1206
413000	566
414000	808
415000	304
416000	1416
417000	2588
418000	1906
419000	226
420000	-724
421000	-1556
422000	346
423000	806
424000	1884
425000	860
426000	1296
427000	478
428000	-274
429000	-848
430000	-1310
431000	10
432000	-168
433000	-466
434000	-864
435000	-54
436000	-1440
437000	-1658
438000	-1274
439000	-2224
440000	-2840
441000	-3812
442000	-2298
443000	-2942
444000	-2796
445000	-2862
446000	-3774
447000	-3542
448000	-3268
449000	-2210
450000	-2848
451000	-1128
452000	-164
453000	-414
454000	-704
455000	-884
456000	-2814
457000	-1294
458000	-1712
459000	-1816
460000	-3012
461000	-4990
462000	-4086
463000	-2966
464000	-4254
465000	-3640
466000	-5136
467000	-4854
468000	-6290
469000	-6842
470000	-7518
471000	-7454
472000	-7824
473000	-7308
474000	-6648
475000	-5642
476000	-5560
477000	-4008
478000	-2706
479000	-1882
480000	-3660
481000	-2176
482000	402
483000	-1144
484000	-642
485000	-2718
486000	-1976
487000	-1210
488000	-46
489000	982
490000	1916
491000	-428
492000	-596
493000	1012
494000	64
495000	1342
496000	1314
497000	1068
498000	1414
499000	1096
500000	804
501000	1108
502000	5078
503000	5408
504000	8200
505000	7198
506000	7160
507000	6858
508000	8834
509000	10148
510000	10058
511000	9852
512000	7836
513000	4952
514000	3586
515000	5212
516000	6242
517000	6434
518000	5206
519000	7372
520000	6774
521000	7462
522000	8592
523000	10612
524000	11428
525000	11640
526000	11690
527000	11116
528000	8700
529000	9268
530000	9014
531000	10022
532000	10452
533000	11680
534000	9510
535000	10086
536000	9486
537000	8034
538000	7098
539000	7630
540000	6986
541000	6374
542000	5334
543000	5010
544000	4628
545000	4362
546000	4770
547000	4762
548000	3662
549000	3220
550000	4162
551000	4548
552000	4478
553000	6942
554000	6444
555000	5124
556000	5692
557000	7078
558000	8128
559000	6024
560000	6590
561000	8002
562000	9676
563000	8144
564000	7238
565000	6340
566000	6632
567000	6584
568000	6574
569000	5918
570000	4304
571000	2422
572000	3032
573000	1164
574000	870
575000	-1854
576000	-1786
577000	-850
578000	-602
579000	344
580000	1284
581000	252
582000	-852
583000	-2320
584000	-1408
585000	-1508
586000	-1824
587000	-1540
588000	-1626
589000	-1242
590000	-2752
591000	-2486
592000	-1604
593000	-566
594000	-1096
595000	-138
596000	1328
597000	3910
598000	3554
599000	5078
600000	6046
601000	5034
602000	6512
603000	5402
604000	5328
605000	4714
606000	3224
607000	2638
608000	1826
609000	1214
610000	206
611000	2204
612000	-900
613000	-344
614000	-422
615000	-2
616000	1520
617000	1624
618000	1272
619000	3548
620000	4750
621000	5480
622000	4290
623000	3210
624000	1562
625000	-368
626000	-492
627000	-550
628000	-446
629000	56
630000	514
631000	-1582
632000	-1602
633000	-2430
634000	-2308
635000	-2948
636000	-3518
637000	-52
638000	-432
639000	-664
640000	104
641000	598
642000	914
643000	-638
644000	-1104
645000	-610
646000	-2434
647000	-1252
648000	-2764
649000	-1474
650000	-448
651000	-1224
652000	-2160
653000	-2662
654000	-1998
655000	410
656000	-1268
657000	-3550
658000	-3054
659000	-2314
660000	-2100
661000	170
662000	2922
663000	1586
664000	2870
665000	2554
666000	2828
667000	1860
668000	2934
669000	1326
670000	1284
671000	1204
672000	1012
673000	824
674000	-458
675000	270
676000	256
677000	-1076
678000	-1426
679000	-2152
680000	-372
681000	-478
682000	-852
683000	-2004
684000	-2036
685000	-356
686000	-2006
687000	-4576
688000	-4572
689000	-5082
690000	-7250
691000	-5606
692000	-6082
693000	-5128
694000	-5834
695000	-4046
696000	-4100
697000	-2600
698000	-826
699000	-200
700000	1576
701000	1116
702000	2346
703000	3346
704000	2828
705000	2120
706000	2004
707000	282
708000	26
709000	-388
710000	312
711000	-594
712000	-1004
713000	-2136
714000	-2260
715000	-1880
716000	-3900
717000	-2750
718000	-2150
719000	-504
720000	6
721000	-1080
722000	566
723000	36
724000	1132
725000	838
726000	44
727000	930
728000	1216
729000	1134
730000	394
731000	-216
732000	766
733000	652
734000	-1092
735000	-166
736000	2438
737000	2966
738000	2774
739000	1296
740000	1306
741000	2544
742000	2350
743000	2540
744000	3898
745000	2962
746000	3728
747000	3150
748000	4070
749000	2162
750000	2062
751000	2098
752000	1910
753000	258
754000	-590
755000	-2306
756000	-4436
757000	-5032
758000	-4834
759000	-2546
760000	-1838
761000	-1432
762000	-2698
763000	-3408
764000	-3370
765000	-2898
766000	-3706
767000	-2454
768000	-2044
769000	-1760
770000	-3740
771000	-4908
772000	-5278
773000	-4484
774000	-1484
775000	-1452
776000	-1206
777000	-2236
778000	328
779000	1328
780000	1010
781000	-638
782000	446
783000	1242
784000	1440
785000	-1170
786000	430
787000	-456
788000	-1306
789000	-864
790000	-838
791000	808
792000	1154
793000	-80
794000	-1360
795000	-50
796000	-1462
797000	-898
798000	1130
799000	2326
800000	3574
801000	1958
802000	2228
803000	3330
804000	3116
805000	6170
806000	6052
807000	4800
808000	4806
809000	6130
810000	5226
811000	7200
812000	3720
813000	3566
814000	3936
815000	4768
816000	5384
817000	3676
818000	3818
819000	2496
820000	1706
821000	666
822000	-908
823000	-16
824000	654
825000	-470
826000	646
827000	1988
828000	988
829000	842
830000	128
831000	64
832000	-864
833000	104
834000	-1928
835000	-3922
836000	-4300
837000	-3462
838000	-4774
839000	-5218
840000	-6218
841000	-6178
842000	-4664
843000	-4096
844000	-3648
845000	-5016
846000	-4280
847000	-3608
848000	-2582
849000	-2568
850000	-1614
851000	-1610
852000	-1820
853000	-3176
854000	-4342
855000	-3166
856000	-3156
857000	-4164
858000	-3400
859000	-4034
860000	-4756
861000	-6108
862000	-6828
863000	-7424
864000	-6662
865000	-6104
866000	-5350
867000	-4994
868000	-4686
869000	-5744
870000	-7116
871000	-4558
872000	-4116
873000	-3942
874000	-4688
875000	-5536
876000	-7722
877000	-6338
878000	-6890
879000	-5446
880000	-5204
881000	-5964
882000	-5500
883000	-5328
884000	-5154
885000	-3958
886000	-5402
887000	-5944
888000	-5014
889000	-6086
890000	-5800
891000	-5004
892000	-6796
893000	-8746
894000	-9518
895000	-9584
896000	-9454
897000	-8446
898000	-7464
899000	-6260
900000	-5182
901000	-4142
902000	-3018
903000	-3332
904000	-4344
905000	-5424
906000	-3604
907000	-5130
908000	-4624
909000	-2352
910000	-2816
911000	-2196
912000	-1316
913000	-2836
914000	-1350
915000	-3010
916000	-1644
917000	-1968
918000	-2384
919000	-2552
920000	-710
921000	-230
922000	-334
923000	-532
924000	-2572
925000	-2936
926000	-4552
927000	-3610
928000	-4360
929000	-4550
930000	-4608
931000	-6384
932000	-6044
933000	-7038
934000	-7880
935000	-7522
936000	-7006
937000	-7858
938000	-8342
939000	-6338
940000	-7432
941000	-7584
942000	-8706
943000	-9792
944000	-8070
945000	-7726
946000	-7004
947000	-7014
948000	-8202
949000	-7300
950000	-7892
951000	-5732
952000	-5522
953000	-6596
954000	-8384
955000	-8288
956000	-9600
957000	-9810
958000	-9430
959000	-10426
960000	-9042
961000	-10220
962000	-9220
963000	-9838
964000	-9772
965000	-9882
966000	-9406
967000	-8872
968000	-8718
969000	-8858
970000	-8216
971000	-8052
972000	-9946
973000	-11156
974000	-9676
975000	-10040
976000	-7522
977000	-5612
978000	-6942
979000	-8430
980000	-8148
981000	-9920
982000	-10642
983000	-7784
984000	-7724
985000	-7222
986000	-8556
987000	-7882
988000	-7440
989000	-6270
990000	-5056
991000	-3846
992000	-3294
993000	-6190
994000	-6198
995000	-7490
996000	-6078
997000	-7490
998000	-7520
999000	-6720
