0	-42
1000	-700
2000	-3210
3000	-3016
4000	-1442
5000	-1684
6000	-576
7000	-396
8000	-316
9000	-952
10000	-130
11000	-2186
12000	-2950
13000	-1144
14000	-1946
15000	-3730
16000	-5462
17000	-5988
18000	-3930
19000	-3162
20000	-3254
21000	-2542
22000	-2754
23000	-5720
24000	-3878
25000	-3024
26000	-4506
27000	-5196
28000	-5216
29000	-4680
30000	-1848
31000	-844
32000	-738
33000	-34
34000	364
35000	546
36000	1266
37000	2590
38000	1854
39000	2502
40000	1236
41000	-876
42000	1524
43000	1118
44000	2294
45000	3486
46000	2914
47000	1684
48000	256
49000	1284
50000	2416
51000	1744
52000	546
53000	266
54000	-180
55000	78
56000	-540
57000	-898
58000	530
59000	1428
60000	2882
61000	1646
62000	-344
63000	-1256
64000	-1812
65000	-2918
66000	-2468
67000	-2496
68000	-1258
69000	-1468
70000	38
71000	1698
72000	692
73000	-306
74000	-202
75000	854
76000	4370
77000	3462
78000	1186
79000	70
80000	602
81000	-2910
82000	-3468
83000	-4026
84000	-1746
85000	-1286
86000	-550
87000	92
88000	1972
89000	698
90000	322
91000	1752
92000	2980
93000	1630
94000	324
95000	-720
96000	-2296
97000	-2404
98000	-3746
99000	-3614
100000	-5652
101000	-5648
102000	-5846
103000	-5254
104000	-5646
105000	-7816
106000	-8534
107000	-5392
108000	-5866
109000	-6258
110000	-4226
111000	-3492
112000	-2890
113000	-44
114000	-2244
115000	-3054
116000	-3646
117000	-892
118000	-606
119000	-336
120000	-1078
121000	-1692
122000	736
123000	3300
124000	3246
125000	1346
126000	16
127000	3264
128000	436
129000	940
130000	314
131000	964
132000	2608
133000	2470
134000	2570
135000	2314
136000	2680
137000	2528
138000	3168
139000	3458
140000	2564
141000	2318
142000	2300
143000	-2216
144000	162
145000	-568
146000	902
147000	1426
148000	1554
149000	2778
150000	1046
151000	-328
152000	-2586
153000	-1378
154000	-1640
155000	-3174
156000	-376
157000	-1480
158000	-1734
159000	-1300
160000	524
161000	318
162000	2750
163000	2280
164000	2818
165000	2278
166000	3246
167000	2130
168000	1984
169000	506
170000	990
171000	1218
172000	2046
173000	650
174000	-632
175000	758
176000	202
177000	-1142
178000	-2752
179000	-2762
180000	-3086
181000	-4176
182000	-3162
183000	-1268
184000	-232
185000	-3242
186000	-4036
187000	-3694
188000	-2760
189000	-3592
190000	-4498
191000	-4684
192000	-3810
193000	-4952
194000	-7614
195000	-5324
196000	-5544
197000	-6900
198000	-5640
199000	-4090
200000	-1238
201000	-352
202000	-308
203000	48
204000	-596
205000	-1986
206000	-2928
207000	-2278
208000	-2690
209000	360
210000	986
211000	-1422
212000	-420
213000	-362
214000	1860
215000	776
216000	-10
217000	2206
218000	570
219000	2052
220000	1238
221000	3214
222000	4204
223000	5076
224000	4716
225000	5024
226000	1538
227000	3574
228000	6816
229000	6686
230000	9144
231000	7532
232000	6636
233000	6212
234000	3414
235000	4888
236000	4012
237000	3156
238000	3048
239000	3380
240000	3552
241000	4016
242000	2810
243000	3840
244000	4202
245000	1670
246000	162
247000	-1646
248000	-1264
249000	-2880
250000	-3314
251000	-5008
252000	-2948
253000	-2094
254000	-2372
255000	-1200
256000	-2142
257000	-2008
258000	-1846
259000	-2288
260000	-3150
261000	-5888
262000	-6744
263000	-4294
264000	-4158
265000	-5588
266000	-3656
267000	-2768
268000	-1760
269000	-1700
270000	-1702
271000	540
272000	218
273000	1174
274000	-538
275000	842
276000	-6
277000	-116
278000	-2282
279000	-3482
280000	-5938
281000	-3758
282000	-4338
283000	-2746
284000	-4596
285000	-2802
286000	-1178
287000	-2762
288000	-3314
289000	-5412
290000	-4650
291000	-4350
292000	-2188
293000	-936
294000	-2540
295000	54
296000	272
297000	-642
298000	254
299000	-660
300000	1366
301000	348
302000	1364
303000	-2312
304000	-2038
305000	-822
306000	-900
307000	-1920
308000	-1206
309000	30
310000	-2652
311000	-4728
312000	-2820
313000	-2926
314000	-2176
315000	-4914
316000	-2914
317000	-2162
318000	-1904
319000	-2838
320000	-2184
321000	-2070
322000	-612
323000	-1020
324000	-1152
325000	120
326000	1588
327000	2470
328000	2888
329000	5310
330000	4216
331000	4240
332000	4422
333000	4290
334000	7544
335000	8238
336000	6124
337000	4410
338000	3232
339000	3374
340000	356
341000	1292
342000	4256
343000	5738
344000	5664
345000	4590
346000	3940
347000	3610
348000	3216
349000	1626
350000	3708
351000	3560
352000	2180
353000	2700
354000	1196
355000	342
356000	2816
357000	2594
358000	2902
359000	3720
360000	3224
361000	3246
362000	2776
363000	2774
364000	-874
365000	-906
366000	-270
367000	686
368000	1948
369000	2288
370000	1694
371000	1226
372000	952
373000	2906
374000	3462
375000	4454
376000	2528
377000	3002
378000	2358
379000	1830
380000	704
381000	2044
382000	1808
383000	2166
384000	4262
385000	1454
386000	1022
387000	-1538
388000	-734
389000	114
390000	744
391000	592
392000	-812
393000	26
394000	302
395000	-1868
396000	-3884
397000	-2934
398000	-5026
399000	-4998
400000	-6144
401000	-7222
402000	-5498
403000	-4246
404000	-4318
405000	-3966
406000	-2352
407000	84
408000	966
409000	242
410000	-2234
411000	-1196
412000	-548
413000	1878
414000	100
415000	538
416000	1506
417000	1142
418000	-62
419000	-626
420000	-1144
421000	-2432
422000	-3320
423000	-4286
424000	-3894
425000	-5054
426000	-6058
427000	-3056
428000	-4160
429000	-2586
430000	-2526
431000	-4016
432000	-3808
433000	-3546
434000	-2246
435000	-3060
436000	-5182
437000	-5088
438000	-4946
439000	-3324
440000	-3852
441000	-2774
442000	-4374
443000	-6218
444000	-4702
445000	-5522
446000	-3678
447000	-3824
448000	-4652
449000	-2210
450000	-1928
451000	-1670
452000	-2602
453000	-2692
454000	-4898
455000	-1736
456000	-1812
457000	1064
458000	-1746
459000	-1996
460000	-558
461000	-174
462000	-1094
463000	-1866
464000	-2284
465000	-2350
466000	-2260
467000	-1756
468000	-1046
469000	106
470000	-132
471000	1666
472000	2270
473000	3830
474000	6896
475000	4656
476000	5426
477000	5378
478000	5104
479000	2402
480000	3350
481000	1856
482000	690
483000	1590
484000	-470
485000	-1334
486000	-710
487000	-382
488000	838
489000	-1250
490000	-1940
491000	-1784
492000	-598
493000	-322
494000	-1364
495000	-72
496000	2160
497000	2966
498000	2618
499000	986
500000	654
501000	472
502000	-298
503000	-2634
504000	-2808
505000	-1038
506000	850
507000	394
508000	1358
509000	216
510000	1734
511000	-346
512000	188
513000	-1206
514000	-832
515000	164
516000	2198
517000	3868
518000	4484
519000	2726
520000	4022
521000	4776
522000	1970
523000	2044
524000	-582
525000	-380
526000	128
527000	-1094
528000	-1230
529000	1402
530000	3788
531000	5686
532000	4482
533000	3848
534000	2858
535000	3946
536000	2268
537000	4444
538000	5186
539000	3034
540000	332
541000	1388
542000	602
543000	-410
544000	-1864
545000	-3654
546000	-3018
547000	-4398
548000	-3646
549000	-3054
550000	-2540
551000	-3456
552000	-2346
553000	1892
554000	-1258
555000	260
556000	-1784
557000	962
558000	1016
559000	-506
560000	-78
561000	2522
562000	4264
563000	3636
564000	3734
565000	3586
566000	1168
567000	1682
568000	1552
569000	906
570000	132
571000	578
572000	-2118
573000	-1012
574000	-86
575000	-434
576000	-672
577000	604
578000	1980
579000	3850
580000	4080
581000	5928
582000	5688
583000	5122
584000	1406
585000	-536
586000	1486
587000	2742
588000	3030
589000	2614
590000	2184
591000	488
592000	-728
593000	-1622
594000	-1568
595000	-2082
596000	-238
597000	-664
598000	-1982
599000	-4342
600000	-5672
601000	-4990
602000	-6874
603000	-6498
604000	-7696
605000	-6610
606000	-6314
607000	-4020
608000	-3180
609000	-1276
610000	-838
611000	-576
612000	464
613000	1020
614000	-856
615000	832
616000	684
617000	404
618000	50
619000	-594
620000	-1570
621000	-448
622000	-2472
623000	-3194
624000	-3460
625000	-1728
626000	-1702
627000	-442
628000	1516
629000	1438
630000	1372
631000	2424
632000	176
633000	1476
634000	3022
635000	2598
636000	780
637000	1124
638000	-1730
639000	-1004
640000	726
641000	216
642000	918
643000	-612
644000	-2248
645000	152
646000	362
647000	-1446
648000	100
649000	850
650000	362
651000	-122
652000	382
653000	1034
654000	600
655000	-1268
656000	-1548
657000	-324
658000	-446
659000	-1824
660000	-1594
661000	-1090
662000	644
663000	500
664000	676
665000	1602
666000	-780
667000	-3102
668000	-1570
669000	-3440
670000	-324
671000	-660
672000	-1290
673000	-2158
674000	-376
675000	2372
676000	2102
677000	-248
678000	402
679000	-1386
680000	-2130
681000	-2368
682000	-2436
683000	-3888
684000	-3430
685000	-3220
686000	-2498
687000	-3500
688000	-2524
689000	-2328
690000	-1192
691000	-1344
692000	540
693000	2790
694000	1482
695000	-50
696000	1678
697000	1974
698000	2680
699000	2226
700000	3014
701000	4374
702000	4324
703000	4978
704000	5036
705000	3956
706000	5346
707000	4144
708000	4022
709000	2436
710000	1510
711000	-1516
712000	-1572
713000	-1708
714000	-2808
715000	-3672
716000	-2544
717000	-3044
718000	-2536
719000	-2898
720000	-4364
721000	-1388
722000	2422
723000	178
724000	-1696
725000	-2450
726000	-2882
727000	-3392
728000	-2448
729000	-2342
730000	612
731000	-694
732000	-1112
733000	-1926
734000	-622
735000	810
736000	1566
737000	698
738000	756
739000	670
740000	720
741000	-832
742000	1550
743000	2532
744000	906
745000	986
746000	410
747000	1650
748000	3322
749000	3692
750000	3384
751000	5030
752000	7136
753000	7124
754000	5880
755000	4694
756000	3674
757000	2374
758000	2146
759000	3374
760000	4054
761000	4516
762000	3186
763000	1936
764000	836
765000	1294
766000	100
767000	-434
768000	-62
769000	-416
770000	170
771000	1336
772000	2114
773000	1804
774000	2472
775000	966
776000	-586
777000	-440
778000	74
779000	1218
780000	1726
781000	3504
782000	2594
783000	-666
784000	-2384
785000	-2100
786000	-2054
787000	-1820
788000	-636
789000	120
790000	26
791000	-52
792000	858
793000	2796
794000	2492
795000	1658
796000	1410
797000	552
798000	1926
799000	62
800000	-1670
801000	1146
802000	-132
803000	-290
804000	828
805000	1368
806000	790
807000	-364
808000	-1048
809000	-1040
810000	-1882
811000	-2914
812000	-2032
813000	-2
814000	-1130
815000	-416
816000	2076
817000	4938
818000	5446
819000	6180
820000	4892
821000	3880
822000	3368
823000	3498
824000	3488
825000	1290
826000	2276
827000	2924
828000	3286
829000	4802
830000	3434
831000	3138
832000	1224
833000	1774
834000	3362
835000	2490
836000	2894
837000	2678
838000	1974
839000	-956
840000	-156
841000	-1876
842000	-1714
843000	-3038
844000	-3754
845000	-4098
846000	-3292
847000	-3092
848000	-3280
849000	-4242
850000	-5732
851000	-4066
852000	-5290
853000	-3130
854000	-910
855000	76
856000	1200
857000	1662
858000	194
859000	-286
860000	-818
861000	-1272
862000	-1312
863000	-4336
864000	-2340
865000	-5280
866000	-5776
867000	-4492
868000	-8060
869000	-7474
870000	-6630
871000	-5904
872000	-7370
873000	-6194
874000	-3760
875000	-5128
876000	-2670
877000	-2752
878000	-192
879000	-14
880000	-2630
881000	-2608
882000	-1450
883000	-2416
884000	-1372
885000	-1566
886000	-2292
887000	-2954
888000	-1482
889000	-756
890000	0
891000	-354
892000	-952
893000	-2226
894000	-3766
895000	-5342
896000	-3812
897000	-3816
898000	-4990
899000	-4286
900000	-2942
901000	-3682
902000	-990
903000	-1852
904000	-2554
905000	-4080
906000	-870
907000	646
908000	-54
909000	-356
910000	-1080
911000	-1314
912000	-1618
913000	14
914000	-1132
915000	-1560
916000	-1586
917000	1542
918000	522
919000	-1796
920000	-2934
921000	-3660
922000	-6844
923000	-10018
924000	-5740
925000	-6466
926000	-6290
927000	-7106
928000	-4884
929000	-4580
930000	-7196
931000	-5240
932000	-4400
933000	-4116
934000	-3074
935000	-3870
936000	-912
937000	-348
938000	-1322
939000	934
940000	2322
941000	1824
942000	1006
943000	-12
944000	-1826
945000	-2254
946000	-2486
947000	-3318
948000	-2812
949000	-1390
950000	330
951000	-2316
952000	-350
953000	510
954000	1154
955000	1630
956000	784
957000	86
958000	-1484
959000	-2458
960000	-4012
961000	-6758
962000	-5120
963000	-3512
964000	-3322
965000	-4766
966000	-5140
967000	-3596
968000	-3086
969000	-4262
970000	-4136
971000	-4294
972000	-5066
973000	-3438
974000	-5658
975000	-5514
976000	-3162
977000	-4312
978000	-5378
979000	-4636
980000	-2844
981000	-2094
982000	-2766
983000	-3004
984000	-780
985000	-2660
986000	-2782
987000	-2292
988000	-2940
989000	-3716
990000	-3702
991000	-4704
992000	-2798
993000	-4042
994000	-2798
995000	-3878
996000	-646
997000	-150
998000	144
999000	-3068
