0	14
1000	1224
2000	1644
3000	984
4000	2752
5000	4104
6000	5500
7000	6532
8000	7832
9000	8258
10000	7210
11000	6538
12000	4638
13000	4876
14000	6152
15000	7512
16000	7160
17000	5542
18000	5996
19000	5772
20000	4006
21000	4930
22000	5260
23000	6408
24000	5918
25000	5762
26000	6382
27000	7804
28000	7762
29000	7994
30000	7036
31000	5350
32000	4068
33000	5140
34000	3096
35000	3686
36000	3636
37000	3658
38000	2684
39000	3630
40000	2264
41000	3302
42000	4460
43000	3546
44000	3452
45000	4688
46000	2992
47000	4676
48000	6252
49000	7472
50000	5846
51000	5782
52000	6702
53000	6968
54000	7866
55000	6978
56000	5408
57000	3634
58000	2374
59000	4738
60000	4004
61000	7484
62000	8242
63000	9292
64000	9218
65000	9828
66000	9578
67000	9078
68000	6962
69000	7038
70000	6076
71000	2968
72000	2666
73000	1168
74000	3402
75000	3498
76000	2748
77000	-646
78000	-462
79000	666
80000	-588
81000	-2506
82000	-1194
83000	470
84000	904
85000	-1214
86000	-1598
87000	-1794
88000	-156
89000	278
90000	-1396
91000	-250
92000	-924
93000	798
94000	1100
95000	582
96000	1616
97000	2288
98000	3912
99000	3530
100000	2032
101000	1938
102000	2394
103000	2378
104000	6028
105000	5460
106000	6444
107000	7122
108000	7398
109000	4338
110000	4726
111000	3378
112000	3076
113000	466
114000	16
115000	1918
116000	1586
117000	1734
118000	2744
119000	2558
120000	1510
121000	3684
122000	3292
123000	1460
124000	1208
125000	-746
126000	-1148
127000	194
128000	172
129000	-1382
130000	-2354
131000	-4008
132000	-2816
133000	-1978
134000	-1066
135000	22
136000	580
137000	1350
138000	434
139000	664
140000	1534
141000	914
142000	102
143000	1590
144000	2386
145000	3516
146000	2896
147000	4262
148000	8448
149000	9496
150000	10180
151000	11552
152000	11530
153000	9744
154000	9970
155000	8612
156000	6292
157000	7446
158000	5520
159000	6778
160000	8512
161000	7520
162000	8300
163000	7902
164000	6376
165000	4928
166000	3574
167000	2780
168000	3780
169000	5638
170000	7506
171000	8526
172000	8978
173000	8178
174000	8854
175000	8084
176000	6748
177000	7442
178000	7850
179000	7720
180000	9808
181000	10420
182000	9842
183000	8304
184000	8556
185000	8468
186000	6986
187000	7972
188000	9252
189000	8774
190000	6530
191000	5914
192000	5520
193000	4962
194000	6206
195000	4714
196000	5906
197000	6536
198000	5402
199000	4344
200000	3126
201000	3380
202000	3462
203000	3188
204000	5550
205000	5614
206000	5586
207000	5322
208000	5038
209000	4514
210000	3894
211000	5114
212000	3696
213000	3922
214000	3396
215000	1804
216000	2986
217000	3500
218000	3962
219000	3568
220000	1140
221000	2580
222000	2278
223000	3212
224000	4526
225000	4466
226000	2164
227000	1438
228000	2432
229000	1492
230000	2344
231000	2468
232000	3314
233000	4318
234000	3576
235000	4384
236000	4808
237000	4004
238000	4182
239000	4682
240000	4790
241000	5678
242000	6706
243000	8546
244000	9330
245000	8218
246000	6998
247000	8178
248000	6684
249000	7032
250000	8078
251000	6302
252000	5340
253000	4240
254000	3924
255000	3362
256000	1674
257000	3014
258000	1880
259000	2430
260000	1654
261000	-540
262000	664
263000	2222
264000	504
265000	958
266000	714
267000	4444
268000	2680
269000	3406
270000	2304
271000	-334
272000	1770
273000	2270
274000	4028
275000	2240
276000	438
277000	1624
278000	796
279000	932
280000	1558
281000	1086
282000	526
283000	-302
284000	-1740
285000	-3164
286000	-4024
287000	-4086
288000	-5548
289000	-6542
290000	-6418
291000	-7006
292000	-5670
293000	-4340
294000	-4318
295000	-4966
296000	-3992
297000	-4954
298000	-5606
299000	-2944
300000	-3688
301000	-3066
302000	-3202
303000	-4918
304000	-5896
305000	-5762
306000	-7042
307000	-8342
308000	-7906
309000	-9112
310000	-9454
311000	-8720
312000	-7296
313000	-5974
314000	-4872
315000	-3024
316000	-2400
317000	-5480
318000	-4644
319000	-4942
320000	-5538
321000	-4798
322000	-3436
323000	-2520
324000	-3398
325000	-4166
326000	-4312
327000	-4516
328000	-5644
329000	-6976
330000	-5574
331000	-2972
332000	-4098
333000	-3586
334000	-5790
335000	-6364
336000	-6030
337000	-5222
338000	-4646
339000	-2378
340000	266
341000	1180
342000	1222
343000	-782
344000	-2824
345000	-2480
346000	-1180
347000	-2410
348000	-4206
349000	-2550
350000	-1272
351000	510
352000	1974
353000	1788
354000	2212
355000	1082
356000	1776
357000	3064
358000	2882
359000	4438
360000	4464
361000	4626
362000	3046
363000	4074
364000	2570
365000	2864
366000	4206
367000	3886
368000	4138
369000	5506
370000	4780
371000	1860
372000	2888
373000	3154
374000	2006
375000	1058
376000	1356
377000	1562
378000	1680
379000	2146
380000	4578
381000	2310
382000	2856
383000	2608
384000	3850
385000	3766
386000	4246
387000	4244
388000	4946
389000	5354
390000	6260
391000	5158
392000	5888
393000	6638
394000	7292
395000	5864
396000	5218
397000	4824
398000	6398
399000	7290
400000	6284
401000	9538
402000	8388
403000	9708
404000	11816
405000	10838
406000	8868
407000	8708
408000	7506
409000	7990
410000	6708
411000	8186
412000	5132
413000	2430
414000	790
415000	716
416000	1870
417000	726
418000	-446
419000	-138
420000	324
421000	1206
422000	-1008
423000	-1892
424000	-2374
425000	-1704
426000	1278
427000	1522
428000	1044
429000	1636
430000	2430
431000	804
432000	-354
433000	-2484
434000	-1234
435000	54
436000	-434
437000	372
438000	-514
439000	892
440000	314
441000	-1346
442000	-1266
443000	-2404
444000	-218
445000	-1902
446000	-1980
447000	-3464
448000	-2390
449000	-1896
450000	-1448
451000	-822
452000	-448
453000	-1638
454000	-1762
455000	-2008
456000	-2114
457000	-1226
458000	-2404
459000	-1164
460000	112
461000	-960
462000	-1424
463000	-2844
464000	-3252
465000	-4454
466000	-3340
467000	-2222
468000	-2334
469000	-2224
470000	-300
471000	-644
472000	-340
473000	346
474000	312
475000	1650
476000	-992
477000	-538
478000	-1574
479000	-3168
480000	-478
481000	-2482
482000	-4104
483000	-3626
484000	-3906
485000	-3432
486000	-3514
487000	-4364
488000	-4206
489000	-5222
490000	-6434
491000	-5688
492000	-6308
493000	-6390
494000	-5096
495000	-6214
496000	-8620
497000	-8078
498000	-9768
499000	-10138
500000	-10518
501000	-10378
502000	-9654
503000	-8198
504000	-8858
505000	-7496
506000	-8466
507000	-8032
508000	-5680
509000	-7820
510000	-8556
511000	-9650
512000	-9460
513000	-10244
514000	-10886
515000	-10696
516000	-10910
517000	-10942
518000	-10540
519000	-10402
520000	-9176
521000	-8246
522000	-9746
523000	-10230
524000	-11850
525000	-11870
526000	-11436
527000	-11420
528000	-9110
529000	-8828
530000	-8718
531000	-10440
532000	-11488
533000	-11728
534000	-9162
535000	-9520
536000	-9770
537000	-10956
538000	-10530
539000	-11000
540000	-10716
541000	-10906
542000	-12060
543000	-14066
544000	-14758
545000	-16176
546000	-15838
547000	-17258
548000	-17898
549000	-15454
550000	-15574
551000	-14646
552000	-14982
553000	-15394
554000	-15554
555000	-16006
556000	-15044
557000	-15216
558000	-15226
559000	-15092
560000	-14450
561000	-13900
562000	-14962
563000	-13724
564000	-13428
565000	-12914
566000	-13590
567000	-14278
568000	-14450
569000	-14024
570000	-15254
571000	-15404
572000	-15838
573000	-14046
574000	-12962
575000	-10876
576000	-12304
577000	-13904
578000	-13624
579000	-13982
580000	-12698
581000	-11494
582000	-13058
583000	-12420
584000	-13716
585000	-12992
586000	-12962
587000	-12772
588000	-12600
589000	-13338
590000	-11488
591000	-10942
592000	-10910
593000	-11614
594000	-12502
595000	-12362
596000	-11376
597000	-12158
598000	-11906
599000	-12656
600000	-10506
601000	-10774
602000	-11090
603000	-8874
604000	-10364
605000	-8826
606000	-10192
607000	-12614
608000	-11916
609000	-12658
610000	-10966
611000	-9138
612000	-9634
613000	-10226
614000	-11396
615000	-11708
616000	-10426
617000	-11544
618000	-10926
619000	-13140
620000	-13684
621000	-12852
622000	-13108
623000	-12760
624000	-10878
625000	-11288
626000	-11092
627000	-12006
628000	-10454
629000	-10708
630000	-12260
631000	-9396
632000	-7550
633000	-5928
634000	-4056
635000	-5772
636000	-7100
637000	-6802
638000	-7624
639000	-7818
640000	-8228
641000	-7142
642000	-4336
643000	-3142
644000	-1308
645000	-530
646000	810
647000	964
648000	-706
649000	1264
650000	-522
651000	-4084
652000	-3886
653000	-4524
654000	-4186
655000	-3810
656000	-3408
657000	-1946
658000	-2914
659000	-4204
660000	-4484
661000	-3752
662000	-3014
663000	-3034
664000	-3346
665000	-3176
666000	-4030
667000	-3792
668000	-4438
669000	-4116
670000	-2074
671000	-1478
672000	-100
673000	562
674000	1652
675000	2792
676000	1278
677000	2940
678000	3302
679000	822
680000	2064
681000	-472
682000	162
683000	-602
684000	-1810
685000	386
686000	1492
687000	3128
688000	1894
689000	2710
690000	3676
691000	1750
692000	2146
693000	60
694000	1300
695000	96
696000	190
697000	-680
698000	-1250
699000	-1420
700000	-38
701000	-344
702000	776
703000	1692
704000	1018
705000	-458
706000	-306
707000	2230
708000	3906
709000	6388
710000	5810
711000	6446
712000	7386
713000	6798
714000	7472
715000	6012
716000	4634
717000	5670
718000	5798
719000	3964
720000	5646
721000	4796
722000	3514
723000	2496
724000	1720
725000	3160
726000	2658
727000	2300
728000	1574
729000	3770
730000	4618
731000	3758
732000	2578
733000	1686
734000	2340
735000	3424
736000	2474
737000	4288
738000	5018
739000	994
740000	-616
741000	-1230
742000	-1848
743000	-2798
744000	-3396
745000	-4210
746000	-5568
747000	-5764
748000	-5820
749000	-5518
750000	-5096
751000	-7642
752000	-8090
753000	-8166
754000	-8778
755000	-7766
756000	-5072
757000	-5740
758000	-6084
759000	-7478
760000	-6938
761000	-8824
762000	-8660
763000	-7774
764000	-10532
765000	-12540
766000	-12084
767000	-12172
768000	-12526
769000	-13856
770000	-14312
771000	-13474
772000	-13568
773000	-13294
774000	-11604
775000	-13048
776000	-11324
777000	-10808
778000	-9130
779000	-8850
780000	-8288
781000	-9610
782000	-9152
783000	-7628
784000	-10236
785000	-10412
786000	-9890
787000	-9800
788000	-9634
789000	-8064
790000	-10106
791000	-9322
792000	-10014
793000	-12742
794000	-11604
795000	-9358
796000	-9700
797000	-10264
798000	-9322
799000	-10802
800000	-9860
801000	-10406
802000	-9376
803000	-7810
804000	-7224
805000	-5444
806000	-4948
807000	-3858
808000	-3646
809000	-4760
810000	-4972
811000	-6822
812000	-6532
813000	-8040
814000	-7200
815000	-6966
816000	-8446
817000	-7558
818000	-5854
819000	-4840
820000	-4490
821000	-4632
822000	-5830
823000	-4344
824000	-6788
825000	-6692
826000	-8020
827000	-8122
828000	-8308
829000	-7814
830000	-8942
831000	-8992
832000	-11316
833000	-11178
834000	-10406
835000	-9740
836000	-9686
837000	-9270
838000	-8660
839000	-9170
840000	-11106
841000	-14182
842000	-15682
843000	-16938
844000	-16764
845000	-16996
846000	-18156
847000	-20214
848000	-18548
849000	-18868
850000	-19884
851000	-20604
852000	-20818
853000	-22362
854000	-22154
855000	-22374
856000	-21896
857000	-22102
858000	-19174
859000	-19040
860000	-20424
861000	-21838
862000	-21434
863000	-21018
864000	-20358
865000	-18062
866000	-19946
867000	-19780
868000	-18710
869000	-18232
870000	-18766
871000	-18490
872000	-17690
873000	-15854
874000	-14746
875000	-14362
876000	-14546
877000	-15596
878000	-15044
879000	-14828
880000	-12370
881000	-11864
882000	-10286
883000	-10352
884000	-10210
885000	-8576
886000	-5052
887000	-3008
888000	-1520
889000	-3596
890000	-3560
891000	-5700
892000	-5180
893000	-6394
894000	-7890
895000	-7690
896000	-5760
897000	-3936
898000	-4188
899000	-3678
900000	-5214
901000	-6086
902000	-3494
903000	-2322
904000	-86
905000	-1586
906000	-782
907000	-1808
908000	-1104
909000	-358
910000	-230
911000	-280
912000	1508
913000	1392
914000	1854
915000	2542
916000	4484
917000	5324
918000	6404
919000	5534
920000	6282
921000	4404
922000	5636
923000	6930
924000	6776
925000	4588
926000	4356
927000	5030
928000	6920
929000	6244
930000	6220
931000	7906
932000	8012
933000	9786
934000	8774
935000	7042
936000	7260
937000	5248
938000	5080
939000	5144
940000	4782
941000	4210
942000	2826
943000	3964
944000	2596
945000	2388
946000	1904
947000	1400
948000	3238
949000	3938
950000	2928
951000	2872
952000	1196
953000	448
954000	-1086
955000	-1450
956000	-1838
957000	-2588
958000	334
959000	166
960000	292
961000	594
962000	2810
963000	2266
964000	3698
965000	3742
966000	2844
967000	4330
968000	5206
969000	4104
970000	3356
971000	3852
972000	2926
973000	4398
974000	4854
975000	6114
976000	5300
977000	6186
978000	5260
979000	5922
980000	4442
981000	3826
982000	2456
983000	1120
984000	1902
985000	2062
986000	-580
987000	-840
988000	-706
989000	-930
990000	992
991000	-778
992000	-1152
993000	-890
994000	-82
995000	-244
996000	450
997000	-246
998000	-2950
999000	-2756
