0	194
1000	1668
2000	568
3000	-884
4000	-500
5000	830
6000	3322
7000	4438
8000	4286
9000	4336
10000	5402
11000	5782
12000	6132
13000	6116
14000	7392
15000	8082
16000	8028
17000	8852
18000	9794
19000	10578
20000	11348
21000	11502
22000	12122
23000	11556
24000	11164
25000	11812
26000	12986
27000	12388
28000	12706
29000	12758
30000	11632
31000	11098
32000	10496
33000	10914
34000	9778
35000	10592
36000	10964
37000	11166
38000	10988
39000	11410
40000	12128
41000	11578
42000	10494
43000	9264
44000	9564
45000	9524
46000	9068
47000	9140
48000	9618
49000	9832
50000	10010
51000	10366
52000	10734
53000	8838
54000	10176
55000	10384
56000	11412
57000	10928
58000	10520
59000	9514
60000	9428
61000	9532
62000	9752
63000	9806
64000	9836
65000	9028
66000	8362
67000	8894
68000	8904
69000	8164
70000	7972
71000	8530
72000	9732
73000	8648
74000	9248
75000	9574
76000	10002
77000	11122
78000	11290
79000	11266
80000	10766
81000	10630
82000	11392
83000	11590
84000	11770
85000	12034
86000	12186
87000	11920
88000	12988
89000	11896
90000	12540
91000	12328
92000	12282
93000	12546
94000	13480
95000	12706
96000	12208
97000	13440
98000	13962
99000	13780
100000	13546
101000	13464
102000	14414
103000	14352
104000	14492
105000	14468
106000	15544
107000	15092
108000	14580
109000	14696
110000	14576
111000	13216
112000	13172
113000	13560
114000	14150
115000	15248
116000	15412
117000	16350
118000	15094
119000	14756
120000	14948
121000	15300
122000	14042
123000	14282
124000	14404
125000	14844
126000	15812
127000	15950
128000	15898
129000	16286
130000	15548
131000	15696
132000	16060
133000	17078
134000	16986
135000	17242
136000	16644
137000	16006
138000	16408
139000	15972
140000	16090
141000	16814
142000	17674
143000	17282
144000	16232
145000	16860
146000	16096
147000	16962
148000	17158
149000	15624
150000	16336
151000	16258
152000	16292
153000	16320
154000	16136
155000	17688
156000	17442
157000	17464
158000	17630
159000	18548
160000	18838
161000	18264
162000	17818
163000	17518
164000	17876
165000	17826
166000	16488
167000	16942
168000	16788
169000	17562
170000	17492
171000	17158
172000	17324
173000	18280
174000	18028
175000	17542
176000	17280
177000	17494
178000	17324
179000	17842
180000	17404
181000	18518
182000	18728
183000	19120
184000	19094
185000	18258
186000	18864
187000	18594
188000	19002
189000	20098
190000	21084
191000	20784
192000	21090
193000	20600
194000	21118
195000	20844
196000	21150
197000	20820
198000	20282
199000	20054
200000	19786
201000	19882
202000	19972
203000	19284
204000	18902
205000	18834
206000	18830
207000	18008
208000	18250
209000	17578
210000	17970
211000	17850
212000	18054
213000	18210
214000	18500
215000	18944
216000	18814
217000	18464
218000	18390
219000	18194
220000	19056
221000	19410
222000	18958
223000	19722
224000	19636
225000	18942
226000	18212
227000	17786
228000	17316
229000	16894
230000	17052
231000	17372
232000	17940
233000	18652
234000	18450
235000	18168
236000	18160
237000	17754
238000	17532
239000	17168
240000	16492
241000	16882
242000	17084
243000	17998
244000	17838
245000	17776
246000	18620
247000	17446
248000	16362
249000	17100
250000	17082
251000	16856
252000	17340
253000	17244
254000	17508
255000	16866
256000	17898
257000	17582
258000	18380
259000	18844
260000	19856
261000	20574
262000	20156
263000	20838
264000	21080
265000	21022
266000	21186
267000	21330
268000	21176
269000	22284
270000	21634
271000	22118
272000	22272
273000	22268
274000	21962
275000	21736
276000	21534
277000	21244
278000	21600
279000	21628
280000	21972
281000	21484
282000	20398
283000	20544
284000	20172
285000	19872
286000	20262
287000	19784
288000	19650
289000	20350
290000	21408
291000	21270
292000	21084
293000	20636
294000	20122
295000	19960
296000	20044
297000	20876
298000	20942
299000	21046
300000	21528
301000	22318
302000	22188
303000	21674
304000	22012
305000	21694
306000	21936
307000	21510
308000	22284
309000	23192
310000	23252
311000	23266
312000	22980
313000	22872
314000	22658
315000	22542
316000	22452
317000	22672
318000	22674
319000	22626
320000	23072
321000	23660
322000	23910
323000	24246
324000	24630
325000	25342
326000	24762
327000	24510
328000	24376
329000	25008
330000	25582
331000	25924
332000	26170
333000	25590
334000	25578
335000	25654
336000	25470
337000	25018
338000	24968
339000	24846
340000	24820
341000	24128
342000	24288
343000	24554
344000	24278
345000	24190
346000	24544
347000	24834
348000	24540
349000	25236
350000	25412
351000	25126
352000	25006
353000	25830
354000	26126
355000	26784
356000	26644
357000	26774
358000	27526
359000	26790
360000	27772
361000	27190
362000	27460
363000	27356
364000	27088
365000	28368
366000	29012
367000	29400
368000	29072
369000	28664
370000	29564
371000	28860
372000	28648
373000	28466
374000	27612
375000	28090
376000	28024
377000	28694
378000	27664
379000	27084
380000	27608
381000	28228
382000	27828
383000	28446
384000	28800
385000	28216
386000	29250
387000	29724
388000	29318
389000	28932
390000	29002
391000	29226
392000	29386
393000	28794
394000	29590
395000	30390
396000	30844
397000	30808
398000	31752
399000	31390
400000	30912
401000	31168
402000	30214
403000	30386
404000	30690
405000	30560
406000	30718
407000	30848
408000	30474
409000	30710
410000	31418
411000	31826
412000	31702
413000	31472
414000	32188
415000	30848
416000	31146
417000	30968
418000	30860
419000	31338
420000	31442
421000	31460
422000	31644
423000	31966
424000	32054
425000	31552
426000	31172
427000	31384
428000	30780
429000	30702
430000	31114
431000	31022
432000	31274
433000	32484
434000	33136
435000	32458
436000	32254
437000	32362
438000	32750
439000	33322
440000	33280
441000	33064
442000	33180
443000	33420
444000	33404
445000	32834
446000	32734
447000	32398
448000	33038
449000	33536
450000	32708
451000	32886
452000	33584
453000	33232
454000	33656
455000	33976
456000	33648
457000	34156
458000	34868
459000	34896
460000	35846
461000	35292
462000	35998
463000	35910
464000	36270
465000	36156
466000	36362
467000	36034
468000	35962
469000	35850
470000	35910
471000	36024
472000	35910
473000	36232
474000	36068
475000	36954
476000	36304
477000	36368
478000	36684
479000	36912
480000	37260
481000	36804
482000	36850
483000	36668
484000	37396
485000	37486
486000	38018
487000	37440
488000	37316
489000	37614
490000	37534
491000	37808
492000	37674
493000	37880
494000	37802
495000	37912
496000	37726
497000	36920
498000	36812
499000	36940
500000	37126
501000	37836
502000	37842
503000	37834
504000	38018
505000	38706
506000	38996
507000	38776
508000	39016
509000	39172
510000	38528
511000	38356
512000	38400
513000	39098
514000	38632
515000	38600
516000	38758
517000	38428
518000	38748
519000	39458
520000	38816
521000	38942
522000	38446
523000	39106
524000	39228
525000	39910
526000	40156
527000	40348
528000	40348
529000	39616
530000	39718
531000	39662
532000	40016
533000	39644
534000	39858
535000	39420
536000	40020
537000	39742
538000	40170
539000	40844
540000	41310
541000	40616
542000	41334
543000	39952
544000	40354
545000	40466
546000	40340
547000	39552
548000	40440
549000	39836
550000	39990
551000	40424
552000	40130
553000	39764
554000	39878
555000	39612
556000	39340
557000	39434
558000	39438
559000	39584
560000	39724
561000	40194
562000	39718
563000	40014
564000	40016
565000	39492
566000	38870
567000	39400
568000	39450
569000	39746
570000	39862
571000	39852
572000	40328
573000	40402
574000	39962
575000	40840
576000	41022
577000	41266
578000	41074
579000	40802
580000	41368
581000	41850
582000	42562
583000	41972
584000	41824
585000	40420
586000	40812
587000	41200
588000	41662
589000	41418
590000	41832
591000	42076
592000	42134
593000	41658
594000	42600
595000	43128
596000	43218
597000	43080
598000	43392
599000	43416
600000	44112
601000	44242
602000	43678
603000	43734
604000	43580
605000	43264
606000	43372
607000	43578
608000	43310
609000	44050
610000	43500
611000	44428
612000	44362
613000	44542
614000	44516
615000	44782
616000	44168
617000	44816
618000	45258
619000	46218
620000	46210
621000	45742
622000	46686
623000	46842
624000	47184
625000	46522
626000	46504
627000	46196
628000	46504
629000	46452
630000	47148
631000	47472
632000	47360
633000	47682
634000	47650
635000	47592
636000	47854
637000	48094
638000	48426
639000	48318
640000	48050
641000	48050
642000	47502
643000	48010
644000	48694
645000	48092
646000	48146
647000	48560
648000	49404
649000	49190
650000	49584
651000	48778
652000	48528
653000	47784
654000	47802
655000	48092
656000	48242
657000	48986
658000	49034
659000	48676
660000	49256
661000	49544
662000	50430
663000	50932
664000	51186
665000	51722
666000	51758
667000	51810
668000	51624
669000	52042
670000	52004
671000	52270
672000	52798
673000	52538
674000	51924
675000	52100
676000	52312
677000	52114
678000	51856
679000	51762
680000	52170
681000	52662
682000	52546
683000	52164
684000	53070
685000	51992
686000	51896
687000	52308
688000	52268
689000	52054
690000	51680
691000	51776
692000	52258
693000	52034
694000	52186
695000	50868
696000	51652
697000	51338
698000	51922
699000	52482
700000	52742
701000	52538
702000	51784
703000	50668
704000	51166
705000	51700
706000	51488
707000	51576
708000	51188
709000	51644
710000	52076
711000	53116
712000	53172
713000	53492
714000	53184
715000	53616
716000	54086
717000	54496
718000	53176
719000	54150
720000	54288
721000	54468
722000	54804
723000	54580
724000	54318
725000	53764
726000	53286
727000	53280
728000	52922
729000	52866
730000	53240
731000	53106
732000	53878
733000	53736
734000	54068
735000	54176
736000	53720
737000	53306
738000	52970
739000	53384
740000	53982
741000	52844
742000	52594
743000	52870
744000	54086
745000	54006
746000	53712
747000	54272
748000	54070
749000	54040
750000	54410
751000	54486
752000	54026
753000	53962
754000	54334
755000	53956
756000	54394
757000	54706
758000	55264
759000	54600
760000	55380
761000	55180
762000	55896
763000	56616
764000	56534
765000	56634
766000	56050
767000	55780
768000	56426
769000	57220
770000	57490
771000	57402
772000	57220
773000	57654
774000	57960
775000	57704
776000	58044
777000	57702
778000	57462
779000	57670
780000	58158
781000	58912
782000	59116
783000	58928
784000	59112
785000	59390
786000	59016
787000	59620
788000	59908
789000	59122
790000	59024
791000	58664
792000	58872
793000	59298
794000	59998
795000	60464
796000	60054
797000	60196
798000	60084
799000	59612
800000	59876
801000	59956
802000	59606
803000	59592
804000	60234
805000	59638
806000	59646
807000	59752
808000	59648
809000	60064
810000	60976
811000	61748
812000	61626
813000	61866
814000	62164
815000	62234
816000	61354
817000	61558
818000	61144
819000	61136
820000	61196
821000	61196
822000	61398
823000	61676
824000	61606
825000	62120
826000	62132
827000	61316
828000	61148
829000	60868
830000	60788
831000	60194
832000	59668
833000	59056
834000	59274
835000	60010
836000	60034
837000	59714
838000	59896
839000	59446
840000	60118
841000	60574
842000	59534
843000	59790
844000	59922
845000	60252
846000	59722
847000	59430
848000	59722
849000	60304
850000	60600
851000	60554
852000	60376
853000	60238
854000	60228
855000	60072
856000	59982
857000	60090
858000	60532
859000	60186
860000	59880
861000	59956
862000	60182
863000	60266
864000	60204
865000	59860
866000	60544
867000	60440
868000	60090
869000	59920
870000	60176
871000	60638
872000	60982
873000	62304
874000	61676
875000	62244
876000	62070
877000	62632
878000	62692
879000	63344
880000	63232
881000	62582
882000	63058
883000	63490
884000	63250
885000	63914
886000	63822
887000	63852
888000	64188
889000	63758
890000	63232
891000	63414
892000	64198
893000	64750
894000	65128
895000	65212
896000	64892
897000	65064
898000	64652
899000	64400
900000	64184
901000	64136
902000	64092
903000	64026
904000	63336
905000	63208
906000	63304
907000	63700
908000	63994
909000	63596
910000	63650
911000	63594
912000	64172
913000	64590
914000	63824
915000	63294
916000	63730
917000	63614
918000	64098
919000	64336
920000	64274
921000	65300
922000	65420
923000	64968
924000	64652
925000	65086
926000	64852
927000	65132
928000	65750
929000	65130
930000	65218
931000	64994
932000	65410
933000	65636
934000	66270
935000	66022
936000	66442
937000	66146
938000	66012
939000	65800
940000	66134
941000	65674
942000	66192
943000	66348
944000	66114
945000	66096
946000	66318
947000	65266
948000	65210
949000	65422
950000	64920
951000	64850
952000	64442
953000	64670
954000	63942
955000	64228
956000	63638
957000	63438
958000	64486
959000	64748
960000	64930
961000	64806
962000	64770
963000	64768
964000	64880
965000	64566
966000	64652
967000	64648
968000	65088
969000	65188
970000	65074
971000	65816
972000	64922
973000	64066
974000	64398
975000	64732
976000	64636
977000	64434
978000	64418
979000	64496
980000	64446
981000	64274
982000	64488
983000	64810
984000	64060
985000	64518
986000	64904
987000	64458
988000	64472
989000	64946
990000	65076
991000	64788
992000	64504
993000	65372
994000	65196
995000	65454
996000	65542
997000	65382
998000	65650
999000	65146
