0	262
1000	-134
2000	-696
3000	-702
4000	-1698
5000	-1740
6000	-1566
7000	-912
8000	690
9000	1464
10000	1904
11000	3848
12000	3952
13000	5524
14000	5896
15000	5826
16000	6582
17000	5572
18000	6160
19000	6112
20000	6192
21000	6162
22000	7768
23000	6750
24000	6728
25000	6966
26000	6590
27000	6494
28000	6704
29000	6156
30000	6422
31000	6192
32000	7618
33000	7248
34000	6366
35000	6520
36000	6418
37000	7118
38000	7368
39000	8016
40000	7932
41000	7692
42000	8136
43000	8024
44000	8698
45000	8884
46000	9136
47000	9020
48000	9088
49000	9456
50000	9782
51000	9394
52000	9446
53000	9388
54000	9676
55000	9416
56000	9340
57000	9586
58000	9974
59000	9524
60000	9768
61000	10256
62000	11476
63000	11524
64000	10950
65000	10818
66000	11092
67000	11662
68000	11744
69000	11250
70000	10630
71000	10980
72000	10986
73000	11998
74000	11652
75000	11858
76000	12434
77000	12082
78000	12192
79000	12150
80000	12570
81000	13026
82000	12654
83000	12266
84000	12204
85000	12672
86000	12924
87000	12876
88000	13410
89000	14352
90000	14978
91000	15410
92000	15446
93000	15938
94000	15986
95000	15906
96000	15084
97000	14490
98000	14452
99000	14286
100000	14746
101000	14564
102000	15552
103000	15164
104000	15502
105000	15980
106000	16042
107000	16422
108000	16850
109000	16870
110000	16802
111000	17320
112000	16500
113000	15988
114000	16338
115000	15986
116000	15804
117000	15704
118000	15814
119000	16226
120000	16836
121000	16228
122000	15352
123000	15166
124000	15024
125000	14932
126000	14776
127000	15450
128000	15698
129000	15906
130000	16142
131000	16112
132000	16082
133000	15822
134000	16196
135000	16348
136000	16236
137000	16974
138000	16240
139000	15924
140000	16368
141000	16700
142000	16584
143000	16334
144000	15860
145000	16612
146000	16118
147000	15662
148000	16120
149000	16750
150000	16194
151000	16640
152000	16908
153000	16962
154000	17096
155000	17414
156000	17016
157000	16458
158000	15848
159000	15562
160000	16032
161000	16294
162000	16028
163000	15042
164000	14892
165000	14974
166000	15464
167000	15580
168000	15102
169000	14976
170000	14938
171000	15682
172000	15112
173000	15180
174000	14760
175000	14756
176000	14476
177000	15020
178000	15588
179000	15272
180000	15230
181000	15236
182000	15746
183000	15820
184000	16120
185000	16574
186000	16178
187000	16622
188000	16292
189000	16762
190000	16686
191000	16720
192000	16818
193000	16522
194000	17638
195000	17600
196000	17460
197000	17266
198000	17184
199000	17282
200000	17050
201000	16586
202000	16360
203000	16132
204000	16390
205000	16638
206000	16634
207000	16994
208000	17334
209000	17634
210000	18090
211000	18568
212000	18574
213000	18410
214000	19096
215000	19594
216000	19776
217000	19662
218000	20444
219000	19770
220000	19976
221000	19932
222000	19680
223000	19654
224000	19464
225000	19174
226000	19274
227000	19538
228000	19734
229000	19578
230000	20062
231000	19946
232000	20328
233000	21182
234000	21422
235000	21986
236000	21654
237000	21460
238000	21106
239000	22046
240000	21790
241000	22118
242000	22778
243000	22402
244000	22348
245000	22172
246000	21330
247000	20770
248000	20962
249000	20960
250000	20294
251000	19604
252000	19804
253000	19830
254000	19286
255000	19586
256000	18972
257000	19192
258000	19400
259000	19174
260000	19484
261000	19888
262000	21192
263000	21736
264000	21558
265000	20834
266000	21040
267000	20558
268000	21312
269000	21000
270000	20764
271000	20772
272000	21106
273000	21490
274000	22186
275000	22574
276000	22478
277000	21796
278000	21822
279000	21660
280000	22090
281000	22420
282000	22526
283000	22972
284000	23300
285000	23848
286000	23512
287000	23372
288000	23866
289000	23698
290000	23398
291000	23352
292000	23342
293000	23190
294000	22866
295000	22462
296000	22622
297000	22642
298000	22966
299000	22884
300000	22724
301000	22912
302000	22264
303000	22146
304000	22684
305000	22412
306000	23768
307000	23328
308000	23398
309000	23408
310000	23454
311000	22982
312000	23226
313000	23212
314000	23554
315000	23330
316000	22916
317000	22980
318000	23412
319000	23100
320000	22720
321000	23564
322000	23628
323000	23526
324000	24162
325000	24762
326000	24502
327000	24956
328000	25008
329000	25442
330000	25514
331000	26228
332000	26492
333000	26814
334000	27722
335000	27622
336000	27838
337000	27574
338000	26852
339000	26864
340000	25862
341000	26244
342000	26916
343000	26788
344000	26552
345000	26324
346000	25866
347000	25840
348000	26014
349000	26088
350000	26698
351000	26404
352000	26760
353000	26438
354000	27024
355000	27248
356000	27310
357000	27658
358000	27586
359000	27964
360000	27294
361000	27416
362000	27946
363000	28360
364000	28450
365000	28294
366000	28502
367000	28248
368000	28520
369000	29012
370000	29934
371000	29888
372000	30336
373000	30184
374000	30172
375000	30162
376000	30642
377000	30612
378000	30874
379000	31098
380000	31426
381000	31328
382000	31208
383000	30874
384000	31022
385000	31324
386000	32258
387000	32130
388000	32104
389000	31560
390000	31734
391000	31424
392000	31944
393000	31270
394000	31376
395000	31256
396000	31822
397000	31834
398000	32214
399000	32480
400000	32626
401000	33238
402000	32564
403000	32688
404000	33340
405000	33342
406000	33936
407000	33836
408000	34312
409000	34844
410000	34906
411000	35094
412000	35154
413000	34616
414000	34570
415000	35076
416000	34478
417000	34980
418000	35414
419000	35410
420000	35726
421000	35388
422000	35636
423000	36016
424000	35944
425000	36322
426000	36548
427000	36842
428000	36918
429000	37128
430000	37182
431000	37400
432000	36742
433000	36844
434000	36622
435000	36886
436000	37030
437000	37136
438000	37110
439000	37896
440000	37914
441000	37818
442000	36964
443000	37862
444000	37892
445000	38026
446000	37786
447000	38120
448000	38670
449000	38288
450000	38626
451000	39162
452000	38878
453000	39874
454000	39510
455000	39502
456000	39160
457000	39084
458000	39470
459000	39154
460000	38958
461000	39424
462000	40002
463000	39928
464000	39780
465000	39252
466000	39650
467000	39828
468000	39572
469000	39442
470000	39754
471000	40162
472000	40692
473000	40952
474000	40998
475000	40320
476000	40170
477000	40112
478000	39914
479000	40066
480000	40026
481000	40200
482000	40204
483000	40642
484000	40310
485000	40732
486000	40576
487000	40780
488000	40806
489000	40994
490000	41500
491000	41706
492000	41942
493000	41818
494000	42092
495000	41722
496000	41352
497000	41486
498000	41218
499000	41654
500000	41804
501000	41616
502000	42068
503000	42412
504000	42556
505000	42266
506000	42498
507000	42612
508000	42770
509000	42824
510000	42916
511000	42706
512000	43012
513000	42774
514000	42984
515000	43330
516000	43586
517000	43614
518000	44080
519000	44100
520000	43822
521000	43418
522000	43966
523000	44130
524000	44550
525000	44136
526000	44478
527000	44212
528000	44958
529000	45342
530000	45722
531000	46016
532000	46090
533000	46532
534000	47088
535000	47120
536000	47336
537000	47368
538000	47960
539000	47940
540000	47850
541000	47448
542000	47602
543000	47504
544000	47588
545000	47198
546000	47448
547000	47320
548000	47620
549000	47364
550000	47732
551000	47994
552000	47454
553000	47842
554000	48500
555000	48400
556000	48684
557000	48438
558000	48212
559000	48486
560000	48096
561000	48082
562000	48678
563000	48672
564000	48204
565000	48362
566000	48448
567000	47988
568000	47922
569000	47646
570000	46976
571000	47484
572000	47334
573000	47558
574000	47468
575000	47892
576000	47646
577000	47956
578000	47896
579000	48174
580000	47956
581000	48378
582000	48046
583000	48426
584000	48066
585000	48488
586000	48094
587000	48464
588000	48620
589000	48520
590000	48528
591000	49080
592000	48644
593000	48956
594000	48664
595000	48574
596000	48566
597000	49004
598000	49138
599000	49272
600000	49010
601000	49374
602000	49358
603000	48800
604000	49118
605000	48938
606000	48868
607000	48598
608000	48786
609000	48632
610000	48424
611000	48520
612000	48874
613000	48872
614000	49450
615000	48784
616000	48692
617000	49128
618000	49124
619000	49354
620000	49222
621000	49064
622000	49498
623000	49614
624000	49728
625000	49202
626000	49436
627000	49902
628000	50116
629000	50734
630000	51012
631000	51214
632000	51178
633000	50854
634000	51706
635000	51840
636000	52166
637000	52346
638000	51516
639000	51508
640000	51920
641000	52116
642000	51950
643000	52206
644000	52290
645000	51836
646000	52402
647000	51966
648000	52126
649000	52044
650000	52134
651000	52288
652000	52272
653000	52552
654000	52506
655000	52508
656000	51816
657000	52380
658000	52814
659000	52528
660000	52838
661000	53244
662000	53588
663000	53474
664000	53148
665000	53814
666000	54116
667000	54058
668000	53866
669000	54118
670000	54014
671000	53778
672000	53646
673000	53922
674000	53694
675000	54172
676000	54138
677000	54302
678000	54184
679000	54184
680000	54358
681000	54328
682000	54432
683000	55040
684000	55274
685000	55278
686000	55602
687000	55970
688000	55832
689000	55378
690000	55720
691000	56044
692000	56168
693000	55908
694000	55774
695000	56276
696000	56242
697000	56626
698000	56792
699000	57220
700000	56862
701000	56682
702000	56746
703000	56282
704000	56016
705000	55290
706000	55248
707000	56032
708000	56648
709000	57064
710000	57128
711000	57254
712000	57420
713000	56996
714000	57494
715000	57352
716000	57444
717000	57212
718000	56924
719000	56506
720000	56126
721000	56504
722000	56238
723000	56712
724000	57072
725000	57290
726000	57282
727000	57454
728000	57428
729000	57352
730000	57204
731000	57580
732000	58116
733000	58322
734000	58500
735000	58394
736000	58496
737000	58662
738000	59342
739000	58804
740000	58840
741000	59228
742000	59002
743000	59450
744000	59480
745000	59364
746000	59576
747000	59380
748000	59588
749000	59416
750000	59188
751000	59446
752000	59230
753000	58900
754000	58838
755000	58538
756000	58954
757000	59012
758000	59380
759000	59546
760000	59474
761000	59898
762000	59794
763000	59538
764000	59996
765000	59912
766000	60106
767000	60208
768000	59724
769000	59790
770000	59774
771000	59564
772000	59946
773000	59996
774000	59826
775000	59564
776000	59504
777000	59186
778000	59240
779000	59004
780000	59028
781000	58184
782000	58304
783000	58606
784000	58690
785000	58544
786000	58698
787000	58466
788000	58848
789000	58868
790000	59182
791000	58630
792000	58800
793000	58734
794000	59450
795000	59534
796000	59272
797000	59054
798000	59030
799000	59002
800000	58154
801000	58180
802000	58646
803000	59090
804000	59342
805000	59710
806000	59820
807000	60080
808000	59906
809000	59996
810000	59988
811000	59784
812000	59744
813000	60258
814000	59772
815000	59650
816000	59432
817000	59712
818000	59490
819000	59262
820000	59360
821000	59604
822000	59746
823000	59838
824000	59904
825000	60042
826000	60070
827000	60166
828000	60378
829000	60414
830000	60894
831000	60840
832000	60804
833000	60564
834000	60312
835000	60306
836000	59974
837000	60184
838000	59762
839000	59428
840000	59042
841000	59318
842000	59568
843000	59204
844000	59326
845000	59394
846000	59722
847000	59822
848000	60630
849000	60564
850000	61090
851000	60728
852000	61414
853000	61258
854000	60938
855000	60662
856000	60876
857000	61422
858000	61490
859000	61604
860000	61934
861000	61760
862000	62178
863000	62266
864000	61974
865000	62112
866000	62086
867000	62200
868000	62020
869000	62248
870000	62518
871000	62838
872000	62220
873000	62338
874000	62134
875000	62758
876000	62398
877000	62200
878000	61860
879000	62070
880000	61674
881000	62080
882000	62310
883000	62238
884000	62404
885000	62672
886000	62778
887000	63166
888000	63678
889000	63646
890000	63482
891000	63444
892000	63136
893000	62874
894000	63102
895000	62848
896000	62664
897000	62806
898000	61936
899000	61568
900000	61856
901000	62548
902000	62714
903000	63024
904000	63330
905000	63420
906000	63558
907000	62878
908000	62910
909000	63402
910000	63454
911000	63540
912000	64042
913000	64146
914000	64258
915000	64604
916000	64658
917000	64700
918000	64166
919000	64114
920000	64432
921000	64598
922000	64628
923000	65060
924000	64832
925000	65108
926000	64954
927000	64790
928000	64898
929000	65232
930000	65786
931000	65390
932000	65688
933000	65484
934000	65922
935000	66192
936000	65950
937000	65542
938000	65080
939000	65180
940000	65050
941000	65302
942000	65678
943000	65832
944000	66496
945000	66868
946000	66310
947000	66232
948000	66164
949000	66600
950000	67188
951000	67348
952000	66850
953000	67262
954000	67524
955000	68106
956000	67966
957000	67746
958000	67660
959000	67652
960000	67600
961000	67470
962000	67664
963000	67342
964000	67500
965000	67428
966000	66916
967000	66938
968000	67328
969000	66482
970000	66636
971000	66746
972000	66866
973000	66686
974000	66600
975000	66718
976000	67358
977000	67566
978000	67384
979000	66580
980000	66280
981000	66066
982000	66136
983000	66320
984000	65940
985000	65888
986000	66262
987000	66556
988000	66234
989000	66334
990000	65488
991000	65548
992000	66404
993000	66202
994000	66476
995000	66700
996000	66640
997000	66816
998000	67032
999000	67230
