0	-974
1000	-324
2000	-1010
3000	-2124
4000	-3712
5000	-5224
6000	-5810
7000	-5504
8000	-5796
9000	-6132
10000	-6420
11000	-5866
12000	-5456
13000	-6088
14000	-5426
15000	-5326
16000	-5088
17000	-5786
18000	-6824
19000	-7168
20000	-6694
21000	-5802
22000	-6924
23000	-5618
24000	-6434
25000	-6122
26000	-5110
27000	-5772
28000	-5724
29000	-5192
30000	-4364
31000	-4410
32000	-2824
33000	-2814
34000	-3130
35000	-2366
36000	-2284
37000	-1536
38000	-890
39000	-1036
40000	-830
41000	-1868
42000	-1098
43000	-298
44000	256
45000	-30
46000	408
47000	360
48000	970
49000	1806
50000	1430
51000	1602
52000	1868
53000	1634
54000	420
55000	1292
56000	1164
57000	2644
58000	2298
59000	1656
60000	1592
61000	2142
62000	1144
63000	1062
64000	2816
65000	2436
66000	1838
67000	1764
68000	2570
69000	3520
70000	2568
71000	2942
72000	3762
73000	5080
74000	5434
75000	5188
76000	5072
77000	4994
78000	5834
79000	5058
80000	5720
81000	5848
82000	5444
83000	5112
84000	5340
85000	5376
86000	6086
87000	6364
88000	6910
89000	7050
90000	6460
91000	6810
92000	6034
93000	6706
94000	5862
95000	6824
96000	7212
97000	5672
98000	5814
99000	6948
100000	7762
101000	6998
102000	7846
103000	7732
104000	7642
105000	7456
106000	7506
107000	7816
108000	7720
109000	7862
110000	7996
111000	8354
112000	8122
113000	7798
114000	7622
115000	8104
116000	7702
117000	7164
118000	7600
119000	6990
120000	8140
121000	7838
122000	7862
123000	7338
124000	7566
125000	7680
126000	6820
127000	7606
128000	7048
129000	7078
130000	6544
131000	6440
132000	6624
133000	6334
134000	6356
135000	6838
136000	6766
137000	7352
138000	6758
139000	5906
140000	5914
141000	6072
142000	6398
143000	5648
144000	5706
145000	5698
146000	6066
147000	5422
148000	5118
149000	4788
150000	5084
151000	4976
152000	5412
153000	4814
154000	4886
155000	4628
156000	5356
157000	5222
158000	4684
159000	5152
160000	4922
161000	5214
162000	5244
163000	5332
164000	5066
165000	4552
166000	5504
167000	5668
168000	6414
169000	6704
170000	6838
171000	7832
172000	7614
173000	7986
174000	7050
175000	7600
176000	7896
177000	7926
178000	7378
179000	7338
180000	6890
181000	6922
182000	6922
183000	6510
184000	6698
185000	6108
186000	6294
187000	6002
188000	6684
189000	7260
190000	7108
191000	6310
192000	6778
193000	6782
194000	6510
195000	6952
196000	6920
197000	6948
198000	6880
199000	7306
200000	7474
201000	7160
202000	7434
203000	8354
204000	8654
205000	8006
206000	8816
207000	8926
208000	9268
209000	9292
210000	8862
211000	9798
212000	9708
213000	10614
214000	11128
215000	10148
216000	10716
217000	10478
218000	10878
219000	10356
220000	10450
221000	10380
222000	10984
223000	11488
224000	10998
225000	11832
226000	12478
227000	13294
228000	13236
229000	12884
230000	12966
231000	13092
232000	13400
233000	14028
234000	13778
235000	13250
236000	13490
237000	13728
238000	13468
239000	13468
240000	13406
241000	13560
242000	13502
243000	13154
244000	12676
245000	12278
246000	13080
247000	12730
248000	12674
249000	12046
250000	12140
251000	12326
252000	12486
253000	12836
254000	12308
255000	13246
256000	13412
257000	13168
258000	12116
259000	11768
260000	12306
261000	11756
262000	11372
263000	11694
264000	11364
265000	11082
266000	10814
267000	11208
268000	11194
269000	10720
270000	10836
271000	10392
272000	10640
273000	10010
274000	9166
275000	8900
276000	9424
277000	10404
278000	10184
279000	10092
280000	10100
281000	9718
282000	9410
283000	8994
284000	9484
285000	9072
286000	8788
287000	10012
288000	9650
289000	9416
290000	10300
291000	9874
292000	10576
293000	10290
294000	10280
295000	8752
296000	8250
297000	8300
298000	8604
299000	8894
300000	9138
301000	9192
302000	9296
303000	9044
304000	9360
305000	9708
306000	9940
307000	10098
308000	10644
309000	10886
310000	10546
311000	11710
312000	12140
313000	12150
314000	11552
315000	11066
316000	10496
317000	11196
318000	10846
319000	10778
320000	11142
321000	10626
322000	9948
323000	9782
324000	10188
325000	10626
326000	10900
327000	10130
328000	9892
329000	10402
330000	10460
331000	9894
332000	10350
333000	10558
334000	10312
335000	10066
336000	10354
337000	10116
338000	9206
339000	10144
340000	9790
341000	10412
342000	10722
343000	11468
344000	11486
345000	11220
346000	11102
347000	10924
348000	11360
349000	11718
350000	12348
351000	12398
352000	12460
353000	11994
354000	12436
355000	11286
356000	10842
357000	10664
358000	10564
359000	10174
360000	9920
361000	9812
362000	10226
363000	10734
364000	10776
365000	10394
366000	11018
367000	11346
368000	12226
369000	12266
370000	12208
371000	11596
372000	12156
373000	11884
374000	11356
375000	11496
376000	10912
377000	10388
378000	10212
379000	10264
380000	9972
381000	10368
382000	10620
383000	11158
384000	11902
385000	12180
386000	12338
387000	11618
388000	11726
389000	11408
390000	11342
391000	11082
392000	11372
393000	11360
394000	11356
395000	11160
396000	11706
397000	11636
398000	12186
399000	12090
400000	11942
401000	11738
402000	11114
403000	11214
404000	11634
405000	10914
406000	10712
407000	10674
408000	10710
409000	10288
410000	10106
411000	9942
412000	10058
413000	10398
414000	10206
415000	10684
416000	10022
417000	10280
418000	10322
419000	10358
420000	9842
421000	9904
422000	9926
423000	9804
424000	8958
425000	8580
426000	9290
427000	10006
428000	11004
429000	10510
430000	10758
431000	10244
432000	10076
433000	9540
434000	9938
435000	10178
436000	9876
437000	10328
438000	10912
439000	11196
440000	10682
441000	10394
442000	10860
443000	10170
444000	10096
445000	9454
446000	9816
447000	9838
448000	9682
449000	9446
450000	9696
451000	8890
452000	9186
453000	8596
454000	8848
455000	7920
456000	7330
457000	7204
458000	7406
459000	7058
460000	6728
461000	6498
462000	6282
463000	6378
464000	6222
465000	5604
466000	5458
467000	5804
468000	5136
469000	4766
470000	5214
471000	5198
472000	5438
473000	5612
474000	6152
475000	5826
476000	6780
477000	6506
478000	6716
479000	7236
480000	7104
481000	7698
482000	7192
483000	7850
484000	6924
485000	6530
486000	6344
487000	6308
488000	6248
489000	6530
490000	6074
491000	6328
492000	6072
493000	6024
494000	5670
495000	5646
496000	6244
497000	6176
498000	5612
499000	6008
500000	6174
501000	5538
502000	5290
503000	4416
504000	4672
505000	4714
506000	4514
507000	4184
508000	3762
509000	3770
510000	4072
511000	3798
512000	4256
513000	4812
514000	4724
515000	4146
516000	4380
517000	4612
518000	4862
519000	4838
520000	4594
521000	4874
522000	4958
523000	4420
524000	4476
525000	4950
526000	4170
527000	4296
528000	4494
529000	3796
530000	3994
531000	3788
532000	3612
533000	3530
534000	3564
535000	3218
536000	3108
537000	2844
538000	2954
539000	3036
540000	2356
541000	1956
542000	1558
543000	1374
544000	1622
545000	1890
546000	1312
547000	1104
548000	1562
549000	1762
550000	1206
551000	912
552000	1346
553000	2012
554000	1758
555000	1656
556000	690
557000	782
558000	1002
559000	1356
560000	1342
561000	1078
562000	584
563000	566
564000	334
565000	246
566000	790
567000	1170
568000	1424
569000	502
570000	1590
571000	1278
572000	714
573000	762
574000	1004
575000	258
576000	-144
577000	122
578000	204
579000	-306
580000	36
581000	-152
582000	-96
583000	248
584000	516
585000	90
586000	236
587000	458
588000	184
589000	660
590000	44
591000	334
592000	620
593000	592
594000	474
595000	692
596000	1576
597000	1034
598000	1008
599000	550
600000	106
601000	420
602000	16
603000	78
604000	-550
605000	-274
606000	-324
607000	-296
608000	-350
609000	-306
610000	-484
611000	-180
612000	-802
613000	-1282
614000	-1476
615000	-1226
616000	-1210
617000	-970
618000	-1660
619000	-2370
620000	-2690
621000	-2346
622000	-2238
623000	-2426
624000	-2534
625000	-3214
626000	-3150
627000	-3472
628000	-3238
629000	-3898
630000	-3844
631000	-3776
632000	-3734
633000	-4088
634000	-3298
635000	-4110
636000	-4114
637000	-4180
638000	-4458
639000	-3712
640000	-3292
641000	-3336
642000	-2584
643000	-2616
644000	-2192
645000	-2578
646000	-2198
647000	-2264
648000	-2064
649000	-2512
650000	-2650
651000	-2016
652000	-1418
653000	-1424
654000	-902
655000	-1622
656000	-2522
657000	-2088
658000	-1624
659000	-1302
660000	-1568
661000	-1890
662000	-1486
663000	-1388
664000	-2504
665000	-2162
666000	-2546
667000	-2662
668000	-2570
669000	-3136
670000	-3332
671000	-3730
672000	-3676
673000	-4142
674000	-4280
675000	-4400
676000	-3972
677000	-3766
678000	-3908
679000	-4128
680000	-4122
681000	-4328
682000	-4402
683000	-3992
684000	-4010
685000	-4988
686000	-5382
687000	-4790
688000	-5010
689000	-5134
690000	-4844
691000	-5450
692000	-6118
693000	-6550
694000	-6098
695000	-5540
696000	-5780
697000	-6658
698000	-6556
699000	-7916
700000	-7774
701000	-7476
702000	-6822
703000	-6922
704000	-7858
705000	-7702
706000	-7630
707000	-7632
708000	-7544
709000	-7544
710000	-7692
711000	-7908
712000	-8370
713000	-7576
714000	-8858
715000	-8606
716000	-8906
717000	-9818
718000	-10222
719000	-9730
720000	-9454
721000	-9334
722000	-9312
723000	-9864
724000	-9464
725000	-9412
726000	-9310
727000	-9560
728000	-9056
729000	-9560
730000	-9042
731000	-8946
732000	-9008
733000	-9560
734000	-9746
735000	-9398
736000	-9146
737000	-9330
738000	-9380
739000	-9244
740000	-9476
741000	-9394
742000	-9480
743000	-9462
744000	-10106
745000	-9652
746000	-9746
747000	-10352
748000	-10004
749000	-9804
750000	-9154
751000	-9190
752000	-9560
753000	-9858
754000	-9604
755000	-10058
756000	-9362
757000	-9662
758000	-9662
759000	-8928
760000	-8804
761000	-8744
762000	-9056
763000	-9300
764000	-8896
765000	-9130
766000	-9178
767000	-10256
768000	-10260
769000	-10010
770000	-9430
771000	-9352
772000	-9070
773000	-9490
774000	-9162
775000	-8922
776000	-8558
777000	-8802
778000	-8590
779000	-7898
780000	-8244
781000	-8708
782000	-9382
783000	-9080
784000	-9082
785000	-8850
786000	-8692
787000	-8436
788000	-8860
789000	-8606
790000	-8346
791000	-8210
792000	-8628
793000	-8946
794000	-8044
795000	-8442
796000	-8492
797000	-8078
798000	-8296
799000	-8446
800000	-7868
801000	-8440
802000	-8600
803000	-8512
804000	-9062
805000	-8902
806000	-9462
807000	-9088
808000	-9322
809000	-9282
810000	-8746
811000	-8758
812000	-8248
813000	-8438
814000	-8546
815000	-8438
816000	-8544
817000	-8926
818000	-9324
819000	-9620
820000	-9720
821000	-9356
822000	-8612
823000	-8660
824000	-8946
825000	-9200
826000	-9082
827000	-8728
828000	-8112
829000	-8234
830000	-8556
831000	-8214
832000	-8542
833000	-8148
834000	-7818
835000	-8176
836000	-8404
837000	-8478
838000	-8214
839000	-8088
840000	-7658
841000	-7564
842000	-7314
843000	-6972
844000	-7208
845000	-7002
846000	-7318
847000	-7458
848000	-7274
849000	-6882
850000	-7470
851000	-7306
852000	-7414
853000	-6898
854000	-7012
855000	-7048
856000	-7326
857000	-7280
858000	-6616
859000	-6352
860000	-6940
861000	-7174
862000	-7532
863000	-7430
864000	-6936
865000	-7250
866000	-6764
867000	-7210
868000	-7038
869000	-6928
870000	-7158
871000	-7126
872000	-7120
873000	-7216
874000	-7278
875000	-7232
876000	-6966
877000	-6716
878000	-6128
879000	-6326
880000	-6882
881000	-7124
882000	-7168
883000	-7220
884000	-7324
885000	-7434
886000	-7172
887000	-7164
888000	-7524
889000	-6728
890000	-6632
891000	-5718
892000	-5900
893000	-5674
894000	-5674
895000	-5032
896000	-5908
897000	-6340
898000	-6040
899000	-5900
900000	-6110
901000	-5888
902000	-5848
903000	-6314
904000	-6282
905000	-6178
906000	-7030
907000	-6396
908000	-6768
909000	-6484
910000	-6074
911000	-5476
912000	-5544
913000	-6620
914000	-6350
915000	-6214
916000	-6504
917000	-7086
918000	-7652
919000	-7724
920000	-8024
921000	-7760
922000	-8012
923000	-8192
924000	-8334
925000	-8268
926000	-7582
927000	-8242
928000	-8126
929000	-7858
930000	-7954
931000	-8656
932000	-8926
933000	-9270
934000	-8930
935000	-8440
936000	-9418
937000	-9730
938000	-9904
939000	-9970
940000	-9814
941000	-9036
942000	-9128
943000	-9990
944000	-10674
945000	-10208
946000	-10118
947000	-10738
948000	-10318
949000	-10820
950000	-11084
951000	-10464
952000	-9830
953000	-9816
954000	-9668
955000	-10276
956000	-10544
957000	-10356
958000	-10062
959000	-10224
960000	-10238
961000	-9742
962000	-9854
963000	-9752
964000	-9224
965000	-9070
966000	-9302
967000	-8746
968000	-9792
969000	-9598
970000	-9512
971000	-9446
972000	-8642
973000	-8644
974000	-8806
975000	-8952
976000	-8958
977000	-9124
978000	-7928
979000	-7864
980000	-7836
981000	-7622
982000	-7630
983000	-7400
984000	-6884
985000	-6476
986000	-5916
987000	-5850
988000	-6402
989000	-6306
990000	-6656
991000	-6640
992000	-6338
993000	-6882
994000	-6640
995000	-6742
996000	-6160
997000	-6120
998000	-5980
999000	-5576
