0	-1080
1000	-880
2000	-1422
3000	-2276
4000	-3208
5000	-3714
6000	-2940
7000	-2300
8000	-1740
9000	-1416
10000	-1530
11000	-1868
12000	-774
13000	136
14000	-282
15000	912
16000	1898
17000	2226
18000	3358
19000	4274
20000	3812
21000	3924
22000	5470
23000	5416
24000	5378
25000	5100
26000	4936
27000	6122
28000	6332
29000	6304
30000	6194
31000	6392
32000	5558
33000	5332
34000	6416
35000	6596
36000	6796
37000	6346
38000	6776
39000	7884
40000	8006
41000	8520
42000	9472
43000	9862
44000	9814
45000	9934
46000	10316
47000	11112
48000	11356
49000	11216
50000	11718
51000	11708
52000	12294
53000	13200
54000	13090
55000	12972
56000	13254
57000	13850
58000	13912
59000	14192
60000	14480
61000	14594
62000	15506
63000	15504
64000	16376
65000	17188
66000	17046
67000	17698
68000	18178
69000	18314
70000	19304
71000	19530
72000	19866
73000	20554
74000	20708
75000	21182
76000	20580
77000	20470
78000	21384
79000	21498
80000	21668
81000	21640
82000	21904
83000	21738
84000	21982
85000	21960
86000	22212
87000	21642
88000	21420
89000	21552
90000	21328
91000	21596
92000	22224
93000	22674
94000	22902
95000	23108
96000	23092
97000	23274
98000	23398
99000	24308
100000	24974
101000	25924
102000	25718
103000	25476
104000	25522
105000	25892
106000	26262
107000	26106
108000	25644
109000	25774
110000	25920
111000	25844
112000	26474
113000	26638
114000	26626
115000	26394
116000	26836
117000	27120
118000	27292
119000	27514
120000	27898
121000	27886
122000	27984
123000	27456
124000	27418
125000	26882
126000	26962
127000	27452
128000	27420
129000	28214
130000	28324
131000	28714
132000	28762
133000	29118
134000	29648
135000	29472
136000	29718
137000	29876
138000	29832
139000	29654
140000	29690
141000	29598
142000	28800
143000	29422
144000	29388
145000	29610
146000	29170
147000	29110
148000	28946
149000	29272
150000	28952
151000	29564
152000	29490
153000	29580
154000	29636
155000	29894
156000	29572
157000	29328
158000	29542
159000	29644
160000	29764
161000	29754
162000	29964
163000	30596
164000	30074
165000	30412
166000	30362
167000	30426
168000	30416
169000	30484
170000	30330
171000	30344
172000	31022
173000	31144
174000	30904
175000	30522
176000	30604
177000	30628
178000	30626
179000	30450
180000	30412
181000	30418
182000	30198
183000	30688
184000	30700
185000	31310
186000	31360
187000	31578
188000	31960
189000	32210
190000	32484
191000	32966
192000	33390
193000	33140
194000	33690
195000	33452
196000	33718
197000	33930
198000	34490
199000	34516
200000	34878
201000	35054
202000	35152
203000	34888
204000	35158
205000	35454
206000	35540
207000	35554
208000	35698
209000	35766
210000	36470
211000	36974
212000	37226
213000	37564
214000	37974
215000	37920
216000	37722
217000	37826
218000	37584
219000	37392
220000	37374
221000	37712
222000	37166
223000	37148
224000	37658
225000	37256
226000	37602
227000	37492
228000	37816
229000	37678
230000	37440
231000	37916
232000	38538
233000	38068
234000	38248
235000	38388
236000	38346
237000	38510
238000	38750
239000	38854
240000	38954
241000	39456
242000	39754
243000	40134
244000	40274
245000	40480
246000	40616
247000	41196
248000	41024
249000	41368
250000	41356
251000	41094
252000	40986
253000	40494
254000	40550
255000	40730
256000	40784
257000	41508
258000	42216
259000	42012
260000	42318
261000	42166
262000	42778
263000	42884
264000	42630
265000	42488
266000	42332
267000	42422
268000	42246
269000	42804
270000	42518
271000	42980
272000	42922
273000	43206
274000	43482
275000	43464
276000	43542
277000	43920
278000	43968
279000	44154
280000	44242
281000	44600
282000	44664
283000	44784
284000	44752
285000	44686
286000	44202
287000	45042
288000	45484
289000	44932
290000	44862
291000	44704
292000	44998
293000	44932
294000	44816
295000	44858
296000	45492
297000	45798
298000	45900
299000	46270
300000	46762
301000	47490
302000	47500
303000	47458
304000	47634
305000	47484
306000	47404
307000	47742
308000	48156
309000	47812
310000	47898
311000	48130
312000	48006
313000	48270
314000	48384
315000	48244
316000	48542
317000	48702
318000	49114
319000	49474
320000	49556
321000	50368
322000	50272
323000	50794
324000	50626
325000	50448
326000	50740
327000	51392
328000	51434
329000	51100
330000	51698
331000	52022
332000	51632
333000	51784
334000	52556
335000	52096
336000	52730
337000	52944
338000	53156
339000	53360
340000	53324
341000	53088
342000	53068
343000	52762
344000	52796
345000	53440
346000	53560
347000	53486
348000	53344
349000	53714
350000	53962
351000	54048
352000	54392
353000	54688
354000	55030
355000	55110
356000	54660
357000	54938
358000	54812
359000	55178
360000	55252
361000	55596
362000	55264
363000	55278
364000	55322
365000	55806
366000	55718
367000	55272
368000	55492
369000	55524
370000	55432
371000	55802
372000	56278
373000	56578
374000	56992
375000	57192
376000	57288
377000	57452
378000	57320
379000	57498
380000	57686
381000	57864
382000	57832
383000	57802
384000	57716
385000	57206
386000	57312
387000	57414
388000	57400
389000	58398
390000	58796
391000	58814
392000	58996
393000	59432
394000	59402
395000	59362
396000	59428
397000	59786
398000	59650
399000	59340
400000	59100
401000	59670
402000	60026
403000	60138
404000	60514
405000	60878
406000	60754
407000	61010
408000	61202
409000	61454
410000	61690
411000	61870
412000	62188
413000	61798
414000	61836
415000	62034
416000	62076
417000	62028
418000	62048
419000	62334
420000	62384
421000	62314
422000	62390
423000	62786
424000	62474
425000	62506
426000	62666
427000	62582
428000	62822
429000	63252
430000	63128
431000	63006
432000	62922
433000	63098
434000	63328
435000	63450
436000	63772
437000	64216
438000	63938
439000	64334
440000	64498
441000	64936
442000	64618
443000	64938
444000	65144
445000	65404
446000	65874
447000	65198
448000	65322
449000	65396
450000	65362
451000	65264
452000	65786
453000	66212
454000	66770
455000	66732
456000	66422
457000	66856
458000	67324
459000	67274
460000	67530
461000	68056
462000	68380
463000	68012
464000	67756
465000	67390
466000	67038
467000	67198
468000	67258
469000	67750
470000	67470
471000	67370
472000	67144
473000	67218
474000	67564
475000	67848
476000	68432
477000	68362
478000	68652
479000	68726
480000	68690
481000	68180
482000	68306
483000	68694
484000	68636
485000	68522
486000	68360
487000	68422
488000	68844
489000	68956
490000	69046
491000	69476
492000	69226
493000	69730
494000	69814
495000	69816
496000	69902
497000	70106
498000	69804
499000	69586
500000	69444
501000	69546
502000	69646
503000	70146
504000	70314
505000	69920
506000	70224
507000	70254
508000	70326
509000	70162
510000	70278
511000	70256
512000	70468
513000	70548
514000	70304
515000	70104
516000	69640
517000	69696
518000	70334
519000	70608
520000	70528
521000	71348
522000	71406
523000	71482
524000	71576
525000	71892
526000	71674
527000	71988
528000	71986
529000	71854
530000	71726
531000	71590
532000	71496
533000	71018
534000	71542
535000	71378
536000	71310
537000	71078
538000	71118
539000	71598
540000	71612
541000	71420
542000	71136
543000	71334
544000	71212
545000	71306
546000	71540
547000	71218
548000	71150
549000	71060
550000	71034
551000	70838
552000	70546
553000	70630
554000	70570
555000	70480
556000	70548
557000	70646
558000	70860
559000	70592
560000	71014
561000	71132
562000	71554
563000	71948
564000	71966
565000	72044
566000	71510
567000	71452
568000	71840
569000	71566
570000	71816
571000	72196
572000	72758
573000	72888
574000	73070
575000	72818
576000	72886
577000	72254
578000	72220
579000	72504
580000	72610
581000	72120
582000	72088
583000	72026
584000	72348
585000	72890
586000	72508
587000	72368
588000	72304
589000	72014
590000	72076
591000	72088
592000	72182
593000	71948
594000	72100
595000	72136
596000	72422
597000	72522
598000	72512
599000	72690
600000	72568
601000	73036
602000	72960
603000	73290
604000	73388
605000	73130
606000	72846
607000	72946
608000	72898
609000	72904
610000	72662
611000	73002
612000	73718
613000	73792
614000	74180
615000	74282
616000	74304
617000	74128
618000	74734
619000	74964
620000	75612
621000	75476
622000	75518
623000	75990
624000	76238
625000	76096
626000	75912
627000	76032
628000	76102
629000	76068
630000	76076
631000	76356
632000	76190
633000	76270
634000	76554
635000	76250
636000	75990
637000	75702
638000	75700
639000	75650
640000	75818
641000	76214
642000	75790
643000	76058
644000	75924
645000	75872
646000	76020
647000	75822
648000	76004
649000	76040
650000	76098
651000	75514
652000	75152
653000	75002
654000	74824
655000	74540
656000	74506
657000	74730
658000	74824
659000	74900
660000	74956
661000	75066
662000	75120
663000	75294
664000	75450
665000	75410
666000	75422
667000	75274
668000	75348
669000	74808
670000	75352
671000	75520
672000	75622
673000	75498
674000	75210
675000	74892
676000	75224
677000	75634
678000	75838
679000	75808
680000	75496
681000	75426
682000	75174
683000	75282
684000	75216
685000	75276
686000	75348
687000	75260
688000	75342
689000	75652
690000	75364
691000	75750
692000	75618
693000	75702
694000	75344
695000	75596
696000	75564
697000	75900
698000	75930
699000	76308
700000	76814
701000	76562
702000	76098
703000	76216
704000	76030
705000	76136
706000	76368
707000	75778
708000	75916
709000	75542
710000	75360
711000	75428
712000	75356
713000	75160
714000	75320
715000	75144
716000	75576
717000	75364
718000	75362
719000	75856
720000	75744
721000	75578
722000	75596
723000	75846
724000	75736
725000	75894
726000	76214
727000	75998
728000	75930
729000	75630
730000	75902
731000	76002
732000	76414
733000	76426
734000	76408
735000	76504
736000	76686
737000	76256
738000	76464
739000	76664
740000	76776
741000	76782
742000	76498
743000	76910
744000	76734
745000	76598
746000	76628
747000	76456
748000	76202
749000	76462
750000	76150
751000	76278
752000	76364
753000	76834
754000	77314
755000	77334
756000	77796
757000	77760
758000	77842
759000	77834
760000	77878
761000	77786
762000	77448
763000	77660
764000	77436
765000	77098
766000	76918
767000	77354
768000	77174
769000	76894
770000	77228
771000	76778
772000	77164
773000	77006
774000	77114
775000	76796
776000	76648
777000	76522
778000	76334
779000	76976
780000	76856
781000	76446
782000	76780
783000	76234
784000	76152
785000	75800
786000	76154
787000	76250
788000	76356
789000	76580
790000	76388
791000	76548
792000	76180
793000	76346
794000	76436
795000	76852
796000	76804
797000	76700
798000	76654
799000	76856
800000	76792
801000	77322
802000	76868
803000	76712
804000	76586
805000	76762
806000	77028
807000	77004
808000	77508
809000	77578
810000	77692
811000	77784
812000	78006
813000	78396
814000	78712
815000	78416
816000	78232
817000	78340
818000	78696
819000	78872
820000	78964
821000	79080
822000	79382
823000	79552
824000	79724
825000	79780
826000	79960
827000	80046
828000	80446
829000	80690
830000	81112
831000	80842
832000	80998
833000	80868
834000	81426
835000	81508
836000	81448
837000	81698
838000	81594
839000	81256
840000	81070
841000	81144
842000	81326
843000	81504
844000	81512
845000	81330
846000	81780
847000	81836
848000	82160
849000	82392
850000	82078
851000	81598
852000	81424
853000	81294
854000	81404
855000	81454
856000	81652
857000	81578
858000	81710
859000	81402
860000	81432
861000	81662
862000	81664
863000	81852
864000	82048
865000	82334
866000	82220
867000	82460
868000	82424
869000	82858
870000	82826
871000	83146
872000	83264
873000	83082
874000	83210
875000	83434
876000	83782
877000	83584
878000	83526
879000	83544
880000	83730
881000	83622
882000	83300
883000	83286
884000	83350
885000	83408
886000	83104
887000	83362
888000	83218
889000	83478
890000	83066
891000	83316
892000	82626
893000	82342
894000	82578
895000	82574
896000	82688
897000	82454
898000	82788
899000	82514
900000	82290
901000	82420
902000	82406
903000	82750
904000	83132
905000	83660
906000	83524
907000	83398
908000	83148
909000	82502
910000	82332
911000	82570
912000	82110
913000	82196
914000	82288
915000	82570
916000	82514
917000	82822
918000	82960
919000	82698
920000	82886
921000	82592
922000	82522
923000	82818
924000	82762
925000	82876
926000	83268
927000	83236
928000	83216
929000	83000
930000	83100
931000	83356
932000	83304
933000	83082
934000	83356
935000	83496
936000	83332
937000	83760
938000	83460
939000	83464
940000	83508
941000	83800
942000	83982
943000	83980
944000	84320
945000	84270
946000	84210
947000	84360
948000	84038
949000	84088
950000	84032
951000	84266
952000	84114
953000	84014
954000	83884
955000	83984
956000	84082
957000	83622
958000	83846
959000	84184
960000	84500
961000	84782
962000	85184
963000	85296
964000	85510
965000	85620
966000	85758
967000	85276
968000	85156
969000	85276
970000	85462
971000	85426
972000	85550
973000	85606
974000	86018
975000	86114
976000	85926
977000	86040
978000	85902
979000	86114
980000	85936
981000	85622
982000	85232
983000	85448
984000	85392
985000	85722
986000	85414
987000	85626
988000	85634
989000	86022
990000	86078
991000	86370
992000	86262
993000	86392
994000	86670
995000	86636
996000	87030
997000	87348
998000	87638
999000	87470
