0	166
1000	3032
2000	2272
3000	1830
4000	1764
5000	1882
6000	-206
7000	2152
8000	-2202
9000	-1912
10000	-586
11000	1142
12000	314
13000	-74
14000	-1888
15000	-3494
16000	-862
17000	704
18000	-1108
19000	-2478
20000	-1048
21000	818
22000	1986
23000	2434
24000	1900
25000	2268
26000	1598
27000	3698
28000	3264
29000	1444
30000	78
31000	1726
32000	1882
33000	1242
34000	194
35000	102
36000	588
37000	-2092
38000	-1618
39000	892
40000	2538
41000	4228
42000	1716
43000	3030
44000	2960
45000	674
46000	1910
47000	1504
48000	812
49000	-948
50000	-2456
51000	-3676
52000	-1854
53000	-5002
54000	-4812
55000	-4280
56000	-2666
57000	-1266
58000	-1758
59000	474
60000	96
61000	544
62000	1904
63000	1930
64000	1558
65000	482
66000	1270
67000	576
68000	1202
69000	-74
70000	-654
71000	-2434
72000	-508
73000	-274
74000	-2188
75000	-364
76000	-1024
77000	-1944
78000	-1230
79000	-1600
80000	-720
81000	-1050
82000	956
83000	-90
84000	1916
85000	-1316
86000	228
87000	1138
88000	1412
89000	1726
90000	1502
91000	-690
92000	-3260
93000	-6256
94000	-4888
95000	-5006
96000	-5698
97000	-3180
98000	-4592
99000	-3814
100000	-3886
101000	-4482
102000	-4934
103000	-4380
104000	-4640
105000	-3212
106000	-1076
107000	1010
108000	556
109000	690
110000	-2508
111000	-4256
112000	-2964
113000	-2026
114000	-1400
115000	-1474
116000	-300
117000	-48
118000	-630
119000	-472
120000	-1224
121000	-2488
122000	-828
123000	-648
124000	1236
125000	422
126000	-238
127000	-340
128000	2324
129000	3540
130000	2738
131000	2666
132000	5826
133000	6030
134000	3872
135000	6756
136000	5888
137000	5084
138000	530
139000	-466
140000	-1580
141000	-1232
142000	-688
143000	-2196
144000	98
145000	-744
146000	-1248
147000	-22
148000	-270
149000	-1692
150000	-2898
151000	-2792
152000	-3364
153000	-990
154000	-1744
155000	-2656
156000	-1504
157000	-2638
158000	-2626
159000	-3600
160000	-4086
161000	-2818
162000	-4686
163000	-5508
164000	-6558
165000	-5842
166000	-6272
167000	-3740
168000	-4816
169000	-3360
170000	-3936
171000	-4274
172000	-2752
173000	-3808
174000	-4206
175000	-4898
176000	-6014
177000	-5968
178000	-4826
179000	-3550
180000	-5194
181000	-3836
182000	-3142
183000	-974
184000	-1228
185000	-1572
186000	-586
187000	-458
188000	-1766
189000	-1940
190000	-3146
191000	-3370
192000	-2654
193000	-3016
194000	-354
195000	-1162
196000	-648
197000	476
198000	-1338
199000	-2458
200000	-2466
201000	-4420
202000	-1924
203000	110
204000	-2572
205000	648
206000	2806
207000	4030
208000	2304
209000	3722
210000	3436
211000	1570
212000	308
213000	-86
214000	1884
215000	2318
216000	1934
217000	4796
218000	4698
219000	3576
220000	3144
221000	3268
222000	5816
223000	4534
224000	3272
225000	1090
226000	2404
227000	3060
228000	3564
229000	3380
230000	-256
231000	1958
232000	1024
233000	456
234000	824
235000	-1392
236000	-94
237000	-252
238000	-1830
239000	-2766
240000	-902
241000	-3784
242000	-4306
243000	-1468
244000	1272
245000	1046
246000	-274
247000	1566
248000	-2802
249000	-1270
250000	-2130
251000	-1818
252000	-1604
253000	-2280
254000	-2344
255000	-2832
256000	-2858
257000	-1400
258000	-1038
259000	-984
260000	-636
261000	838
262000	1188
263000	1612
264000	892
265000	2520
266000	2352
267000	824
268000	-1206
269000	-1422
270000	686
271000	306
272000	1466
273000	2138
274000	2504
275000	1522
276000	464
277000	928
278000	1014
279000	-352
280000	-2840
281000	-4690
282000	-2886
283000	-1280
284000	-1338
285000	-2672
286000	-2734
287000	-1576
288000	478
289000	320
290000	2516
291000	2188
292000	1012
293000	1360
294000	470
295000	-392
296000	-1714
297000	-2206
298000	-3614
299000	-2576
300000	-1858
301000	782
302000	960
303000	876
304000	-1342
305000	-494
306000	-540
307000	2262
308000	598
309000	1440
310000	720
311000	246
312000	-224
313000	1000
314000	-894
315000	1652
316000	-298
317000	-1442
318000	-1014
319000	748
320000	224
321000	-2074
322000	-3218
323000	-2172
324000	-2058
325000	-416
326000	-1140
327000	-1760
328000	-1262
329000	-2004
330000	-1366
331000	-1966
332000	1092
333000	2854
334000	1068
335000	624
336000	2350
337000	3360
338000	1804
339000	2466
340000	1730
341000	2880
342000	3420
343000	1542
344000	80
345000	-1876
346000	-3402
347000	-978
348000	-380
349000	1124
350000	2332
351000	3018
352000	3586
353000	3500
354000	2750
355000	1012
356000	-1030
357000	-3218
358000	-5428
359000	-4130
360000	-5502
361000	-4464
362000	-5034
363000	-3330
364000	-1634
365000	1188
366000	392
367000	932
368000	34
369000	1796
370000	-182
371000	-1582
372000	-2346
373000	-518
374000	-314
375000	-2114
376000	-704
377000	-906
378000	-282
379000	-354
380000	310
381000	1936
382000	2028
383000	4394
384000	1726
385000	1222
386000	182
387000	-162
388000	-182
389000	1030
390000	138
391000	878
392000	68
393000	1168
394000	1648
395000	2214
396000	1884
397000	2548
398000	842
399000	-114
400000	-504
401000	770
402000	212
403000	-460
404000	-1518
405000	-1740
406000	-2988
407000	-2004
408000	-3132
409000	-978
410000	-3702
411000	-4134
412000	-3666
413000	-2152
414000	-1962
415000	-720
416000	-388
417000	-512
418000	1638
419000	1386
420000	1262
421000	1612
422000	2030
423000	2184
424000	1330
425000	1494
426000	974
427000	1048
428000	2622
429000	1524
430000	82
431000	1502
432000	2156
433000	2610
434000	2370
435000	1046
436000	-1448
437000	-436
438000	-2524
439000	178
440000	1540
441000	2186
442000	1956
443000	420
444000	-574
445000	-342
446000	8
447000	-1040
448000	-606
449000	214
450000	1026
451000	1756
452000	34
453000	-2264
454000	-2046
455000	-688
456000	-258
457000	900
458000	802
459000	348
460000	-1612
461000	1434
462000	818
463000	-300
464000	-756
465000	-854
466000	368
467000	480
468000	-1806
469000	-376
470000	130
471000	-1026
472000	372
473000	1524
474000	456
475000	1726
476000	-1050
477000	1022
478000	846
479000	-2104
480000	-436
481000	-1596
482000	1244
483000	792
484000	-204
485000	594
486000	-1954
487000	-1900
488000	1588
489000	2678
490000	1398
491000	1830
492000	2424
493000	1424
494000	1092
495000	-1444
496000	-1652
497000	-564
498000	-1962
499000	-2760
500000	-2330
501000	-2912
502000	-330
503000	-452
504000	78
505000	484
506000	-494
507000	138
508000	554
509000	788
510000	-2100
511000	-1780
512000	-1922
513000	-2204
514000	-2068
515000	-3208
516000	-72
517000	2324
518000	3726
519000	3178
520000	3086
521000	2368
522000	2722
523000	1522
524000	416
525000	2126
526000	876
527000	1126
528000	834
529000	1292
530000	-358
531000	2906
532000	2130
533000	568
534000	-1354
535000	-2014
536000	-2854
537000	-766
538000	-440
539000	-3300
540000	-3122
541000	-786
542000	1194
543000	-218
544000	-4178
545000	-3982
546000	-2904
547000	-1804
548000	-3362
549000	-3684
550000	-836
551000	-732
552000	-1728
553000	-1334
554000	-1762
555000	-1808
556000	-1744
557000	-4298
558000	-4032
559000	-4206
560000	-2902
561000	-3208
562000	-814
563000	-1284
564000	-2038
565000	-220
566000	-790
567000	-2676
568000	658
569000	-3472
570000	-4402
571000	-5402
572000	-3974
573000	-3110
574000	-2474
575000	-1158
576000	1064
577000	-1348
578000	556
579000	-598
580000	-1168
581000	-2252
582000	-3030
583000	56
584000	-40
585000	-978
586000	-1202
587000	-1844
588000	-2252
589000	-1082
590000	-1610
591000	-1648
592000	-2934
593000	-1832
594000	-1580
595000	444
596000	340
597000	824
598000	1836
599000	676
600000	-1534
601000	-2672
602000	-1302
603000	-1618
604000	-2352
605000	-2036
606000	-3352
607000	254
608000	-1752
609000	-738
610000	912
611000	-1684
612000	-758
613000	-1506
614000	-1288
615000	2794
616000	1690
617000	2746
618000	2384
619000	2016
620000	1690
621000	-296
622000	228
623000	-1684
624000	-656
625000	-242
626000	-1798
627000	-2392
628000	-2742
629000	-2214
630000	-1070
631000	-2988
632000	-1412
633000	320
634000	696
635000	664
636000	1610
637000	-378
638000	220
639000	384
640000	-772
641000	-1084
642000	-4362
643000	-3704
644000	-3918
645000	-1446
646000	-2410
647000	-1642
648000	-3086
649000	-1462
650000	-246
651000	-10
652000	140
653000	1716
654000	1248
655000	64
656000	48
657000	1848
658000	3972
659000	844
660000	1640
661000	954
662000	2318
663000	784
664000	418
665000	-1538
666000	44
667000	-2396
668000	-684
669000	250
670000	642
671000	312
672000	2766
673000	564
674000	-458
675000	-2034
676000	-1134
677000	992
678000	1418
679000	2354
680000	4452
681000	2048
682000	3958
683000	4216
684000	3170
685000	2386
686000	3224
687000	2856
688000	-258
689000	1088
690000	2026
691000	2664
692000	1896
693000	476
694000	444
695000	-560
696000	-2088
697000	182
698000	-4188
699000	-2936
700000	-2844
701000	-1974
702000	-216
703000	-166
704000	-2656
705000	-1582
706000	-3170
707000	-770
708000	-3024
709000	-3080
710000	-1084
711000	-292
712000	506
713000	2500
714000	3244
715000	562
716000	156
717000	-288
718000	200
719000	372
720000	-358
721000	-1198
722000	-1344
723000	-194
724000	-1248
725000	1140
726000	186
727000	596
728000	1102
729000	1094
730000	1266
731000	3428
732000	2282
733000	2518
734000	2320
735000	1806
736000	1976
737000	1446
738000	4650
739000	4612
740000	4778
741000	3826
742000	662
743000	2638
744000	1296
745000	2326
746000	-358
747000	-1276
748000	1724
749000	1566
750000	-1766
751000	-1392
752000	3118
753000	2446
754000	3888
755000	338
756000	1504
757000	2704
758000	4666
759000	2900
760000	2954
761000	4256
762000	5300
763000	4708
764000	3484
765000	3656
766000	4716
767000	2398
768000	4162
769000	2394
770000	968
771000	356
772000	3580
773000	5644
774000	6660
775000	7474
776000	5022
777000	3364
778000	2996
779000	1446
780000	-2650
781000	-1410
782000	-1094
783000	2614
784000	900
785000	748
786000	3450
787000	3546
788000	3574
789000	3488
790000	3324
791000	2250
792000	3402
793000	652
794000	-784
795000	-2810
796000	164
797000	1118
798000	152
799000	1078
800000	-160
801000	-184
802000	2288
803000	4452
804000	6352
805000	6764
806000	8752
807000	8638
808000	6688
809000	6054
810000	5786
811000	4288
812000	5532
813000	5076
814000	1900
815000	-678
816000	1268
817000	2038
818000	1976
819000	1404
820000	544
821000	3510
822000	2336
823000	766
824000	406
825000	748
826000	1486
827000	2614
828000	684
829000	1860
830000	2094
831000	4970
832000	2308
833000	2604
834000	3212
835000	2418
836000	3520
837000	2306
838000	1384
839000	-2720
840000	-2248
841000	-1804
842000	-178
843000	-126
844000	1222
845000	2188
846000	3444
847000	370
848000	254
849000	-620
850000	1614
851000	156
852000	-1480
853000	-1264
854000	546
855000	-258
856000	82
857000	-366
858000	512
859000	-56
860000	-124
861000	-230
862000	330
863000	270
864000	876
865000	926
866000	324
867000	2150
868000	2834
869000	1828
870000	4908
871000	4476
872000	5500
873000	3968
874000	3632
875000	1838
876000	1328
877000	2188
878000	2464
879000	1460
880000	2222
881000	1098
882000	2762
883000	2052
884000	1818
885000	3574
886000	3130
887000	3326
888000	1484
889000	2672
890000	790
891000	996
892000	-1576
893000	-1964
894000	-618
895000	-2870
896000	-3154
897000	-1800
898000	-3724
899000	-2648
900000	-2042
901000	802
902000	894
903000	344
904000	2244
905000	724
906000	1390
907000	212
908000	634
909000	-460
910000	-3380
911000	-1390
912000	-1328
913000	-332
914000	-150
915000	182
916000	-794
917000	-1288
918000	-156
919000	-1032
920000	-1094
921000	1710
922000	446
923000	-1198
924000	-3702
925000	-1576
926000	-3172
927000	-4008
928000	-5570
929000	-5714
930000	-4348
931000	-4100
932000	-5600
933000	-4908
934000	-5272
935000	-4302
936000	-5862
937000	-5824
938000	-3024
939000	-2532
940000	-1250
941000	-1708
942000	-1170
943000	-2160
944000	-3892
945000	-4984
946000	-3802
947000	-1742
948000	-1604
949000	-1494
950000	-2726
951000	-1548
952000	-432
953000	2140
954000	3062
955000	1296
956000	260
957000	-144
958000	-3162
959000	-2530
960000	-2144
961000	-388
962000	144
963000	244
964000	2094
965000	2502
966000	2352
967000	4194
968000	3738
969000	4834
970000	4966
971000	5724
972000	3660
973000	2662
974000	1014
975000	3760
976000	4640
977000	5260
978000	3292
979000	1296
980000	12
981000	-952
982000	-20
983000	-690
984000	-48
985000	152
986000	-938
987000	-254
988000	1980
989000	-176
990000	-2210
991000	-2878
992000	-2720
993000	-428
994000	2664
995000	3244
996000	1634
997000	1958
998000	2000
999000	398
