0	348
1000	-1014
2000	-648
3000	490
4000	-44
5000	1310
6000	2030
7000	2364
8000	3828
9000	4994
10000	4674
11000	4280
12000	2892
13000	1448
14000	1998
15000	1342
16000	1838
17000	1370
18000	1064
19000	2818
20000	2024
21000	2576
22000	2808
23000	2006
24000	3534
25000	4044
26000	3520
27000	4058
28000	5354
29000	4604
30000	3896
31000	4506
32000	4614
33000	5722
34000	6864
35000	6830
36000	7676
37000	8454
38000	8716
39000	9386
40000	10084
41000	11676
42000	10628
43000	9894
44000	10284
45000	10800
46000	11190
47000	10858
48000	9886
49000	11310
50000	10152
51000	10722
52000	10462
53000	10312
54000	10908
55000	11582
56000	11392
57000	11070
58000	10670
59000	11952
60000	12154
61000	12160
62000	11372
63000	11004
64000	11908
65000	12254
66000	12370
67000	13072
68000	14218
69000	15466
70000	14012
71000	15302
72000	14092
73000	14284
74000	14366
75000	15194
76000	14796
77000	14246
78000	13552
79000	13050
80000	13090
81000	12802
82000	13356
83000	12450
84000	11838
85000	11462
86000	12088
87000	11766
88000	11848
89000	12040
90000	13076
91000	13002
92000	11560
93000	11480
94000	10322
95000	10030
96000	9380
97000	9606
98000	7774
99000	8434
100000	8258
101000	8038
102000	8382
103000	8854
104000	8472
105000	8170
106000	7266
107000	8174
108000	8612
109000	8348
110000	8052
111000	7494
112000	6926
113000	6746
114000	6286
115000	6446
116000	7684
117000	6312
118000	6188
119000	5292
120000	5096
121000	5486
122000	6260
123000	5632
124000	5620
125000	5182
126000	5810
127000	6264
128000	5398
129000	4124
130000	5650
131000	6046
132000	5894
133000	6298
134000	5404
135000	4832
136000	5506
137000	6470
138000	6154
139000	6778
140000	7256
141000	7446
142000	9044
143000	10128
144000	11138
145000	11472
146000	12226
147000	12522
148000	11728
149000	12322
150000	11170
151000	10366
152000	8812
153000	8678
154000	7566
155000	6602
156000	6430
157000	7236
158000	7594
159000	8354
160000	9248
161000	9308
162000	10178
163000	10784
164000	11036
165000	10894
166000	11690
167000	12404
168000	11272
169000	11122
170000	10070
171000	10038
172000	9880
173000	9838
174000	9922
175000	8848
176000	8456
177000	9390
178000	8032
179000	8314
180000	7688
181000	7292
182000	7382
183000	7176
184000	5874
185000	6154
186000	5172
187000	4432
188000	5462
189000	6138
190000	7044
191000	6572
192000	5874
193000	4826
194000	5330
195000	4584
196000	5508
197000	5222
198000	3626
199000	3458
200000	4076
201000	4402
202000	3722
203000	3760
204000	1984
205000	1770
206000	2086
207000	2216
208000	1106
209000	1610
210000	1678
211000	1018
212000	1730
213000	796
214000	1642
215000	322
216000	1384
217000	1180
218000	2542
219000	2584
220000	878
221000	1364
222000	956
223000	1052
224000	-138
225000	-758
226000	-1502
227000	-1660
228000	-342
229000	-894
230000	-908
231000	-866
232000	-1630
233000	-2384
234000	-3550
235000	-4096
236000	-4120
237000	-5014
238000	-5662
239000	-5038
240000	-3986
241000	-3710
242000	-2688
243000	-3082
244000	-2784
245000	-3152
246000	-3624
247000	-3984
248000	-3432
249000	-2486
250000	-1632
251000	-564
252000	-112
253000	-550
254000	-232
255000	-1074
256000	-650
257000	-1218
258000	-52
259000	128
260000	1076
261000	-72
262000	398
263000	-1128
264000	-170
265000	1330
266000	742
267000	1018
268000	768
269000	1818
270000	1046
271000	1986
272000	1518
273000	1784
274000	1194
275000	612
276000	604
277000	676
278000	1016
279000	876
280000	-514
281000	554
282000	-840
283000	-1166
284000	-2476
285000	-1780
286000	-2208
287000	-1508
288000	-1952
289000	-2184
290000	-2012
291000	-2076
292000	-812
293000	16
294000	1190
295000	798
296000	32
297000	1268
298000	1464
299000	720
300000	1022
301000	-74
302000	412
303000	-792
304000	518
305000	1306
306000	1336
307000	1522
308000	1278
309000	688
310000	1306
311000	1656
312000	2534
313000	462
314000	-1366
315000	-2106
316000	-1510
317000	-3272
318000	-3348
319000	-3900
320000	-2396
321000	-2510
322000	-2728
323000	-3802
324000	-4200
325000	-5104
326000	-4614
327000	-3558
328000	-3580
329000	-3536
330000	-4192
331000	-3128
332000	-3916
333000	-4896
334000	-4716
335000	-4898
336000	-3878
337000	-3788
338000	-3798
339000	-3882
340000	-3706
341000	-3122
342000	-2724
343000	-2658
344000	-2360
345000	-3180
346000	-4220
347000	-3608
348000	-3068
349000	-5136
350000	-5288
351000	-5666
352000	-5754
353000	-6130
354000	-8432
355000	-9062
356000	-8776
357000	-9206
358000	-9548
359000	-10914
360000	-9470
361000	-7638
362000	-7242
363000	-6744
364000	-7652
365000	-7192
366000	-5796
367000	-5892
368000	-6232
369000	-5360
370000	-5922
371000	-5360
372000	-5228
373000	-4122
374000	-4496
375000	-3208
376000	-3204
377000	-5034
378000	-4524
379000	-4316
380000	-3808
381000	-2844
382000	-2182
383000	-1748
384000	-982
385000	-342
386000	522
387000	52
388000	-676
389000	768
390000	-150
391000	-878
392000	-2502
393000	-3258
394000	-4498
395000	-3552
396000	-3884
397000	-3538
398000	-2986
399000	-3762
400000	-4452
401000	-2332
402000	-2144
403000	-2426
404000	-3130
405000	-1228
406000	-892
407000	-576
408000	596
409000	-220
410000	74
411000	-252
412000	558
413000	-42
414000	364
415000	124
416000	-202
417000	462
418000	1316
419000	2180
420000	2690
421000	1978
422000	-782
423000	478
424000	1730
425000	1632
426000	948
427000	-404
428000	-146
429000	-538
430000	-808
431000	-386
432000	-1202
433000	-2026
434000	-1196
435000	-1046
436000	-1160
437000	-874
438000	-1330
439000	-2204
440000	-1914
441000	-2166
442000	-1640
443000	-2240
444000	-1196
445000	-200
446000	946
447000	454
448000	2088
449000	640
450000	24
451000	-1770
452000	-1022
453000	-1726
454000	-2478
455000	-1424
456000	-1114
457000	-2186
458000	-1462
459000	-1380
460000	-1112
461000	-674
462000	508
463000	-686
464000	-502
465000	-188
466000	46
467000	740
468000	734
469000	-548
470000	-464
471000	-636
472000	-812
473000	-818
474000	-298
475000	-1038
476000	-2740
477000	-2488
478000	-2814
479000	-3474
480000	-2098
481000	-866
482000	-1570
483000	-2180
484000	-2660
485000	-3196
486000	-2560
487000	-1304
488000	-1772
489000	-2128
490000	-1306
491000	-1952
492000	-1894
493000	-1888
494000	-1448
495000	-1894
496000	-3068
497000	-3164
498000	-3394
499000	-4038
500000	-4308
501000	-4198
502000	-4246
503000	-3884
504000	-3232
505000	-3468
506000	-4040
507000	-2748
508000	-3498
509000	-3156
510000	-3572
511000	-3820
512000	-4026
513000	-3544
514000	-3504
515000	-4278
516000	-3484
517000	-2792
518000	-3264
519000	-3058
520000	-2672
521000	-2624
522000	-2842
523000	-3194
524000	-4654
525000	-5212
526000	-4840
527000	-4852
528000	-4218
529000	-3882
530000	-4282
531000	-4110
532000	-4772
533000	-5140
534000	-4218
535000	-4116
536000	-4456
537000	-5254
538000	-4510
539000	-4352
540000	-4550
541000	-3332
542000	-2476
543000	-3446
544000	-4218
545000	-3636
546000	-4118
547000	-4832
548000	-3812
549000	-3378
550000	-3520
551000	-3248
552000	-4042
553000	-3928
554000	-4646
555000	-4932
556000	-3906
557000	-3092
558000	-3226
559000	-3982
560000	-2958
561000	-876
562000	-408
563000	-1222
564000	-850
565000	-1322
566000	-560
567000	1050
568000	870
569000	1250
570000	2384
571000	1960
572000	642
573000	864
574000	982
575000	-310
576000	-436
577000	36
578000	994
579000	-162
580000	-1024
581000	-2168
582000	-3700
583000	-4982
584000	-5652
585000	-4468
586000	-4248
587000	-3790
588000	-4392
589000	-4168
590000	-4944
591000	-5812
592000	-6950
593000	-6566
594000	-5338
595000	-4296
596000	-4250
597000	-3990
598000	-2188
599000	-3736
600000	-3528
601000	-3910
602000	-4414
603000	-4068
604000	-3346
605000	-2584
606000	-1626
607000	-2718
608000	-1682
609000	-1216
610000	-2438
611000	-3360
612000	-3316
613000	-2070
614000	-3134
615000	-2416
616000	-2462
617000	-898
618000	-1084
619000	-432
620000	-190
621000	442
622000	1600
623000	852
624000	2238
625000	2956
626000	1142
627000	1134
628000	486
629000	1054
630000	2130
631000	2974
632000	3292
633000	2884
634000	3050
635000	2630
636000	3964
637000	3542
638000	3016
639000	2366
640000	2444
641000	3468
642000	3262
643000	2964
644000	3758
645000	2556
646000	2398
647000	804
648000	164
649000	-734
650000	408
651000	1240
652000	82
653000	-392
654000	-1068
655000	-1890
656000	-1622
657000	-818
658000	-194
659000	-244
660000	-498
661000	-868
662000	-228
663000	-862
664000	-1152
665000	-1678
666000	-1834
667000	-1756
668000	-2304
669000	-3092
670000	-2694
671000	-2458
672000	-1274
673000	-992
674000	-798
675000	-306
676000	-1070
677000	-2684
678000	-3400
679000	-3540
680000	-2706
681000	-1484
682000	-1752
683000	-1516
684000	-1124
685000	-1996
686000	-2198
687000	-2808
688000	-3148
689000	-1762
690000	-830
691000	-1538
692000	-1296
693000	-172
694000	1156
695000	1294
696000	2036
697000	2190
698000	2190
699000	1242
700000	1204
701000	134
702000	1418
703000	2612
704000	3484
705000	4552
706000	4028
707000	3800
708000	3496
709000	4004
710000	3582
711000	2406
712000	3126
713000	2710
714000	2646
715000	2840
716000	1808
717000	2048
718000	2524
719000	3698
720000	3306
721000	3786
722000	3738
723000	4134
724000	4058
725000	4854
726000	4674
727000	5626
728000	5384
729000	6114
730000	6912
731000	7100
732000	7496
733000	8326
734000	7288
735000	5898
736000	6500
737000	4982
738000	5226
739000	6480
740000	6792
741000	6842
742000	8198
743000	8726
744000	7764
745000	8050
746000	7422
747000	6202
748000	5976
749000	5346
750000	4642
751000	3606
752000	4488
753000	4462
754000	3866
755000	3676
756000	3620
757000	3682
758000	3948
759000	3812
760000	4526
761000	6002
762000	6032
763000	5826
764000	4952
765000	3658
766000	3998
767000	4226
768000	4160
769000	2942
770000	2044
771000	1348
772000	286
773000	962
774000	768
775000	1894
776000	734
777000	506
778000	502
779000	1140
780000	-28
781000	-576
782000	-486
783000	-384
784000	132
785000	368
786000	74
787000	-824
788000	-954
789000	-6
790000	-132
791000	-390
792000	-716
793000	-1142
794000	-894
795000	-962
796000	-464
797000	-548
798000	-684
799000	-450
800000	966
801000	1662
802000	1592
803000	118
804000	-176
805000	860
806000	2520
807000	3368
808000	3348
809000	3768
810000	3622
811000	3064
812000	1954
813000	1264
814000	1040
815000	786
816000	766
817000	108
818000	204
819000	630
820000	1482
821000	916
822000	558
823000	1440
824000	1774
825000	1814
826000	1322
827000	526
828000	524
829000	-566
830000	1370
831000	568
832000	-584
833000	520
834000	1424
835000	972
836000	816
837000	-158
838000	124
839000	-500
840000	-1136
841000	30
842000	-158
843000	730
844000	280
845000	382
846000	26
847000	-510
848000	904
849000	1690
850000	1916
851000	2004
852000	1958
853000	3078
854000	3304
855000	4464
856000	4012
857000	4754
858000	5502
859000	5720
860000	5698
861000	4916
862000	4076
863000	2608
864000	3838
865000	4852
866000	3776
867000	3402
868000	3582
869000	4456
870000	5460
871000	5492
872000	4352
873000	5586
874000	4312
875000	3834
876000	3674
877000	3418
878000	3536
879000	2610
880000	1438
881000	1974
882000	2928
883000	2674
884000	3612
885000	3776
886000	3920
887000	4198
888000	3380
889000	2768
890000	2986
891000	2150
892000	3762
893000	4330
894000	3846
895000	4844
896000	5950
897000	6208
898000	5880
899000	5140
900000	5042
901000	4864
902000	5392
903000	4554
904000	3370
905000	2716
906000	1500
907000	2122
908000	740
909000	312
910000	-1152
911000	-820
912000	-1332
913000	-278
914000	888
915000	1578
916000	2084
917000	2580
918000	2266
919000	2964
920000	2448
921000	726
922000	1532
923000	592
924000	1294
925000	670
926000	856
927000	850
928000	-520
929000	-1690
930000	-2134
931000	-1148
932000	-154
933000	1116
934000	1018
935000	-308
936000	-120
937000	-90
938000	868
939000	1156
940000	1562
941000	398
942000	1614
943000	1540
944000	3032
945000	3320
946000	3896
947000	3700
948000	3314
949000	3380
950000	3824
951000	2924
952000	3146
953000	2392
954000	1906
955000	1420
956000	1024
957000	952
958000	1022
959000	1428
960000	1184
961000	1886
962000	1328
963000	782
964000	80
965000	-298
966000	1000
967000	1592
968000	1266
969000	2864
970000	2538
971000	2742
972000	3112
973000	4032
974000	4548
975000	4170
976000	4528
977000	6516
978000	6218
979000	7130
980000	5958
981000	6702
982000	7476
983000	7568
984000	8692
985000	7852
986000	8862
987000	8074
988000	7892
989000	6956
990000	7516
991000	7624
992000	8524
993000	8992
994000	9276
995000	8920
996000	9422
997000	9062
998000	9220
999000	10182
