0	-670
1000	-828
2000	156
3000	-232
4000	152
5000	-654
6000	876
7000	-2250
8000	-1730
9000	-1868
10000	-2994
11000	-2764
12000	-1036
13000	-1698
14000	1248
15000	2448
16000	1272
17000	1790
18000	1068
19000	1240
20000	1448
21000	-256
22000	-1222
23000	-1682
24000	-2356
25000	-1974
26000	-226
27000	2206
28000	4220
29000	5110
30000	3786
31000	4802
32000	6080
33000	4318
34000	3150
35000	1778
36000	3740
37000	6312
38000	6184
39000	6728
40000	6470
41000	2468
42000	598
43000	-332
44000	-784
45000	-3788
46000	-4368
47000	-1734
48000	-2942
49000	-1234
50000	44
51000	1116
52000	1140
53000	1534
54000	-558
55000	-974
56000	830
57000	66
58000	1912
59000	130
60000	440
61000	2764
62000	3382
63000	1810
64000	1488
65000	3030
66000	1828
67000	2880
68000	4572
69000	3840
70000	3946
71000	1940
72000	1850
73000	4382
74000	4494
75000	5246
76000	2906
77000	1788
78000	2874
79000	2982
80000	844
81000	-14
82000	-146
83000	-624
84000	-1430
85000	-1750
86000	-2512
87000	-3422
88000	-1626
89000	-2728
90000	1350
91000	2224
92000	2112
93000	1838
94000	1722
95000	1172
96000	-1652
97000	-4200
98000	-3092
99000	-1972
100000	-1862
101000	-3884
102000	-2344
103000	-3166
104000	-2836
105000	-380
106000	-900
107000	-106
108000	-722
109000	2182
110000	2802
111000	1794
112000	1218
113000	96
114000	200
115000	-2052
116000	-2866
117000	-3872
118000	-2240
119000	-1706
120000	-776
121000	280
122000	550
123000	850
124000	1368
125000	1974
126000	2272
127000	5674
128000	4978
129000	3756
130000	4544
131000	3158
132000	852
133000	506
134000	160
135000	-1078
136000	322
137000	2296
138000	3180
139000	4460
140000	5980
141000	5542
142000	5672
143000	5246
144000	5732
145000	5286
146000	3864
147000	1502
148000	2240
149000	2368
150000	2296
151000	2122
152000	4466
153000	2426
154000	3066
155000	3304
156000	1258
157000	-716
158000	-994
159000	-3138
160000	-3870
161000	-4848
162000	-4154
163000	-2914
164000	-2062
165000	-930
166000	-3858
167000	-5128
168000	-4944
169000	-4542
170000	-4246
171000	-3342
172000	-4522
173000	-4372
174000	-5546
175000	-3216
176000	-3854
177000	-1984
178000	-50
179000	-394
180000	-650
181000	1516
182000	1926
183000	816
184000	-1264
185000	-4304
186000	-4126
187000	-1366
188000	1026
189000	4344
190000	3842
191000	2168
192000	2790
193000	1660
194000	2326
195000	1434
196000	344
197000	-110
198000	364
199000	538
200000	1698
201000	-268
202000	-1880
203000	-828
204000	670
205000	-246
206000	1440
207000	-444
208000	1574
209000	1188
210000	-456
211000	2504
212000	728
213000	-192
214000	-1316
215000	-2032
216000	558
217000	764
218000	-834
219000	792
220000	1190
221000	2608
222000	374
223000	456
224000	1886
225000	3322
226000	2216
227000	2010
228000	672
229000	966
230000	498
231000	212
232000	-982
233000	-1202
234000	-2346
235000	-2022
236000	-3172
237000	-2992
238000	-5526
239000	-4594
240000	-2668
241000	112
242000	928
243000	-894
244000	-1106
245000	-1716
246000	-662
247000	824
248000	1048
249000	-2796
250000	572
251000	-806
252000	-784
253000	-856
254000	-1314
255000	-3442
256000	-1780
257000	-752
258000	3416
259000	3394
260000	2576
261000	2662
262000	4494
263000	3362
264000	2428
265000	3064
266000	3176
267000	2334
268000	4848
269000	3714
270000	3456
271000	2518
272000	164
273000	-152
274000	328
275000	-2994
276000	-1634
277000	-1146
278000	884
279000	1606
280000	608
281000	898
282000	4230
283000	4684
284000	4734
285000	4132
286000	2352
287000	3382
288000	4236
289000	4922
290000	3338
291000	3240
292000	-226
293000	626
294000	-216
295000	-2082
296000	-1852
297000	338
298000	-584
299000	-2716
300000	-478
301000	-678
302000	-1598
303000	2014
304000	1870
305000	2134
306000	678
307000	-920
308000	2132
309000	2798
310000	2770
311000	1670
312000	3394
313000	1326
314000	-984
315000	314
316000	1304
317000	2392
318000	566
319000	392
320000	-1616
321000	-68
322000	-1386
323000	-2312
324000	-1096
325000	-3020
326000	-4382
327000	-3562
328000	-3482
329000	-3446
330000	-3712
331000	-2490
332000	-2104
333000	-1858
334000	-882
335000	-1496
336000	-2162
337000	-2818
338000	-3482
339000	-4922
340000	-4092
341000	-1676
342000	-1782
343000	-3084
344000	-3032
345000	-3946
346000	-4040
347000	-2108
348000	-2396
349000	-2294
350000	-978
351000	-928
352000	-1676
353000	-1376
354000	-532
355000	-1012
356000	-282
357000	-332
358000	1044
359000	2098
360000	-1570
361000	94
362000	-2806
363000	-972
364000	628
365000	-404
366000	-764
367000	-1310
368000	1060
369000	3652
370000	3420
371000	1160
372000	594
373000	2036
374000	2194
375000	2072
376000	2372
377000	1800
378000	2388
379000	3756
380000	824
381000	200
382000	-1382
383000	-174
384000	708
385000	1764
386000	2194
387000	3652
388000	2328
389000	2946
390000	3022
391000	5454
392000	6508
393000	5760
394000	5180
395000	4648
396000	2018
397000	1630
398000	90
399000	-882
400000	872
401000	-1158
402000	-210
403000	92
404000	288
405000	602
406000	-656
407000	50
408000	592
409000	2086
410000	3304
411000	118
412000	1050
413000	-530
414000	-1294
415000	-1824
416000	1592
417000	1112
418000	1846
419000	-2240
420000	-2520
421000	-2890
422000	-654
423000	1180
424000	2892
425000	1926
426000	3176
427000	4538
428000	5690
429000	3614
430000	2960
431000	2070
432000	134
433000	-792
434000	-1012
435000	-1058
436000	872
437000	2126
438000	-222
439000	1090
440000	696
441000	680
442000	-2204
443000	-3018
444000	-3800
445000	-4026
446000	-2156
447000	480
448000	214
449000	1072
450000	746
451000	2330
452000	1864
453000	-104
454000	1232
455000	-1378
456000	-1498
457000	72
458000	6
459000	452
460000	1564
461000	3120
462000	748
463000	-1540
464000	642
465000	-140
466000	-366
467000	552
468000	-694
469000	2090
470000	1718
471000	3392
472000	1684
473000	3374
474000	4094
475000	1930
476000	3054
477000	914
478000	3124
479000	1646
480000	1506
481000	3614
482000	3268
483000	-1286
484000	-3140
485000	-4668
486000	-5644
487000	-5118
488000	-4726
489000	-4378
490000	-3004
491000	-2002
492000	-4064
493000	-688
494000	-94
495000	3598
496000	986
497000	3440
498000	4434
499000	4546
500000	4196
501000	2972
502000	3242
503000	2768
504000	2036
505000	3416
506000	1794
507000	1166
508000	1970
509000	510
510000	858
511000	300
512000	2230
513000	3300
514000	2408
515000	462
516000	2178
517000	2860
518000	2192
519000	430
520000	-676
521000	-1192
522000	-548
523000	444
524000	2096
525000	-258
526000	218
527000	998
528000	-1144
529000	414
530000	1016
531000	-340
532000	1628
533000	250
534000	-2368
535000	-272
536000	-2158
537000	-2900
538000	-3634
539000	-3176
540000	-2920
541000	-2714
542000	-5116
543000	-3792
544000	-2230
545000	-2224
546000	96
547000	-1170
548000	850
549000	-300
550000	-1750
551000	-608
552000	-492
553000	-1562
554000	-70
555000	-1468
556000	182
557000	600
558000	3490
559000	1864
560000	2860
561000	1946
562000	-514
563000	-48
564000	-1280
565000	-2044
566000	-1512
567000	-1242
568000	-1162
569000	352
570000	1136
571000	1232
572000	1700
573000	2288
574000	1074
575000	2132
576000	216
577000	-944
578000	-2804
579000	-2510
580000	-1216
581000	332
582000	580
583000	1956
584000	2102
585000	-334
586000	-1704
587000	-1770
588000	-1306
589000	-802
590000	-164
591000	-866
592000	-58
593000	-848
594000	-1456
595000	-466
596000	-2634
597000	-3206
598000	-2242
599000	-1636
600000	-3542
601000	-2676
602000	-1958
603000	242
604000	-1378
605000	-540
606000	-1898
607000	1394
608000	1490
609000	100
610000	1824
611000	522
612000	-112
613000	-1798
614000	-812
615000	-2674
616000	-2976
617000	-2724
618000	-1834
619000	-1390
620000	-746
621000	260
622000	-440
623000	-1378
624000	-1806
625000	510
626000	210
627000	364
628000	1230
629000	1580
630000	-338
631000	-264
632000	208
633000	-1248
634000	-2100
635000	-4108
636000	-4884
637000	-3530
638000	-2868
639000	-526
640000	504
641000	638
642000	292
643000	86
644000	-480
645000	-1672
646000	1248
647000	938
648000	706
649000	106
650000	282
651000	-546
652000	-350
653000	146
654000	740
655000	1046
656000	628
657000	1338
658000	232
659000	1410
660000	1976
661000	2940
662000	964
663000	598
664000	1036
665000	444
666000	-1248
667000	-874
668000	-498
669000	1210
670000	176
671000	406
672000	-390
673000	-612
674000	-1954
675000	-806
676000	-2740
677000	-1476
678000	-1582
679000	-2206
680000	-1732
681000	-1684
682000	1756
683000	2790
684000	912
685000	720
686000	2214
687000	528
688000	1142
689000	160
690000	1608
691000	572
692000	-1410
693000	578
694000	748
695000	3304
696000	3140
697000	-358
698000	-1576
699000	558
700000	-868
701000	276
702000	-1018
703000	-1520
704000	-160
705000	478
706000	1646
707000	1802
708000	-304
709000	-960
710000	1326
711000	746
712000	-158
713000	-2026
714000	-1570
715000	694
716000	-1334
717000	-2476
718000	-2430
719000	-2082
720000	-512
721000	-828
722000	306
723000	1932
724000	906
725000	2400
726000	2686
727000	4182
728000	2550
729000	2346
730000	2060
731000	1012
732000	3036
733000	3904
734000	2844
735000	3534
736000	3382
737000	1826
738000	948
739000	2466
740000	1868
741000	1768
742000	3198
743000	2592
744000	2382
745000	116
746000	-1710
747000	-2496
748000	-2608
749000	-1718
750000	-1378
751000	-2
752000	688
753000	2468
754000	-294
755000	-2036
756000	-730
757000	236
758000	140
759000	-2450
760000	-3228
761000	-3442
762000	-2908
763000	-2410
764000	-1818
765000	282
766000	-438
767000	-6
768000	-822
769000	-68
770000	-210
771000	1918
772000	2350
773000	1188
774000	-270
775000	-1258
776000	-1364
777000	-1984
778000	-478
779000	-2774
780000	-576
781000	1062
782000	1834
783000	1542
784000	2324
785000	2286
786000	1574
787000	1048
788000	4594
789000	2960
790000	-442
791000	790
792000	948
793000	-506
794000	-58
795000	208
796000	-1726
797000	22
798000	870
799000	3198
800000	2700
801000	2874
802000	2244
803000	1506
804000	588
805000	-2018
806000	-3924
807000	-4030
808000	-1412
809000	-1266
810000	874
811000	406
812000	2250
813000	3712
814000	2244
815000	1112
816000	1310
817000	1642
818000	-514
819000	544
820000	104
821000	-766
822000	-778
823000	-2038
824000	-1054
825000	-290
826000	1140
827000	1628
828000	2950
829000	2574
830000	2000
831000	4008
832000	6372
833000	3136
834000	2974
835000	2070
836000	2482
837000	1128
838000	2706
839000	2450
840000	988
841000	762
842000	1338
843000	994
844000	1604
845000	-102
846000	1104
847000	-234
848000	734
849000	3298
850000	1426
851000	2516
852000	186
853000	936
854000	896
855000	860
856000	3268
857000	1928
858000	786
859000	1028
860000	2730
861000	3036
862000	5648
863000	4556
864000	3674
865000	2474
866000	3740
867000	4796
868000	3576
869000	3028
870000	2158
871000	3706
872000	4980
873000	4752
874000	5024
875000	2434
876000	-1664
877000	-748
878000	-204
879000	154
880000	-1338
881000	-3998
882000	-1548
883000	-90
884000	796
885000	1044
886000	186
887000	1646
888000	580
889000	-912
890000	1718
891000	-320
892000	454
893000	-236
894000	-1804
895000	-1674
896000	-2244
897000	-4132
898000	-2430
899000	-1366
900000	-2056
901000	-1800
902000	-700
903000	1458
904000	-1086
905000	1614
906000	3078
907000	4146
908000	2078
909000	636
910000	2466
911000	992
912000	1750
913000	520
914000	232
915000	1610
916000	1958
917000	-42
918000	-1198
919000	-374
920000	458
921000	660
922000	1072
923000	1016
924000	812
925000	2784
926000	2820
927000	384
928000	132
929000	2552
930000	804
931000	720
932000	792
933000	1018
934000	-1200
935000	-1006
936000	-2742
937000	-2248
938000	460
939000	246
940000	1080
941000	426
942000	2872
943000	2752
944000	2302
945000	2068
946000	1910
947000	-676
948000	1194
949000	-2322
950000	-1720
951000	-774
952000	-164
953000	2458
954000	2136
955000	2802
956000	1754
957000	2330
958000	1550
959000	1286
960000	1452
961000	2320
962000	-778
963000	-2106
964000	-1338
965000	218
966000	582
967000	-270
968000	-2234
969000	1524
970000	-496
971000	1736
972000	2300
973000	3114
974000	2722
975000	2270
976000	2928
977000	3996
978000	4936
979000	3482
980000	2874
981000	2090
982000	560
983000	1958
984000	128
985000	602
986000	1460
987000	1582
988000	2406
989000	3530
990000	3446
991000	1294
992000	-568
993000	1504
994000	304
995000	722
996000	2178
997000	3646
998000	3780
999000	2188
