0	-498
1000	-718
2000	-2334
3000	-2106
4000	-2988
5000	-4666
6000	-5328
7000	-3822
8000	-3326
9000	-3682
10000	-3220
11000	-2204
12000	-3456
13000	-3228
14000	-3474
15000	-3754
16000	-5186
17000	-5238
18000	-6276
19000	-6704
20000	-6002
21000	-7722
22000	-9172
23000	-8566
24000	-8332
25000	-7512
26000	-7708
27000	-8326
28000	-9042
29000	-9740
30000	-9856
31000	-11128
32000	-9840
33000	-10544
34000	-10718
35000	-11558
36000	-11054
37000	-11000
38000	-12180
39000	-13372
40000	-14550
41000	-15210
42000	-15108
43000	-16218
44000	-17850
45000	-17022
46000	-17360
47000	-16052
48000	-15654
49000	-14994
50000	-14668
51000	-15716
52000	-15514
53000	-16608
54000	-17048
55000	-17058
56000	-17496
57000	-17442
58000	-17314
59000	-16872
60000	-17134
61000	-17110
62000	-16954
63000	-16112
64000	-16374
65000	-16782
66000	-16326
67000	-16758
68000	-16640
69000	-16614
70000	-17198
71000	-18360
72000	-17602
73000	-16360
74000	-17658
75000	-17020
76000	-17960
77000	-20068
78000	-19452
79000	-18972
80000	-18006
81000	-18684
82000	-19560
83000	-19782
84000	-19652
85000	-19340
86000	-19774
87000	-19746
88000	-19418
89000	-19118
90000	-19442
91000	-19696
92000	-20024
93000	-19106
94000	-19844
95000	-21150
96000	-21482
97000	-21476
98000	-21432
99000	-21036
100000	-20862
101000	-22032
102000	-22684
103000	-21628
104000	-23108
105000	-23188
106000	-22896
107000	-21754
108000	-20928
109000	-19564
110000	-19270
111000	-19246
112000	-20206
113000	-20602
114000	-21326
115000	-20512
116000	-22560
117000	-22754
118000	-23242
119000	-22394
120000	-22562
121000	-23672
122000	-23848
123000	-23904
124000	-23886
125000	-25150
126000	-25470
127000	-26610
128000	-26124
129000	-26808
130000	-27160
131000	-26874
132000	-26036
133000	-26570
134000	-27958
135000	-27662
136000	-27706
137000	-26778
138000	-27148
139000	-26468
140000	-27010
141000	-27490
142000	-27920
143000	-28096
144000	-27864
145000	-27622
146000	-28564
147000	-28780
148000	-27966
149000	-28276
150000	-28594
151000	-29178
152000	-29620
153000	-29996
154000	-29876
155000	-29562
156000	-29064
157000	-29342
158000	-30332
159000	-29904
160000	-29640
161000	-29462
162000	-29482
163000	-27808
164000	-28012
165000	-28362
166000	-28994
167000	-27692
168000	-27460
169000	-28208
170000	-27506
171000	-27612
172000	-28122
173000	-29030
174000	-28784
175000	-28696
176000	-28512
177000	-28932
178000	-28820
179000	-28738
180000	-28392
181000	-28130
182000	-28696
183000	-29118
184000	-27744
185000	-28114
186000	-27306
187000	-27700
188000	-26888
189000	-26594
190000	-26950
191000	-26460
192000	-26600
193000	-26032
194000	-25808
195000	-25918
196000	-25064
197000	-25180
198000	-26200
199000	-25342
200000	-25510
201000	-23842
202000	-22590
203000	-22178
204000	-22266
205000	-22428
206000	-22396
207000	-21480
208000	-21752
209000	-21666
210000	-22546
211000	-22454
212000	-22154
213000	-21634
214000	-21452
215000	-20926
216000	-21886
217000	-21752
218000	-21920
219000	-21564
220000	-22488
221000	-22932
222000	-22778
223000	-22778
224000	-22492
225000	-23566
226000	-23968
227000	-24206
228000	-25446
229000	-25768
230000	-25564
231000	-24750
232000	-25426
233000	-25524
234000	-25628
235000	-25944
236000	-25402
237000	-24992
238000	-25176
239000	-24638
240000	-26072
241000	-26148
242000	-26352
243000	-26174
244000	-25574
245000	-25356
246000	-25970
247000	-26662
248000	-27116
249000	-26558
250000	-26130
251000	-27000
252000	-28424
253000	-28622
254000	-27972
255000	-28518
256000	-28902
257000	-29138
258000	-29188
259000	-30206
260000	-29636
261000	-29238
262000	-28596
263000	-28752
264000	-28962
265000	-28792
266000	-28516
267000	-28456
268000	-29732
269000	-29646
270000	-30412
271000	-30776
272000	-29690
273000	-29662
274000	-30274
275000	-29398
276000	-29518
277000	-29558
278000	-29354
279000	-29432
280000	-29612
281000	-30148
282000	-30912
283000	-30648
284000	-30454
285000	-30140
286000	-29406
287000	-30012
288000	-29992
289000	-29680
290000	-30136
291000	-29286
292000	-29256
293000	-29294
294000	-29804
295000	-30406
296000	-30778
297000	-30694
298000	-30722
299000	-30942
300000	-31426
301000	-31342
302000	-30312
303000	-31060
304000	-29914
305000	-30374
306000	-30298
307000	-29920
308000	-29828
309000	-30060
310000	-29768
311000	-28884
312000	-29496
313000	-28924
314000	-28414
315000	-28086
316000	-28110
317000	-27582
318000	-28928
319000	-29492
320000	-29804
321000	-29490
322000	-31194
323000	-31158
324000	-30514
325000	-30416
326000	-29262
327000	-30198
328000	-29852
329000	-30422
330000	-29466
331000	-28848
332000	-29582
333000	-30228
334000	-29966
335000	-30688
336000	-31942
337000	-32118
338000	-31222
339000	-32160
340000	-31968
341000	-31820
342000	-31532
343000	-32380
344000	-32694
345000	-33282
346000	-32206
347000	-32184
348000	-31668
349000	-31908
350000	-31232
351000	-30770
352000	-30748
353000	-30176
354000	-29442
355000	-29824
356000	-29626
357000	-29166
358000	-28874
359000	-28844
360000	-29652
361000	-29764
362000	-28592
363000	-27940
364000	-28360
365000	-29058
366000	-28484
367000	-28384
368000	-29848
369000	-29592
370000	-29546
371000	-30328
372000	-29330
373000	-29556
374000	-30314
375000	-30960
376000	-31332
377000	-31720
378000	-31292
379000	-31104
380000	-31648
381000	-31328
382000	-31894
383000	-32406
384000	-32492
385000	-32358
386000	-33328
387000	-33234
388000	-33510
389000	-33402
390000	-33552
391000	-33224
392000	-32536
393000	-33440
394000	-32846
395000	-32034
396000	-31498
397000	-31666
398000	-31822
399000	-31440
400000	-32240
401000	-32838
402000	-33178
403000	-32980
404000	-33250
405000	-32888
406000	-31388
407000	-30918
408000	-30280
409000	-28942
410000	-29454
411000	-29474
412000	-29288
413000	-29478
414000	-28334
415000	-29170
416000	-29348
417000	-29266
418000	-28354
419000	-27978
420000	-28950
421000	-27688
422000	-26780
423000	-27352
424000	-27976
425000	-28600
426000	-29052
427000	-29684
428000	-30442
429000	-29788
430000	-29524
431000	-28926
432000	-29306
433000	-28824
434000	-28854
435000	-29016
436000	-30310
437000	-29828
438000	-28512
439000	-27744
440000	-27630
441000	-27608
442000	-26394
443000	-26282
444000	-26840
445000	-25924
446000	-25260
447000	-25278
448000	-25664
449000	-25152
450000	-25146
451000	-25008
452000	-24744
453000	-24426
454000	-25626
455000	-25384
456000	-25240
457000	-25292
458000	-24746
459000	-25060
460000	-24240
461000	-24614
462000	-23746
463000	-25160
464000	-26568
465000	-26026
466000	-26792
467000	-27098
468000	-27784
469000	-27170
470000	-27280
471000	-26666
472000	-25880
473000	-26116
474000	-27124
475000	-26910
476000	-26832
477000	-27126
478000	-27056
479000	-26078
480000	-26916
481000	-27240
482000	-26482
483000	-26098
484000	-26844
485000	-27144
486000	-27692
487000	-27878
488000	-28566
489000	-28420
490000	-28576
491000	-29286
492000	-29354
493000	-29038
494000	-28906
495000	-29382
496000	-29870
497000	-29788
498000	-29216
499000	-29518
500000	-30060
501000	-29226
502000	-29414
503000	-27932
504000	-27244
505000	-27836
506000	-27306
507000	-27546
508000	-27226
509000	-28314
510000	-27980
511000	-27932
512000	-28102
513000	-28718
514000	-29006
515000	-28496
516000	-28106
517000	-27918
518000	-27660
519000	-27324
520000	-26466
521000	-26186
522000	-26180
523000	-25468
524000	-26008
525000	-26638
526000	-26292
527000	-26114
528000	-25914
529000	-25750
530000	-25656
531000	-27068
532000	-27076
533000	-28306
534000	-28110
535000	-28420
536000	-28688
537000	-28636
538000	-29074
539000	-28736
540000	-29116
541000	-28950
542000	-29866
543000	-28934
544000	-29064
545000	-29646
546000	-29602
547000	-29658
548000	-29462
549000	-28462
550000	-28934
551000	-28866
552000	-29386
553000	-29270
554000	-29494
555000	-29208
556000	-29264
557000	-29002
558000	-27604
559000	-27398
560000	-26904
561000	-27468
562000	-27856
563000	-27636
564000	-27948
565000	-27882
566000	-28934
567000	-28120
568000	-27816
569000	-27526
570000	-28212
571000	-28434
572000	-28110
573000	-27778
574000	-27900
575000	-28798
576000	-29620
577000	-29700
578000	-29818
579000	-29850
580000	-30120
581000	-30068
582000	-30156
583000	-29780
584000	-30370
585000	-29700
586000	-29976
587000	-30000
588000	-30432
589000	-31572
590000	-31306
591000	-32130
592000	-32220
593000	-32790
594000	-32692
595000	-32376
596000	-31400
597000	-31380
598000	-31406
599000	-31422
600000	-31590
601000	-31172
602000	-31604
603000	-31472
604000	-31416
605000	-32300
606000	-32388
607000	-32076
608000	-31284
609000	-30526
610000	-31730
611000	-32144
612000	-32378
613000	-33050
614000	-32550
615000	-32428
616000	-32730
617000	-33648
618000	-33938
619000	-34004
620000	-33338
621000	-33942
622000	-34548
623000	-34628
624000	-34132
625000	-32960
626000	-32950
627000	-33030
628000	-33424
629000	-34074
630000	-34186
631000	-34420
632000	-34550
633000	-33716
634000	-33290
635000	-32644
636000	-32604
637000	-33354
638000	-33218
639000	-32000
640000	-32614
641000	-33604
642000	-34228
643000	-34936
644000	-34826
645000	-35116
646000	-35810
647000	-35578
648000	-35994
649000	-36772
650000	-36928
651000	-37100
652000	-37350
653000	-36978
654000	-36704
655000	-35968
656000	-34984
657000	-35178
658000	-35400
659000	-36144
660000	-36738
661000	-36896
662000	-36572
663000	-35130
664000	-34334
665000	-34502
666000	-35144
667000	-34696
668000	-34830
669000	-35906
670000	-35920
671000	-36282
672000	-36074
673000	-35870
674000	-35272
675000	-35526
676000	-36538
677000	-36764
678000	-36258
679000	-36904
680000	-37586
681000	-38428
682000	-37912
683000	-37684
684000	-37780
685000	-37862
686000	-37400
687000	-37214
688000	-37842
689000	-37398
690000	-36838
691000	-37216
692000	-36522
693000	-36510
694000	-36512
695000	-36360
696000	-35886
697000	-36116
698000	-36606
699000	-36736
700000	-36816
701000	-35746
702000	-36318
703000	-36370
704000	-37470
705000	-36678
706000	-36664
707000	-36454
708000	-36716
709000	-36854
710000	-36958
711000	-36788
712000	-36468
713000	-37192
714000	-36884
715000	-38014
716000	-36718
717000	-36540
718000	-36744
719000	-36496
720000	-37412
721000	-37974
722000	-37988
723000	-37304
724000	-36816
725000	-36786
726000	-36344
727000	-36694
728000	-37398
729000	-37184
730000	-37548
731000	-37582
732000	-38198
733000	-37682
734000	-37540
735000	-37386
736000	-36514
737000	-36712
738000	-36408
739000	-36244
740000	-36874
741000	-36804
742000	-37180
743000	-38000
744000	-37680
745000	-37614
746000	-37874
747000	-38280
748000	-38602
749000	-37578
750000	-37190
751000	-36970
752000	-36388
753000	-37522
754000	-37384
755000	-37150
756000	-37106
757000	-37128
758000	-37400
759000	-36052
760000	-35802
761000	-35810
762000	-35368
763000	-35458
764000	-34432
765000	-33796
766000	-33920
767000	-34494
768000	-33910
769000	-34144
770000	-33800
771000	-32880
772000	-33032
773000	-33376
774000	-33792
775000	-34590
776000	-34428
777000	-35922
778000	-35986
779000	-36456
780000	-36824
781000	-37402
782000	-36864
783000	-36088
784000	-35888
785000	-36136
786000	-36714
787000	-37380
788000	-37732
789000	-37494
790000	-37770
791000	-38158
792000	-37488
793000	-37768
794000	-37266
795000	-36786
796000	-37260
797000	-39262
798000	-39682
799000	-40624
800000	-40480
801000	-41430
802000	-41756
803000	-41722
804000	-42172
805000	-41628
806000	-42644
807000	-42618
808000	-42320
809000	-42622
810000	-42364
811000	-42570
812000	-44210
813000	-42448
814000	-43296
815000	-42902
816000	-43530
817000	-43772
818000	-43646
819000	-43180
820000	-43226
821000	-42818
822000	-43088
823000	-43046
824000	-42608
825000	-43222
826000	-43460
827000	-42880
828000	-43140
829000	-43290
830000	-42708
831000	-41578
832000	-41876
833000	-41866
834000	-41872
835000	-41130
836000	-41292
837000	-41052
838000	-41000
839000	-41690
840000	-41410
841000	-41788
842000	-41590
843000	-41490
844000	-41922
845000	-42536
846000	-43338
847000	-42972
848000	-41500
849000	-41974
850000	-41004
851000	-40384
852000	-39766
853000	-39990
854000	-40328
855000	-40074
856000	-40760
857000	-40368
858000	-40574
859000	-40698
860000	-39972
861000	-40220
862000	-40018
863000	-40352
864000	-41706
865000	-41538
866000	-41224
867000	-41092
868000	-39662
869000	-41658
870000	-41592
871000	-42420
872000	-42558
873000	-41748
874000	-42406
875000	-42604
876000	-43358
877000	-43274
878000	-43038
879000	-42354
880000	-43096
881000	-41612
882000	-41028
883000	-41176
884000	-41796
885000	-42086
886000	-41662
887000	-42984
888000	-43398
889000	-43896
890000	-43078
891000	-43846
892000	-44888
893000	-44750
894000	-44540
895000	-44318
896000	-44178
897000	-43902
898000	-45032
899000	-44406
900000	-44398
901000	-43522
902000	-43952
903000	-44294
904000	-44320
905000	-44630
906000	-44962
907000	-45024
908000	-45044
909000	-45342
910000	-45930
911000	-45758
912000	-45544
913000	-45546
914000	-45072
915000	-45058
916000	-45120
917000	-44966
918000	-44656
919000	-44150
920000	-44956
921000	-45566
922000	-44974
923000	-45332
924000	-45578
925000	-45840
926000	-45546
927000	-45554
928000	-44712
929000	-44632
930000	-44866
931000	-44528
932000	-43824
933000	-43640
934000	-43620
935000	-43638
936000	-42388
937000	-41610
938000	-40666
939000	-40302
940000	-41240
941000	-41448
942000	-41096
943000	-40634
944000	-41490
945000	-41502
946000	-41522
947000	-41722
948000	-42008
949000	-42064
950000	-41842
951000	-41100
952000	-41704
953000	-40336
954000	-39982
955000	-40366
956000	-40966
957000	-41312
958000	-41686
959000	-41132
960000	-40528
961000	-41566
962000	-41948
963000	-41358
964000	-41726
965000	-41938
966000	-41650
967000	-41988
968000	-41796
969000	-41354
970000	-41646
971000	-42034
972000	-42264
973000	-41844
974000	-42662
975000	-42664
976000	-43024
977000	-42950
978000	-42246
979000	-42932
980000	-43584
981000	-43692
982000	-44298
983000	-43870
984000	-44154
985000	-42968
986000	-43938
987000	-43740
988000	-44012
989000	-44732
990000	-43790
991000	-43874
992000	-44776
993000	-45484
994000	-46202
995000	-44906
996000	-44614
997000	-44848
998000	-45916
999000	-46554
