0	168
1000	462
2000	2316
3000	464
4000	3152
5000	1466
6000	1896
7000	1752
8000	1802
9000	3858
10000	2828
11000	3162
12000	4854
13000	6908
14000	7964
15000	7346
16000	7452
17000	6752
18000	7876
19000	8998
20000	10256
21000	12408
22000	12190
23000	11192
24000	12318
25000	10962
26000	11470
27000	12978
28000	12648
29000	13688
30000	15462
31000	14600
32000	14910
33000	16276
34000	15426
35000	17572
36000	15232
37000	14586
38000	15650
39000	15404
40000	15140
41000	15646
42000	17246
43000	17270
44000	17406
45000	16856
46000	17330
47000	17196
48000	17322
49000	15316
50000	15558
51000	17604
52000	17938
53000	17666
54000	17314
55000	17308
56000	16618
57000	14426
58000	16848
59000	17130
60000	16876
61000	16210
62000	14354
63000	15228
64000	16274
65000	15424
66000	16044
67000	16654
68000	16656
69000	16086
70000	16090
71000	16182
72000	17300
73000	16540
74000	15486
75000	16198
76000	13808
77000	12982
78000	12506
79000	12578
80000	13490
81000	14176
82000	13976
83000	13024
84000	12748
85000	13042
86000	12292
87000	12204
88000	12250
89000	11242
90000	10876
91000	9090
92000	7940
93000	8904
94000	7884
95000	8024
96000	7900
97000	9718
98000	12188
99000	14264
100000	13482
101000	12700
102000	12398
103000	11528
104000	10428
105000	11402
106000	10998
107000	10622
108000	9826
109000	9524
110000	9978
111000	10176
112000	8966
113000	8734
114000	11272
115000	11172
116000	10316
117000	9236
118000	7004
119000	7616
120000	6802
121000	7392
122000	7532
123000	6446
124000	7198
125000	6044
126000	6018
127000	5976
128000	5192
129000	4234
130000	3390
131000	3116
132000	3128
133000	4918
134000	4160
135000	4936
136000	4660
137000	4044
138000	4296
139000	3420
140000	4366
141000	4112
142000	4502
143000	4052
144000	3060
145000	2206
146000	2174
147000	2262
148000	1082
149000	594
150000	568
151000	628
152000	260
153000	-324
154000	-1428
155000	-216
156000	-1274
157000	-1142
158000	-622
159000	-1312
160000	-606
161000	-1560
162000	-684
163000	-2164
164000	-1508
165000	-466
166000	-302
167000	-168
168000	-1178
169000	-2864
170000	-878
171000	-2926
172000	-2328
173000	-1740
174000	-1782
175000	-3394
176000	-3012
177000	-4080
178000	-4214
179000	-4112
180000	-3940
181000	-3324
182000	-2156
183000	-2780
184000	-3270
185000	-4340
186000	-4828
187000	-5298
188000	-7946
189000	-7672
190000	-8310
191000	-8624
192000	-8258
193000	-7478
194000	-6022
195000	-5972
196000	-6318
197000	-6648
198000	-6506
199000	-7348
200000	-8004
201000	-9186
202000	-8768
203000	-8770
204000	-8616
205000	-9714
206000	-9032
207000	-8946
208000	-9432
209000	-9662
210000	-9184
211000	-9516
212000	-10066
213000	-11248
214000	-10748
215000	-10914
216000	-11804
217000	-11814
218000	-11708
219000	-10848
220000	-10102
221000	-9118
222000	-9748
223000	-9446
224000	-9508
225000	-8348
226000	-7770
227000	-10236
228000	-7168
229000	-8420
230000	-7446
231000	-7494
232000	-8078
233000	-8386
234000	-9054
235000	-9050
236000	-8286
237000	-9384
238000	-10370
239000	-11186
240000	-11664
241000	-11332
242000	-10896
243000	-11628
244000	-10820
245000	-11214
246000	-11028
247000	-10052
248000	-11528
249000	-13232
250000	-14724
251000	-15674
252000	-16886
253000	-17902
254000	-18050
255000	-18314
256000	-18522
257000	-18472
258000	-17630
259000	-16060
260000	-14596
261000	-14284
262000	-12510
263000	-13120
264000	-13054
265000	-13230
266000	-13550
267000	-14368
268000	-13882
269000	-14326
270000	-12516
271000	-12210
272000	-12532
273000	-15010
274000	-16346
275000	-16118
276000	-14716
277000	-15390
278000	-16338
279000	-15630
280000	-15486
281000	-13624
282000	-15758
283000	-16144
284000	-15698
285000	-15104
286000	-14918
287000	-13900
288000	-13624
289000	-14400
290000	-13756
291000	-14812
292000	-15020
293000	-16526
294000	-15614
295000	-17196
296000	-17600
297000	-18148
298000	-17520
299000	-17144
300000	-16672
301000	-17430
302000	-17728
303000	-18206
304000	-18252
305000	-18358
306000	-17970
307000	-18892
308000	-18948
309000	-16716
310000	-17108
311000	-18122
312000	-18418
313000	-17638
314000	-18014
315000	-18354
316000	-18228
317000	-15794
318000	-15620
319000	-14200
320000	-16150
321000	-16248
322000	-15926
323000	-14542
324000	-13116
325000	-13932
326000	-15308
327000	-17632
328000	-18412
329000	-18494
330000	-19586
331000	-20756
332000	-19094
333000	-18356
334000	-18830
335000	-19498
336000	-19240
337000	-19458
338000	-19954
339000	-19150
340000	-17654
341000	-17132
342000	-17766
343000	-16032
344000	-16008
345000	-14546
346000	-13134
347000	-12572
348000	-12526
349000	-11964
350000	-11752
351000	-11224
352000	-10660
353000	-9014
354000	-8828
355000	-8552
356000	-11492
357000	-11948
358000	-13584
359000	-14092
360000	-13108
361000	-13264
362000	-13270
363000	-12874
364000	-11282
365000	-11664
366000	-10554
367000	-9932
368000	-11086
369000	-11442
370000	-11082
371000	-10334
372000	-9752
373000	-9808
374000	-10102
375000	-9632
376000	-9976
377000	-9976
378000	-9888
379000	-8442
380000	-7340
381000	-8512
382000	-9186
383000	-8872
384000	-9944
385000	-9022
386000	-9552
387000	-9564
388000	-10778
389000	-9390
390000	-10654
391000	-11664
392000	-10540
393000	-11398
394000	-12772
395000	-12080
396000	-12670
397000	-11518
398000	-10550
399000	-8760
400000	-6976
401000	-6932
402000	-7040
403000	-7222
404000	-6062
405000	-6606
406000	-7024
407000	-8092
408000	-8544
409000	-8590
410000	-10004
411000	-9778
412000	-9238
413000	-9390
414000	-10684
415000	-10410
416000	-10794
417000	-11692
418000	-12506
419000	-13000
420000	-13098
421000	-11818
422000	-10964
423000	-12728
424000	-13470
425000	-14644
426000	-15194
427000	-14146
428000	-13660
429000	-13224
430000	-14100
431000	-14898
432000	-14914
433000	-14744
434000	-15780
435000	-15482
436000	-15108
437000	-16122
438000	-16366
439000	-16042
440000	-15476
441000	-15190
442000	-14490
443000	-13402
444000	-12246
445000	-12550
446000	-11572
447000	-11658
448000	-13378
449000	-12874
450000	-10936
451000	-11280
452000	-10636
453000	-12076
454000	-11894
455000	-11510
456000	-13430
457000	-13680
458000	-12864
459000	-12824
460000	-11948
461000	-10304
462000	-10560
463000	-10134
464000	-9798
465000	-9306
466000	-10478
467000	-9324
468000	-7848
469000	-8486
470000	-9354
471000	-9990
472000	-10330
473000	-10616
474000	-11406
475000	-12220
476000	-12904
477000	-13244
478000	-13116
479000	-11516
480000	-12002
481000	-12186
482000	-13030
483000	-12400
484000	-13674
485000	-14042
486000	-15158
487000	-16808
488000	-15882
489000	-17822
490000	-18676
491000	-18500
492000	-17944
493000	-17382
494000	-17090
495000	-17158
496000	-16070
497000	-14280
498000	-12766
499000	-13960
500000	-14838
501000	-16540
502000	-15656
503000	-14874
504000	-14164
505000	-14648
506000	-14486
507000	-14758
508000	-14852
509000	-14702
510000	-14558
511000	-14902
512000	-14560
513000	-15026
514000	-12974
515000	-13624
516000	-12910
517000	-13370
518000	-13170
519000	-11948
520000	-10940
521000	-11758
522000	-11010
523000	-10814
524000	-10198
525000	-11830
526000	-12042
527000	-11480
528000	-10902
529000	-10610
530000	-10678
531000	-11640
532000	-11726
533000	-10658
534000	-10058
535000	-9200
536000	-8614
537000	-7660
538000	-6662
539000	-6642
540000	-7722
541000	-7612
542000	-7792
543000	-8648
544000	-9914
545000	-10058
546000	-11374
547000	-11754
548000	-9384
549000	-10276
550000	-11820
551000	-11628
552000	-12722
553000	-10754
554000	-10254
555000	-10440
556000	-11014
557000	-10702
558000	-11092
559000	-10004
560000	-9542
561000	-9758
562000	-9376
563000	-8918
564000	-9532
565000	-10250
566000	-8772
567000	-8594
568000	-8772
569000	-10008
570000	-10338
571000	-10042
572000	-11510
573000	-10344
574000	-11146
575000	-11270
576000	-12376
577000	-11970
578000	-10486
579000	-10452
580000	-10686
581000	-11154
582000	-12852
583000	-12828
584000	-13250
585000	-13956
586000	-14860
587000	-15086
588000	-13538
589000	-13940
590000	-12936
591000	-13258
592000	-11958
593000	-12780
594000	-13208
595000	-14202
596000	-14206
597000	-14846
598000	-14962
599000	-14740
600000	-16356
601000	-15594
602000	-16116
603000	-17360
604000	-19132
605000	-19678
606000	-19242
607000	-20360
608000	-20286
609000	-19420
610000	-19870
611000	-18446
612000	-18780
613000	-18536
614000	-17886
615000	-18810
616000	-19660
617000	-20536
618000	-19338
619000	-18506
620000	-18540
621000	-17262
622000	-16272
623000	-15164
624000	-14244
625000	-14872
626000	-13836
627000	-14884
628000	-13554
629000	-14396
630000	-14016
631000	-13302
632000	-12774
633000	-13066
634000	-12980
635000	-13082
636000	-12580
637000	-12250
638000	-12360
639000	-13414
640000	-11766
641000	-12240
642000	-11760
643000	-11722
644000	-13756
645000	-12454
646000	-12436
647000	-13358
648000	-13996
649000	-13570
650000	-14186
651000	-13906
652000	-14324
653000	-15228
654000	-16230
655000	-17370
656000	-18204
657000	-18790
658000	-18244
659000	-18556
660000	-18648
661000	-16402
662000	-16130
663000	-18282
664000	-17570
665000	-17738
666000	-17340
667000	-16812
668000	-15862
669000	-16082
670000	-16898
671000	-18252
672000	-18276
673000	-18446
674000	-18270
675000	-17798
676000	-18690
677000	-20418
678000	-20876
679000	-21526
680000	-21062
681000	-19684
682000	-20224
683000	-18368
684000	-18188
685000	-16706
686000	-16918
687000	-18026
688000	-19236
689000	-19578
690000	-21258
691000	-20578
692000	-22656
693000	-22448
694000	-21962
695000	-22280
696000	-23786
697000	-23272
698000	-21408
699000	-20966
700000	-21214
701000	-20336
702000	-20654
703000	-21520
704000	-22054
705000	-22168
706000	-22478
707000	-20774
708000	-19140
709000	-18316
710000	-17834
711000	-18528
712000	-18992
713000	-19368
714000	-21728
715000	-21142
716000	-18850
717000	-18604
718000	-17292
719000	-18048
720000	-17864
721000	-15640
722000	-16644
723000	-15892
724000	-17390
725000	-17338
726000	-15876
727000	-15166
728000	-12598
729000	-11470
730000	-11808
731000	-10396
732000	-10132
733000	-8162
734000	-7798
735000	-6258
736000	-8248
737000	-9348
738000	-9206
739000	-9676
740000	-8774
741000	-9942
742000	-11372
743000	-11780
744000	-11618
745000	-13014
746000	-13172
747000	-13952
748000	-15278
749000	-15746
750000	-16006
751000	-17024
752000	-17314
753000	-17830
754000	-20512
755000	-21168
756000	-19914
757000	-19096
758000	-19902
759000	-20324
760000	-20984
761000	-19502
762000	-21994
763000	-22990
764000	-23646
765000	-22088
766000	-20400
767000	-21212
768000	-21998
769000	-22584
770000	-22084
771000	-21222
772000	-22486
773000	-23376
774000	-22876
775000	-22674
776000	-20878
777000	-21192
778000	-21030
779000	-19856
780000	-21628
781000	-20952
782000	-20658
783000	-21108
784000	-20678
785000	-21872
786000	-19592
787000	-18412
788000	-18046
789000	-19608
790000	-19822
791000	-19780
792000	-19570
793000	-18868
794000	-18030
795000	-18898
796000	-20396
797000	-20640
798000	-19606
799000	-19458
800000	-21516
801000	-20946
802000	-22194
803000	-21582
804000	-22336
805000	-23400
806000	-25984
807000	-26016
808000	-23418
809000	-23076
810000	-23044
811000	-22360
812000	-20238
813000	-21800
814000	-20284
815000	-19390
816000	-20578
817000	-19654
818000	-20840
819000	-22050
820000	-22092
821000	-21534
822000	-20500
823000	-19390
824000	-19278
825000	-19572
826000	-19092
827000	-19554
828000	-18634
829000	-20694
830000	-20602
831000	-20292
832000	-20210
833000	-21800
834000	-22684
835000	-22356
836000	-21994
837000	-23006
838000	-23514
839000	-24634
840000	-24408
841000	-26166
842000	-25276
843000	-25124
844000	-25134
845000	-24828
846000	-24394
847000	-24130
848000	-23916
849000	-25670
850000	-25076
851000	-26624
852000	-27402
853000	-28970
854000	-29028
855000	-31092
856000	-29916
857000	-29758
858000	-29286
859000	-29956
860000	-29172
861000	-28886
862000	-29112
863000	-29416
864000	-28932
865000	-29626
866000	-28516
867000	-29460
868000	-29676
869000	-30668
870000	-30162
871000	-30808
872000	-30374
873000	-30364
874000	-32140
875000	-32156
876000	-32502
877000	-33246
878000	-30138
879000	-31650
880000	-32440
881000	-30224
882000	-30542
883000	-29506
884000	-30230
885000	-29600
886000	-29518
887000	-31702
888000	-32144
889000	-33778
890000	-33600
891000	-33426
892000	-32830
893000	-33220
894000	-34684
895000	-34194
896000	-34928
897000	-34738
898000	-36470
899000	-36292
900000	-34168
901000	-34628
902000	-33926
903000	-33014
904000	-32124
905000	-31752
906000	-31256
907000	-32598
908000	-31946
909000	-32984
910000	-32940
911000	-31740
912000	-31926
913000	-32872
914000	-32938
915000	-31624
916000	-32904
917000	-31816
918000	-32462
919000	-32070
920000	-32470
921000	-33100
922000	-32032
923000	-31406
924000	-31482
925000	-32508
926000	-30574
927000	-28488
928000	-28516
929000	-28520
930000	-29026
931000	-30232
932000	-30730
933000	-30980
934000	-30540
935000	-30176
936000	-29764
937000	-28798
938000	-28322
939000	-27284
940000	-27928
941000	-25594
942000	-25172
943000	-25712
944000	-26546
945000	-26684
946000	-26244
947000	-25300
948000	-25516
949000	-25462
950000	-25328
951000	-24988
952000	-24834
953000	-25324
954000	-25254
955000	-25338
956000	-24006
957000	-23602
958000	-23894
959000	-24544
960000	-22856
961000	-22554
962000	-21224
963000	-22556
964000	-23532
965000	-24234
966000	-23310
967000	-23658
968000	-22422
969000	-23218
970000	-21872
971000	-20754
972000	-18518
973000	-19816
974000	-19634
975000	-18634
976000	-18326
977000	-16858
978000	-18052
979000	-17102
980000	-15744
981000	-13836
982000	-14606
983000	-14192
984000	-13496
985000	-13752
986000	-13280
987000	-13922
988000	-15360
989000	-15604
990000	-15934
991000	-13858
992000	-14638
993000	-14392
994000	-15126
995000	-13208
996000	-13244
997000	-14566
998000	-14014
999000	-13244
