0	-888
1000	844
2000	-578
3000	1688
4000	2948
5000	1856
6000	3718
7000	4504
8000	5186
9000	5050
10000	5792
11000	6470
12000	5538
13000	5434
14000	5212
15000	6468
16000	7292
17000	6840
18000	7308
19000	8178
20000	8844
21000	8310
22000	8732
23000	9510
24000	8526
25000	9900
26000	11062
27000	10860
28000	11194
29000	11276
30000	11466
31000	11628
32000	11970
33000	12192
34000	11980
35000	11988
36000	12774
37000	13174
38000	12986
39000	13276
40000	14122
41000	14384
42000	14946
43000	15166
44000	15620
45000	15338
46000	16332
47000	16358
48000	16796
49000	17032
50000	16782
51000	16954
52000	16604
53000	16498
54000	17738
55000	17396
56000	17688
57000	18192
58000	18106
59000	17618
60000	18122
61000	18412
62000	17562
63000	17938
64000	18376
65000	17916
66000	17892
67000	18044
68000	18544
69000	19040
70000	19336
71000	18924
72000	19630
73000	20064
74000	19998
75000	19844
76000	20066
77000	20720
78000	20144
79000	20568
80000	20362
81000	19540
82000	19438
83000	19448
84000	18794
85000	19034
86000	18850
87000	18550
88000	18572
89000	18600
90000	18306
91000	17874
92000	18094
93000	17426
94000	17430
95000	18052
96000	17644
97000	17180
98000	17038
99000	16792
100000	16896
101000	16874
102000	17140
103000	17182
104000	17018
105000	17394
106000	17534
107000	17552
108000	17780
109000	17890
110000	18200
111000	17492
112000	17104
113000	17472
114000	17722
115000	18168
116000	17702
117000	17978
118000	18264
119000	18292
120000	18354
121000	19052
122000	19028
123000	18914
124000	18514
125000	18346
126000	18504
127000	18434
128000	18500
129000	19128
130000	19316
131000	19072
132000	19164
133000	19388
134000	19484
135000	19136
136000	19098
137000	18612
138000	18454
139000	18854
140000	18692
141000	18692
142000	19502
143000	19642
144000	19412
145000	19988
146000	19734
147000	20068
148000	20332
149000	20292
150000	20284
151000	20510
152000	20994
153000	21048
154000	21180
155000	21602
156000	21048
157000	20938
158000	20748
159000	20718
160000	21118
161000	21302
162000	21848
163000	21394
164000	21230
165000	22000
166000	21802
167000	21760
168000	21964
169000	21834
170000	21986
171000	22648
172000	23462
173000	22758
174000	22646
175000	22620
176000	23074
177000	23736
178000	23400
179000	22604
180000	22500
181000	22290
182000	22722
183000	23158
184000	23220
185000	23524
186000	23514
187000	23766
188000	23754
189000	23638
190000	24210
191000	23998
192000	23566
193000	24032
194000	23530
195000	23104
196000	23190
197000	23086
198000	23566
199000	24642
200000	24940
201000	24746
202000	24538
203000	24024
204000	24398
205000	24614
206000	24632
207000	24320
208000	24320
209000	24272
210000	23744
211000	23542
212000	23698
213000	24032
214000	24266
215000	24348
216000	24546
217000	25400
218000	25712
219000	25414
220000	25616
221000	25218
222000	25286
223000	25508
224000	25720
225000	24542
226000	24832
227000	24918
228000	25264
229000	25936
230000	25986
231000	25954
232000	26388
233000	26490
234000	26318
235000	26922
236000	26848
237000	26988
238000	26848
239000	26492
240000	26218
241000	26426
242000	26646
243000	26550
244000	26264
245000	26476
246000	26254
247000	26316
248000	26282
249000	26118
250000	25856
251000	25902
252000	25836
253000	26086
254000	25868
255000	26174
256000	26142
257000	26250
258000	25988
259000	26094
260000	25880
261000	25570
262000	25824
263000	26268
264000	26114
265000	25934
266000	25576
267000	25544
268000	25916
269000	26206
270000	26252
271000	26930
272000	26726
273000	26386
274000	26538
275000	26512
276000	26286
277000	26242
278000	26240
279000	26630
280000	26914
281000	27604
282000	28378
283000	28486
284000	29022
285000	28616
286000	28146
287000	27904
288000	27332
289000	27418
290000	27060
291000	26746
292000	27120
293000	26628
294000	26820
295000	27200
296000	27372
297000	27258
298000	26986
299000	26944
300000	27474
301000	27974
302000	27644
303000	27824
304000	27944
305000	28110
306000	27906
307000	27942
308000	28128
309000	28288
310000	28330
311000	28406
312000	27744
313000	27510
314000	27364
315000	27986
316000	27840
317000	27664
318000	27138
319000	27364
320000	26802
321000	26806
322000	26618
323000	26588
324000	27084
325000	27210
326000	26832
327000	27460
328000	27226
329000	27096
330000	27258
331000	27184
332000	27486
333000	27468
334000	27600
335000	27768
336000	27832
337000	28058
338000	28268
339000	28954
340000	29514
341000	29624
342000	29644
343000	29472
344000	29492
345000	29902
346000	30010
347000	30206
348000	30056
349000	30552
350000	30634
351000	30548
352000	30468
353000	30970
354000	30268
355000	30470
356000	30098
357000	30390
358000	30176
359000	30288
360000	30434
361000	29918
362000	29314
363000	29280
364000	29670
365000	29524
366000	29396
367000	30170
368000	30128
369000	29830
370000	29494
371000	29228
372000	29132
373000	28854
374000	28808
375000	28908
376000	29018
377000	28834
378000	29054
379000	29116
380000	29664
381000	29516
382000	29404
383000	29470
384000	29116
385000	29046
386000	29564
387000	29660
388000	29442
389000	29484
390000	29252
391000	29304
392000	29434
393000	29712
394000	29412
395000	29398
396000	29394
397000	29576
398000	28930
399000	28616
400000	28776
401000	29104
402000	29514
403000	29548
404000	30086
405000	30100
406000	30664
407000	30832
408000	30110
409000	30348
410000	30096
411000	30026
412000	30024
413000	30140
414000	29836
415000	30550
416000	30746
417000	31146
418000	30658
419000	30946
420000	31004
421000	30614
422000	30972
423000	31094
424000	30894
425000	30912
426000	30940
427000	31142
428000	31194
429000	30798
430000	31046
431000	31336
432000	31948
433000	32202
434000	32744
435000	33218
436000	33110
437000	33390
438000	33348
439000	33650
440000	33458
441000	33582
442000	33772
443000	34010
444000	33466
445000	33812
446000	33912
447000	34720
448000	34912
449000	34668
450000	34674
451000	34466
452000	34934
453000	35034
454000	34708
455000	35080
456000	34916
457000	35058
458000	34966
459000	35012
460000	35508
461000	35236
462000	34846
463000	34702
464000	35124
465000	34436
466000	34678
467000	34312
468000	33712
469000	34152
470000	34060
471000	34418
472000	34522
473000	33882
474000	33970
475000	34350
476000	34602
477000	35118
478000	35086
479000	34764
480000	34910
481000	35218
482000	35134
483000	35468
484000	35342
485000	34888
486000	35128
487000	34738
488000	34856
489000	34398
490000	34684
491000	34292
492000	34434
493000	34438
494000	35062
495000	35020
496000	34998
497000	35584
498000	35654
499000	35688
500000	35706
501000	35456
502000	35628
503000	35774
504000	36410
505000	36204
506000	36180
507000	36042
508000	35850
509000	35672
510000	35616
511000	35420
512000	35156
513000	35512
514000	35204
515000	35870
516000	35764
517000	35688
518000	35334
519000	35638
520000	35354
521000	35274
522000	35340
523000	35618
524000	35844
525000	35282
526000	35424
527000	35420
528000	35436
529000	35218
530000	35308
531000	35104
532000	35324
533000	35616
534000	35574
535000	35630
536000	35630
537000	35378
538000	35628
539000	35590
540000	35544
541000	35516
542000	35438
543000	35564
544000	35106
545000	35350
546000	35438
547000	35612
548000	35786
549000	35748
550000	35688
551000	35520
552000	35410
553000	35450
554000	35828
555000	35876
556000	36030
557000	36226
558000	36222
559000	36250
560000	35934
561000	36132
562000	35924
563000	35930
564000	36042
565000	35664
566000	35320
567000	35236
568000	35142
569000	35218
570000	34948
571000	34984
572000	35196
573000	35492
574000	35184
575000	35172
576000	35042
577000	34918
578000	34902
579000	34726
580000	34554
581000	34118
582000	33916
583000	33556
584000	33304
585000	33298
586000	33232
587000	33260
588000	33052
589000	32878
590000	33074
591000	33500
592000	33396
593000	33014
594000	32960
595000	32974
596000	33304
597000	33238
598000	33186
599000	33052
600000	32806
601000	32692
602000	32864
603000	33010
604000	32980
605000	33264
606000	33704
607000	33426
608000	33510
609000	33698
610000	33404
611000	32906
612000	32542
613000	31800
614000	31526
615000	31262
616000	31278
617000	30916
618000	31058
619000	30948
620000	31126
621000	31240
622000	31752
623000	31798
624000	31850
625000	31820
626000	31686
627000	32090
628000	31574
629000	31594
630000	31418
631000	31464
632000	31422
633000	31548
634000	31370
635000	31422
636000	31548
637000	31712
638000	32192
639000	32356
640000	32566
641000	32504
642000	33480
643000	33270
644000	32922
645000	32800
646000	33324
647000	33358
648000	33240
649000	32868
650000	32544
651000	32578
652000	32384
653000	32848
654000	33128
655000	33210
656000	32748
657000	32464
658000	32862
659000	32876
660000	33210
661000	33470
662000	33224
663000	33506
664000	33646
665000	33630
666000	33694
667000	33464
668000	33620
669000	33378
670000	33132
671000	33244
672000	33632
673000	34594
674000	34310
675000	34288
676000	34390
677000	34500
678000	34178
679000	33830
680000	33262
681000	33176
682000	33028
683000	33360
684000	33426
685000	33468
686000	33270
687000	33222
688000	33526
689000	33356
690000	33606
691000	33710
692000	33846
693000	34106
694000	33772
695000	34060
696000	33738
697000	33788
698000	33834
699000	34152
700000	34074
701000	34450
702000	34408
703000	34402
704000	34840
705000	35026
706000	35316
707000	35286
708000	35622
709000	35326
710000	35328
711000	35610
712000	35182
713000	35146
714000	35498
715000	35958
716000	35848
717000	35660
718000	35706
719000	35756
720000	35638
721000	35602
722000	35354
723000	35516
724000	35924
725000	35858
726000	35632
727000	35772
728000	36086
729000	36190
730000	35944
731000	35958
732000	35706
733000	35356
734000	35432
735000	35518
736000	35826
737000	36218
738000	36164
739000	37078
740000	36996
741000	36976
742000	36678
743000	36834
744000	37216
745000	37724
746000	37684
747000	37934
748000	37790
749000	37646
750000	37352
751000	37074
752000	37438
753000	37660
754000	37268
755000	37626
756000	37736
757000	37710
758000	37230
759000	37468
760000	37340
761000	36790
762000	37276
763000	37206
764000	36856
765000	36732
766000	36752
767000	36792
768000	36994
769000	37118
770000	37564
771000	37848
772000	37658
773000	37638
774000	37792
775000	37870
776000	38002
777000	38330
778000	38088
779000	37880
780000	37810
781000	38096
782000	38452
783000	38210
784000	38124
785000	37926
786000	37202
787000	37216
788000	36576
789000	36686
790000	36744
791000	37010
792000	37150
793000	37234
794000	37706
795000	37524
796000	37450
797000	37294
798000	37204
799000	37294
800000	37314
801000	37322
802000	37764
803000	37682
804000	37610
805000	37450
806000	37766
807000	37452
808000	37128
809000	37278
810000	37504
811000	37448
812000	37132
813000	36974
814000	37016
815000	37038
816000	37244
817000	36764
818000	37066
819000	37064
820000	37070
821000	36920
822000	37660
823000	37636
824000	36998
825000	37208
826000	37320
827000	37000
828000	36994
829000	37042
830000	37344
831000	37392
832000	37700
833000	37530
834000	37682
835000	37826
836000	38000
837000	37718
838000	37562
839000	37138
840000	37308
841000	37672
842000	37712
843000	38014
844000	37862
845000	37894
846000	37814
847000	37860
848000	37764
849000	37200
850000	37178
851000	37038
852000	36836
853000	36582
854000	36842
855000	37156
856000	37420
857000	37430
858000	37574
859000	37654
860000	37438
861000	37216
862000	37074
863000	36870
864000	36774
865000	36856
866000	37002
867000	36910
868000	37004
869000	36834
870000	37022
871000	37148
872000	37134
873000	37356
874000	37256
875000	37142
876000	37258
877000	37628
878000	37622
879000	37312
880000	37458
881000	37304
882000	37226
883000	36904
884000	37292
885000	37314
886000	37272
887000	37700
888000	37926
889000	37642
890000	37368
891000	37246
892000	37410
893000	37232
894000	37012
895000	36738
896000	36642
897000	37310
898000	37308
899000	37222
900000	37372
901000	37382
902000	37114
903000	37262
904000	37324
905000	37094
906000	37064
907000	37078
908000	37310
909000	37466
910000	38074
911000	38170
912000	37888
913000	37760
914000	37844
915000	37702
916000	37816
917000	37752
918000	37702
919000	37818
920000	37488
921000	37382
922000	37192
923000	37434
924000	37732
925000	37454
926000	37052
927000	37322
928000	37310
929000	37478
930000	37154
931000	36778
932000	36654
933000	36702
934000	36482
935000	36538
936000	36882
937000	36416
938000	36346
939000	36240
940000	36506
941000	36668
942000	36440
943000	36462
944000	36242
945000	36156
946000	35922
947000	35280
948000	35820
949000	35230
950000	35624
951000	35206
952000	35058
953000	35118
954000	35364
955000	35500
956000	35678
957000	35334
958000	35496
959000	35398
960000	35302
961000	35468
962000	34890
963000	35256
964000	35430
965000	35546
966000	35636
967000	35638
968000	35854
969000	35458
970000	35270
971000	34870
972000	34690
973000	34494
974000	34698
975000	34848
976000	35128
977000	34860
978000	35030
979000	35156
980000	35660
981000	35898
982000	35690
983000	35318
984000	35274
985000	35342
986000	35660
987000	35498
988000	35816
989000	35914
990000	35736
991000	35878
992000	35398
993000	35616
994000	35278
995000	35522
996000	35482
997000	35908
998000	35784
999000	35500
