0	20
1000	-3332
2000	-4178
3000	-4404
4000	-4646
5000	-3994
6000	-4996
7000	-3862
8000	-3882
9000	-4164
10000	-3582
11000	-4314
12000	-4314
13000	-4398
14000	-4304
15000	-4774
16000	-4102
17000	-4670
18000	-5502
19000	-5650
20000	-5996
21000	-6810
22000	-7192
23000	-8538
24000	-9714
25000	-10008
26000	-9734
27000	-10174
28000	-10218
29000	-9642
30000	-9794
31000	-9912
32000	-11144
33000	-11080
34000	-11610
35000	-12426
36000	-12368
37000	-12178
38000	-12298
39000	-13482
40000	-13960
41000	-15552
42000	-15622
43000	-15852
44000	-16134
45000	-15904
46000	-16934
47000	-17744
48000	-18648
49000	-17732
50000	-18554
51000	-19274
52000	-18734
53000	-18666
54000	-18280
55000	-18892
56000	-19016
57000	-19846
58000	-20138
59000	-20508
60000	-20232
61000	-20706
62000	-20136
63000	-19930
64000	-20230
65000	-20528
66000	-20712
67000	-20728
68000	-21248
69000	-20700
70000	-20220
71000	-20040
72000	-20238
73000	-20856
74000	-20326
75000	-20616
76000	-21422
77000	-21288
78000	-21408
79000	-21376
80000	-21702
81000	-22162
82000	-22364
83000	-22414
84000	-22760
85000	-23502
86000	-23420
87000	-23824
88000	-24238
89000	-24272
90000	-24044
91000	-24190
92000	-24432
93000	-24406
94000	-24698
95000	-24708
96000	-25066
97000	-24778
98000	-25072
99000	-25422
100000	-25378
101000	-25712
102000	-24974
103000	-24898
104000	-25176
105000	-25042
106000	-25140
107000	-24866
108000	-25046
109000	-25176
110000	-25498
111000	-25346
112000	-25440
113000	-25772
114000	-26572
115000	-27040
116000	-27458
117000	-27316
118000	-27558
119000	-27800
120000	-27620
121000	-28010
122000	-28278
123000	-28466
124000	-28334
125000	-28598
126000	-28830
127000	-29374
128000	-29174
129000	-29030
130000	-29226
131000	-29212
132000	-29250
133000	-29246
134000	-29374
135000	-29884
136000	-29770
137000	-29322
138000	-29304
139000	-29272
140000	-29186
141000	-29250
142000	-29554
143000	-29188
144000	-28874
145000	-29112
146000	-28948
147000	-28278
148000	-28624
149000	-28926
150000	-28936
151000	-29122
152000	-28986
153000	-28758
154000	-28988
155000	-29130
156000	-28676
157000	-28780
158000	-29064
159000	-29142
160000	-29244
161000	-29236
162000	-29254
163000	-28750
164000	-28834
165000	-29190
166000	-29382
167000	-29620
168000	-29600
169000	-29364
170000	-29310
171000	-29322
172000	-30000
173000	-29800
174000	-30532
175000	-31014
176000	-31130
177000	-31152
178000	-31212
179000	-31326
180000	-31942
181000	-31640
182000	-32214
183000	-32014
184000	-31904
185000	-32420
186000	-32354
187000	-32640
188000	-33264
189000	-33350
190000	-33072
191000	-33294
192000	-33150
193000	-33332
194000	-32832
195000	-33568
196000	-33494
197000	-33320
198000	-34184
199000	-34434
200000	-34632
201000	-34466
202000	-34332
203000	-34144
204000	-34526
205000	-34590
206000	-34924
207000	-34724
208000	-34620
209000	-34368
210000	-34178
211000	-34136
212000	-34566
213000	-34916
214000	-35352
215000	-34644
216000	-35144
217000	-35374
218000	-35166
219000	-34800
220000	-34908
221000	-34396
222000	-34232
223000	-34548
224000	-34610
225000	-34720
226000	-34616
227000	-35016
228000	-35234
229000	-35876
230000	-35196
231000	-35618
232000	-35434
233000	-35644
234000	-36366
235000	-36536
236000	-36776
237000	-36954
238000	-37016
239000	-37516
240000	-37152
241000	-37368
242000	-37860
243000	-37566
244000	-37512
245000	-37902
246000	-37484
247000	-37332
248000	-37098
249000	-37176
250000	-37440
251000	-37096
252000	-37432
253000	-37776
254000	-38154
255000	-38478
256000	-38466
257000	-38478
258000	-38326
259000	-38520
260000	-38416
261000	-38158
262000	-38626
263000	-38382
264000	-38550
265000	-38476
266000	-38830
267000	-39032
268000	-38842
269000	-38284
270000	-38224
271000	-38384
272000	-38738
273000	-39088
274000	-39072
275000	-39222
276000	-39152
277000	-39344
278000	-39260
279000	-39534
280000	-40176
281000	-40374
282000	-40776
283000	-41164
284000	-40968
285000	-41354
286000	-41392
287000	-41760
288000	-41514
289000	-41120
290000	-41374
291000	-41924
292000	-42074
293000	-42148
294000	-42056
295000	-41886
296000	-41994
297000	-41700
298000	-42316
299000	-42344
300000	-42146
301000	-41790
302000	-41974
303000	-42420
304000	-42090
305000	-42554
306000	-42884
307000	-42814
308000	-43150
309000	-43320
310000	-43546
311000	-43072
312000	-43318
313000	-42862
314000	-42712
315000	-42940
316000	-43276
317000	-43586
318000	-43318
319000	-43654
320000	-43438
321000	-43544
322000	-43254
323000	-43382
324000	-43864
325000	-43794
326000	-44314
327000	-44438
328000	-44374
329000	-45064
330000	-45148
331000	-44910
332000	-45328
333000	-45198
334000	-45180
335000	-45216
336000	-44898
337000	-44790
338000	-44444
339000	-44852
340000	-44448
341000	-44516
342000	-44490
343000	-44982
344000	-45402
345000	-44912
346000	-44926
347000	-45250
348000	-45352
349000	-45360
350000	-45428
351000	-45816
352000	-46152
353000	-46280
354000	-46502
355000	-46794
356000	-46336
357000	-46258
358000	-46660
359000	-47056
360000	-47034
361000	-47226
362000	-47606
363000	-47584
364000	-47670
365000	-47490
366000	-47174
367000	-47018
368000	-47076
369000	-47534
370000	-47786
371000	-47572
372000	-47648
373000	-47926
374000	-47650
375000	-47670
376000	-47864
377000	-47306
378000	-47562
379000	-47580
380000	-48058
381000	-47686
382000	-47282
383000	-47100
384000	-46982
385000	-46926
386000	-46428
387000	-46790
388000	-47026
389000	-46868
390000	-47190
391000	-47094
392000	-47274
393000	-47296
394000	-47244
395000	-47366
396000	-46896
397000	-46766
398000	-46820
399000	-46566
400000	-46486
401000	-46582
402000	-46460
403000	-46694
404000	-46442
405000	-46770
406000	-46770
407000	-46520
408000	-46774
409000	-46856
410000	-47022
411000	-47038
412000	-46276
413000	-46542
414000	-46688
415000	-46586
416000	-46316
417000	-46190
418000	-45800
419000	-45600
420000	-45602
421000	-45438
422000	-45552
423000	-45466
424000	-45624
425000	-45544
426000	-45756
427000	-45804
428000	-46018
429000	-46848
430000	-46590
431000	-46724
432000	-46718
433000	-47070
434000	-46844
435000	-46686
436000	-46780
437000	-46476
438000	-46198
439000	-46316
440000	-46172
441000	-46254
442000	-46460
443000	-46704
444000	-46988
445000	-46458
446000	-46358
447000	-46492
448000	-46482
449000	-46176
450000	-46030
451000	-46320
452000	-47124
453000	-47280
454000	-47324
455000	-47100
456000	-47086
457000	-47076
458000	-47260
459000	-47016
460000	-47170
461000	-47036
462000	-47262
463000	-47508
464000	-47828
465000	-47710
466000	-47706
467000	-48192
468000	-48256
469000	-48344
470000	-48030
471000	-48210
472000	-48264
473000	-48740
474000	-48854
475000	-48536
476000	-48928
477000	-48556
478000	-48220
479000	-48126
480000	-47816
481000	-47800
482000	-48006
483000	-47748
484000	-47420
485000	-47222
486000	-47176
487000	-47034
488000	-46620
489000	-46682
490000	-46852
491000	-46566
492000	-46982
493000	-46628
494000	-46400
495000	-46040
496000	-45998
497000	-45766
498000	-45898
499000	-45980
500000	-45860
501000	-45540
502000	-45582
503000	-45236
504000	-45018
505000	-44812
506000	-45078
507000	-45118
508000	-45646
509000	-45644
510000	-45904
511000	-46004
512000	-45876
513000	-45842
514000	-45766
515000	-45500
516000	-45482
517000	-45666
518000	-45432
519000	-45388
520000	-45090
521000	-45222
522000	-45058
523000	-45026
524000	-44854
525000	-44314
526000	-43712
527000	-43312
528000	-43276
529000	-43380
530000	-43418
531000	-43564
532000	-43824
533000	-44066
534000	-44148
535000	-44154
536000	-44226
537000	-44446
538000	-44706
539000	-45222
540000	-45170
541000	-45404
542000	-45380
543000	-45576
544000	-45106
545000	-45164
546000	-45190
547000	-45132
548000	-44868
549000	-45016
550000	-45048
551000	-44886
552000	-45380
553000	-45680
554000	-45092
555000	-44990
556000	-45388
557000	-45236
558000	-45646
559000	-45884
560000	-46262
561000	-45948
562000	-46016
563000	-45566
564000	-45780
565000	-45334
566000	-45504
567000	-45554
568000	-45864
569000	-46202
570000	-46194
571000	-46340
572000	-46566
573000	-46750
574000	-46568
575000	-46610
576000	-46930
577000	-47202
578000	-46960
579000	-46992
580000	-46798
581000	-47014
582000	-46932
583000	-46774
584000	-46718
585000	-46466
586000	-46358
587000	-45938
588000	-46110
589000	-45990
590000	-45902
591000	-45784
592000	-46156
593000	-46166
594000	-46450
595000	-46674
596000	-46542
597000	-46480
598000	-46432
599000	-46220
600000	-45952
601000	-46494
602000	-46516
603000	-46732
604000	-46364
605000	-46752
606000	-47060
607000	-46938
608000	-46692
609000	-46400
610000	-45948
611000	-45638
612000	-45394
613000	-45226
614000	-45088
615000	-45026
616000	-45192
617000	-44884
618000	-44762
619000	-44646
620000	-44986
621000	-44976
622000	-44978
623000	-45010
624000	-45124
625000	-45204
626000	-44948
627000	-44950
628000	-45078
629000	-45092
630000	-44926
631000	-45036
632000	-45246
633000	-45358
634000	-45204
635000	-45336
636000	-44994
637000	-45124
638000	-45306
639000	-45460
640000	-45500
641000	-44838
642000	-44720
643000	-44658
644000	-44750
645000	-44402
646000	-44620
647000	-44566
648000	-44824
649000	-44400
650000	-44280
651000	-44390
652000	-44440
653000	-44644
654000	-44542
655000	-44604
656000	-44606
657000	-44406
658000	-44138
659000	-44256
660000	-44632
661000	-44694
662000	-44572
663000	-44156
664000	-44082
665000	-44498
666000	-44080
667000	-44230
668000	-44140
669000	-43966
670000	-44042
671000	-43778
672000	-43498
673000	-43396
674000	-43232
675000	-42942
676000	-42996
677000	-42948
678000	-42970
679000	-42990
680000	-42900
681000	-43098
682000	-42884
683000	-42866
684000	-42620
685000	-42300
686000	-42204
687000	-42294
688000	-42584
689000	-42426
690000	-42424
691000	-42364
692000	-42360
693000	-42338
694000	-42316
695000	-42348
696000	-41888
697000	-41654
698000	-41466
699000	-41150
700000	-40856
701000	-40732
702000	-40848
703000	-40640
704000	-40662
705000	-40674
706000	-40426
707000	-40498
708000	-40060
709000	-39958
710000	-39602
711000	-39598
712000	-39658
713000	-39412
714000	-39168
715000	-39180
716000	-39110
717000	-39204
718000	-39080
719000	-38834
720000	-38560
721000	-38232
722000	-38258
723000	-38548
724000	-38464
725000	-38154
726000	-37872
727000	-38142
728000	-38300
729000	-38578
730000	-38656
731000	-38290
732000	-38182
733000	-38126
734000	-38526
735000	-38680
736000	-38512
737000	-38232
738000	-38004
739000	-38322
740000	-38288
741000	-38454
742000	-38550
743000	-38378
744000	-38346
745000	-38000
746000	-37694
747000	-37714
748000	-37674
749000	-37394
750000	-37454
751000	-37556
752000	-37454
753000	-37658
754000	-37484
755000	-37756
756000	-38070
757000	-38046
758000	-37744
759000	-37688
760000	-38028
761000	-38020
762000	-37686
763000	-37748
764000	-37968
765000	-37984
766000	-37906
767000	-37774
768000	-37508
769000	-37702
770000	-37572
771000	-37782
772000	-37948
773000	-37942
774000	-37520
775000	-38028
776000	-37838
777000	-37794
778000	-37716
779000	-37524
780000	-37628
781000	-38202
782000	-38384
783000	-38686
784000	-38428
785000	-38430
786000	-38546
787000	-38044
788000	-37710
789000	-37802
790000	-37722
791000	-37784
792000	-37790
793000	-37836
794000	-37896
795000	-37774
796000	-37808
797000	-38022
798000	-37950
799000	-38228
800000	-38066
801000	-38232
802000	-38214
803000	-37998
804000	-37952
805000	-37794
806000	-37684
807000	-37780
808000	-37550
809000	-37336
810000	-37566
811000	-37570
812000	-37758
813000	-37644
814000	-37642
815000	-37272
816000	-37226
817000	-37052
818000	-37230
819000	-37280
820000	-37370
821000	-37162
822000	-37460
823000	-37338
824000	-37276
825000	-36828
826000	-36714
827000	-36634
828000	-36896
829000	-36616
830000	-36884
831000	-36988
832000	-37018
833000	-36826
834000	-37046
835000	-37070
836000	-36834
837000	-36640
838000	-36478
839000	-36340
840000	-36102
841000	-36184
842000	-36382
843000	-36440
844000	-36754
845000	-36812
846000	-37286
847000	-37298
848000	-37212
849000	-37214
850000	-36892
851000	-37288
852000	-37258
853000	-37338
854000	-37356
855000	-37342
856000	-37094
857000	-36854
858000	-36596
859000	-36724
860000	-36392
861000	-36636
862000	-36742
863000	-36610
864000	-36874
865000	-36780
866000	-36830
867000	-36570
868000	-36156
869000	-35846
870000	-35794
871000	-35490
872000	-35364
873000	-35360
874000	-35414
875000	-35670
876000	-35130
877000	-35326
878000	-35556
879000	-35404
880000	-35500
881000	-35470
882000	-35374
883000	-35276
884000	-35362
885000	-35086
886000	-34932
887000	-35042
888000	-35246
889000	-35388
890000	-35342
891000	-35262
892000	-35130
893000	-34944
894000	-35046
895000	-34576
896000	-34520
897000	-34606
898000	-34602
899000	-34414
900000	-34266
901000	-34138
902000	-34018
903000	-34176
904000	-34298
905000	-34410
906000	-34500
907000	-34448
908000	-34350
909000	-34282
910000	-34032
911000	-33992
912000	-34214
913000	-34576
914000	-34300
915000	-33920
916000	-34198
917000	-34496
918000	-34504
919000	-34400
920000	-34406
921000	-34670
922000	-34554
923000	-34656
924000	-34556
925000	-34384
926000	-34236
927000	-33992
928000	-33926
929000	-33802
930000	-33994
931000	-33552
932000	-33472
933000	-33216
934000	-32900
935000	-32662
936000	-32502
937000	-32588
938000	-32720
939000	-33058
940000	-33002
941000	-33192
942000	-33156
943000	-33264
944000	-33142
945000	-33076
946000	-33034
947000	-33098
948000	-33290
949000	-33452
950000	-33280
951000	-33200
952000	-32856
953000	-32864
954000	-32710
955000	-32474
956000	-32522
957000	-32730
958000	-32676
959000	-32554
960000	-32664
961000	-32470
962000	-32614
963000	-32264
964000	-32404
965000	-32294
966000	-32342
967000	-32478
968000	-32460
969000	-32482
970000	-32498
971000	-32384
972000	-32378
973000	-31942
974000	-31994
975000	-32162
976000	-32590
977000	-32540
978000	-32704
979000	-32268
980000	-32428
981000	-32428
982000	-32014
983000	-32246
984000	-31920
985000	-31814
986000	-31856
987000	-31536
988000	-31926
989000	-31360
990000	-31406
991000	-31606
992000	-31286
993000	-31132
994000	-30728
995000	-30680
996000	-30602
997000	-30278
998000	-29966
999000	-30060
