0	-2178
1000	-2122
2000	-1466
3000	-3148
4000	-5122
5000	-5176
6000	-4352
7000	-3656
8000	-3748
9000	-4894
10000	-4628
11000	-4514
12000	-4920
13000	-2844
14000	-908
15000	-652
16000	-2856
17000	-4760
18000	-6462
19000	-6962
20000	-6848
21000	-5824
22000	-5732
23000	-6498
24000	-7040
25000	-7922
26000	-8070
27000	-8550
28000	-9018
29000	-9582
30000	-8540
31000	-6102
32000	-7040
33000	-7362
34000	-5560
35000	-5062
36000	-4606
37000	-4002
38000	-4364
39000	-4804
40000	-3484
41000	-1782
42000	-2192
43000	-1534
44000	-2790
45000	-2124
46000	-2318
47000	-2696
48000	-1840
49000	-1440
50000	436
51000	-1638
52000	-186
53000	126
54000	-1286
55000	-1612
56000	-1206
57000	-804
58000	900
59000	462
60000	3244
61000	4132
62000	3932
63000	2832
64000	2440
65000	5176
66000	6410
67000	5320
68000	3890
69000	4942
70000	4594
71000	4928
72000	3770
73000	3618
74000	3950
75000	3090
76000	4184
77000	4834
78000	4318
79000	4256
80000	2976
81000	2696
82000	1632
83000	2858
84000	4500
85000	3536
86000	4228
87000	4776
88000	5054
89000	3900
90000	5256
91000	5544
92000	6738
93000	4024
94000	3686
95000	5382
96000	5102
97000	4776
98000	4958
99000	3038
100000	3512
101000	4238
102000	4520
103000	4596
104000	5030
105000	5928
106000	3908
107000	2934
108000	2244
109000	2286
110000	-188
111000	-1120
112000	-1594
113000	-2614
114000	-1120
115000	-1430
116000	-2098
117000	-286
118000	788
119000	1376
120000	-266
121000	330
122000	1124
123000	1692
124000	2160
125000	1420
126000	2098
127000	1404
128000	610
129000	-828
130000	-458
131000	-70
132000	-300
133000	-1102
134000	-2824
135000	-3942
136000	-3378
137000	-2272
138000	-692
139000	-632
140000	-1412
141000	-1374
142000	-1594
143000	-2524
144000	-1756
145000	-1282
146000	-1380
147000	-1266
148000	-1976
149000	-1784
150000	-570
151000	-804
152000	-1060
153000	-1422
154000	-2678
155000	-1638
156000	-500
157000	-718
158000	-3820
159000	-5026
160000	-4656
161000	-8138
162000	-8588
163000	-7052
164000	-5178
165000	-2878
166000	-1520
167000	-1594
168000	-2548
169000	-2642
170000	-3174
171000	-3534
172000	-2468
173000	-1886
174000	-2250
175000	-1650
176000	-2636
177000	-3482
178000	-3364
179000	-4786
180000	-4314
181000	-4218
182000	-5158
183000	-4014
184000	-5430
185000	-5124
186000	-3464
187000	-2272
188000	-3266
189000	-3100
190000	-908
191000	524
192000	1044
193000	1148
194000	1000
195000	702
196000	392
197000	946
198000	104
199000	-918
200000	244
201000	898
202000	1268
203000	3014
204000	2542
205000	-536
206000	-2918
207000	-2556
208000	-2788
209000	-450
210000	1164
211000	2452
212000	3218
213000	3672
214000	2242
215000	1790
216000	2652
217000	3932
218000	2660
219000	2060
220000	2268
221000	2302
222000	1492
223000	318
224000	686
225000	-950
226000	-1868
227000	-2334
228000	-3440
229000	-2690
230000	-2664
231000	-2476
232000	-2702
233000	-2440
234000	-2588
235000	-1598
236000	-2522
237000	-1584
238000	-98
239000	1612
240000	4138
241000	4564
242000	6834
243000	6362
244000	7112
245000	7406
246000	8200
247000	7872
248000	6518
249000	8520
250000	9618
251000	8954
252000	9632
253000	10988
254000	10572
255000	11194
256000	9774
257000	10416
258000	10678
259000	12312
260000	10818
261000	10590
262000	10408
263000	10640
264000	12470
265000	9900
266000	9352
267000	8752
268000	7922
269000	8440
270000	9140
271000	9512
272000	10812
273000	10622
274000	8764
275000	8398
276000	7276
277000	8842
278000	6336
279000	5296
280000	5368
281000	6604
282000	6316
283000	5722
284000	3848
285000	4314
286000	5100
287000	6522
288000	6392
289000	7902
290000	7860
291000	8108
292000	6690
293000	5922
294000	6536
295000	4048
296000	4776
297000	2372
298000	4590
299000	4278
300000	5092
301000	4660
302000	5012
303000	5068
304000	2572
305000	3030
306000	3234
307000	1042
308000	666
309000	1504
310000	-404
311000	830
312000	430
313000	2758
314000	1420
315000	3118
316000	2796
317000	1636
318000	1528
319000	424
320000	1032
321000	2140
322000	3484
323000	3310
324000	3298
325000	2434
326000	1260
327000	840
328000	1616
329000	-154
330000	120
331000	764
332000	156
333000	-380
334000	-982
335000	734
336000	2196
337000	1814
338000	2518
339000	2146
340000	4540
341000	7102
342000	6770
343000	6824
344000	6542
345000	6542
346000	5768
347000	5416
348000	5358
349000	5108
350000	5176
351000	5350
352000	4860
353000	5738
354000	6470
355000	7146
356000	8818
357000	7018
358000	5622
359000	6708
360000	7774
361000	7730
362000	8398
363000	5702
364000	7168
365000	7714
366000	8164
367000	8410
368000	8074
369000	9056
370000	10504
371000	9446
372000	10618
373000	10766
374000	10038
375000	11128
376000	10698
377000	12362
378000	10696
379000	10280
380000	9596
381000	8996
382000	12104
383000	11406
384000	11854
385000	9876
386000	9452
387000	10982
388000	11836
389000	11852
390000	9980
391000	11088
392000	10918
393000	11472
394000	13356
395000	13774
396000	12294
397000	12896
398000	12054
399000	11768
400000	10542
401000	9974
402000	9976
403000	11038
404000	11264
405000	10262
406000	9746
407000	10554
408000	10422
409000	10758
410000	12264
411000	13726
412000	13362
413000	11922
414000	11694
415000	11904
416000	11612
417000	13212
418000	11506
419000	12718
420000	13514
421000	12348
422000	10398
423000	9316
424000	10260
425000	10246
426000	9492
427000	11108
428000	11654
429000	13580
430000	12858
431000	12688
432000	11792
433000	10278
434000	10846
435000	10740
436000	9768
437000	10444
438000	10374
439000	9478
440000	8452
441000	10018
442000	9848
443000	11608
444000	12146
445000	10992
446000	10592
447000	10172
448000	9114
449000	9214
450000	8132
451000	7822
452000	9210
453000	10454
454000	10422
455000	11926
456000	10658
457000	12020
458000	9884
459000	9360
460000	10136
461000	8750
462000	8742
463000	7742
464000	7536
465000	9000
466000	9756
467000	8856
468000	10130
469000	10706
470000	9972
471000	8932
472000	7242
473000	5438
474000	5060
475000	4800
476000	4426
477000	5716
478000	3714
479000	2412
480000	1346
481000	844
482000	1262
483000	2090
484000	1602
485000	538
486000	-148
487000	-94
488000	-350
489000	-44
490000	-868
491000	-2056
492000	-2470
493000	-1924
494000	486
495000	1012
496000	1288
497000	-224
498000	-1840
499000	-1844
500000	-3040
501000	-2962
502000	-3086
503000	-3180
504000	-5602
505000	-6816
506000	-6488
507000	-6494
508000	-6744
509000	-7664
510000	-7502
511000	-3268
512000	-1156
513000	-2180
514000	-1504
515000	-2758
516000	-3354
517000	-1700
518000	-1412
519000	-3162
520000	-4198
521000	-5284
522000	-4350
523000	-5364
524000	-4194
525000	-5002
526000	-3754
527000	-5054
528000	-4824
529000	-6282
530000	-5988
531000	-6162
532000	-8678
533000	-9018
534000	-8076
535000	-7084
536000	-6906
537000	-7322
538000	-7576
539000	-9636
540000	-9872
541000	-9720
542000	-9284
543000	-10214
544000	-8094
545000	-6916
546000	-5130
547000	-6532
548000	-7466
549000	-5596
550000	-5488
551000	-3478
552000	-3806
553000	-4688
554000	-3614
555000	-2676
556000	-1230
557000	-430
558000	-400
559000	-568
560000	-92
561000	92
562000	-1520
563000	-558
564000	-636
565000	334
566000	1272
567000	2206
568000	1362
569000	2426
570000	1282
571000	-552
572000	-1124
573000	-2002
574000	418
575000	-626
576000	-1088
577000	-1954
578000	-1888
579000	-310
580000	2326
581000	2052
582000	1974
583000	2804
584000	3444
585000	4638
586000	3456
587000	2442
588000	730
589000	3160
590000	3216
591000	3364
592000	3254
593000	4838
594000	3344
595000	1210
596000	3388
597000	1480
598000	-808
599000	-1622
600000	220
601000	214
602000	-918
603000	-2158
604000	-1688
605000	-2520
606000	-3126
607000	-3886
608000	-4518
609000	-2900
610000	-2608
611000	-1602
612000	-2474
613000	178
614000	206
615000	2762
616000	3602
617000	3474
618000	5058
619000	4414
620000	5508
621000	4736
622000	6552
623000	5418
624000	6544
625000	8610
626000	8474
627000	6858
628000	7880
629000	6288
630000	5456
631000	5538
632000	4940
633000	6690
634000	4648
635000	4588
636000	5338
637000	5680
638000	5348
639000	4198
640000	3426
641000	4330
642000	5504
643000	4442
644000	5276
645000	7222
646000	5418
647000	4980
648000	3130
649000	2394
650000	2284
651000	2168
652000	3634
653000	2848
654000	3228
655000	4878
656000	4998
657000	4990
658000	6250
659000	6688
660000	5220
661000	5596
662000	5894
663000	5292
664000	4528
665000	4034
666000	4106
667000	4196
668000	5440
669000	3926
670000	2864
671000	1332
672000	608
673000	-2266
674000	-3252
675000	-3470
676000	-4612
677000	-2438
678000	-4048
679000	-4272
680000	-5474
681000	-5854
682000	-3896
683000	-4490
684000	-3230
685000	-3794
686000	-5746
687000	-6536
688000	-6150
689000	-6474
690000	-3794
691000	-3430
692000	-4034
693000	-5034
694000	-4944
695000	-6624
696000	-6714
697000	-5028
698000	-6382
699000	-6514
700000	-4826
701000	-3744
702000	-5748
703000	-6302
704000	-4914
705000	-3584
706000	-3496
707000	-2382
708000	-1436
709000	306
710000	1304
711000	-1078
712000	56
713000	1996
714000	2064
715000	3242
716000	2678
717000	2668
718000	2636
719000	2476
720000	4228
721000	5640
722000	5050
723000	5254
724000	5974
725000	7030
726000	7818
727000	6286
728000	7272
729000	7950
730000	5968
731000	4570
732000	4014
733000	5178
734000	3654
735000	4204
736000	1660
737000	3796
738000	4508
739000	4096
740000	3860
741000	5322
742000	3654
743000	1438
744000	284
745000	-1416
746000	-1392
747000	-1500
748000	-494
749000	1664
750000	1986
751000	982
752000	640
753000	722
754000	1510
755000	4080
756000	3984
757000	4190
758000	5190
759000	5568
760000	6272
761000	7300
762000	6180
763000	7044
764000	7634
765000	6732
766000	7260
767000	6346
768000	7252
769000	8420
770000	9032
771000	10484
772000	9992
773000	10078
774000	8050
775000	8522
776000	8356
777000	8646
778000	7104
779000	6986
780000	5180
781000	4888
782000	3794
783000	2712
784000	28
785000	-1404
786000	-520
787000	-1294
788000	-420
789000	-2422
790000	-3420
791000	-3698
792000	-5994
793000	-6058
794000	-5316
795000	-4852
796000	-3888
797000	-3268
798000	-2652
799000	-4068
800000	-4760
801000	-2340
802000	-3450
803000	-1768
804000	-1984
805000	-2302
806000	-2176
807000	-2756
808000	-2316
809000	-2824
810000	-3312
811000	-2742
812000	-2762
813000	-1204
814000	-2308
815000	-1410
816000	-388
817000	1336
818000	1712
819000	2614
820000	3698
821000	3220
822000	3508
823000	4012
824000	5102
825000	5650
826000	4020
827000	5582
828000	4170
829000	2208
830000	2722
831000	1298
832000	186
833000	-618
834000	-1120
835000	-2012
836000	-2578
837000	-2554
838000	-2028
839000	-1516
840000	-2142
841000	-716
842000	-2246
843000	-2768
844000	-2072
845000	-3964
846000	-4010
847000	-4698
848000	-5912
849000	-6208
850000	-5482
851000	-5984
852000	-5956
853000	-7450
854000	-8716
855000	-8034
856000	-7522
857000	-6520
858000	-6206
859000	-7596
860000	-6892
861000	-5900
862000	-6168
863000	-7690
864000	-7836
865000	-8726
866000	-9626
867000	-9138
868000	-8236
869000	-7776
870000	-9452
871000	-10968
872000	-10292
873000	-12074
874000	-11584
875000	-12818
876000	-12400
877000	-12492
878000	-12862
879000	-12528
880000	-13086
881000	-12750
882000	-12948
883000	-10700
884000	-9928
885000	-7866
886000	-6838
887000	-7374
888000	-8732
889000	-8606
890000	-7776
891000	-7074
892000	-7924
893000	-7094
894000	-8344
895000	-9692
896000	-8774
897000	-9456
898000	-9746
899000	-9884
900000	-8880
901000	-9688
902000	-9354
903000	-10858
904000	-7374
905000	-9788
906000	-10436
907000	-10012
908000	-9834
909000	-9238
910000	-8530
911000	-7870
912000	-8578
913000	-7508
914000	-4456
915000	-4626
916000	-4776
917000	-3998
918000	-4556
919000	-4314
920000	-2296
921000	-2790
922000	-3102
923000	-3730
924000	-5216
925000	-5272
926000	-4532
927000	-2486
928000	-3946
929000	-3776
930000	-1890
931000	-474
932000	-1208
933000	-2462
934000	-3392
935000	-4614
936000	-1214
937000	30
938000	-1802
939000	-614
940000	458
941000	-1166
942000	-1016
943000	-938
944000	-2610
945000	-3104
946000	-4308
947000	-4664
948000	-3508
949000	-2702
950000	-5108
951000	-6932
952000	-6236
953000	-3950
954000	-3264
955000	-3922
956000	-4056
957000	-4708
958000	-5186
959000	-3774
960000	-2358
961000	-2888
962000	-2802
963000	-2114
964000	-3490
965000	-2154
966000	-1344
967000	-2002
968000	-3502
969000	-3258
970000	-4596
971000	-2158
972000	-2896
973000	-2418
974000	-4326
975000	-6176
976000	-7076
977000	-7338
978000	-6234
979000	-4852
980000	-6116
981000	-2594
982000	-2338
983000	-3460
984000	-3658
985000	-2894
986000	-3590
987000	-3940
988000	-3792
989000	-2488
990000	-1126
991000	-1502
992000	-716
993000	262
994000	626
995000	-270
996000	-14
997000	-434
998000	720
999000	172
