0	1084
1000	-110
2000	2242
3000	888
4000	-86
5000	-330
6000	-2690
7000	-1954
8000	-3594
9000	-1698
10000	1326
11000	1026
12000	728
13000	636
14000	2818
15000	3460
16000	3026
17000	1476
18000	2472
19000	778
20000	-920
21000	-500
22000	-1928
23000	-768
24000	-2162
25000	640
26000	2220
27000	2416
28000	3774
29000	2234
30000	2870
31000	3116
32000	3436
33000	3854
34000	1352
35000	1252
36000	1900
37000	144
38000	-238
39000	-984
40000	-2116
41000	506
42000	-102
43000	62
44000	1452
45000	3444
46000	2716
47000	-120
48000	2958
49000	4878
50000	4226
51000	1922
52000	3036
53000	2948
54000	2584
55000	2734
56000	3870
57000	3886
58000	5268
59000	5136
60000	4750
61000	4384
62000	4966
63000	6014
64000	6448
65000	7564
66000	4744
67000	2888
68000	3724
69000	2970
70000	4470
71000	4540
72000	4442
73000	4602
74000	4542
75000	2170
76000	4118
77000	4390
78000	3394
79000	5750
80000	5820
81000	4576
82000	2828
83000	3992
84000	3686
85000	3822
86000	3056
87000	3162
88000	2938
89000	4190
90000	4628
91000	4164
92000	5042
93000	4254
94000	3834
95000	5378
96000	4746
97000	3866
98000	4002
99000	5222
100000	3956
101000	2020
102000	3956
103000	2688
104000	3534
105000	2674
106000	2146
107000	1090
108000	2134
109000	3220
110000	3256
111000	2140
112000	2090
113000	2232
114000	2336
115000	522
116000	2076
117000	1752
118000	2418
119000	710
120000	502
121000	1606
122000	124
123000	2626
124000	2282
125000	-528
126000	146
127000	1176
128000	3142
129000	2046
130000	-152
131000	490
132000	-1264
133000	124
134000	-1682
135000	-1876
136000	-3316
137000	-2602
138000	-2314
139000	-2042
140000	-3088
141000	-3594
142000	-4568
143000	-4370
144000	-3680
145000	-1508
146000	18
147000	-88
148000	-3012
149000	-2704
150000	-250
151000	-1172
152000	578
153000	-2350
154000	-3720
155000	-4678
156000	-3672
157000	-5010
158000	-3706
159000	-2754
160000	-712
161000	-1298
162000	-5172
163000	-5826
164000	-6184
165000	-3404
166000	-2884
167000	-2604
168000	-3748
169000	-2710
170000	-2184
171000	-2198
172000	-1928
173000	-2584
174000	-1290
175000	426
176000	1322
177000	-1226
178000	-1138
179000	-1912
180000	-798
181000	-4012
182000	2146
183000	1594
184000	1360
185000	-678
186000	-556
187000	-888
188000	64
189000	1368
190000	642
191000	-694
192000	666
193000	306
194000	68
195000	772
196000	492
197000	2236
198000	1160
199000	2014
200000	4396
201000	3982
202000	2276
203000	3812
204000	5134
205000	3910
206000	2196
207000	2534
208000	1122
209000	2054
210000	2472
211000	4122
212000	3652
213000	4302
214000	5826
215000	1466
216000	1758
217000	4900
218000	3684
219000	4128
220000	2988
221000	1920
222000	2682
223000	2760
224000	2680
225000	3624
226000	1272
227000	608
228000	3714
229000	2570
230000	1670
231000	-334
232000	-2410
233000	-3468
234000	-6306
235000	-5422
236000	-3782
237000	-3842
238000	-2420
239000	-2856
240000	-3324
241000	-3176
242000	-3470
243000	-4708
244000	-3908
245000	-3608
246000	-5434
247000	-5470
248000	-3518
249000	-2768
250000	-1620
251000	-880
252000	-816
253000	-100
254000	350
255000	2068
256000	1660
257000	570
258000	3344
259000	1748
260000	3668
261000	4026
262000	4956
263000	3780
264000	4352
265000	4544
266000	3390
267000	5096
268000	2348
269000	4762
270000	5708
271000	3996
272000	2566
273000	-1400
274000	-1258
275000	1702
276000	1626
277000	2426
278000	1456
279000	3546
280000	3802
281000	3342
282000	2652
283000	1442
284000	650
285000	-546
286000	-1356
287000	-1694
288000	-1128
289000	-2794
290000	-3952
291000	-3782
292000	-3930
293000	-4766
294000	-3952
295000	-4448
296000	-3856
297000	-1668
298000	-2496
299000	-726
300000	-820
301000	190
302000	3512
303000	2702
304000	1852
305000	2426
306000	5232
307000	3374
308000	2192
309000	450
310000	-484
311000	530
312000	-326
313000	-132
314000	-2876
315000	-3260
316000	-1860
317000	-3022
318000	-4578
319000	-4246
320000	-4114
321000	-4770
322000	-4926
323000	-4014
324000	-5396
325000	-5552
326000	-6614
327000	-6030
328000	-6138
329000	-3272
330000	-4842
331000	-2490
332000	-4132
333000	-3132
334000	-2638
335000	-2118
336000	-3196
337000	-2650
338000	-988
339000	-1370
340000	-774
341000	-2096
342000	-2374
343000	-3200
344000	-3704
345000	-1074
346000	-1698
347000	-1162
348000	-596
349000	-58
350000	-1712
351000	-3150
352000	-2540
353000	-2626
354000	-1050
355000	-3766
356000	-2820
357000	-3484
358000	-2986
359000	-2700
360000	-2690
361000	-3096
362000	-3456
363000	-3288
364000	-1076
365000	-1698
366000	-2592
367000	-1266
368000	-602
369000	-1016
370000	-1886
371000	338
372000	-496
373000	710
374000	-178
375000	-780
376000	-884
377000	1930
378000	1166
379000	1116
380000	2390
381000	2152
382000	2922
383000	3446
384000	3076
385000	1470
386000	1066
387000	2534
388000	3432
389000	3608
390000	4188
391000	2790
392000	3064
393000	4158
394000	2074
395000	2134
396000	162
397000	2842
398000	1658
399000	2510
400000	2652
401000	-1440
402000	-1748
403000	-1336
404000	-232
405000	-664
406000	1670
407000	178
408000	62
409000	-1450
410000	-2286
411000	-3680
412000	-2838
413000	-1504
414000	-758
415000	688
416000	1514
417000	-58
418000	-1348
419000	-418
420000	-912
421000	-2484
422000	-2594
423000	-2270
424000	-1088
425000	-2224
426000	-622
427000	694
428000	754
429000	636
430000	-364
431000	-220
432000	-1046
433000	1366
434000	-2666
435000	-2738
436000	-1046
437000	-1580
438000	542
439000	1286
440000	3600
441000	578
442000	616
443000	968
444000	-54
445000	474
446000	-278
447000	-176
448000	-2668
449000	-4794
450000	-4056
451000	-3110
452000	-2218
453000	-520
454000	-1370
455000	-1648
456000	444
457000	858
458000	860
459000	1868
460000	2594
461000	5538
462000	6272
463000	6124
464000	5912
465000	4038
466000	4768
467000	5264
468000	4020
469000	2648
470000	4120
471000	3216
472000	824
473000	-16
474000	784
475000	-236
476000	506
477000	622
478000	936
479000	680
480000	-716
481000	-1542
482000	-668
483000	-452
484000	382
485000	-890
486000	-484
487000	334
488000	-512
489000	-1598
490000	-2354
491000	-1690
492000	-870
493000	-608
494000	-658
495000	-2282
496000	-508
497000	-3168
498000	-1186
499000	-2786
500000	-1406
501000	-3194
502000	-492
503000	-2006
504000	-344
505000	-552
506000	-62
507000	1526
508000	474
509000	-1362
510000	-2352
511000	1184
512000	-38
513000	-286
514000	1996
515000	1194
516000	-224
517000	-130
518000	2284
519000	1552
520000	690
521000	-2142
522000	-2350
523000	-544
524000	-1228
525000	958
526000	1730
527000	1572
528000	1146
529000	1136
530000	-644
531000	-1386
532000	-1794
533000	-2452
534000	1082
535000	2708
536000	4638
537000	5278
538000	2642
539000	4646
540000	3592
541000	4100
542000	3018
543000	644
544000	158
545000	-118
546000	998
547000	-130
548000	-52
549000	-356
550000	86
551000	510
552000	568
553000	-158
554000	1570
555000	1268
556000	-74
557000	-1358
558000	450
559000	866
560000	778
561000	-1974
562000	-1608
563000	-2308
564000	-4
565000	-2364
566000	-3136
567000	-1996
568000	-1442
569000	-294
570000	-606
571000	386
572000	840
573000	-274
574000	-2
575000	-312
576000	-242
577000	-932
578000	1266
579000	1586
580000	2318
581000	1524
582000	-870
583000	-644
584000	-1686
585000	-1028
586000	2296
587000	384
588000	-10
589000	-398
590000	-116
591000	-1206
592000	-2686
593000	-1260
594000	498
595000	-404
596000	-314
597000	-1018
598000	-396
599000	-80
600000	1898
601000	1042
602000	2192
603000	2836
604000	3002
605000	3538
606000	2622
607000	3426
608000	3268
609000	4556
610000	3546
611000	2324
612000	1176
613000	-500
614000	-1118
615000	-900
616000	-832
617000	-1690
618000	-2944
619000	-806
620000	-2878
621000	-2224
622000	-4074
623000	-3996
624000	-3624
625000	-966
626000	-216
627000	782
628000	2438
629000	1688
630000	556
631000	1664
632000	770
633000	288
634000	806
635000	2690
636000	3282
637000	4480
638000	3296
639000	2694
640000	3374
641000	2286
642000	2566
643000	1014
644000	334
645000	-466
646000	348
647000	-1468
648000	972
649000	488
650000	2746
651000	4050
652000	5364
653000	3922
654000	1532
655000	1296
656000	2960
657000	2366
658000	1734
659000	998
660000	452
661000	50
662000	-1418
663000	-158
664000	158
665000	154
666000	202
667000	724
668000	-562
669000	756
670000	4174
671000	3018
672000	2932
673000	4172
674000	1874
675000	2620
676000	1082
677000	1156
678000	476
679000	370
680000	854
681000	1082
682000	234
683000	-762
684000	-3434
685000	-516
686000	1244
687000	1908
688000	1000
689000	1260
690000	-208
691000	1144
692000	1432
693000	-72
694000	-474
695000	-1128
696000	-248
697000	62
698000	-450
699000	-2780
700000	-1580
701000	-1100
702000	-1864
703000	-2590
704000	-898
705000	-1144
706000	2384
707000	1894
708000	1454
709000	-58
710000	-744
711000	1174
712000	926
713000	686
714000	1842
715000	1482
716000	934
717000	-398
718000	-1474
719000	-732
720000	70
721000	-172
722000	1022
723000	1348
724000	2598
725000	1376
726000	-42
727000	-1872
728000	-1872
729000	-3748
730000	-4286
731000	-3160
732000	-2220
733000	-3072
734000	-3056
735000	-4780
736000	-4310
737000	-3008
738000	-1074
739000	-756
740000	-522
741000	-1908
742000	-1238
743000	-904
744000	42
745000	1426
746000	-2686
747000	-3166
748000	-1868
749000	-1590
750000	-3238
751000	-1418
752000	-796
753000	-1768
754000	-1246
755000	-738
756000	-3118
757000	-2832
758000	-3180
759000	886
760000	1792
761000	922
762000	2594
763000	2134
764000	1182
765000	1622
766000	-792
767000	1798
768000	2420
769000	1254
770000	1238
771000	2772
772000	464
773000	2342
774000	2042
775000	2000
776000	1798
777000	2228
778000	3806
779000	1936
780000	1070
781000	974
782000	1134
783000	-1406
784000	68
785000	986
786000	1290
787000	1450
788000	3354
789000	3732
790000	2354
791000	254
792000	806
793000	-346
794000	-1930
795000	-1224
796000	-114
797000	86
798000	-2200
799000	-3004
800000	-2246
801000	-772
802000	-146
803000	-168
804000	-1048
805000	364
806000	366
807000	-910
808000	-1940
809000	-976
810000	-342
811000	456
812000	1166
813000	194
814000	-2252
815000	1466
816000	592
817000	1890
818000	-160
819000	-354
820000	1066
821000	1190
822000	-138
823000	518
824000	1126
825000	128
826000	-1910
827000	-3426
828000	-2278
829000	-3458
830000	-4274
831000	-4154
832000	-3102
833000	-518
834000	-3160
835000	-2796
836000	-4316
837000	-1622
838000	-2360
839000	-2998
840000	-2814
841000	-1880
842000	-1434
843000	438
844000	64
845000	1026
846000	1062
847000	1700
848000	1098
849000	3062
850000	5820
851000	6374
852000	7000
853000	6224
854000	5060
855000	4028
856000	4612
857000	4026
858000	1656
859000	3210
860000	1990
861000	1304
862000	-524
863000	-230
864000	1992
865000	2182
866000	1942
867000	2194
868000	3790
869000	4706
870000	4148
871000	934
872000	1502
873000	1548
874000	570
875000	-388
876000	1660
877000	434
878000	-1210
879000	574
880000	2180
881000	3372
882000	1716
883000	-64
884000	-348
885000	502
886000	1826
887000	1500
888000	1504
889000	1054
890000	1490
891000	1546
892000	50
893000	1974
894000	78
895000	-38
896000	-2448
897000	-8
898000	-682
899000	-2382
900000	-1994
901000	-2284
902000	-3376
903000	-3426
904000	-1106
905000	300
906000	-32
907000	1072
908000	1048
909000	2032
910000	452
911000	784
912000	-1556
913000	-1516
914000	-778
915000	506
916000	-146
917000	-718
918000	798
919000	-794
920000	568
921000	-694
922000	376
923000	-758
924000	-1472
925000	-896
926000	136
927000	420
928000	240
929000	-172
930000	624
931000	952
932000	-92
933000	1128
934000	1300
935000	2038
936000	-2198
937000	-2508
938000	-3160
939000	-1096
940000	-2866
941000	-2156
942000	-4418
943000	-5102
944000	-3822
945000	-2964
946000	-1922
947000	-3500
948000	-576
949000	-1266
950000	-762
951000	-1620
952000	-1870
953000	-426
954000	676
955000	882
956000	2196
957000	676
958000	2572
959000	-432
960000	76
961000	-480
962000	186
963000	-992
964000	974
965000	1336
966000	1468
967000	1768
968000	1472
969000	2468
970000	2710
971000	3892
972000	2970
973000	528
974000	-1068
975000	60
976000	2590
977000	960
978000	3418
979000	1752
980000	2590
981000	2532
982000	634
983000	1118
984000	678
985000	1716
986000	2354
987000	1814
988000	1908
989000	330
990000	2460
991000	3116
992000	2180
993000	2444
994000	694
995000	1724
996000	-208
997000	-2132
998000	-3688
999000	-3990
