0	1542
1000	352
2000	-706
3000	-2002
4000	-1218
5000	-1200
6000	-858
7000	1248
8000	1560
9000	472
10000	1046
11000	2234
12000	938
13000	-814
14000	-1270
15000	-1048
16000	682
17000	-2452
18000	-2928
19000	-1930
20000	-2280
21000	-714
22000	348
23000	-2240
24000	-4486
25000	-3006
26000	-1672
27000	-2350
28000	-1782
29000	-3292
30000	-1748
31000	-54
32000	-184
33000	530
34000	420
35000	116
36000	-1098
37000	-1578
38000	-1276
39000	-2102
40000	-2426
41000	-968
42000	-2672
43000	-5336
44000	-3504
45000	-5120
46000	-2012
47000	-128
48000	-562
49000	450
50000	88
51000	-1206
52000	1928
53000	2214
54000	2472
55000	2088
56000	628
57000	1250
58000	2212
59000	28
60000	-1544
61000	-4016
62000	-3586
63000	-2044
64000	-706
65000	348
66000	-492
67000	14
68000	-472
69000	-2356
70000	-1812
71000	-2398
72000	-3126
73000	-764
74000	-310
75000	162
76000	-456
77000	-3280
78000	-5380
79000	-1596
80000	-1416
81000	-552
82000	-112
83000	116
84000	-726
85000	-2962
86000	-3620
87000	-2672
88000	-2502
89000	-4734
90000	-5152
91000	-4296
92000	-5812
93000	-6248
94000	-5654
95000	-4444
96000	-5560
97000	-7094
98000	-5032
99000	-5896
100000	-7038
101000	-4582
102000	-4160
103000	-4078
104000	-2430
105000	-1844
106000	-2440
107000	-2772
108000	-1306
109000	-1140
110000	-1578
111000	-1670
112000	-838
113000	-840
114000	-740
115000	-312
116000	750
117000	1418
118000	-252
119000	-314
120000	-1328
121000	1490
122000	870
123000	2332
124000	-138
125000	1536
126000	1932
127000	476
128000	-332
129000	670
130000	362
131000	28
132000	496
133000	1818
134000	474
135000	1484
136000	540
137000	-678
138000	1798
139000	3118
140000	2170
141000	2688
142000	4010
143000	1812
144000	-914
145000	-412
146000	-820
147000	-194
148000	-42
149000	-32
150000	802
151000	288
152000	-566
153000	-568
154000	1534
155000	268
156000	2214
157000	-202
158000	-1722
159000	-2102
160000	-2420
161000	-1698
162000	-882
163000	-1634
164000	-256
165000	-800
166000	222
167000	212
168000	198
169000	-2394
170000	-2582
171000	-1252
172000	-2852
173000	-3098
174000	-3036
175000	-1900
176000	-2236
177000	-4040
178000	-3640
179000	-1534
180000	-1728
181000	-8
182000	750
183000	-744
184000	-574
185000	-1596
186000	976
187000	2722
188000	2534
189000	-304
190000	-1504
191000	1304
192000	1148
193000	4140
194000	5556
195000	3972
196000	3472
197000	5020
198000	4514
199000	4692
200000	5348
201000	4828
202000	4446
203000	822
204000	1694
205000	652
206000	916
207000	2458
208000	1096
209000	-2284
210000	-3482
211000	-5198
212000	-6090
213000	-5838
214000	-5190
215000	-1754
216000	-1044
217000	-990
218000	-678
219000	-1636
220000	102
221000	-1472
222000	-126
223000	2004
224000	1252
225000	1544
226000	938
227000	342
228000	-1506
229000	-1308
230000	-2418
231000	-2670
232000	-3262
233000	-1522
234000	-988
235000	-356
236000	1208
237000	962
238000	3296
239000	2350
240000	3058
241000	1852
242000	502
243000	-1666
244000	-1250
245000	772
246000	242
247000	-12
248000	-690
249000	-2500
250000	-726
251000	-3732
252000	-2788
253000	-24
254000	612
255000	1880
256000	736
257000	460
258000	-384
259000	-1612
260000	-1014
261000	-1494
262000	-1526
263000	1952
264000	998
265000	1916
266000	484
267000	906
268000	-56
269000	-348
270000	-568
271000	708
272000	3794
273000	1586
274000	830
275000	186
276000	1290
277000	1210
278000	2076
279000	2698
280000	-156
281000	190
282000	554
283000	1706
284000	1290
285000	82
286000	836
287000	1600
288000	-16
289000	380
290000	1980
291000	2850
292000	810
293000	352
294000	816
295000	3108
296000	3466
297000	1112
298000	204
299000	-1346
300000	50
301000	600
302000	446
303000	-310
304000	-816
305000	230
306000	460
307000	1620
308000	2602
309000	-816
310000	-140
311000	16
312000	546
313000	1874
314000	1598
315000	-258
316000	1206
317000	136
318000	-278
319000	-46
320000	-16
321000	-3038
322000	-2460
323000	-1984
324000	-1164
325000	1512
326000	2774
327000	3740
328000	2192
329000	2336
330000	1208
331000	614
332000	1154
333000	936
334000	-1218
335000	-3398
336000	-5212
337000	-2556
338000	-4082
339000	-3010
340000	-1440
341000	-958
342000	-1064
343000	-1612
344000	-20
345000	1536
346000	-706
347000	-1272
348000	-2160
349000	-1616
350000	650
351000	-250
352000	-1040
353000	-804
354000	594
355000	-16
356000	544
357000	1140
358000	310
359000	766
360000	-2096
361000	-1088
362000	-2152
363000	-4984
364000	-4238
365000	-2868
366000	-472
367000	466
368000	1018
369000	-198
370000	-1336
371000	536
372000	664
373000	242
374000	20
375000	768
376000	2408
377000	2134
378000	1318
379000	1842
380000	768
381000	-398
382000	64
383000	1430
384000	3234
385000	2458
386000	2954
387000	858
388000	1746
389000	310
390000	-208
391000	464
392000	-96
393000	1226
394000	-782
395000	284
396000	1182
397000	-308
398000	392
399000	588
400000	2176
401000	1084
402000	774
403000	678
404000	3678
405000	1742
406000	2974
407000	1510
408000	3066
409000	2786
410000	1946
411000	-1042
412000	444
413000	1080
414000	894
415000	1870
416000	1790
417000	-158
418000	-308
419000	178
420000	-2822
421000	-3514
422000	-1344
423000	-2364
424000	-170
425000	1924
426000	314
427000	-546
428000	112
429000	-382
430000	486
431000	-844
432000	-1756
433000	-1328
434000	-812
435000	-758
436000	-1050
437000	-2162
438000	-2824
439000	-2610
440000	-648
441000	-1772
442000	-2586
443000	-2676
444000	-3224
445000	-3490
446000	-2368
447000	-1300
448000	-422
449000	-604
450000	174
451000	-706
452000	-1882
453000	-1342
454000	-2016
455000	-3408
456000	-1070
457000	-324
458000	-1698
459000	-1618
460000	-78
461000	-804
462000	100
463000	-1018
464000	446
465000	1744
466000	1402
467000	3768
468000	4790
469000	2754
470000	1764
471000	774
472000	1070
473000	-292
474000	234
475000	2774
476000	1930
477000	2892
478000	5190
479000	3326
480000	3636
481000	3904
482000	2622
483000	1456
484000	2114
485000	324
486000	-34
487000	1918
488000	-468
489000	-1196
490000	1292
491000	2180
492000	-2080
493000	-2626
494000	1000
495000	1292
496000	-542
497000	570
498000	62
499000	-46
500000	1470
501000	-1188
502000	-90
503000	-418
504000	-86
505000	-76
506000	888
507000	1448
508000	1096
509000	-212
510000	-3106
511000	-2484
512000	-2128
513000	-1608
514000	-1860
515000	-3962
516000	-2928
517000	-3120
518000	-1888
519000	-1046
520000	-1200
521000	-78
522000	1836
523000	1938
524000	1800
525000	-1200
526000	562
527000	-1012
528000	-2266
529000	-536
530000	-302
531000	-1440
532000	-632
533000	90
534000	428
535000	-522
536000	10
537000	1440
538000	512
539000	2336
540000	1942
541000	-382
542000	-3114
543000	-980
544000	-1828
545000	-40
546000	4080
547000	2708
548000	694
549000	-3586
550000	-1690
551000	416
552000	-198
553000	-54
554000	2142
555000	1906
556000	2910
557000	2426
558000	786
559000	516
560000	-926
561000	-1230
562000	-2454
563000	-338
564000	-892
565000	-624
566000	640
567000	1568
568000	3066
569000	990
570000	228
571000	-1324
572000	172
573000	-208
574000	-224
575000	2152
576000	544
577000	440
578000	766
579000	3534
580000	4204
581000	3996
582000	3618
583000	5376
584000	3342
585000	2430
586000	2946
587000	3120
588000	1354
589000	964
590000	-926
591000	-1772
592000	-1610
593000	-4188
594000	-3202
595000	-908
596000	-536
597000	-1918
598000	188
599000	-2196
600000	-4484
601000	-3506
602000	-3320
603000	-3310
604000	-5578
605000	-4816
606000	-3170
607000	-2292
608000	-208
609000	312
610000	-642
611000	-1704
612000	-452
613000	-922
614000	-1970
615000	-3104
616000	-1826
617000	-3212
618000	-230
619000	-990
620000	-698
621000	1368
622000	-198
623000	-376
624000	1338
625000	-416
626000	1008
627000	1448
628000	36
629000	1184
630000	1096
631000	-246
632000	268
633000	-1106
634000	-2278
635000	-2146
636000	-798
637000	-1352
638000	-876
639000	-830
640000	-1774
641000	-2446
642000	-390
643000	-1460
644000	-976
645000	-1334
646000	-100
647000	-3782
648000	-674
649000	904
650000	542
651000	1480
652000	1516
653000	-346
654000	750
655000	2610
656000	518
657000	616
658000	3020
659000	3886
660000	3896
661000	472
662000	1336
663000	254
664000	-2286
665000	-2102
666000	1034
667000	316
668000	4026
669000	5518
670000	2894
671000	3368
672000	1826
673000	1812
674000	4296
675000	3262
676000	1692
677000	2032
678000	2280
679000	794
680000	2576
681000	2608
682000	2476
683000	2306
684000	4512
685000	4252
686000	4426
687000	3068
688000	2936
689000	1866
690000	2122
691000	3764
692000	2120
693000	1516
694000	1576
695000	1546
696000	1620
697000	184
698000	712
699000	1390
700000	1508
701000	5142
702000	4778
703000	3224
704000	1524
705000	2524
706000	1920
707000	638
708000	1524
709000	1240
710000	3080
711000	3102
712000	3208
713000	438
714000	-788
715000	-2356
716000	-290
717000	2272
718000	-206
719000	354
720000	2646
721000	292
722000	-290
723000	-588
724000	2196
725000	2220
726000	1580
727000	1344
728000	3504
729000	324
730000	-2066
731000	-698
732000	314
733000	-1724
734000	-552
735000	12
736000	1856
737000	1340
738000	1078
739000	1954
740000	-14
741000	2772
742000	294
743000	702
744000	2678
745000	1094
746000	278
747000	-732
748000	1328
749000	1162
750000	-974
751000	-1584
752000	-512
753000	-1588
754000	-1766
755000	-2344
756000	-1546
757000	-1782
758000	-1126
759000	-1658
760000	-774
761000	-20
762000	-1480
763000	200
764000	3012
765000	1602
766000	202
767000	-56
768000	914
769000	4612
770000	2702
771000	1222
772000	-1438
773000	-510
774000	-866
775000	-2162
776000	-320
777000	304
778000	1968
779000	1014
780000	4428
781000	3362
782000	834
783000	-1008
784000	808
785000	1758
786000	2852
787000	2332
788000	2954
789000	2662
790000	4602
791000	3568
792000	1440
793000	2120
794000	1308
795000	-1590
796000	-208
797000	-590
798000	-898
799000	-2652
800000	-2126
801000	-1928
802000	-1046
803000	1568
804000	1928
805000	2678
806000	2896
807000	2510
808000	3594
809000	1278
810000	-70
811000	466
812000	202
813000	1854
814000	1764
815000	1896
816000	1216
817000	46
818000	-522
819000	946
820000	-868
821000	66
822000	1946
823000	2442
824000	2860
825000	5166
826000	3324
827000	374
828000	570
829000	2650
830000	2838
831000	756
832000	-2906
833000	-2366
834000	-1348
835000	1266
836000	700
837000	420
838000	-62
839000	-2124
840000	-1108
841000	188
842000	-1166
843000	-414
844000	1702
845000	4732
846000	3524
847000	2046
848000	2720
849000	1808
850000	2716
851000	2054
852000	2180
853000	672
854000	2472
855000	2614
856000	750
857000	1976
858000	4382
859000	5154
860000	5404
861000	966
862000	1084
863000	3582
864000	3626
865000	1548
866000	1918
867000	2788
868000	2440
869000	1540
870000	1762
871000	-880
872000	-3056
873000	-1788
874000	-96
875000	-2532
876000	-2558
877000	-4238
878000	-3420
879000	-5756
880000	-1324
881000	1086
882000	1878
883000	1326
884000	3656
885000	3634
886000	5844
887000	3932
888000	1618
889000	3716
890000	2120
891000	1428
892000	1846
893000	2294
894000	2070
895000	2078
896000	1330
897000	-716
898000	938
899000	-1626
900000	-1216
901000	-3358
902000	-3798
903000	-1242
904000	-2932
905000	-180
906000	508
907000	768
908000	974
909000	-578
910000	-1360
911000	424
912000	428
913000	2166
914000	1070
915000	1156
916000	734
917000	-232
918000	906
919000	1838
920000	3392
921000	1880
922000	432
923000	-854
924000	-968
925000	112
926000	698
927000	-208
928000	956
929000	-182
930000	-858
931000	-1254
932000	-160
933000	434
934000	-906
935000	-3444
936000	-3744
937000	-2678
938000	376
939000	962
940000	2808
941000	1958
942000	2502
943000	1068
944000	2292
945000	1462
946000	248
947000	372
948000	-2120
949000	-3214
950000	-4246
951000	-5016
952000	-4678
953000	-4392
954000	-1996
955000	44
956000	-1224
957000	-1170
958000	-1298
959000	-1054
960000	-1468
961000	-424
962000	-2250
963000	154
964000	-1334
965000	-636
966000	-3046
967000	-926
968000	-1422
969000	-380
970000	-1748
971000	-778
972000	-1168
973000	702
974000	-922
975000	458
976000	1596
977000	-130
978000	-636
979000	-640
980000	-1522
981000	-322
982000	-184
983000	-1358
984000	-2956
985000	300
986000	490
987000	256
988000	-672
989000	-92
990000	474
991000	-1452
992000	614
993000	840
994000	1354
995000	630
996000	1672
997000	578
998000	-720
999000	190
