0	-660
1000	-1290
2000	-456
3000	-100
4000	12
5000	618
6000	2240
7000	1354
8000	552
9000	-718
10000	-1190
11000	-1942
12000	-2978
13000	-4248
14000	-4234
15000	-4318
16000	-4610
17000	-4730
18000	-4616
19000	-5376
20000	-4778
21000	-5028
22000	-5238
23000	-5272
24000	-5308
25000	-4752
26000	-4970
27000	-4818
28000	-4528
29000	-3836
30000	-4826
31000	-4986
32000	-5500
33000	-4858
34000	-5862
35000	-5410
36000	-4462
37000	-4432
38000	-2958
39000	-2488
40000	-1786
41000	-2196
42000	-2486
43000	-2970
44000	-2904
45000	-3028
46000	-2884
47000	-2934
48000	-3200
49000	-3692
50000	-3908
51000	-3658
52000	-4152
53000	-3142
54000	-3234
55000	-3282
56000	-4042
57000	-3834
58000	-3818
59000	-3556
60000	-3070
61000	-3178
62000	-3408
63000	-3284
64000	-2830
65000	-2568
66000	-2404
67000	-2464
68000	-2776
69000	-2244
70000	-2384
71000	-2984
72000	-2208
73000	-2310
74000	-2764
75000	-3216
76000	-2594
77000	-2386
78000	-2488
79000	-3324
80000	-2974
81000	-2442
82000	-2002
83000	-1440
84000	-1506
85000	-1166
86000	-386
87000	-198
88000	-434
89000	-286
90000	468
91000	-176
92000	214
93000	790
94000	404
95000	840
96000	956
97000	1892
98000	2474
99000	3102
100000	2294
101000	2902
102000	2184
103000	1080
104000	1124
105000	754
106000	716
107000	934
108000	960
109000	1450
110000	1056
111000	1134
112000	824
113000	656
114000	1466
115000	1484
116000	960
117000	1622
118000	2092
119000	1442
120000	1404
121000	922
122000	1028
123000	912
124000	476
125000	-120
126000	670
127000	-274
128000	36
129000	248
130000	460
131000	412
132000	-102
133000	-424
134000	-318
135000	-318
136000	-734
137000	-666
138000	-1354
139000	-1948
140000	-1324
141000	-1746
142000	-2300
143000	-2320
144000	-2650
145000	-2764
146000	-2810
147000	-2406
148000	-2260
149000	-1856
150000	-1974
151000	-2406
152000	-1974
153000	-2160
154000	-2402
155000	-2138
156000	-1924
157000	-1076
158000	-1450
159000	-822
160000	-874
161000	-342
162000	-20
163000	-8
164000	500
165000	886
166000	1390
167000	1688
168000	1988
169000	1448
170000	2062
171000	2508
172000	2436
173000	2122
174000	2642
175000	1990
176000	1816
177000	1964
178000	2092
179000	1990
180000	2514
181000	2292
182000	2188
183000	1810
184000	2252
185000	2246
186000	1954
187000	2108
188000	2546
189000	2446
190000	1806
191000	1908
192000	1532
193000	1256
194000	714
195000	200
196000	472
197000	664
198000	1340
199000	1496
200000	1874
201000	1662
202000	2354
203000	1904
204000	1622
205000	1382
206000	1734
207000	1904
208000	1466
209000	1044
210000	1238
211000	2096
212000	1756
213000	1798
214000	2202
215000	2034
216000	2562
217000	3048
218000	3012
219000	2832
220000	2694
221000	2390
222000	1434
223000	774
224000	1110
225000	1254
226000	974
227000	418
228000	228
229000	318
230000	258
231000	462
232000	248
233000	480
234000	306
235000	128
236000	552
237000	1422
238000	1362
239000	1518
240000	1696
241000	1696
242000	1334
243000	1832
244000	1936
245000	1726
246000	1574
247000	1032
248000	1558
249000	1020
250000	1024
251000	1142
252000	772
253000	722
254000	818
255000	690
256000	374
257000	-28
258000	-162
259000	-288
260000	-862
261000	-904
262000	-1314
263000	-608
264000	-1180
265000	-1860
266000	-1252
267000	-1062
268000	-1530
269000	-2220
270000	-2512
271000	-2388
272000	-2130
273000	-1678
274000	-1508
275000	-1792
276000	-2174
277000	-1980
278000	-1848
279000	-1762
280000	-2320
281000	-2200
282000	-2276
283000	-1684
284000	-1022
285000	-926
286000	-1192
287000	-870
288000	-610
289000	-334
290000	-78
291000	-286
292000	142
293000	-460
294000	-866
295000	-510
296000	-832
297000	-498
298000	-180
299000	-78
300000	858
301000	712
302000	744
303000	312
304000	-10
305000	-100
306000	-188
307000	-396
308000	-408
309000	-724
310000	-814
311000	-724
312000	-502
313000	-868
314000	-1070
315000	-910
316000	-774
317000	-554
318000	-468
319000	-786
320000	-584
321000	-282
322000	564
323000	302
324000	226
325000	70
326000	876
327000	882
328000	1130
329000	1600
330000	1632
331000	1358
332000	1262
333000	1590
334000	1540
335000	1986
336000	2004
337000	2286
338000	2294
339000	2514
340000	2882
341000	2964
342000	2600
343000	2442
344000	2464
345000	2038
346000	2252
347000	2234
348000	2528
349000	2246
350000	2132
351000	1664
352000	1830
353000	1750
354000	1460
355000	1590
356000	2382
357000	2242
358000	2238
359000	2130
360000	2046
361000	1362
362000	1282
363000	1592
364000	1998
365000	2308
366000	2346
367000	2442
368000	2632
369000	2470
370000	2710
371000	2298
372000	2206
373000	1808
374000	2268
375000	1944
376000	1106
377000	1362
378000	456
379000	286
380000	508
381000	544
382000	408
383000	398
384000	-16
385000	248
386000	616
387000	734
388000	1504
389000	1934
390000	2408
391000	2684
392000	2902
393000	3192
394000	2378
395000	1996
396000	2084
397000	2090
398000	2558
399000	3116
400000	2692
401000	3066
402000	2734
403000	2428
404000	2146
405000	2006
406000	2238
407000	2346
408000	1966
409000	2024
410000	2098
411000	1882
412000	1584
413000	1968
414000	2188
415000	2780
416000	2862
417000	2810
418000	2684
419000	2618
420000	2958
421000	2710
422000	2634
423000	2602
424000	2538
425000	2528
426000	2544
427000	2778
428000	2556
429000	2178
430000	2544
431000	2658
432000	2194
433000	2636
434000	2674
435000	2868
436000	3086
437000	3170
438000	2784
439000	2686
440000	1916
441000	2628
442000	2666
443000	2470
444000	2330
445000	2396
446000	2652
447000	3332
448000	3820
449000	3968
450000	3958
451000	3594
452000	3522
453000	3366
454000	3872
455000	3884
456000	4340
457000	4174
458000	3794
459000	3962
460000	3992
461000	4524
462000	4814
463000	4216
464000	4344
465000	4744
466000	4786
467000	5008
468000	4784
469000	4428
470000	4628
471000	4732
472000	5006
473000	4718
474000	4688
475000	4582
476000	4816
477000	4288
478000	4456
479000	4668
480000	4938
481000	5416
482000	5036
483000	5018
484000	5780
485000	6132
486000	5888
487000	5416
488000	6012
489000	6040
490000	6200
491000	6450
492000	6960
493000	7056
494000	6776
495000	6424
496000	6428
497000	6806
498000	6792
499000	6466
500000	5998
501000	6136
502000	7074
503000	7712
504000	7094
505000	7554
506000	7194
507000	7256
508000	7446
509000	7406
510000	7820
511000	8094
512000	8010
513000	8116
514000	8062
515000	8272
516000	8160
517000	8626
518000	8404
519000	8498
520000	8248
521000	8262
522000	8018
523000	8258
524000	8438
525000	8698
526000	8758
527000	8824
528000	9240
529000	9586
530000	9086
531000	9352
532000	10166
533000	10434
534000	10112
535000	9768
536000	9204
537000	9244
538000	9648
539000	9426
540000	9592
541000	9658
542000	9934
543000	10138
544000	10006
545000	10388
546000	10450
547000	9978
548000	10016
549000	10134
550000	9960
551000	9864
552000	10414
553000	11188
554000	11488
555000	11310
556000	11458
557000	11640
558000	12232
559000	12242
560000	12116
561000	11952
562000	12664
563000	12828
564000	13284
565000	12942
566000	13072
567000	12794
568000	12508
569000	12544
570000	12300
571000	12426
572000	12948
573000	12830
574000	13422
575000	13688
576000	13216
577000	14154
578000	14236
579000	14800
580000	15338
581000	15422
582000	15480
583000	15642
584000	15464
585000	15234
586000	15226
587000	15608
588000	15744
589000	15510
590000	16326
591000	16510
592000	16532
593000	16688
594000	17064
595000	16846
596000	16856
597000	17148
598000	16442
599000	17136
600000	17212
601000	17014
602000	16776
603000	17364
604000	18044
605000	18114
606000	17984
607000	18114
608000	18388
609000	18502
610000	18748
611000	18184
612000	18768
613000	19030
614000	19014
615000	18954
616000	19102
617000	18688
618000	18546
619000	18208
620000	18496
621000	18752
622000	17966
623000	18082
624000	18336
625000	18256
626000	18406
627000	18752
628000	18768
629000	18836
630000	19482
631000	19482
632000	19074
633000	19620
634000	19918
635000	19966
636000	20136
637000	19836
638000	19654
639000	19476
640000	19526
641000	19340
642000	19062
643000	19574
644000	20262
645000	20034
646000	20356
647000	20410
648000	19696
649000	19696
650000	20184
651000	20520
652000	20534
653000	20384
654000	20334
655000	20744
656000	21184
657000	20968
658000	21240
659000	21610
660000	21324
661000	21266
662000	21738
663000	21732
664000	21514
665000	21414
666000	21148
667000	21144
668000	21348
669000	21396
670000	21132
671000	21210
672000	21262
673000	21270
674000	21144
675000	21020
676000	21452
677000	20978
678000	21370
679000	21584
680000	22086
681000	22234
682000	22350
683000	22492
684000	22284
685000	22206
686000	22058
687000	22252
688000	22602
689000	22216
690000	21982
691000	22538
692000	22268
693000	22100
694000	22312
695000	22742
696000	22544
697000	22382
698000	22350
699000	22862
700000	22538
701000	22004
702000	22584
703000	22740
704000	22646
705000	23248
706000	23130
707000	23438
708000	23880
709000	23868
710000	23324
711000	23368
712000	24112
713000	24176
714000	24328
715000	24324
716000	24570
717000	24230
718000	24584
719000	24514
720000	24992
721000	25132
722000	24900
723000	25052
724000	24954
725000	25188
726000	25146
727000	25052
728000	25026
729000	24896
730000	25024
731000	24888
732000	25198
733000	25320
734000	25324
735000	25300
736000	25764
737000	26198
738000	26220
739000	26790
740000	26772
741000	26694
742000	26700
743000	26902
744000	27390
745000	27610
746000	27542
747000	27854
748000	27718
749000	28092
750000	28254
751000	28336
752000	28624
753000	28724
754000	29380
755000	29170
756000	29384
757000	29706
758000	29422
759000	30266
760000	30962
761000	30940
762000	31092
763000	30756
764000	30858
765000	30212
766000	30266
767000	30394
768000	30300
769000	30500
770000	30562
771000	30854
772000	30620
773000	31136
774000	31260
775000	31644
776000	32162
777000	32322
778000	32450
779000	32746
780000	33000
781000	32980
782000	32980
783000	32932
784000	33084
785000	33294
786000	33354
787000	32940
788000	32890
789000	32854
790000	32862
791000	32678
792000	32848
793000	32956
794000	33136
795000	33358
796000	33286
797000	33258
798000	32606
799000	32778
800000	32606
801000	32632
802000	32500
803000	32548
804000	32592
805000	32704
806000	32664
807000	32774
808000	32964
809000	32686
810000	32424
811000	32486
812000	32512
813000	32818
814000	32950
815000	33330
816000	33158
817000	32852
818000	33014
819000	33702
820000	33666
821000	33902
822000	33640
823000	33272
824000	33486
825000	33236
826000	33776
827000	33458
828000	33620
829000	33514
830000	33790
831000	33740
832000	34130
833000	34204
834000	34404
835000	34638
836000	34882
837000	35108
838000	35460
839000	35512
840000	35290
841000	35412
842000	35084
843000	35224
844000	35780
845000	36232
846000	36460
847000	36162
848000	36642
849000	36836
850000	36562
851000	36930
852000	37198
853000	37520
854000	37482
855000	37952
856000	38170
857000	37476
858000	38010
859000	38424
860000	38204
861000	38482
862000	38202
863000	37976
864000	37936
865000	38034
866000	38096
867000	38224
868000	38384
869000	37738
870000	37464
871000	37310
872000	37448
873000	37536
874000	37466
875000	37618
876000	37320
877000	37264
878000	37214
879000	37364
880000	37334
881000	37342
882000	37926
883000	38222
884000	37802
885000	37848
886000	37604
887000	36924
888000	36682
889000	37132
890000	37112
891000	36606
892000	36608
893000	36780
894000	36416
895000	36918
896000	36804
897000	36596
898000	36184
899000	36976
900000	37522
901000	37314
902000	37406
903000	37244
904000	37124
905000	37114
906000	37458
907000	37482
908000	37532
909000	37430
910000	37410
911000	37418
912000	37166
913000	37198
914000	37226
915000	37064
916000	37386
917000	37618
918000	37120
919000	37140
920000	36674
921000	36776
922000	37306
923000	36768
924000	37150
925000	37256
926000	37530
927000	37736
928000	37864
929000	38160
930000	37842
931000	37654
932000	37744
933000	37650
934000	38146
935000	38204
936000	37892
937000	37828
938000	37536
939000	37396
940000	37556
941000	37342
942000	37934
943000	37508
944000	36938
945000	36754
946000	36410
947000	36374
948000	36698
949000	36386
950000	36516
951000	35866
952000	35956
953000	35756
954000	35864
955000	36420
956000	36226
957000	36392
958000	36210
959000	35894
960000	36238
961000	36350
962000	36504
963000	36208
964000	36272
965000	36540
966000	36580
967000	36786
968000	36758
969000	37260
970000	37896
971000	38032
972000	38080
973000	38180
974000	38332
975000	37910
976000	38116
977000	37624
978000	37896
979000	37812
980000	37196
981000	37290
982000	37464
983000	37608
984000	37518
985000	37502
986000	37692
987000	37532
988000	37438
989000	38048
990000	38040
991000	38312
992000	38416
993000	38290
994000	38102
995000	38392
996000	38258
997000	38506
998000	38724
999000	39164
