0	1606
1000	1998
2000	1530
3000	-198
4000	512
5000	974
6000	932
7000	-2706
8000	-5212
9000	-5758
10000	-4294
11000	-3442
12000	-4604
13000	-3882
14000	-2104
15000	-508
16000	-832
17000	132
18000	2394
19000	126
20000	1934
21000	28
22000	-1242
23000	1074
24000	2412
25000	2954
26000	644
27000	1100
28000	1162
29000	-298
30000	-2370
31000	-1474
32000	-1482
33000	-1118
34000	-2272
35000	-1398
36000	-626
37000	-1534
38000	-1786
39000	-3204
40000	-2522
41000	-898
42000	-1692
43000	-1576
44000	-948
45000	320
46000	-1012
47000	70
48000	-1018
49000	1586
50000	1516
51000	2412
52000	-1508
53000	-1156
54000	-842
55000	-120
56000	-902
57000	2294
58000	-204
59000	-542
60000	-494
61000	-442
62000	-2010
63000	-3696
64000	-2104
65000	-3232
66000	-3022
67000	-4618
68000	-3164
69000	-1388
70000	-1640
71000	-414
72000	-1988
73000	-2186
74000	-364
75000	-1794
76000	-2104
77000	-3370
78000	-2448
79000	-4718
80000	-5414
81000	-3648
82000	-4038
83000	-6276
84000	-5794
85000	-5590
86000	-5066
87000	-5310
88000	-4110
89000	-4760
90000	-6262
91000	-4868
92000	-1940
93000	-694
94000	-258
95000	-350
96000	-2380
97000	-226
98000	1094
99000	592
100000	-120
101000	-760
102000	-650
103000	-1776
104000	-710
105000	388
106000	2286
107000	1558
108000	1920
109000	2278
110000	3422
111000	3762
112000	4160
113000	3226
114000	1066
115000	476
116000	92
117000	1386
118000	-2058
119000	-3688
120000	-3664
121000	-3242
122000	-1508
123000	-108
124000	1098
125000	864
126000	2780
127000	3662
128000	2406
129000	1866
130000	3468
131000	3654
132000	750
133000	-366
134000	1296
135000	-360
136000	-2186
137000	-292
138000	-2050
139000	-940
140000	-2590
141000	-1746
142000	-3746
143000	-5924
144000	-5808
145000	-4600
146000	-4652
147000	-6376
148000	-5582
149000	-4464
150000	-2232
151000	-912
152000	-1024
153000	-1174
154000	-1240
155000	434
156000	1772
157000	0
158000	2790
159000	3822
160000	4206
161000	1386
162000	52
163000	1982
164000	2260
165000	2870
166000	2802
167000	1554
168000	1570
169000	1642
170000	1060
171000	-1020
172000	-250
173000	1626
174000	1720
175000	1032
176000	-958
177000	-1134
178000	-2508
179000	-3846
180000	-3186
181000	-4830
182000	-4564
183000	-3222
184000	-1388
185000	-1172
186000	-2294
187000	-970
188000	468
189000	30
190000	-996
191000	-1044
192000	-1652
193000	-178
194000	810
195000	1430
196000	3326
197000	4772
198000	5652
199000	5332
200000	4294
201000	1336
202000	2470
203000	3232
204000	1522
205000	-712
206000	-384
207000	-528
208000	1860
209000	2576
210000	2834
211000	1818
212000	2130
213000	2316
214000	2468
215000	3178
216000	3978
217000	1374
218000	1962
219000	4348
220000	4778
221000	4480
222000	3336
223000	2992
224000	2374
225000	792
226000	-314
227000	-638
228000	280
229000	2986
230000	6052
231000	7014
232000	6122
233000	8264
234000	8392
235000	8568
236000	7710
237000	6538
238000	8438
239000	8118
240000	9212
241000	8246
242000	7188
243000	6834
244000	6344
245000	8106
246000	7172
247000	7044
248000	10774
249000	11320
250000	10042
251000	9826
252000	10308
253000	10556
254000	10902
255000	9178
256000	9386
257000	9678
258000	9534
259000	7884
260000	5542
261000	5714
262000	5518
263000	7240
264000	5968
265000	9066
266000	8650
267000	9214
268000	11032
269000	9918
270000	9288
271000	8224
272000	7320
273000	7792
274000	6628
275000	4600
276000	3678
277000	2660
278000	2218
279000	768
280000	2538
281000	2500
282000	2462
283000	3204
284000	3976
285000	2538
286000	2102
287000	70
288000	1024
289000	-252
290000	-538
291000	464
292000	-210
293000	448
294000	1124
295000	716
296000	-564
297000	68
298000	640
299000	-1440
300000	-3204
301000	-4128
302000	-3158
303000	-2128
304000	-3254
305000	-2584
306000	-782
307000	-576
308000	-1304
309000	-328
310000	2734
311000	1070
312000	348
313000	106
314000	-1456
315000	-1514
316000	834
317000	1278
318000	2048
319000	2408
320000	-230
321000	-162
322000	-862
323000	-94
324000	920
325000	-2240
326000	-1814
327000	-1892
328000	-676
329000	-1064
330000	-3460
331000	-3402
332000	-1544
333000	-2200
334000	-3656
335000	-1080
336000	514
337000	810
338000	1816
339000	406
340000	590
341000	-224
342000	-1842
343000	-956
344000	-808
345000	-1838
346000	-1266
347000	-4204
348000	-3490
349000	-1040
350000	986
351000	-484
352000	1132
353000	966
354000	514
355000	1650
356000	1492
357000	1238
358000	3314
359000	5850
360000	9148
361000	8302
362000	9386
363000	9350
364000	8298
365000	7332
366000	5230
367000	4848
368000	4488
369000	2728
370000	2354
371000	3514
372000	3954
373000	2808
374000	4418
375000	4606
376000	5030
377000	1426
378000	-524
379000	-1434
380000	-2268
381000	-3224
382000	-2996
383000	-2232
384000	-1376
385000	610
386000	-44
387000	-160
388000	-238
389000	1788
390000	2438
391000	1410
392000	1666
393000	3402
394000	2178
395000	2078
396000	1266
397000	2202
398000	1814
399000	2238
400000	3280
401000	1950
402000	-1158
403000	-866
404000	-292
405000	1326
406000	1148
407000	3396
408000	5888
409000	4610
410000	4432
411000	4154
412000	3218
413000	1300
414000	906
415000	338
416000	1530
417000	886
418000	2544
419000	1460
420000	4050
421000	3954
422000	-126
423000	-486
424000	758
425000	3054
426000	1168
427000	-896
428000	-42
429000	142
430000	800
431000	134
432000	44
433000	-1126
434000	-1550
435000	490
436000	-4
437000	-350
438000	-1110
439000	-754
440000	-816
441000	-2680
442000	-130
443000	3538
444000	3102
445000	4126
446000	4832
447000	4606
448000	3896
449000	4846
450000	1664
451000	1730
452000	2500
453000	1250
454000	1880
455000	1936
456000	2882
457000	2198
458000	1114
459000	1422
460000	854
461000	1260
462000	-1158
463000	-270
464000	-1318
465000	-2070
466000	-3438
467000	-3358
468000	-2322
469000	-2130
470000	-2028
471000	-3874
472000	-2386
473000	-2504
474000	-3490
475000	-4098
476000	-6074
477000	-3596
478000	-4948
479000	-3484
480000	-3070
481000	90
482000	-1758
483000	288
484000	1340
485000	1738
486000	1528
487000	1444
488000	594
489000	1812
490000	1948
491000	2382
492000	836
493000	-422
494000	-238
495000	-714
496000	-476
497000	56
498000	-2570
499000	-2592
500000	-2206
501000	-966
502000	202
503000	1462
504000	-648
505000	1014
506000	1950
507000	2414
508000	2038
509000	2168
510000	2452
511000	2698
512000	2174
513000	1082
514000	1688
515000	1088
516000	-174
517000	878
518000	-362
519000	410
520000	578
521000	586
522000	-638
523000	1376
524000	1152
525000	2470
526000	3088
527000	1836
528000	2088
529000	1602
530000	1888
531000	1956
532000	1466
533000	2012
534000	820
535000	794
536000	-56
537000	252
538000	74
539000	-2708
540000	-2166
541000	-1402
542000	-1634
543000	-506
544000	-438
545000	-518
546000	-982
547000	722
548000	-968
549000	-1682
550000	-996
551000	-1706
552000	-2676
553000	-2652
554000	-2840
555000	-3350
556000	-838
557000	-4884
558000	-3514
559000	-2726
560000	-4662
561000	-3212
562000	-2796
563000	-1774
564000	-986
565000	-1854
566000	-888
567000	658
568000	-480
569000	-1720
570000	-4674
571000	-5960
572000	-8536
573000	-6400
574000	-7378
575000	-5698
576000	-6176
577000	-6598
578000	-5412
579000	-4508
580000	-6512
581000	-4658
582000	-2726
583000	-712
584000	-1604
585000	-52
586000	-456
587000	-746
588000	-146
589000	170
590000	774
591000	1062
592000	1794
593000	2796
594000	3990
595000	4354
596000	2838
597000	3370
598000	3044
599000	2352
600000	1928
601000	3058
602000	1568
603000	2178
604000	454
605000	-360
606000	614
607000	502
608000	770
609000	-688
610000	788
611000	-740
612000	-870
613000	-328
614000	134
615000	290
616000	154
617000	1260
618000	3008
619000	4298
620000	3372
621000	4616
622000	4580
623000	4074
624000	2986
625000	894
626000	-476
627000	-2478
628000	-2884
629000	-2050
630000	-3190
631000	-1436
632000	-1444
633000	-1744
634000	-3134
635000	-2360
636000	-4212
637000	-6348
638000	-5106
639000	-5278
640000	-6902
641000	-5690
642000	-3926
643000	-4250
644000	-3134
645000	216
646000	552
647000	516
648000	1674
649000	4476
650000	3578
651000	886
652000	-512
653000	-618
654000	534
655000	-1272
656000	-514
657000	-276
658000	896
659000	1774
660000	3890
661000	2560
662000	1668
663000	1606
664000	-226
665000	-830
666000	320
667000	-320
668000	-868
669000	-294
670000	-2086
671000	-2698
672000	-5218
673000	-5960
674000	-5996
675000	-5152
676000	-6534
677000	-8700
678000	-9876
679000	-8106
680000	-6416
681000	-7454
682000	-7330
683000	-9718
684000	-9394
685000	-8692
686000	-9522
687000	-9270
688000	-9498
689000	-8714
690000	-8414
691000	-8566
692000	-6988
693000	-7730
694000	-5450
695000	-3198
696000	-2248
697000	-4052
698000	-6272
699000	-5728
700000	-4464
701000	-3948
702000	-4650
703000	-7278
704000	-3222
705000	-1696
706000	-1818
707000	-2892
708000	-4380
709000	-4142
710000	-4808
711000	-5314
712000	-5884
713000	-4242
714000	-6918
715000	-5694
716000	-4792
717000	-6504
718000	-6054
719000	-8210
720000	-6596
721000	-3910
722000	-4174
723000	-3172
724000	-2398
725000	-2258
726000	-3308
727000	-2110
728000	-6442
729000	-7624
730000	-8042
731000	-7624
732000	-9530
733000	-8622
734000	-8296
735000	-4842
736000	-3392
737000	-5476
738000	-2416
739000	-3696
740000	-4146
741000	-4012
742000	-4174
743000	-3652
744000	-3134
745000	-3740
746000	-2882
747000	-376
748000	1528
749000	2072
750000	580
751000	1968
752000	1902
753000	1402
754000	2618
755000	3794
756000	4416
757000	3010
758000	4370
759000	5536
760000	4010
761000	2932
762000	2572
763000	1680
764000	2226
765000	0
766000	-266
767000	-1806
768000	-1642
769000	-2778
770000	-900
771000	-4950
772000	-4174
773000	-3336
774000	-1962
775000	-666
776000	-914
777000	-344
778000	-100
779000	172
780000	388
781000	1396
782000	-582
783000	-912
784000	-1402
785000	-854
786000	-1924
787000	-3404
788000	-4418
789000	-4336
790000	-1252
791000	-796
792000	-528
793000	-656
794000	-620
795000	-1568
796000	-946
797000	-2144
798000	-1484
799000	-3500
800000	-2040
801000	172
802000	-2852
803000	-1474
804000	114
805000	-2828
806000	-3566
807000	-2008
808000	-4272
809000	-4822
810000	-3908
811000	-5202
812000	-6906
813000	-6832
814000	-5486
815000	-3134
816000	-742
817000	310
818000	1310
819000	1580
820000	2384
821000	3988
822000	1596
823000	-520
824000	-1356
825000	-872
826000	1994
827000	2722
828000	4698
829000	3748
830000	3014
831000	2560
832000	1172
833000	-366
834000	396
835000	514
836000	720
837000	530
838000	182
839000	678
840000	238
841000	2146
842000	2056
843000	2718
844000	1880
845000	416
846000	1946
847000	1520
848000	2474
849000	688
850000	1012
851000	1348
852000	2654
853000	3134
854000	3766
855000	4100
856000	2744
857000	3114
858000	878
859000	2
860000	1730
861000	-1116
862000	-1622
863000	-1556
864000	-1168
865000	1466
866000	2878
867000	1136
868000	562
869000	-454
870000	-2004
871000	-2148
872000	-2270
873000	-2792
874000	-3352
875000	-2944
876000	-4554
877000	-4030
878000	-3654
879000	-3574
880000	-2774
881000	-2248
882000	-2486
883000	-3356
884000	-4026
885000	-4620
886000	-3840
887000	-1852
888000	-1464
889000	-2510
890000	-176
891000	-216
892000	1148
893000	2712
894000	2258
895000	2628
896000	1418
897000	1162
898000	1132
899000	3586
900000	4846
901000	5434
902000	3332
903000	2814
904000	582
905000	-372
906000	-328
907000	1248
908000	-402
909000	-2702
910000	-1166
911000	-2674
912000	-3382
913000	-4028
914000	-7354
915000	-7278
916000	-5730
917000	-2970
918000	-2580
919000	-234
920000	-268
921000	-294
922000	-324
923000	-2188
924000	-2828
925000	-3714
926000	-2040
927000	-540
928000	-198
929000	482
930000	-158
931000	1242
932000	1642
933000	410
934000	1638
935000	220
936000	536
937000	2310
938000	2970
939000	2790
940000	2032
941000	3804
942000	3996
943000	4190
944000	4234
945000	4400
946000	4168
947000	3496
948000	3760
949000	3406
950000	3678
951000	4884
952000	3240
953000	2760
954000	1450
955000	3170
956000	4928
957000	4128
958000	2960
959000	4304
960000	6058
961000	3774
962000	1574
963000	-360
964000	-1836
965000	-2
966000	-2074
967000	-2594
968000	-2614
969000	-4354
970000	-5026
971000	-3970
972000	-3456
973000	-3796
974000	-3570
975000	-3516
976000	-4230
977000	-4926
978000	-3466
979000	-4406
980000	-5732
981000	-5886
982000	-5134
983000	-5684
984000	-3890
985000	-1892
986000	-2536
987000	-2046
988000	686
989000	2470
990000	3142
991000	3268
992000	2318
993000	236
994000	1224
995000	2266
996000	1752
997000	2040
998000	920
999000	3090
