0	2390
1000	938
2000	1456
3000	-44
4000	2012
5000	2218
6000	1346
7000	2636
8000	2956
9000	3642
10000	4340
11000	3514
12000	3128
13000	3498
14000	2670
15000	2450
16000	1270
17000	756
18000	-394
19000	-860
20000	-1502
21000	-1072
22000	802
23000	-192
24000	2306
25000	630
26000	1282
27000	1802
28000	3252
29000	1866
30000	3332
31000	2890
32000	2456
33000	1002
34000	1518
35000	2324
36000	3280
37000	3406
38000	4742
39000	4038
40000	4572
41000	5202
42000	4866
43000	5464
44000	5004
45000	5998
46000	6846
47000	5906
48000	6370
49000	7964
50000	7398
51000	7774
52000	8036
53000	9404
54000	9192
55000	8314
56000	6724
57000	7688
58000	7254
59000	6922
60000	7908
61000	8678
62000	8806
63000	8598
64000	9154
65000	8374
66000	7602
67000	6932
68000	7536
69000	7978
70000	8606
71000	8928
72000	9160
73000	8708
74000	8568
75000	8000
76000	6372
77000	7756
78000	6050
79000	6756
80000	6006
81000	6162
82000	6244
83000	6954
84000	8436
85000	7860
86000	6492
87000	6562
88000	6264
89000	6078
90000	5818
91000	4808
92000	4872
93000	5052
94000	4002
95000	5076
96000	4874
97000	5606
98000	4326
99000	4806
100000	4942
101000	4788
102000	4380
103000	3464
104000	3312
105000	3886
106000	3520
107000	2898
108000	2562
109000	3754
110000	3792
111000	3164
112000	5662
113000	4964
114000	5006
115000	4426
116000	4084
117000	5428
118000	3058
119000	3864
120000	3466
121000	2388
122000	1616
123000	3200
124000	2454
125000	3306
126000	962
127000	-12
128000	-1190
129000	-562
130000	180
131000	990
132000	734
133000	318
134000	1478
135000	1164
136000	224
137000	-204
138000	-3096
139000	-856
140000	-2580
141000	-3808
142000	-1304
143000	-2110
144000	-2918
145000	-2980
146000	-3280
147000	-2606
148000	-2512
149000	-3942
150000	-2070
151000	-1012
152000	-232
153000	958
154000	1156
155000	412
156000	-804
157000	-362
158000	-1014
159000	-1468
160000	-1844
161000	-2196
162000	-1600
163000	-1572
164000	-1126
165000	-1252
166000	-258
167000	-564
168000	168
169000	1020
170000	1512
171000	1280
172000	388
173000	-50
174000	2226
175000	1616
176000	1408
177000	2274
178000	3538
179000	5718
180000	6962
181000	8322
182000	8040
183000	8830
184000	10710
185000	11074
186000	10092
187000	9644
188000	10088
189000	11280
190000	9194
191000	10164
192000	10498
193000	8486
194000	9602
195000	8672
196000	8700
197000	10754
198000	10846
199000	12336
200000	12414
201000	12316
202000	11318
203000	9546
204000	8346
205000	9962
206000	9178
207000	9730
208000	10056
209000	8886
210000	8060
211000	7264
212000	7894
213000	8034
214000	7900
215000	8190
216000	6586
217000	7482
218000	7156
219000	6224
220000	7490
221000	6030
222000	6702
223000	5510
224000	6754
225000	6616
226000	7958
227000	7742
228000	4328
229000	2712
230000	2782
231000	3284
232000	4762
233000	4308
234000	4776
235000	3982
236000	4438
237000	4620
238000	4644
239000	5008
240000	6106
241000	5716
242000	4840
243000	5508
244000	6040
245000	7228
246000	7798
247000	7494
248000	7200
249000	7366
250000	7712
251000	8544
252000	9376
253000	9534
254000	8416
255000	8324
256000	8614
257000	7706
258000	8004
259000	8116
260000	7308
261000	7196
262000	7458
263000	6902
264000	7412
265000	6500
266000	6118
267000	5742
268000	6258
269000	6178
270000	7478
271000	7824
272000	8074
273000	7910
274000	10066
275000	9544
276000	8750
277000	8390
278000	6980
279000	7830
280000	10370
281000	11780
282000	12568
283000	11666
284000	12000
285000	9922
286000	9176
287000	7810
288000	9224
289000	7742
290000	7488
291000	6680
292000	7726
293000	7626
294000	7516
295000	7610
296000	7704
297000	7928
298000	7534
299000	8058
300000	7940
301000	6532
302000	5698
303000	5090
304000	5746
305000	5480
306000	5650
307000	3352
308000	3592
309000	2376
310000	3206
311000	2804
312000	1558
313000	3064
314000	1578
315000	1798
316000	910
317000	2988
318000	3896
319000	1674
320000	730
321000	-124
322000	654
323000	1572
324000	1782
325000	1650
326000	2962
327000	4490
328000	4136
329000	4512
330000	3950
331000	6212
332000	6460
333000	7932
334000	8666
335000	9424
336000	9554
337000	10148
338000	10202
339000	10808
340000	10516
341000	9938
342000	10036
343000	9562
344000	10536
345000	11754
346000	12168
347000	11126
348000	11350
349000	12152
350000	13096
351000	13680
352000	12568
353000	13014
354000	12906
355000	12668
356000	13448
357000	13888
358000	15250
359000	14476
360000	15598
361000	16748
362000	16918
363000	17102
364000	17088
365000	17002
366000	15728
367000	15592
368000	16926
369000	17352
370000	15888
371000	15260
372000	16712
373000	15594
374000	15648
375000	16044
376000	16052
377000	17304
378000	15760
379000	14766
380000	14764
381000	15258
382000	16390
383000	17100
384000	16450
385000	15508
386000	16140
387000	15934
388000	15922
389000	15108
390000	13990
391000	13094
392000	13806
393000	13108
394000	11904
395000	11692
396000	11400
397000	11548
398000	11318
399000	12218
400000	11882
401000	11630
402000	13096
403000	14302
404000	14720
405000	15180
406000	15542
407000	16180
408000	16560
409000	16796
410000	17746
411000	18230
412000	17920
413000	17774
414000	19084
415000	19050
416000	17088
417000	18884
418000	18136
419000	19130
420000	18442
421000	19472
422000	18886
423000	18982
424000	20492
425000	19436
426000	19738
427000	19554
428000	19778
429000	20816
430000	21292
431000	22488
432000	21680
433000	21780
434000	21728
435000	20614
436000	19888
437000	20594
438000	20300
439000	17678
440000	17204
441000	17032
442000	18312
443000	17436
444000	17316
445000	17148
446000	17320
447000	17286
448000	19562
449000	20260
450000	19854
451000	20004
452000	19484
453000	20682
454000	21088
455000	20420
456000	21248
457000	21588
458000	21442
459000	21462
460000	20736
461000	20540
462000	18802
463000	19404
464000	18986
465000	18514
466000	19752
467000	21010
468000	21558
469000	21878
470000	21986
471000	22848
472000	23502
473000	24908
474000	24294
475000	22706
476000	23516
477000	22314
478000	22804
479000	23524
480000	23162
481000	23496
482000	23558
483000	23094
484000	22604
485000	23296
486000	23740
487000	23880
488000	26016
489000	26812
490000	27450
491000	27644
492000	27558
493000	27866
494000	28442
495000	27958
496000	28566
497000	29864
498000	29630
499000	29554
500000	30252
501000	31548
502000	30350
503000	30334
504000	29436
505000	30106
506000	29520
507000	30850
508000	30210
509000	29378
510000	29504
511000	30254
512000	30528
513000	30992
514000	30288
515000	30430
516000	29428
517000	30248
518000	29536
519000	29004
520000	28840
521000	29400
522000	28546
523000	26864
524000	27494
525000	27170
526000	27118
527000	26950
528000	27328
529000	27142
530000	27942
531000	28904
532000	29004
533000	28398
534000	28458
535000	27294
536000	27582
537000	27252
538000	26176
539000	27822
540000	28228
541000	29076
542000	28676
543000	29550
544000	30254
545000	30284
546000	31124
547000	31104
548000	30422
549000	30964
550000	30542
551000	31186
552000	31092
553000	31904
554000	32076
555000	31390
556000	30934
557000	30634
558000	30996
559000	30270
560000	31354
561000	32018
562000	31878
563000	31636
564000	30436
565000	29782
566000	30432
567000	29888
568000	29396
569000	29892
570000	30990
571000	30676
572000	29540
573000	29374
574000	29260
575000	28524
576000	30354
577000	29622
578000	29830
579000	29682
580000	28862
581000	27734
582000	28068
583000	28706
584000	29266
585000	27596
586000	26592
587000	27856
588000	27404
589000	26488
590000	26862
591000	26448
592000	26704
593000	26776
594000	26908
595000	27558
596000	28744
597000	30010
598000	30466
599000	30166
600000	29080
601000	29706
602000	30348
603000	28778
604000	29236
605000	30570
606000	31366
607000	30636
608000	31628
609000	32380
610000	31056
611000	32224
612000	32604
613000	32346
614000	32636
615000	33686
616000	32548
617000	33182
618000	32980
619000	32968
620000	34378
621000	34624
622000	33140
623000	33336
624000	34632
625000	34696
626000	33848
627000	34462
628000	34472
629000	33978
630000	33794
631000	32930
632000	33064
633000	34420
634000	33316
635000	31608
636000	31018
637000	30308
638000	30976
639000	28648
640000	29448
641000	29336
642000	30444
643000	30238
644000	30522
645000	31424
646000	32276
647000	31362
648000	30672
649000	30014
650000	31244
651000	31796
652000	32148
653000	32176
654000	32430
655000	31848
656000	32886
657000	31982
658000	32436
659000	32678
660000	31164
661000	31468
662000	32296
663000	32410
664000	31338
665000	30394
666000	29996
667000	30050
668000	28546
669000	28406
670000	28996
671000	29476
672000	29302
673000	28308
674000	28900
675000	29106
676000	29448
677000	29808
678000	27974
679000	29870
680000	28756
681000	28682
682000	28332
683000	27998
684000	27962
685000	26738
686000	26508
687000	27226
688000	30098
689000	30620
690000	30648
691000	29168
692000	27874
693000	29744
694000	28928
695000	29582
696000	30810
697000	30964
698000	32226
699000	32334
700000	32570
701000	33136
702000	32690
703000	32854
704000	33804
705000	33140
706000	33080
707000	32740
708000	31926
709000	32460
710000	33064
711000	32850
712000	33262
713000	32438
714000	33376
715000	33264
716000	32118
717000	29092
718000	27962
719000	29340
720000	28900
721000	27946
722000	27508
723000	28158
724000	29278
725000	28866
726000	27336
727000	27086
728000	28370
729000	31082
730000	29956
731000	32298
732000	33422
733000	33798
734000	33750
735000	33506
736000	33596
737000	35040
738000	35376
739000	36498
740000	36082
741000	36840
742000	36490
743000	35428
744000	35206
745000	35460
746000	36078
747000	36784
748000	35378
749000	35266
750000	35258
751000	34468
752000	34828
753000	34638
754000	34250
755000	34964
756000	35294
757000	35434
758000	34768
759000	34478
760000	34658
761000	34704
762000	34938
763000	35420
764000	34276
765000	32030
766000	31130
767000	31304
768000	31266
769000	32266
770000	31916
771000	31434
772000	32752
773000	31066
774000	31320
775000	30872
776000	29904
777000	29692
778000	29620
779000	29722
780000	30008
781000	31228
782000	32696
783000	32752
784000	33464
785000	33114
786000	33656
787000	32678
788000	32198
789000	31350
790000	30534
791000	30560
792000	31156
793000	31988
794000	31336
795000	30072
796000	30626
797000	31374
798000	30544
799000	32502
800000	31956
801000	32320
802000	33050
803000	33306
804000	32482
805000	32328
806000	32824
807000	33476
808000	35042
809000	34808
810000	33984
811000	34494
812000	34536
813000	34838
814000	34746
815000	35676
816000	34664
817000	33848
818000	34198
819000	33368
820000	34210
821000	34250
822000	32820
823000	33758
824000	35408
825000	34912
826000	33592
827000	34012
828000	33602
829000	33374
830000	32866
831000	32434
832000	33460
833000	33214
834000	34308
835000	34100
836000	32370
837000	32280
838000	31224
839000	31914
840000	33808
841000	33272
842000	34442
843000	34744
844000	34442
845000	35536
846000	35874
847000	36160
848000	36110
849000	34932
850000	35460
851000	37926
852000	38602
853000	38392
854000	39192
855000	38364
856000	37548
857000	38534
858000	38690
859000	39252
860000	38386
861000	39246
862000	38642
863000	38374
864000	38144
865000	38542
866000	37974
867000	38864
868000	39838
869000	39054
870000	38540
871000	38996
872000	38538
873000	39646
874000	38278
875000	39110
876000	38648
877000	37730
878000	37554
879000	37234
880000	36534
881000	37256
882000	37472
883000	37076
884000	38114
885000	38376
886000	39082
887000	40306
888000	40604
889000	40874
890000	39974
891000	41466
892000	42618
893000	42800
894000	42524
895000	42502
896000	41184
897000	41136
898000	41448
899000	40726
900000	40148
901000	39764
902000	40490
903000	39926
904000	39522
905000	39440
906000	38616
907000	39068
908000	38608
909000	37326
910000	37382
911000	37272
912000	39558
913000	38452
914000	38954
915000	39334
916000	37936
917000	38662
918000	38754
919000	40002
920000	40890
921000	40484
922000	40590
923000	39724
924000	40700
925000	40678
926000	39900
927000	40560
928000	41590
929000	41170
930000	40986
931000	39984
932000	41396
933000	39632
934000	38890
935000	40218
936000	40006
937000	40702
938000	42512
939000	40552
940000	40208
941000	40444
942000	39666
943000	41060
944000	41958
945000	41064
946000	39556
947000	40864
948000	40456
949000	42618
950000	43192
951000	43112
952000	43088
953000	43460
954000	43186
955000	42054
956000	42318
957000	42576
958000	42898
959000	41692
960000	42598
961000	44122
962000	46234
963000	47658
964000	48498
965000	48140
966000	48642
967000	47754
968000	48064
969000	47592
970000	47478
971000	49052
972000	47592
973000	46238
974000	47258
975000	47494
976000	48064
977000	49416
978000	49226
979000	48792
980000	48932
981000	48942
982000	48466
983000	48276
984000	51276
985000	52278
986000	52782
987000	53664
988000	53536
989000	53060
990000	53114
991000	53788
992000	54356
993000	55838
994000	56320
995000	57338
996000	56402
997000	57340
998000	56232
999000	56218
