0	1404
1000	-838
2000	606
3000	-1058
4000	-2604
5000	-2332
6000	-60
7000	834
8000	2726
9000	1822
10000	2122
11000	938
12000	40
13000	840
14000	1410
15000	474
16000	1174
17000	114
18000	770
19000	1582
20000	142
21000	106
22000	924
23000	1944
24000	4468
25000	3286
26000	2508
27000	2652
28000	2386
29000	2370
30000	2838
31000	2592
32000	3430
33000	3044
34000	2004
35000	486
36000	770
37000	-754
38000	-1212
39000	-1690
40000	-2938
41000	-3802
42000	-1978
43000	270
44000	1868
45000	2934
46000	3056
47000	1420
48000	3172
49000	3398
50000	2168
51000	774
52000	920
53000	700
54000	1798
55000	2950
56000	2052
57000	866
58000	752
59000	444
60000	-866
61000	-798
62000	-884
63000	-920
64000	-2134
65000	-1984
66000	-1744
67000	-3288
68000	-2184
69000	-336
70000	-634
71000	496
72000	-764
73000	-1046
74000	-210
75000	-2384
76000	-3542
77000	-2436
78000	-5244
79000	-3960
80000	-2018
81000	-1916
82000	-4092
83000	-2582
84000	-2326
85000	-2172
86000	358
87000	970
88000	1162
89000	1638
90000	2622
91000	702
92000	1442
93000	2318
94000	4028
95000	4436
96000	4116
97000	5046
98000	3492
99000	1216
100000	1126
101000	86
102000	164
103000	1618
104000	1982
105000	2308
106000	2932
107000	4998
108000	6362
109000	3414
110000	1748
111000	3520
112000	1134
113000	1210
114000	-1168
115000	-660
116000	354
117000	152
118000	-650
119000	-448
120000	-1092
121000	-1278
122000	-2562
123000	-1280
124000	-206
125000	-784
126000	-960
127000	-1564
128000	-2936
129000	-4480
130000	-2354
131000	-3160
132000	-2726
133000	-2154
134000	-2174
135000	-896
136000	-2378
137000	-2772
138000	-786
139000	-190
140000	-462
141000	-8
142000	-312
143000	1742
144000	1572
145000	1200
146000	1226
147000	466
148000	140
149000	696
150000	2222
151000	2906
152000	188
153000	3890
154000	2640
155000	3130
156000	3552
157000	2718
158000	1904
159000	248
160000	-1818
161000	772
162000	4072
163000	3660
164000	3838
165000	3418
166000	3648
167000	5372
168000	6258
169000	5098
170000	7736
171000	5102
172000	5678
173000	4926
174000	2008
175000	2644
176000	2856
177000	2542
178000	1192
179000	3916
180000	4360
181000	3460
182000	5194
183000	1362
184000	352
185000	804
186000	-320
187000	-176
188000	1376
189000	2984
190000	2790
191000	16
192000	-472
193000	-610
194000	-464
195000	-18
196000	154
197000	1706
198000	518
199000	-902
200000	4
201000	-500
202000	-2198
203000	-298
204000	1796
205000	234
206000	446
207000	-970
208000	702
209000	1370
210000	2402
211000	1528
212000	2062
213000	1952
214000	650
215000	1896
216000	2012
217000	1216
218000	2418
219000	2442
220000	966
221000	1586
222000	1826
223000	3110
224000	2428
225000	1388
226000	-4
227000	616
228000	730
229000	1348
230000	-420
231000	-608
232000	1852
233000	1894
234000	3480
235000	3534
236000	4278
237000	3210
238000	1830
239000	4332
240000	2672
241000	2024
242000	4246
243000	5238
244000	5042
245000	4162
246000	4276
247000	1710
248000	1384
249000	2454
250000	2450
251000	1374
252000	2776
253000	1794
254000	3804
255000	3998
256000	3700
257000	4246
258000	3552
259000	1720
260000	3676
261000	2708
262000	2340
263000	4048
264000	2436
265000	1610
266000	2706
267000	2066
268000	2966
269000	694
270000	2346
271000	2644
272000	4132
273000	4032
274000	3702
275000	3912
276000	5102
277000	4860
278000	5720
279000	5294
280000	5320
281000	6518
282000	4004
283000	2316
284000	3478
285000	1394
286000	1296
287000	2692
288000	4442
289000	3336
290000	4820
291000	3300
292000	2964
293000	1448
294000	928
295000	1312
296000	1938
297000	1326
298000	940
299000	-682
300000	-978
301000	-1134
302000	-238
303000	-1148
304000	1894
305000	2182
306000	4354
307000	2958
308000	2274
309000	1002
310000	2900
311000	4324
312000	6594
313000	3840
314000	5004
315000	1956
316000	1582
317000	1712
318000	-1698
319000	-2526
320000	-1258
321000	518
322000	-304
323000	1754
324000	1344
325000	536
326000	762
327000	1562
328000	2838
329000	1110
330000	-170
331000	-1014
332000	-32
333000	688
334000	1708
335000	1394
336000	1754
337000	2742
338000	3588
339000	2394
340000	1972
341000	1740
342000	1062
343000	-24
344000	18
345000	-1386
346000	-3044
347000	-142
348000	-1140
349000	-2908
350000	-3994
351000	-4652
352000	-2098
353000	-2818
354000	-1854
355000	168
356000	298
357000	-974
358000	180
359000	-1026
360000	1232
361000	2694
362000	2960
363000	2562
364000	542
365000	1540
366000	-1042
367000	72
368000	-890
369000	-1070
370000	-2696
371000	-1650
372000	-2738
373000	-2274
374000	-488
375000	-1072
376000	-1886
377000	-1540
378000	-1002
379000	-1310
380000	-942
381000	-3346
382000	-2950
383000	-1444
384000	620
385000	480
386000	-920
387000	-1182
388000	-2538
389000	154
390000	244
391000	980
392000	48
393000	-90
394000	-248
395000	134
396000	2642
397000	2142
398000	2802
399000	2188
400000	1878
401000	4074
402000	4562
403000	5774
404000	6230
405000	5152
406000	5208
407000	4544
408000	1144
409000	1830
410000	-362
411000	-1642
412000	-3304
413000	-2918
414000	-3822
415000	-3574
416000	-1548
417000	-2828
418000	-190
419000	1026
420000	2266
421000	2558
422000	2964
423000	1590
424000	-1230
425000	-782
426000	560
427000	-62
428000	2730
429000	2724
430000	4752
431000	2906
432000	1254
433000	1684
434000	348
435000	518
436000	1870
437000	3192
438000	3474
439000	5234
440000	4530
441000	3056
442000	1374
443000	2870
444000	2558
445000	2854
446000	-604
447000	-688
448000	-1774
449000	-2852
450000	-3464
451000	-4088
452000	-3678
453000	-890
454000	-44
455000	76
456000	-1414
457000	-1544
458000	-350
459000	80
460000	1336
461000	1274
462000	-1420
463000	-3554
464000	-3840
465000	-1796
466000	-2222
467000	-2758
468000	-4188
469000	-3646
470000	-1400
471000	-254
472000	-1202
473000	-1180
474000	-2276
475000	-1716
476000	-1758
477000	-3226
478000	-1172
479000	34
480000	650
481000	3058
482000	4290
483000	2684
484000	2340
485000	3826
486000	5952
487000	3796
488000	3896
489000	5760
490000	4486
491000	4120
492000	3550
493000	3916
494000	1732
495000	974
496000	-406
497000	-936
498000	-1050
499000	-1562
500000	-986
501000	728
502000	2058
503000	3272
504000	1712
505000	3762
506000	2378
507000	18
508000	554
509000	1570
510000	2166
511000	1562
512000	998
513000	78
514000	498
515000	90
516000	-1746
517000	-1048
518000	-2328
519000	-3024
520000	-2930
521000	-2566
522000	-2450
523000	-2488
524000	-1842
525000	198
526000	1298
527000	2978
528000	1966
529000	2598
530000	-170
531000	-102
532000	352
533000	-520
534000	2362
535000	4886
536000	3722
537000	2074
538000	1690
539000	764
540000	594
541000	-498
542000	-2696
543000	-4770
544000	-3478
545000	-4728
546000	-3408
547000	-2546
548000	-1672
549000	-1192
550000	148
551000	1528
552000	-324
553000	-106
554000	-2982
555000	-2864
556000	-2714
557000	-4838
558000	-6570
559000	-7200
560000	-6984
561000	-9174
562000	-7172
563000	-7438
564000	-5142
565000	-5290
566000	-6754
567000	-5740
568000	-6432
569000	-3938
570000	-5870
571000	-6728
572000	-5080
573000	-5064
574000	-6030
575000	-4460
576000	-5226
577000	-4136
578000	-5146
579000	-5050
580000	-5866
581000	-5396
582000	-5198
583000	-3744
584000	-5012
585000	-4432
586000	-5158
587000	-4088
588000	-5276
589000	-5092
590000	-4608
591000	-2934
592000	-3644
593000	-2304
594000	-1140
595000	-1452
596000	142
597000	1088
598000	3066
599000	2160
600000	2376
601000	206
602000	1860
603000	2274
604000	1566
605000	918
606000	-356
607000	564
608000	-230
609000	-1104
610000	-892
611000	-76
612000	-1140
613000	-574
614000	414
615000	254
616000	1062
617000	1938
618000	1794
619000	2342
620000	4554
621000	3336
622000	2868
623000	3004
624000	1318
625000	692
626000	-272
627000	-738
628000	-1940
629000	-1446
630000	372
631000	1702
632000	2172
633000	3572
634000	3552
635000	1392
636000	-150
637000	0
638000	-1344
639000	-620
640000	-2194
641000	-538
642000	-3154
643000	-4060
644000	-3954
645000	-3522
646000	-5970
647000	-2604
648000	-3896
649000	-3086
650000	-2470
651000	-2052
652000	-3658
653000	-5098
654000	-3798
655000	-1850
656000	-2390
657000	-1888
658000	-2728
659000	-2794
660000	-3302
661000	-3372
662000	-2160
663000	-3708
664000	-3826
665000	-3644
666000	-3080
667000	-3354
668000	-3058
669000	-3446
670000	-4206
671000	-2850
672000	-1158
673000	1784
674000	-96
675000	-1382
676000	-1322
677000	-522
678000	1096
679000	-266
680000	1234
681000	1366
682000	482
683000	-2134
684000	-444
685000	1140
686000	1540
687000	1496
688000	1288
689000	1428
690000	886
691000	-402
692000	-242
693000	878
694000	1776
695000	2168
696000	2972
697000	2374
698000	1764
699000	-828
700000	-996
701000	-312
702000	-588
703000	-1458
704000	-2612
705000	-2184
706000	-4150
707000	-5194
708000	-4208
709000	-5540
710000	-6364
711000	-5982
712000	-6244
713000	-4300
714000	-3672
715000	-2836
716000	-3798
717000	-4110
718000	-3186
719000	-2186
720000	-1458
721000	-1234
722000	-1372
723000	910
724000	-3472
725000	-4954
726000	-5760
727000	-5638
728000	-5414
729000	-3962
730000	-3370
731000	-1734
732000	1050
733000	2928
734000	3684
735000	3258
736000	3722
737000	4998
738000	7136
739000	6946
740000	7688
741000	7974
742000	8050
743000	8040
744000	8510
745000	8940
746000	8822
747000	8682
748000	7880
749000	8348
750000	5944
751000	5022
752000	4500
753000	3668
754000	1998
755000	2694
756000	2590
757000	4086
758000	2258
759000	1878
760000	2396
761000	1766
762000	1010
763000	-1982
764000	-3468
765000	-1860
766000	-504
767000	-2754
768000	-2568
769000	-2244
770000	-1184
771000	868
772000	158
773000	214
774000	2242
775000	1248
776000	2542
777000	3140
778000	3646
779000	2984
780000	4900
781000	4716
782000	2640
783000	3038
784000	5174
785000	2838
786000	4774
787000	6288
788000	3698
789000	3072
790000	5098
791000	5796
792000	6598
793000	3714
794000	4320
795000	4040
796000	2962
797000	3626
798000	2860
799000	2538
800000	2066
801000	-4
802000	-390
803000	-970
804000	1162
805000	2718
806000	404
807000	1026
808000	2374
809000	1660
810000	3228
811000	2550
812000	1718
813000	3920
814000	3560
815000	2028
816000	-260
817000	-1038
818000	144
819000	-354
820000	256
821000	-152
822000	782
823000	920
824000	-752
825000	740
826000	1376
827000	1978
828000	2906
829000	2574
830000	2846
831000	1540
832000	2430
833000	1924
834000	1212
835000	1250
836000	-26
837000	1628
838000	1702
839000	1930
840000	2668
841000	3294
842000	3850
843000	2858
844000	1328
845000	1124
846000	1638
847000	640
848000	1440
849000	1998
850000	1624
851000	834
852000	910
853000	366
854000	-338
855000	-2610
856000	-3844
857000	-3806
858000	-4462
859000	-6176
860000	-7738
861000	-7646
862000	-6888
863000	-7632
864000	-8264
865000	-8256
866000	-7168
867000	-6316
868000	-6072
869000	-3646
870000	-1520
871000	-2660
872000	-728
873000	-236
874000	-2198
875000	-1128
876000	-240
877000	2332
878000	1542
879000	446
880000	-600
881000	826
882000	1776
883000	2928
884000	3052
885000	1036
886000	1178
887000	658
888000	-410
889000	-3056
890000	-5326
891000	-6986
892000	-4802
893000	-6862
894000	-7952
895000	-6512
896000	-8458
897000	-7628
898000	-7446
899000	-7164
900000	-7026
901000	-7758
902000	-7666
903000	-5778
904000	-5246
905000	-7286
906000	-6980
907000	-6122
908000	-5398
909000	-3732
910000	-3706
911000	-4638
912000	-4778
913000	-2744
914000	-3160
915000	-2052
916000	-932
917000	-1842
918000	-3658
919000	-2726
920000	802
921000	-974
922000	-1382
923000	-2088
924000	-3038
925000	-4250
926000	-4052
927000	-4438
928000	-2064
929000	-1844
930000	-2574
931000	-1282
932000	-1500
933000	1614
934000	2118
935000	1866
936000	-1056
937000	96
938000	882
939000	-312
940000	-2620
941000	928
942000	1152
943000	2948
944000	348
945000	1038
946000	-504
947000	-1570
948000	676
949000	-2
950000	886
951000	414
952000	1018
953000	4456
954000	3054
955000	4638
956000	3332
957000	2804
958000	2244
959000	1584
960000	1660
961000	1178
962000	1530
963000	1778
964000	1804
965000	1572
966000	3912
967000	5502
968000	6198
969000	5440
970000	5814
971000	7824
972000	7482
973000	5744
974000	3760
975000	2192
976000	1906
977000	528
978000	-62
979000	638
980000	-908
981000	-1614
982000	-2240
983000	-3420
984000	-2946
985000	-2704
986000	-3912
987000	-3306
988000	-3188
989000	-1472
990000	-2990
991000	-2900
992000	-3488
993000	-4506
994000	-4486
995000	-7054
996000	-5904
997000	-4654
998000	-2936
999000	-656
