0	-638
1000	2782
2000	2908
3000	4156
4000	4052
5000	2714
6000	2116
7000	2320
8000	3904
9000	2024
10000	3960
11000	2664
12000	2590
13000	3422
14000	386
15000	1700
16000	2544
17000	162
18000	-1548
19000	-1558
20000	-2392
21000	-3208
22000	-1986
23000	-1932
24000	1812
25000	242
26000	-762
27000	3678
28000	2470
29000	1846
30000	1206
31000	3450
32000	4156
33000	5270
34000	5780
35000	5782
36000	3182
37000	3726
38000	3958
39000	1824
40000	1928
41000	2584
42000	2682
43000	3550
44000	2568
45000	4074
46000	2796
47000	770
48000	-880
49000	-422
50000	2448
51000	1576
52000	-1702
53000	-1070
54000	-282
55000	-416
56000	1336
57000	114
58000	1974
59000	-342
60000	-1928
61000	-36
62000	-1888
63000	-3820
64000	-5254
65000	-2600
66000	382
67000	300
68000	1614
69000	3562
70000	3502
71000	3438
72000	2852
73000	2580
74000	2616
75000	1640
76000	1476
77000	72
78000	2898
79000	2910
80000	3284
81000	2302
82000	1272
83000	1358
84000	2168
85000	2756
86000	1082
87000	2686
88000	3382
89000	1470
90000	620
91000	2890
92000	2956
93000	5302
94000	4784
95000	3482
96000	1382
97000	1488
98000	3408
99000	5996
100000	3898
101000	3064
102000	2208
103000	1030
104000	-368
105000	-1108
106000	138
107000	600
108000	-244
109000	-1746
110000	-64
111000	110
112000	1394
113000	-1696
114000	-1994
115000	-2410
116000	-2594
117000	-1434
118000	-528
119000	312
120000	-708
121000	-1258
122000	-5346
123000	-4342
124000	-2910
125000	-898
126000	-3668
127000	-1168
128000	-4
129000	-1996
130000	110
131000	1638
132000	2742
133000	3692
134000	3012
135000	1576
136000	-830
137000	-3064
138000	-2990
139000	-2244
140000	-1748
141000	138
142000	-660
143000	1398
144000	1882
145000	1440
146000	602
147000	390
148000	400
149000	840
150000	2698
151000	1474
152000	-90
153000	-1958
154000	-2074
155000	-534
156000	-126
157000	2276
158000	250
159000	130
160000	-100
161000	64
162000	-92
163000	40
164000	68
165000	-144
166000	308
167000	42
168000	-974
169000	-3722
170000	-818
171000	-736
172000	-266
173000	310
174000	430
175000	320
176000	-538
177000	-994
178000	-2174
179000	-1044
180000	1056
181000	1358
182000	1638
183000	1406
184000	3724
185000	1604
186000	84
187000	330
188000	2094
189000	2258
190000	2006
191000	-726
192000	-1912
193000	-934
194000	6
195000	362
196000	254
197000	474
198000	-66
199000	1474
200000	2300
201000	1984
202000	1842
203000	3206
204000	2800
205000	2930
206000	5632
207000	5816
208000	3888
209000	-244
210000	-1126
211000	-468
212000	-480
213000	-1034
214000	-2922
215000	-2534
216000	-2928
217000	-1118
218000	-1246
219000	-3218
220000	-1672
221000	-1514
222000	862
223000	-282
224000	-1220
225000	-2244
226000	-1914
227000	-3226
228000	-838
229000	-2846
230000	-252
231000	494
232000	1072
233000	778
234000	-34
235000	-906
236000	-2244
237000	-4038
238000	-2934
239000	-3326
240000	-2432
241000	-712
242000	-3302
243000	-1098
244000	-602
245000	-488
246000	528
247000	152
248000	568
249000	-1172
250000	762
251000	240
252000	-972
253000	-554
254000	858
255000	72
256000	-1150
257000	794
258000	210
259000	742
260000	452
261000	230
262000	1902
263000	2170
264000	1218
265000	282
266000	84
267000	570
268000	2450
269000	2122
270000	884
271000	-704
272000	-2606
273000	-4172
274000	-5196
275000	-2300
276000	-868
277000	-32
278000	1462
279000	2766
280000	804
281000	-2
282000	-1280
283000	-12
284000	1182
285000	3618
286000	2836
287000	2264
288000	3380
289000	2824
290000	3228
291000	2272
292000	2800
293000	496
294000	-1144
295000	-2416
296000	-3948
297000	-1788
298000	-2214
299000	-1600
300000	-1862
301000	-2152
302000	-4940
303000	-1028
304000	264
305000	-2744
306000	-498
307000	744
308000	2042
309000	2538
310000	1306
311000	-2486
312000	-3292
313000	-3740
314000	-3590
315000	-4188
316000	-3134
317000	-3176
318000	-1016
319000	-2618
320000	-2962
321000	-3348
322000	-3658
323000	-2910
324000	-3214
325000	-4156
326000	-4612
327000	-2402
328000	-1600
329000	-802
330000	196
331000	122
332000	1168
333000	-2192
334000	-2102
335000	1118
336000	800
337000	-920
338000	-1960
339000	-332
340000	-60
341000	2138
342000	-344
343000	682
344000	554
345000	1152
346000	512
347000	544
348000	-8
349000	-98
350000	-748
351000	-14
352000	2530
353000	1928
354000	2188
355000	836
356000	272
357000	-810
358000	-388
359000	-2826
360000	-258
361000	586
362000	1200
363000	72
364000	1454
365000	1444
366000	1138
367000	2296
368000	1622
369000	604
370000	2836
371000	552
372000	804
373000	1510
374000	828
375000	1350
376000	1360
377000	1972
378000	-918
379000	-614
380000	-1864
381000	-1632
382000	-2896
383000	-3134
384000	-1008
385000	606
386000	300
387000	766
388000	1388
389000	3226
390000	580
391000	52
392000	-730
393000	-534
394000	-588
395000	410
396000	864
397000	-464
398000	848
399000	-1826
400000	-1326
401000	-2794
402000	-730
403000	-270
404000	222
405000	-990
406000	-1970
407000	-2706
408000	-4048
409000	-2558
410000	-1098
411000	-3238
412000	-1980
413000	-810
414000	-1962
415000	-112
416000	-3516
417000	-2064
418000	-768
419000	-2382
420000	-2626
421000	-628
422000	-2944
423000	-2876
424000	-1552
425000	-1354
426000	1358
427000	446
428000	12
429000	294
430000	530
431000	1968
432000	1468
433000	3266
434000	1544
435000	1502
436000	4040
437000	3406
438000	2320
439000	746
440000	-124
441000	1800
442000	2958
443000	3892
444000	1182
445000	3478
446000	3396
447000	4332
448000	2918
449000	3186
450000	952
451000	-1106
452000	-634
453000	-1796
454000	-1882
455000	700
456000	536
457000	-708
458000	348
459000	-1102
460000	10
461000	822
462000	268
463000	-586
464000	-856
465000	-1388
466000	242
467000	764
468000	-1044
469000	-668
470000	-1672
471000	-1038
472000	1024
473000	1638
474000	756
475000	-694
476000	1288
477000	2236
478000	2684
479000	2042
480000	2214
481000	-490
482000	-2448
483000	-1382
484000	370
485000	-1258
486000	320
487000	-196
488000	-194
489000	-2672
490000	-2632
491000	-2618
492000	-1614
493000	-920
494000	1460
495000	1218
496000	2278
497000	3636
498000	4302
499000	3128
500000	2526
501000	-420
502000	-294
503000	416
504000	-328
505000	-96
506000	-1656
507000	1650
508000	920
509000	1606
510000	1150
511000	1562
512000	2854
513000	4280
514000	3596
515000	3158
516000	3796
517000	5464
518000	4624
519000	5494
520000	5714
521000	4734
522000	1404
523000	-54
524000	-1616
525000	626
526000	-508
527000	-1052
528000	-4304
529000	-4218
530000	-5152
531000	-2862
532000	-1964
533000	-1956
534000	-674
535000	-2850
536000	-3540
537000	-3430
538000	-1544
539000	-1306
540000	-1280
541000	-1668
542000	-2528
543000	-960
544000	426
545000	182
546000	3028
547000	2794
548000	3726
549000	2642
550000	2496
551000	718
552000	1916
553000	1904
554000	2178
555000	894
556000	1688
557000	2250
558000	1752
559000	5408
560000	6842
561000	4980
562000	3472
563000	3224
564000	5590
565000	5570
566000	6194
567000	4658
568000	3478
569000	4184
570000	3334
571000	2578
572000	3980
573000	4282
574000	4578
575000	6978
576000	6564
577000	5446
578000	6230
579000	3076
580000	936
581000	-548
582000	-3196
583000	-1754
584000	-2306
585000	-1748
586000	142
587000	-952
588000	-436
589000	220
590000	-1084
591000	42
592000	2702
593000	2602
594000	3754
595000	2202
596000	326
597000	-244
598000	-570
599000	688
600000	1528
601000	2160
602000	1798
603000	2668
604000	864
605000	900
606000	-1764
607000	-5584
608000	-4326
609000	-3054
610000	-252
611000	2974
612000	3748
613000	1470
614000	1156
615000	-2070
616000	-1880
617000	-1694
618000	-656
619000	-506
620000	-2944
621000	-3496
622000	-4366
623000	-2972
624000	-1214
625000	-1054
626000	2502
627000	890
628000	-490
629000	1688
630000	1066
631000	1028
632000	218
633000	884
634000	-204
635000	1870
636000	3344
637000	2130
638000	2610
639000	912
640000	-1828
641000	-418
642000	-446
643000	-836
644000	1426
645000	920
646000	2646
647000	2450
648000	-866
649000	490
650000	-1544
651000	432
652000	656
653000	-162
654000	-1244
655000	1058
656000	1566
657000	1334
658000	756
659000	240
660000	272
661000	134
662000	594
663000	334
664000	432
665000	-86
666000	-1216
667000	738
668000	1144
669000	278
670000	-1986
671000	-270
672000	1300
673000	2012
674000	-64
675000	688
676000	-3314
677000	-576
678000	1460
679000	3004
680000	1344
681000	1718
682000	2470
683000	1612
684000	560
685000	-1752
686000	-208
687000	-270
688000	-654
689000	2302
690000	2572
691000	2722
692000	542
693000	-1262
694000	-1144
695000	-92
696000	-1096
697000	242
698000	1144
699000	396
700000	-616
701000	1214
702000	308
703000	-882
704000	996
705000	1186
706000	1618
707000	268
708000	2034
709000	908
710000	416
711000	2114
712000	2164
713000	-100
714000	-1780
715000	228
716000	1008
717000	874
718000	902
719000	1832
720000	1314
721000	1322
722000	1460
723000	-2002
724000	-570
725000	-1006
726000	560
727000	1682
728000	1596
729000	1528
730000	1124
731000	448
732000	368
733000	620
734000	774
735000	590
736000	-404
737000	542
738000	622
739000	-48
740000	-2154
741000	-1046
742000	-1014
743000	-332
744000	-976
745000	-2396
746000	-94
747000	-156
748000	1564
749000	2200
750000	5906
751000	3334
752000	914
753000	1552
754000	416
755000	-2842
756000	-1178
757000	-800
758000	-2096
759000	-1752
760000	38
761000	1198
762000	972
763000	436
764000	152
765000	578
766000	2552
767000	2774
768000	2002
769000	766
770000	1788
771000	1148
772000	1328
773000	1212
774000	2346
775000	1170
776000	2168
777000	1580
778000	1202
779000	222
780000	142
781000	-232
782000	-1652
783000	-1696
784000	-1396
785000	-626
786000	960
787000	-292
788000	1560
789000	236
790000	-50
791000	1610
792000	3380
793000	1670
794000	-586
795000	-8
796000	-360
797000	1372
798000	1218
799000	220
800000	-188
801000	-426
802000	-3018
803000	-3392
804000	-856
805000	-1466
806000	-1364
807000	-2466
808000	-2688
809000	-2142
810000	-3342
811000	-1378
812000	996
813000	1816
814000	784
815000	1780
816000	1086
817000	1086
818000	1484
819000	266
820000	206
821000	-742
822000	1518
823000	1572
824000	1290
825000	2254
826000	2116
827000	1444
828000	3574
829000	2054
830000	2364
831000	2814
832000	4238
833000	2810
834000	3414
835000	2558
836000	3404
837000	2362
838000	1058
839000	-392
840000	-2848
841000	-1560
842000	-1986
843000	-130
844000	-1128
845000	-934
846000	372
847000	-1198
848000	-642
849000	922
850000	46
851000	1770
852000	1992
853000	620
854000	-124
855000	-746
856000	-638
857000	1232
858000	3202
859000	110
860000	-1494
861000	-2986
862000	-1824
863000	-2388
864000	-740
865000	850
866000	490
867000	1216
868000	404
869000	-794
870000	-1210
871000	-1138
872000	-4046
873000	-3800
874000	-2618
875000	-5046
876000	-4016
877000	-522
878000	-1942
879000	-1706
880000	-1194
881000	-12
882000	-88
883000	1902
884000	4616
885000	4308
886000	2706
887000	1656
888000	-1316
889000	-1784
890000	290
891000	822
892000	338
893000	2530
894000	1208
895000	1480
896000	1358
897000	458
898000	1376
899000	1396
900000	3742
901000	2922
902000	1324
903000	366
904000	-934
905000	-1214
906000	-804
907000	-1446
908000	774
909000	-112
910000	1430
911000	1386
912000	486
913000	3380
914000	4418
915000	5468
916000	3884
917000	3612
918000	2330
919000	4016
920000	3844
921000	3952
922000	2864
923000	1804
924000	-1044
925000	-1690
926000	-1848
927000	-424
928000	-1474
929000	-1138
930000	-1208
931000	-1772
932000	-2018
933000	-270
934000	696
935000	-528
936000	-1228
937000	-2198
938000	-2322
939000	-3240
940000	-2020
941000	-2952
942000	-2666
943000	24
944000	570
945000	-216
946000	642
947000	366
948000	314
949000	-412
950000	-1568
951000	-2466
952000	-1982
953000	-1952
954000	-1054
955000	-1452
956000	-2920
957000	-1842
958000	-2062
959000	-1676
960000	-312
961000	-64
962000	-396
963000	-3636
964000	76
965000	1270
966000	2586
967000	1724
968000	1760
969000	-566
970000	-238
971000	-2082
972000	264
973000	2962
974000	662
975000	-1796
976000	-364
977000	54
978000	876
979000	2926
980000	820
981000	-980
982000	-1994
983000	-4046
984000	-3496
985000	-1150
986000	-1042
987000	-110
988000	-1052
989000	1312
990000	2030
991000	-1580
992000	-1350
993000	-1152
994000	-1338
995000	-2544
996000	-4200
997000	-3000
998000	-792
999000	-1038
